id freq nodes cores pkg-clamp-0 pkg-clamp-1 dram-clamp-0 dram-clamp-1 avg-time avg-pkg-0 avg-pp0-0 avg-dram-0 avg-pkg-1 avg-pp0-1 avg-dram-1 tot-pkg-0 tot-pp0-0 tot-dram-0 tot-pkg-1 tot-pp0-1 tot-dram-1
2012_11_20_00_44_10_155680720  2601.000 8 16 115.000000 115.000000 0.000000 0.000000 17.672979125 84.498878625 71.315972125 5.21778825 84.501130375 71.31600925 2.22521975 675.991029 570.527777 41.742306 676.009043 570.528074 17.801758
2012_11_20_00_44_34_274340432  2601.000 8 14 115.000000 115.000000 0.000000 0.000000 18.835295125 84.905994375 71.68936225 5.360552375 79.85134175 66.647661875 2.457329375 679.247955 573.514898 42.884419 638.810734 533.181295 19.658635
2012_11_20_00_44_58_692332799  2601.000 8 12 115.000000 115.000000 0.000000 0.000000 22.779822875 77.196946 63.952393625 4.9895025 71.0862185 57.870449 2.4598665 617.575568 511.619149 39.91602 568.689748 462.963592 19.678932
2012_11_20_00_45_28_531674224  2601.000 8 10 115.000000 115.000000 0.000000 0.000000 25.198242375 70.931056375 57.673826375 5.089670875 67.723241875 54.508246 2.54759975 567.448451 461.390611 40.717367 541.785935 436.065968 20.380798
2012_11_20_00_46_00_177506925  2601.000 8 8 115.000000 115.000000 0.000000 0.000000 30.559972 63.863096875 50.631784875 5.384165 62.966996875 49.77671775 2.504417875 510.904775 405.054279 43.07332 503.735975 398.213742 20.035343
2012_11_20_00_46_36_234752084  2601.000 8 6 115.000000 115.000000 0.000000 0.000000 41.386677875 54.1847975 40.96161225 5.323107875 53.835421 40.64935675 2.610207625 433.47838 327.692898 42.584863 430.683368 325.194854 20.881661
2012_11_20_00_47_23_168685156  2601.000 8 4 115.000000 115.000000 0.000000 0.000000 59.849585625 48.314337 35.104793875 5.3702745 45.8051765 32.62484025 2.39798625 386.514696 280.838351 42.962196 366.441412 260.998722 19.18389
2012_11_20_00_48_28_459940629  2601.000 16 16 115.000000 115.000000 0.000000 0.000000 11.540881625 78.06865125 64.83138375 4.864695 77.2716778125 64.0854894375 2.1757350625 1249.09842 1037.30214 77.83512 1236.346845 1025.367831 34.811761
2012_11_20_00_48_46_969945868  2601.000 16 14 115.000000 115.000000 0.000000 0.000000 10.7385828125 81.1745460625 67.9201206875 5.0834418125 75.0569299375 61.8641279375 2.27844 1298.792737 1086.721931 81.335069 1200.910879 989.826047 36.45504
2012_11_20_00_49_03_901433219  2601.000 16 12 115.000000 115.000000 0.000000 0.000000 11.8040059375 74.6964218125 61.4366838125 5.1394539375 72.2979251875 59.1023170625 2.2939103125 1195.142749 982.986941 82.231263 1156.766803 945.637073 36.702565
2012_11_20_00_49_21_790668781  2601.000 16 10 115.000000 115.000000 0.000000 0.000000 13.7111106875 70.430916 57.168515875 5.1828846875 64.793481625 51.6010750625 2.2299384375 1126.894656 914.696254 82.926155 1036.695706 825.617201 35.679015
2012_11_20_00_49_42_134800792  2601.000 16 8 115.000000 115.000000 0.000000 0.000000 16.52139425 60.472632125 47.207601 5.1397060625 61.29385475 48.108477625 2.2310414375 967.562114 755.321616 82.235297 980.701676 769.735642 35.696663
2012_11_20_00_50_05_456988457  2601.000 16 6 115.000000 115.000000 0.000000 0.000000 20.7015764375 53.2382481875 39.9791678125 5.21585475 54.680844125 41.49335325 2.1624466875 851.811971 639.666685 83.453676 874.893506 663.893652 34.599147
2012_11_20_00_50_33_442126004  2601.000 16 4 115.000000 115.000000 0.000000 0.000000 31.426747 46.78386325 33.5398376875 5.1442906875 45.49623 32.3049916875 2.1556769375 748.541812 536.637403 82.308651 727.93968 516.879867 34.490831
2012_11_20_00_51_12_335058144  2601.000 32 16 115.000000 115.000000 0.000000 0.000000 8.294433125 67.5628035 54.34293896875 4.38041240625 66.63031865625 53.4293994375 2.42193659375 2162.009712 1738.974047 140.173197 2132.170197 1709.740782 77.501971
2012_11_20_00_51_29_543617848  2601.000 32 14 115.000000 115.000000 0.000000 0.000000 6.50588053125 76.76707646875 63.531940875 4.8062045625 73.38126671875 60.1647255 2.569373375 2456.546447 2033.022108 153.798546 2348.200535 1925.271216 82.219948
2012_11_20_00_51_43_923514487  2601.000 32 12 115.000000 115.000000 0.000000 0.000000 6.8827695 72.23619871875 58.99418565625 4.83964071875 70.2939174375 57.07609134375 2.6002896875 2311.558359 1887.813941 154.868503 2249.405358 1826.434923 83.20927
2012_11_20_00_51_58_283331044  2601.000 32 10 115.000000 115.000000 0.000000 0.000000 8.14390940625 64.88780396875 51.6488605 4.74363415625 62.3774996875 49.1630401875 2.46918965625 2076.409727 1652.763536 151.796293 1996.07999 1573.217286 79.014069
2012_11_20_00_52_13_622884705  2601.000 32 8 115.000000 115.000000 0.000000 0.000000 9.7082030967742 58.8148838064516 45.5761008387097 4.70634403225806 57.6705711935484 44.4598817096774 2.36421290322581 1823.261398 1412.859126 145.896665 1787.787707 1378.256333 73.2906
2012_11_20_00_52_30_404647153  2601.000 32 6 115.000000 115.000000 0.000000 0.000000 11.424871625 51.74720253125 38.51476421875 4.8735126875 53.60859221875 40.40203509375 2.36101178125 1655.910481 1232.472455 155.952406 1715.474951 1292.865123 75.552377
2012_11_20_00_52_48_829766927  2601.000 32 4 115.000000 115.000000 0.000000 0.000000 16.23302253125 45.65941003125 32.4393315 4.9011025625 46.33439475 33.13800171875 2.30702490625 1461.101121 1038.058608 156.835282 1482.700632 1060.416055 73.824797
2012_11_20_00_53_11_402955420  2601.000 8 16 51.000000 51.000000 0.000000 0.000000 25.558261625 50.66029375 37.465402375 5.063783 50.621429625 37.4291905 2.0848245 405.28235 299.723219 40.510264 404.971437 299.433524 16.678596
2012_11_20_00_53_43_184527080  2601.000 8 14 51.000000 51.000000 0.000000 0.000000 28.5302445 50.1070365 36.935017875 5.25900175 50.134626125 36.958254625 2.427384875 400.856292 295.480143 42.072014 401.077009 295.666037 19.419079
2012_11_20_00_54_17_210403635  2601.000 8 12 51.000000 51.000000 0.000000 0.000000 30.548162625 50.051539125 36.87692125 5.271840125 49.883057 36.704748875 2.45472975 400.412313 295.01537 42.174721 399.064456 293.637991 19.637838
2012_11_20_00_54_53_459485295  2601.000 8 10 51.000000 51.000000 0.000000 0.000000 32.221557625 50.518371125 37.333755625 5.36982925 50.633433875 37.45209425 2.357801875 404.146969 298.670045 42.958634 405.067471 299.616754 18.862415
2012_11_20_00_55_31_597506031  2601.000 8 8 51.000000 51.000000 0.000000 0.000000 37.356079375 47.397103375 34.210777875 5.387828625 46.832157125 33.656184 2.338614875 379.176827 273.686223 43.102629 374.657257 269.249472 18.708919
2012_11_20_00_56_15_513938209  2601.000 8 6 51.000000 51.000000 0.000000 0.000000 49.295397 41.335803125 28.163041875 5.3917795 41.07656375 27.901040875 2.34437625 330.686425 225.304335 43.134236 328.61251 223.208327 18.75501
2012_11_20_00_57_11_464818607  2601.000 8 4 51.000000 51.000000 0.000000 0.000000 73.831523125 34.942660625 21.775293 5.39450875 35.56229625 22.4015655 2.349697625 279.541285 174.202344 43.15607 284.49837 179.212524 18.797581
2012_11_20_00_58_32_010292590  2601.000 16 16 51.000000 51.000000 0.000000 0.000000 13.4447990625 50.333651125 37.1241815625 5.1721456875 50.3430140625 37.176644625 2.126825 805.338418 593.986905 82.754331 805.488225 594.826314 34.0292
2012_11_20_00_58_51_101748007  2601.000 16 14 51.000000 51.000000 0.000000 0.000000 14.9194581875 50.3344393125 37.11686225 5.137654375 50.0804601875 36.90744225 2.2524294375 805.351029 593.869796 82.20247 801.287363 590.519076 36.038871
2012_11_20_00_59_11_653863612  2601.000 16 12 51.000000 51.000000 0.000000 0.000000 16.28041825 49.867290625 36.6477768125 5.1113216875 49.4660965 36.2912700625 2.3234524375 797.87665 586.364429 81.781147 791.457544 580.660321 37.175239
2012_11_20_00_59_33_579166352  2601.000 16 10 51.000000 51.000000 0.000000 0.000000 17.7581579375 49.4515034375 36.2285668125 5.1374843125 48.2106773125 35.033252875 2.2345993125 791.224055 579.657069 82.199749 771.370837 560.532046 35.753589
2012_11_20_00_59_56_893209465  2601.000 16 8 51.000000 51.000000 0.000000 0.000000 20.064928625 45.3795718125 32.158853125 5.1758763125 46.380872 33.204661875 2.2583576875 726.073149 514.54165 82.814021 742.093952 531.27459 36.133723
2012_11_20_01_00_23_432999661  2601.000 16 6 51.000000 51.000000 0.000000 0.000000 25.1063090625 40.7574395625 27.541112375 5.23549525 41.051572 27.8782471875 2.2017870625 652.119033 440.657798 83.767924 656.825152 446.051955 35.228593
2012_11_20_01_00_54_733486174  2601.000 16 4 51.000000 51.000000 0.000000 0.000000 37.3506920625 35.1129618125 21.8966630625 5.2472123125 35.12257775 21.9633268125 2.12246325 561.807389 350.346609 83.955397 561.961244 351.413229 33.959412
2012_11_20_01_01_38_182288853  2601.000 32 16 51.000000 51.000000 0.000000 0.000000 8.11652953125 48.9843205 35.777677125 4.768017375 49.1195545 35.93222534375 2.46749840625 1567.498256 1144.885668 152.576556 1571.825744 1149.831211 78.959949
2012_11_20_01_01_52_496918072  2601.000 32 14 51.000000 51.000000 0.000000 0.000000 8.72167434375 49.73400828125 36.52309403125 4.80603234375 49.49342809375 36.30223434375 2.53256540625 1591.488265 1168.739009 153.793035 1583.789699 1161.671499 81.042093
2012_11_20_01_02_07_780937536  2601.000 32 12 51.000000 51.000000 0.000000 0.000000 9.19954428125 49.15456434375 35.94244509375 4.7993226875 49.01846453125 35.82578959375 2.56481675 1572.946059 1150.158243 153.578326 1568.590865 1146.425267 82.074136
2012_11_20_01_02_23_748805033  2601.000 32 10 51.000000 51.000000 0.000000 0.000000 10.18302440625 47.4389303125 34.2250209375 4.82224775 47.50450525 34.3128873125 2.55345025 1518.04577 1095.20067 154.311928 1520.144168 1098.012394 81.710408
2012_11_20_01_02_40_348071301  2601.000 32 8 51.000000 51.000000 0.000000 0.000000 11.24686246875 44.1950284375 30.980604375 4.83477971875 45.002911 31.81393546875 2.4182541875 1414.24091 991.37934 154.712951 1440.093152 1018.045935 77.384134
2012_11_20_01_02_58_291828215  2601.000 32 6 51.000000 51.000000 0.000000 0.000000 13.6215471875 39.28679096875 26.07443671875 4.8976745 41.13497509375 27.9520008125 2.3894585 1257.177311 834.381975 156.725584 1316.319203 894.464026 76.462672
2012_11_20_01_03_18_546028308  2601.000 32 4 51.000000 51.000000 0.000000 0.000000 20.019855125 34.31554621875 21.11338278125 4.90629771875 34.8069190625 21.6368981875 2.3057764375 1098.097479 675.628249 157.001527 1113.82141 692.380742 73.784846
2012_11_20_01_03_45_110291353  2601.000 8 16 65.000000 65.000000 0.000000 0.000000 21.142322125 64.227131 51.04332725 5.361265375 64.16759075 50.988201 2.23011175 513.817048 408.346618 42.890123 513.340726 407.905608 17.840894
2012_11_20_01_04_11_690911686  2601.000 8 14 65.000000 65.000000 0.000000 0.000000 23.407917125 61.798191375 48.597171625 5.353518375 63.2320865 50.048412625 2.626538 494.385531 388.777373 42.828147 505.856692 400.387301 21.012304
2012_11_20_01_04_40_664163128  2601.000 8 12 65.000000 65.000000 0.000000 0.000000 26.876876625 59.868887375 46.66739525 5.325370125 55.765142625 42.581136875 2.521427625 478.951099 373.339162 42.602961 446.121141 340.649095 20.171421
2012_11_20_01_05_13_015196960  2601.000 8 10 65.000000 65.000000 0.000000 0.000000 29.946871875 54.23060775 41.02857475 5.383290875 52.225796125 39.048449875 2.457812 433.844862 328.228598 43.066327 417.806369 312.387599 19.662496
2012_11_20_01_05_48_773012378  2601.000 8 8 65.000000 65.000000 0.000000 0.000000 37.129598625 47.495800875 34.301810625 5.390882375 46.906241375 33.725746375 2.3921575 379.966407 274.414485 43.127059 375.249931 269.805971 19.13726
2012_11_20_01_06_31_450516942  2601.000 8 6 65.000000 65.000000 0.000000 0.000000 49.314694625 40.85637375 27.680818 5.397496 41.61701575 28.438339375 2.441521625 326.85099 221.446544 43.179968 332.936126 227.506715 19.532173
2012_11_20_01_07_26_198227657  2601.000 8 4 65.000000 65.000000 0.000000 0.000000 73.8085045 35.438031625 22.2696005 5.400456875 35.1300655 21.968648875 2.363222625 283.504253 178.156804 43.203655 281.040524 175.749191 18.905781
2012_11_20_01_08_45_635064789  2601.000 16 16 65.000000 65.000000 0.000000 0.000000 12.11710425 61.6463246875 48.427332125 5.0634600625 61.738215375 48.5643571875 2.1716356875 986.341195 774.837314 81.015361 987.811446 777.029715 34.746171
2012_11_20_01_09_04_608832025  2601.000 16 14 65.000000 65.000000 0.000000 0.000000 12.9616638125 60.4012458125 47.17328075 5.09541225 59.792561875 46.6109366875 2.3508053125 966.419933 754.772492 81.526596 956.68099 745.774987 37.612885
2012_11_20_01_09_24_474911203  2601.000 16 12 65.000000 65.000000 0.000000 0.000000 14.3220398125 57.2132919375 43.977708375 5.094970375 54.7111164375 41.5190488125 2.35075375 915.412671 703.643334 81.519526 875.377863 664.304781 37.61206
2012_11_20_01_09_45_426846483  2601.000 16 10 65.000000 65.000000 0.000000 0.000000 15.6402791875 52.883876125 39.6539753125 5.1931601875 51.390524875 38.2085526875 2.3905671875 846.142018 634.463605 83.090563 822.248398 611.336843 38.249075
2012_11_20_01_10_08_177179323  2601.000 16 8 65.000000 65.000000 0.000000 0.000000 19.1151933125 45.8279180625 32.6046953125 5.216969125 47.5962693125 34.420711375 2.361318875 733.246689 521.675125 83.471506 761.540309 550.731382 37.781102
2012_11_20_01_10_34_197462401  2601.000 16 6 65.000000 65.000000 0.000000 0.000000 25.2472230625 40.7956068125 27.5769676875 5.2303644375 40.9815788125 27.810013 2.252954 652.729709 441.231483 83.685831 655.705261 444.960208 36.047264
2012_11_20_01_11_06_210046986  2601.000 16 4 65.000000 65.000000 0.000000 0.000000 37.3983694375 35.2040013125 21.988763375 5.237830375 35.06333225 21.90382325 2.2859105 563.264021 351.820214 83.805286 561.013316 350.461172 36.574568
2012_11_20_01_11_50_373879754  2601.000 32 16 65.000000 65.000000 0.000000 0.000000 7.78189790625 58.4242773125 45.21149390625 4.6765463125 58.96758265625 45.77260759375 2.4593894375 1869.576874 1446.767805 149.649482 1886.962645 1464.723443 78.700462
2012_11_20_01_12_05_370050056  2601.000 32 14 65.000000 65.000000 0.000000 0.000000 7.6457120625 58.20217678125 44.98276934375 4.80561975 56.9869896875 43.78668384375 2.6362845 1862.469657 1439.448619 153.779832 1823.58367 1401.173883 84.361104
2012_11_20_01_12_20_243153785  2601.000 32 12 65.000000 65.000000 0.000000 0.000000 8.5407836875 54.79136215625 41.57443996875 4.7839244375 51.7472595625 38.54849075 2.611525625 1753.323589 1330.382079 153.085582 1655.912306 1233.551704 83.56882
2012_11_20_01_12_35_903301172  2601.000 32 10 65.000000 65.000000 0.000000 0.000000 8.9735131875 50.167896375 36.9492100625 4.8447526875 50.1934261875 36.99657871875 2.60528765625 1605.372684 1182.374722 155.032086 1606.189638 1183.890519 83.369205
2012_11_20_01_12_51_903510962  2601.000 32 8 65.000000 65.000000 0.000000 0.000000 10.43090675 45.9274271875 32.71054940625 4.899369625 45.78407253125 32.59194365625 2.445245375 1469.67767 1046.737581 156.779828 1465.090321 1042.942197 78.247852
2012_11_20_01_13_09_165896196  2601.000 32 6 65.000000 65.000000 0.000000 0.000000 13.5635895 38.819813375 25.61043978125 4.8885854375 41.6310975 28.4470323125 2.3693335 1242.234028 819.534073 156.434734 1332.19512 910.305034 75.818672
2012_11_20_01_13_29_747962337  2601.000 32 4 65.000000 65.000000 0.000000 0.000000 19.98135275 34.1380966875 20.93561815625 4.90286278125 34.94981571875 21.77791309375 2.3289855 1092.419094 669.939781 156.891609 1118.394103 696.893219 74.527536
2012_11_20_01_13_56_461123601  2601.000 8 16 80.000000 80.000000 0.000000 0.000000 18.74798825 71.729122375 58.534348 5.385797625 71.66219675 58.479847125 2.22644775 573.832979 468.274784 43.086381 573.297574 467.838777 17.811582
2012_11_20_01_14_22_269129073  2601.000 8 14 80.000000 80.000000 0.000000 0.000000 21.389420625 63.804052875 50.599325125 5.392268875 67.90923025 54.7226715 2.653760125 510.432423 404.794601 43.138151 543.273842 437.781372 21.230081
2012_11_20_01_14_50_393138991  2601.000 8 12 80.000000 80.000000 0.000000 0.000000 24.990894875 58.7734465 45.56313275 5.388397125 60.301919 47.119645375 2.516858625 470.187572 364.505062 43.107177 482.415352 376.957163 20.134869
2012_11_20_01_15_22_200796461  2601.000 8 10 80.000000 80.000000 0.000000 0.000000 29.744576875 52.79350925 39.59311125 5.39060375 54.0104745 40.831003875 2.48302225 422.348074 316.74489 43.12483 432.083796 326.648031 19.864178
2012_11_20_01_15_58_604941759  2601.000 8 8 80.000000 80.000000 0.000000 0.000000 37.2203335 47.1256935 33.920414625 5.099042625 47.348921875 34.153489625 2.38954475 377.005548 271.363317 40.792341 378.791375 273.227917 19.116358
2012_11_20_01_16_42_333808242  2601.000 8 6 80.000000 80.000000 0.000000 0.000000 49.415238125 41.37131975 28.199529125 5.389615 41.112353875 27.937592 2.589404875 330.970558 225.596233 43.11692 328.898831 223.500736 20.715239
2012_11_20_01_17_38_426450592  2601.000 8 4 80.000000 80.000000 0.000000 0.000000 73.9635065 35.916347625 22.72331225 5.10006225 34.70459475 21.524954 2.313939875 287.330781 181.786498 40.800498 277.636758 172.199632 18.511519
2012_11_20_01_18_58_749095978  2601.000 16 16 80.000000 80.000000 0.000000 0.000000 10.811130125 67.159585875 53.9380310625 5.074741875 66.8571626875 53.6799864375 2.1724455 1074.553374 863.008497 81.19587 1069.714603 858.879783 34.759128
2012_11_20_01_19_16_424009358  2601.000 16 14 80.000000 80.000000 0.000000 0.000000 11.6177976875 63.4796738125 50.2524969375 5.13800875 62.9717775 49.7875728125 2.357442 1015.674781 804.039951 82.20814 1007.54844 796.601165 37.719072
2012_11_20_01_19_34_550978927  2601.000 16 12 80.000000 80.000000 0.000000 0.000000 13.699981125 58.2824619375 45.0498963125 5.1241045625 55.3229636875 42.131852625 2.38192125 932.519391 720.798341 81.985673 885.167419 674.109642 38.11074
2012_11_20_01_19_54_961471246  2601.000 16 10 80.000000 80.000000 0.000000 0.000000 15.518728 52.7419301875 39.510189375 5.2121821875 52.1046980625 38.9211533125 2.524569875 843.870883 632.16303 83.394915 833.675169 622.738453 40.393118
2012_11_20_01_20_16_500789830  2601.000 16 8 80.000000 80.000000 0.000000 0.000000 19.240899 46.0596694375 32.8298939375 5.2139465625 46.728682875 33.5402933125 2.2116844375 736.954711 525.278303 83.423145 747.658926 536.644693 35.386951
2012_11_20_01_20_42_355975291  2601.000 16 6 80.000000 80.000000 0.000000 0.000000 25.0525375625 41.070914875 27.852546125 5.2440793125 40.9171895 27.74318475 2.3612095625 657.134638 445.640738 83.905269 654.675032 443.890956 37.779353
2012_11_20_01_21_14_089969563  2601.000 16 4 80.000000 80.000000 0.000000 0.000000 37.3695663125 35.095492625 21.879643 5.2459079375 35.069349 21.90902925 2.1970490625 561.527882 350.074288 83.934527 561.109584 350.544468 35.152785
2012_11_20_01_21_57_413574867  2601.000 32 16 80.000000 80.000000 0.000000 0.000000 6.4881341875 64.6226434375 51.40423196875 4.826852 65.02765309375 51.82385209375 2.4823094375 2067.92459 1644.935423 154.459264 2080.884899 1658.363267 79.433902
2012_11_20_01_22_10_715247056  2601.000 32 14 80.000000 80.000000 0.000000 0.000000 7.26628328125 59.8955596875 46.675456875 4.78122690625 56.76319996875 43.5605156875 2.563776625 1916.65791 1493.61462 152.999261 1816.422399 1393.936502 82.040852
2012_11_20_01_22_24_061055123  2601.000 32 12 80.000000 80.000000 0.000000 0.000000 8.34123653125 53.5449050625 40.3261919375 4.78810584375 52.1350945 38.93399315625 2.66862565625 1713.436962 1290.438142 153.219387 1668.323024 1245.887781 85.396021
2012_11_20_01_22_38_707630820  2601.000 32 10 80.000000 80.000000 0.000000 0.000000 8.83756665625 50.2658906875 37.0450591875 4.8659545 51.10760009375 37.908749125 2.5775120625 1608.508502 1185.441894 155.710544 1635.443203 1213.079972 82.480386
2012_11_20_01_22_54_058286669  2601.000 32 8 80.000000 80.000000 0.000000 0.000000 10.66154253125 44.5434415625 31.326133875 4.8822886875 46.31136275 33.1158786875 2.51701815625 1425.39013 1002.436284 156.233238 1481.963608 1059.708118 80.544581
2012_11_20_01_23_11_287769412  2601.000 32 6 80.000000 80.000000 0.000000 0.000000 13.8626439375 38.9246898125 25.71729671875 4.88909309375 40.9061471875 27.72053703125 2.42925978125 1245.590074 822.953495 156.450979 1308.99671 887.057185 77.736313
2012_11_20_01_23_31_685461566  2601.000 32 4 80.000000 80.000000 0.000000 0.000000 19.89212584375 34.10874375 20.90559925 4.910558625 35.23744496875 22.06422940625 2.3382858125 1091.4798 668.979176 157.137876 1127.598239 706.055341 74.825146
2012_11_20_01_23_57_684038748  2601.000 8 16 95.000000 95.000000 0.000000 0.000000 19.067532 71.005601625 57.811676125 5.354778 70.92171175 57.73981125 2.22936 568.044813 462.493409 42.838224 567.373694 461.91849 17.83488
2012_11_20_01_24_22_213848495  2601.000 8 14 95.000000 95.000000 0.000000 0.000000 21.555736 65.60493875 52.393154875 5.3744185 65.440003375 52.251921625 2.407398625 524.83951 419.145239 42.995348 523.520027 418.015373 19.259189
2012_11_20_01_24_49_190772662  2601.000 8 12 95.000000 95.000000 0.000000 0.000000 25.194570125 58.958384375 45.74998425 5.371617875 59.48357325 46.299368 2.613780875 471.667075 365.999874 42.972943 475.868586 370.394944 20.910247
2012_11_20_01_25_19_725295667  2601.000 8 10 95.000000 95.000000 0.000000 0.000000 29.860477 53.500317 40.294774875 5.3893805 53.143101625 39.9605735 2.531417125 428.002536 322.358199 43.115044 425.144813 319.684588 20.251337
2012_11_20_01_25_55_208076588  2601.000 8 8 95.000000 95.000000 0.000000 0.000000 37.15646225 47.474241875 34.281373 5.384708 47.0859325 33.906765375 2.60923125 379.793935 274.250984 43.077664 376.68746 271.254123 20.87385
2012_11_20_01_26_38_265146270  2601.000 8 6 95.000000 95.000000 0.000000 0.000000 49.29796 41.425582 28.228155125 5.103103625 41.064969375 27.871925 2.4472565 331.404656 225.825241 40.824829 328.519755 222.9754 19.578052
2012_11_20_01_27_33_988924636  2601.000 8 4 95.000000 95.000000 0.000000 0.000000 73.929157 35.69858575 22.52951725 5.38913175 34.921390125 21.760732625 2.490899125 285.588686 180.236138 43.113054 279.371121 174.085861 19.927193
2012_11_20_01_28_54_159670035  2601.000 16 16 95.000000 95.000000 0.000000 0.000000 10.977022125 66.57213575 53.3514229375 5.0685761875 66.2283084375 53.0509643125 2.183944875 1065.154172 853.622767 81.097219 1059.652935 848.815429 34.943118
2012_11_20_01_29_11_026089202  2601.000 16 14 95.000000 95.000000 0.000000 0.000000 11.49932975 64.391654 51.158890875 5.1761290625 62.7276278125 49.543323125 2.3280986875 1030.266464 818.542254 82.818065 1003.642045 792.69317 37.249579
2012_11_20_01_29_28_584594799  2601.000 16 12 95.000000 95.000000 0.000000 0.000000 13.26239675 59.982781125 46.749644375 5.203427 56.1295525625 42.946969125 2.3759779375 959.724498 747.99431 83.254832 898.072841 687.151506 38.015647
2012_11_20_01_29_47_825893235  2601.000 16 10 95.000000 95.000000 0.000000 0.000000 15.5705518125 53.610825125 40.379182875 5.2143855625 51.0087755 37.8251636875 2.36055775 857.773202 646.066926 83.430169 816.140408 605.202619 37.768924
2012_11_20_01_30_09_580900801  2601.000 16 8 95.000000 95.000000 0.000000 0.000000 19.2297944375 46.168130125 32.9383314375 5.2130490625 46.6524585 33.464938875 2.2172086875 738.690082 527.013303 83.408785 746.439336 535.439022 35.475339
2012_11_20_01_30_35_420512806  2601.000 16 6 95.000000 95.000000 0.000000 0.000000 25.281965 40.52333925 27.3035703125 5.2276074375 41.097461 27.924379375 2.2559738125 648.373428 436.857125 83.641719 657.559376 446.79007 36.095581
2012_11_20_01_31_06_729440012  2601.000 16 4 95.000000 95.000000 0.000000 0.000000 37.36223675 35.1313721875 21.9172005 5.245378125 35.09245875 21.9327136875 2.1553599375 562.101955 350.675208 83.92605 561.47934 350.923419 34.485759
2012_11_20_01_31_50_545963795  2601.000 32 16 95.000000 95.000000 0.000000 0.000000 7.2716679375 60.23560384375 47.022152625 4.71047321875 61.10795990625 47.91025028125 2.4882550625 1927.539323 1504.708884 150.735143 1955.454717 1533.128009 79.624162
2012_11_20_01_32_04_085172390  2601.000 32 14 95.000000 95.000000 0.000000 0.000000 6.99987240625 59.56263896875 46.34039559375 4.84027375 60.7705451875 47.565113375 2.6190731875 1906.004447 1482.892659 154.88876 1944.657446 1522.083628 83.810342
2012_11_20_01_32_16_770506550  2601.000 32 12 95.000000 95.000000 0.000000 0.000000 7.92455880645161 54.7186761290323 41.5062829032258 4.72319338709677 53.9062371612903 40.702776483871 2.47851580645161 1696.27896 1286.69477 146.418995 1671.093352 1261.786071 76.83399
2012_11_20_01_32_31_204145325  2601.000 32 10 95.000000 95.000000 0.000000 0.000000 8.98376315625 49.41525009375 36.19637071875 4.84862896875 50.58664465625 37.38619928125 2.478477375 1581.288003 1158.283863 155.156127 1618.772629 1196.358377 79.311276
2012_11_20_01_32_46_297712972  2601.000 32 8 95.000000 95.000000 0.000000 0.000000 10.49664915625 45.43216428125 32.21355715625 4.91425365625 46.171773125 32.97749109375 2.34000496875 1453.829257 1030.833829 157.256117 1477.49674 1055.279715 74.880159
2012_11_20_01_33_03_292530609  2601.000 32 6 95.000000 95.000000 0.000000 0.000000 14.02396565625 39.395198 26.18258796875 4.90075778125 40.1532225 26.97123775 2.37342225 1260.646336 837.842815 156.824249 1284.90312 863.079608 75.949512
2012_11_20_01_33_23_544921230  2601.000 32 4 95.000000 95.000000 0.000000 0.000000 20.08596340625 34.1511883125 20.94762884375 4.90355034375 34.9466124375 21.7747601875 2.301925625 1092.838026 670.324123 156.913611 1118.291598 696.792326 73.66162
