+ i=16
+ minthreads=4
+ j=8
+ maxnodes=32
+ export PKG_MINW_MINS=0x38198
+ PKG_MINW_MINS=0x38198
+ export PP0_MINW_MINS=0x38198
+ PP0_MINW_MINS=0x38198
+ export DRAM_MINW_MINS=0x38078
+ DRAM_MINW_MINS=0x38078
+ export MSR_PKG_POWER_LIMIT=0x0
+ MSR_PKG_POWER_LIMIT=0x0
+ export MSR_PP0_POWER_LIMIT=0x0
+ MSR_PP0_POWER_LIMIT=0x0
+ export MSR_DRAM_POWER_LIMIT=0x0
+ MSR_DRAM_POWER_LIMIT=0x0
+ export MSR_RANK_MOD=1
+ MSR_RANK_MOD=1
+ t=0
+ export READ_WRITE=0
+ READ_WRITE=0
+ export READ_ONLY=1
+ READ_ONLY=1
+ i=16
+ j=8
+ '[' 8 -le 32 ']'
+ i=16
+ '[' 16 -ge 4 ']'
+ export OMP_NUM_THREADS=16
+ OMP_NUM_THREADS=16
++ date +%Y_%m_%d_%H_%M_%S_%N
+ name=2012_12_31_00_09_17_172230523
+ mkdir 2012_12_31_00_09_17_172230523
+ cd 2012_12_31_00_09_17_172230523
+ touch out.dat
+ env
+ echo 2012_12_31_00_09_17_172230523
+ uname -a
+ srun --nodes=1 --ntasks=1 -ppbatch cat /proc/cpuinfo
+ grep MHz
+ srun --nodes=1 --ntasks=1 -o host_info hostname
+ echo 'threads/node: 16'
+ echo 'nodes: ' 8
+ echo 'turbo: 1 '
+ srun --nodes=8 --ntasks=8 -o out.dat -e f.err ../../../bin/sp-mz.C.8
+ cd ../
+ i=14
+ '[' 14 -ge 4 ']'
+ export OMP_NUM_THREADS=14
+ OMP_NUM_THREADS=14
++ date +%Y_%m_%d_%H_%M_%S_%N
+ name=2012_12_31_00_09_31_905898289
+ mkdir 2012_12_31_00_09_31_905898289
+ cd 2012_12_31_00_09_31_905898289
+ touch out.dat
+ env
+ echo 2012_12_31_00_09_31_905898289
+ uname -a
+ grep MHz
+ srun --nodes=1 --ntasks=1 -ppbatch cat /proc/cpuinfo
+ srun --nodes=1 --ntasks=1 -o host_info hostname
+ echo 'threads/node: 14'
+ echo 'nodes: ' 8
+ echo 'turbo: 1 '
+ srun --nodes=8 --ntasks=8 -o out.dat -e f.err ../../../bin/sp-mz.C.8
+ cd ../
+ i=12
+ '[' 12 -ge 4 ']'
+ export OMP_NUM_THREADS=12
+ OMP_NUM_THREADS=12
++ date +%Y_%m_%d_%H_%M_%S_%N
+ name=2012_12_31_00_09_46_342495049
+ mkdir 2012_12_31_00_09_46_342495049
+ cd 2012_12_31_00_09_46_342495049
+ touch out.dat
+ env
+ echo 2012_12_31_00_09_46_342495049
+ uname -a
+ srun --nodes=1 --ntasks=1 -ppbatch cat /proc/cpuinfo
+ grep MHz
+ srun --nodes=1 --ntasks=1 -o host_info hostname
+ echo 'threads/node: 12'
+ echo 'nodes: ' 8
+ echo 'turbo: 1 '
+ srun --nodes=8 --ntasks=8 -o out.dat -e f.err ../../../bin/sp-mz.C.8
+ cd ../
+ i=10
+ '[' 10 -ge 4 ']'
+ export OMP_NUM_THREADS=10
+ OMP_NUM_THREADS=10
++ date +%Y_%m_%d_%H_%M_%S_%N
+ name=2012_12_31_00_10_01_417308087
+ mkdir 2012_12_31_00_10_01_417308087
+ cd 2012_12_31_00_10_01_417308087
+ touch out.dat
+ env
+ echo 2012_12_31_00_10_01_417308087
+ uname -a
+ srun --nodes=1 --ntasks=1 -ppbatch cat /proc/cpuinfo
+ grep MHz
+ srun --nodes=1 --ntasks=1 -o host_info hostname
+ echo 'threads/node: 10'
+ echo 'nodes: ' 8
+ echo 'turbo: 1 '
+ srun --nodes=8 --ntasks=8 -o out.dat -e f.err ../../../bin/sp-mz.C.8
+ cd ../
+ i=8
+ '[' 8 -ge 4 ']'
+ export OMP_NUM_THREADS=8
+ OMP_NUM_THREADS=8
++ date +%Y_%m_%d_%H_%M_%S_%N
+ name=2012_12_31_00_10_17_044873578
+ mkdir 2012_12_31_00_10_17_044873578
+ cd 2012_12_31_00_10_17_044873578
+ touch out.dat
+ env
+ echo 2012_12_31_00_10_17_044873578
+ uname -a
+ grep MHz
+ srun --nodes=1 --ntasks=1 -ppbatch cat /proc/cpuinfo
+ srun --nodes=1 --ntasks=1 -o host_info hostname
+ echo 'threads/node: 8'
+ echo 'nodes: ' 8
+ echo 'turbo: 1 '
+ srun --nodes=8 --ntasks=8 -o out.dat -e f.err ../../../bin/sp-mz.C.8
+ cd ../
+ i=6
+ '[' 6 -ge 4 ']'
+ export OMP_NUM_THREADS=6
+ OMP_NUM_THREADS=6
++ date +%Y_%m_%d_%H_%M_%S_%N
+ name=2012_12_31_00_10_34_067611750
+ mkdir 2012_12_31_00_10_34_067611750
+ cd 2012_12_31_00_10_34_067611750
+ touch out.dat
+ env
+ echo 2012_12_31_00_10_34_067611750
+ uname -a
+ grep MHz
+ srun --nodes=1 --ntasks=1 -ppbatch cat /proc/cpuinfo
+ srun --nodes=1 --ntasks=1 -o host_info hostname
+ echo 'threads/node: 6'
+ echo 'nodes: ' 8
+ echo 'turbo: 1 '
+ srun --nodes=8 --ntasks=8 -o out.dat -e f.err ../../../bin/sp-mz.C.8
+ cd ../
+ i=4
+ '[' 4 -ge 4 ']'
+ export OMP_NUM_THREADS=4
+ OMP_NUM_THREADS=4
++ date +%Y_%m_%d_%H_%M_%S_%N
+ name=2012_12_31_00_10_52_245578446
+ mkdir 2012_12_31_00_10_52_245578446
+ cd 2012_12_31_00_10_52_245578446
+ touch out.dat
+ env
+ echo 2012_12_31_00_10_52_245578446
+ uname -a
+ srun --nodes=1 --ntasks=1 -ppbatch cat /proc/cpuinfo
+ grep MHz
+ srun --nodes=1 --ntasks=1 -o host_info hostname
+ echo 'threads/node: 4'
+ echo 'nodes: ' 8
+ echo 'turbo: 1 '
+ srun --nodes=8 --ntasks=8 -o out.dat -e f.err ../../../bin/sp-mz.C.8
+ cd ../
+ i=2
+ '[' 2 -ge 4 ']'
+ j=16
+ '[' 16 -le 32 ']'
+ i=16
+ '[' 16 -ge 4 ']'
+ export OMP_NUM_THREADS=16
+ OMP_NUM_THREADS=16
++ date +%Y_%m_%d_%H_%M_%S_%N
+ name=2012_12_31_00_11_14_349533766
+ mkdir 2012_12_31_00_11_14_349533766
+ cd 2012_12_31_00_11_14_349533766
+ touch out.dat
+ env
+ echo 2012_12_31_00_11_14_349533766
+ uname -a
+ srun --nodes=1 --ntasks=1 -ppbatch cat /proc/cpuinfo
+ grep MHz
+ srun --nodes=1 --ntasks=1 -o host_info hostname
+ echo 'threads/node: 16'
+ echo 'nodes: ' 16
+ echo 'turbo: 1 '
+ srun --nodes=16 --ntasks=16 -o out.dat -e f.err ../../../bin/sp-mz.C.16
+ cd ../
+ i=14
+ '[' 14 -ge 4 ']'
+ export OMP_NUM_THREADS=14
+ OMP_NUM_THREADS=14
++ date +%Y_%m_%d_%H_%M_%S_%N
+ name=2012_12_31_00_11_30_567590348
+ mkdir 2012_12_31_00_11_30_567590348
+ cd 2012_12_31_00_11_30_567590348
+ touch out.dat
+ env
+ echo 2012_12_31_00_11_30_567590348
+ uname -a
+ srun --nodes=1 --ntasks=1 -ppbatch cat /proc/cpuinfo
+ grep MHz
+ srun --nodes=1 --ntasks=1 -o host_info hostname
+ echo 'threads/node: 14'
+ echo 'nodes: ' 16
+ echo 'turbo: 1 '
+ srun --nodes=16 --ntasks=16 -o out.dat -e f.err ../../../bin/sp-mz.C.16
+ cd ../
+ i=12
+ '[' 12 -ge 4 ']'
+ export OMP_NUM_THREADS=12
+ OMP_NUM_THREADS=12
++ date +%Y_%m_%d_%H_%M_%S_%N
+ name=2012_12_31_00_11_44_997533556
+ mkdir 2012_12_31_00_11_44_997533556
+ cd 2012_12_31_00_11_44_997533556
+ touch out.dat
+ env
+ echo 2012_12_31_00_11_44_997533556
+ uname -a
+ srun --nodes=1 --ntasks=1 -ppbatch cat /proc/cpuinfo
+ grep MHz
+ srun --nodes=1 --ntasks=1 -o host_info hostname
+ echo 'threads/node: 12'
+ echo 'nodes: ' 16
+ echo 'turbo: 1 '
+ srun --nodes=16 --ntasks=16 -o out.dat -e f.err ../../../bin/sp-mz.C.16
+ cd ../
+ i=10
+ '[' 10 -ge 4 ']'
+ export OMP_NUM_THREADS=10
+ OMP_NUM_THREADS=10
++ date +%Y_%m_%d_%H_%M_%S_%N
+ name=2012_12_31_00_12_01_336343987
+ mkdir 2012_12_31_00_12_01_336343987
+ cd 2012_12_31_00_12_01_336343987
+ touch out.dat
+ env
+ echo 2012_12_31_00_12_01_336343987
+ uname -a
+ grep MHz
+ srun --nodes=1 --ntasks=1 -ppbatch cat /proc/cpuinfo
+ srun --nodes=1 --ntasks=1 -o host_info hostname
+ echo 'threads/node: 10'
+ echo 'nodes: ' 16
+ echo 'turbo: 1 '
+ srun --nodes=16 --ntasks=16 -o out.dat -e f.err ../../../bin/sp-mz.C.16
+ cd ../
+ i=8
+ '[' 8 -ge 4 ']'
+ export OMP_NUM_THREADS=8
+ OMP_NUM_THREADS=8
++ date +%Y_%m_%d_%H_%M_%S_%N
+ name=2012_12_31_00_12_16_704274886
+ mkdir 2012_12_31_00_12_16_704274886
+ cd 2012_12_31_00_12_16_704274886
+ touch out.dat
+ env
+ echo 2012_12_31_00_12_16_704274886
+ uname -a
+ srun --nodes=1 --ntasks=1 -ppbatch cat /proc/cpuinfo
+ grep MHz
+ srun --nodes=1 --ntasks=1 -o host_info hostname
+ echo 'threads/node: 8'
+ echo 'nodes: ' 16
+ echo 'turbo: 1 '
+ srun --nodes=16 --ntasks=16 -o out.dat -e f.err ../../../bin/sp-mz.C.16
+ cd ../
+ i=6
+ '[' 6 -ge 4 ']'
+ export OMP_NUM_THREADS=6
+ OMP_NUM_THREADS=6
++ date +%Y_%m_%d_%H_%M_%S_%N
+ name=2012_12_31_00_12_33_323371776
+ mkdir 2012_12_31_00_12_33_323371776
+ cd 2012_12_31_00_12_33_323371776
+ touch out.dat
+ env
+ echo 2012_12_31_00_12_33_323371776
+ uname -a
+ srun --nodes=1 --ntasks=1 -ppbatch cat /proc/cpuinfo
+ grep MHz
+ srun --nodes=1 --ntasks=1 -o host_info hostname
+ echo 'threads/node: 6'
+ echo 'nodes: ' 16
+ echo 'turbo: 1 '
+ srun --nodes=16 --ntasks=16 -o out.dat -e f.err ../../../bin/sp-mz.C.16
+ cd ../
+ i=4
+ '[' 4 -ge 4 ']'
+ export OMP_NUM_THREADS=4
+ OMP_NUM_THREADS=4
++ date +%Y_%m_%d_%H_%M_%S_%N
+ name=2012_12_31_00_12_51_524234885
+ mkdir 2012_12_31_00_12_51_524234885
+ cd 2012_12_31_00_12_51_524234885
+ touch out.dat
+ env
+ echo 2012_12_31_00_12_51_524234885
+ uname -a
+ srun --nodes=1 --ntasks=1 -ppbatch cat /proc/cpuinfo
+ grep MHz
+ srun --nodes=1 --ntasks=1 -o host_info hostname
+ echo 'threads/node: 4'
+ echo 'nodes: ' 16
+ echo 'turbo: 1 '
+ srun --nodes=16 --ntasks=16 -o out.dat -e f.err ../../../bin/sp-mz.C.16
+ cd ../
+ i=2
+ '[' 2 -ge 4 ']'
+ j=32
+ '[' 32 -le 32 ']'
+ i=16
+ '[' 16 -ge 4 ']'
+ export OMP_NUM_THREADS=16
+ OMP_NUM_THREADS=16
++ date +%Y_%m_%d_%H_%M_%S_%N
+ name=2012_12_31_00_13_13_930075684
+ mkdir 2012_12_31_00_13_13_930075684
+ cd 2012_12_31_00_13_13_930075684
+ touch out.dat
+ env
+ echo 2012_12_31_00_13_13_930075684
+ uname -a
+ srun --nodes=1 --ntasks=1 -ppbatch cat /proc/cpuinfo
+ grep MHz
+ srun --nodes=1 --ntasks=1 -o host_info hostname
+ echo 'threads/node: 16'
+ echo 'nodes: ' 32
+ echo 'turbo: 1 '
+ srun --nodes=32 --ntasks=32 -o out.dat -e f.err ../../../bin/sp-mz.C.32
+ cd ../
+ i=14
+ '[' 14 -ge 4 ']'
+ export OMP_NUM_THREADS=14
+ OMP_NUM_THREADS=14
++ date +%Y_%m_%d_%H_%M_%S_%N
+ name=2012_12_31_00_13_25_742981315
+ mkdir 2012_12_31_00_13_25_742981315
+ cd 2012_12_31_00_13_25_742981315
+ touch out.dat
+ env
+ echo 2012_12_31_00_13_25_742981315
+ uname -a
+ srun --nodes=1 --ntasks=1 -ppbatch cat /proc/cpuinfo
+ grep MHz
+ srun --nodes=1 --ntasks=1 -o host_info hostname
+ echo 'threads/node: 14'
+ echo 'nodes: ' 32
+ echo 'turbo: 1 '
+ srun --nodes=32 --ntasks=32 -o out.dat -e f.err ../../../bin/sp-mz.C.32
+ cd ../
+ i=12
+ '[' 12 -ge 4 ']'
+ export OMP_NUM_THREADS=12
+ OMP_NUM_THREADS=12
++ date +%Y_%m_%d_%H_%M_%S_%N
+ name=2012_12_31_00_13_35_822231109
+ mkdir 2012_12_31_00_13_35_822231109
+ cd 2012_12_31_00_13_35_822231109
+ touch out.dat
+ env
+ echo 2012_12_31_00_13_35_822231109
+ uname -a
+ srun --nodes=1 --ntasks=1 -ppbatch cat /proc/cpuinfo
+ grep MHz
+ srun --nodes=1 --ntasks=1 -o host_info hostname
+ echo 'threads/node: 12'
+ echo 'nodes: ' 32
+ echo 'turbo: 1 '
+ srun --nodes=32 --ntasks=32 -o out.dat -e f.err ../../../bin/sp-mz.C.32
+ cd ../
+ i=10
+ '[' 10 -ge 4 ']'
+ export OMP_NUM_THREADS=10
+ OMP_NUM_THREADS=10
++ date +%Y_%m_%d_%H_%M_%S_%N
+ name=2012_12_31_00_13_45_254312844
+ mkdir 2012_12_31_00_13_45_254312844
+ cd 2012_12_31_00_13_45_254312844
+ touch out.dat
+ env
+ echo 2012_12_31_00_13_45_254312844
+ uname -a
+ srun --nodes=1 --ntasks=1 -ppbatch cat /proc/cpuinfo
+ grep MHz
+ srun --nodes=1 --ntasks=1 -o host_info hostname
+ echo 'threads/node: 10'
+ echo 'nodes: ' 32
+ echo 'turbo: 1 '
+ srun --nodes=32 --ntasks=32 -o out.dat -e f.err ../../../bin/sp-mz.C.32
+ cd ../
+ i=8
+ '[' 8 -ge 4 ']'
+ export OMP_NUM_THREADS=8
+ OMP_NUM_THREADS=8
++ date +%Y_%m_%d_%H_%M_%S_%N
+ name=2012_12_31_00_13_54_909899261
+ mkdir 2012_12_31_00_13_54_909899261
+ cd 2012_12_31_00_13_54_909899261
+ touch out.dat
+ env
+ echo 2012_12_31_00_13_54_909899261
+ uname -a
+ srun --nodes=1 --ntasks=1 -ppbatch cat /proc/cpuinfo
+ grep MHz
+ srun --nodes=1 --ntasks=1 -o host_info hostname
+ echo 'threads/node: 8'
+ echo 'nodes: ' 32
+ echo 'turbo: 1 '
+ srun --nodes=32 --ntasks=32 -o out.dat -e f.err ../../../bin/sp-mz.C.32
+ cd ../
+ i=6
+ '[' 6 -ge 4 ']'
+ export OMP_NUM_THREADS=6
+ OMP_NUM_THREADS=6
++ date +%Y_%m_%d_%H_%M_%S_%N
+ name=2012_12_31_00_14_04_935479029
+ mkdir 2012_12_31_00_14_04_935479029
+ cd 2012_12_31_00_14_04_935479029
+ touch out.dat
+ env
+ echo 2012_12_31_00_14_04_935479029
+ uname -a
+ srun --nodes=1 --ntasks=1 -ppbatch cat /proc/cpuinfo
+ grep MHz
+ srun --nodes=1 --ntasks=1 -o host_info hostname
+ echo 'threads/node: 6'
+ echo 'nodes: ' 32
+ echo 'turbo: 1 '
+ srun --nodes=32 --ntasks=32 -o out.dat -e f.err ../../../bin/sp-mz.C.32
+ cd ../
+ i=4
+ '[' 4 -ge 4 ']'
+ export OMP_NUM_THREADS=4
+ OMP_NUM_THREADS=4
++ date +%Y_%m_%d_%H_%M_%S_%N
+ name=2012_12_31_00_14_15_191543674
+ mkdir 2012_12_31_00_14_15_191543674
+ cd 2012_12_31_00_14_15_191543674
+ touch out.dat
+ env
+ echo 2012_12_31_00_14_15_191543674
+ uname -a
+ srun --nodes=1 --ntasks=1 -ppbatch cat /proc/cpuinfo
+ grep MHz
+ srun --nodes=1 --ntasks=1 -o host_info hostname
+ echo 'threads/node: 4'
+ echo 'nodes: ' 32
+ echo 'turbo: 1 '
+ srun --nodes=32 --ntasks=32 -o out.dat -e f.err ../../../bin/sp-mz.C.32
+ cd ../
+ i=2
+ '[' 2 -ge 4 ']'
+ j=64
+ '[' 64 -le 32 ']'
