id freq nodes cores pkg-clamp-0 pkg-clamp-1 dram-clamp-0 dram-clamp-1 avg-time avg-pkg-0 avg-pp0-0 avg-dram-0 avg-pkg-1 avg-pp0-1 avg-dram-1 tot-pkg-0 tot-pp0-0 tot-dram-0 tot-pkg-1 tot-pp0-1 tot-dram-1
2012_12_31_00_09_17_172230523  2601.000 8 16 115.000000 115.000000 0.000000 0.000000 8.468321875 89.78513175 74.80855475 11.004383625 90.89891375 76.201015875 9.95088025 718.281054 598.468438 88.035069 727.19131 609.608127 79.607042
2012_12_31_00_09_31_905898289  2601.000 8 14 115.000000 115.000000 0.000000 0.000000 8.953816375 79.302977375 64.77534975 9.508573125 88.62887975 73.961170875 9.998039375 634.423819 518.202798 76.068585 709.031038 591.689367 79.984315
2012_12_31_00_09_46_342495049  2601.000 8 12 115.000000 115.000000 0.000000 0.000000 9.483774625 76.004665 61.53838525 9.386522 79.526071625 65.1472125 9.508254875 608.03732 492.307082 75.092176 636.208573 521.1777 76.066039
2012_12_31_00_10_01_417308087  2601.000 8 10 115.000000 115.000000 0.000000 0.000000 9.981067 70.022409125 55.64476325 8.97165075 72.876591125 58.41114825 9.454751875 560.179273 445.158106 71.773206 583.012729 467.289186 75.638015
2012_12_31_00_10_17_044873578  2601.000 8 8 115.000000 115.000000 0.000000 0.000000 11.02638275 65.666337625 51.47890525 8.728403125 65.189976875 51.170316375 7.675157125 525.330701 411.831242 69.827225 521.519815 409.362531 61.401257
2012_12_31_00_10_34_067611750  2601.000 8 6 115.000000 115.000000 0.000000 0.000000 12.649623375 57.200710875 43.328535875 7.5224045 57.597443625 43.664009 7.658087 457.605687 346.628287 60.179236 460.779549 349.312072 61.264696
2012_12_31_00_10_52_245578446  2601.000 8 4 115.000000 115.000000 0.000000 0.000000 16.651910125 46.68322675 33.0674585 6.69968 52.209999625 38.39339325 7.487292875 373.465814 264.539668 53.59744 417.679997 307.147146 59.898343
2012_12_31_00_11_14_349533766  2601.000 16 16 115.000000 115.000000 0.000000 0.000000 10.0511133125 61.60266625 47.6202111875 6.1535030625 54.40436025 40.5356074375 5.6154910625 985.64266 761.923379 98.456049 870.469764 648.569719 89.847857
2012_12_31_00_11_30_567590348  2601.000 16 14 115.000000 115.000000 0.000000 0.000000 8.938986875 59.210780875 45.2305760625 6.070203625 53.0842840625 39.1384440625 5.97674175 947.372494 723.689217 97.123258 849.348545 626.215105 95.627868
2012_12_31_00_11_44_997533556  2601.000 16 12 115.000000 115.000000 0.000000 0.000000 9.4730903125 58.7550965 44.880572375 5.9517819375 46.001846875 32.253057125 5.3406161875 940.081544 718.089158 95.228511 736.02955 516.048914 85.449859
2012_12_31_00_12_01_336343987  2601.000 16 10 115.000000 115.000000 0.000000 0.000000 9.669761375 51.5194823125 37.6794020625 5.8352241875 47.0821940625 33.3132145 5.3789559375 824.311717 602.870433 93.363587 753.315105 533.011432 86.063295
2012_12_31_00_12_16_704274886  2601.000 16 8 115.000000 115.000000 0.000000 0.000000 11.1261619375 50.077121875 36.3839849375 5.5873448125 43.36456975 29.74781975 4.9786374375 801.23395 582.143759 89.397517 693.833116 475.965116 79.658199
2012_12_31_00_12_33_323371776  2601.000 16 6 115.000000 115.000000 0.000000 0.000000 12.655936625 46.4921351875 32.93685925 4.8698420625 38.227840625 24.653377125 4.721447 743.874163 526.989748 77.917473 611.64545 394.454034 75.543152
2012_12_31_00_12_51_524234885  2601.000 16 4 115.000000 115.000000 0.000000 0.000000 16.815547875 42.9630806875 29.5078501875 4.639417375 33.7514255625 20.274302625 4.5568775 687.409291 472.125603 74.230678 540.022809 324.388842 72.91004
2012_12_31_00_13_13_930075684  2601.000 32 16 115.000000 115.000000 0.000000 0.000000 4.2844143125 82.99285359375 69.13108321875 6.79428165625 82.29419784375 68.47556328125 6.2271134375 2655.771315 2212.194663 217.417013 2633.414331 2191.218025 199.26763
2012_12_31_00_13_25_742981315  2601.000 32 14 115.000000 115.000000 0.000000 0.000000 3.53331984375 79.6973180625 65.73579175 7.328762125 76.0698606875 62.25619884375 6.42216221875 2550.314178 2103.545336 234.520388 2434.235542 1992.198363 205.509191
2012_12_31_00_13_35_822231109  2601.000 32 12 115.000000 115.000000 0.000000 0.000000 2.61075928125 76.1463899375 62.131433 7.53196128125 73.0817536875 59.127113125 7.2777785 2436.684478 1988.205856 241.022761 2338.616118 1892.06762 232.888912
2012_12_31_00_13_45_254312844  2601.000 32 10 115.000000 115.000000 0.000000 0.000000 2.80469390625 69.90126284375 55.97438678125 7.2268031875 66.96332690625 53.14721875 6.913399875 2236.840411 1791.180377 231.257702 2142.826461 1700.711 221.228796
2012_12_31_00_13_54_909899261  2601.000 32 8 115.000000 115.000000 0.000000 0.000000 3.065622625 62.21512196875 48.49652053125 6.733832125 62.87761703125 49.21561815625 6.4637820625 1990.883903 1551.888657 215.482628 2012.083745 1574.899781 206.841026
2012_12_31_00_14_04_935479029  2601.000 32 6 115.000000 115.000000 0.000000 0.000000 3.17821065625 54.6971694375 41.10420859375 6.2953691875 56.66521221875 43.11294328125 6.2780280625 1750.309422 1315.334675 201.451814 1813.286791 1379.614185 200.896898
2012_12_31_00_14_15_191543674  2601.000 32 4 115.000000 115.000000 0.000000 0.000000 4.19213628125 45.147664125 31.73604503125 5.59208903125 51.3938745625 37.92960175 5.872413375 1444.725252 1015.553441 178.946849 1644.603986 1213.747256 187.917228
