+ i=16
+ minthreads=4
+ j=8
+ maxnodes=32
+ export PKG_MINW_MINS=0x38198
+ PKG_MINW_MINS=0x38198
+ export PP0_MINW_MINS=0x38198
+ PP0_MINW_MINS=0x38198
+ export DRAM_MINW_MINS=0x38078
+ DRAM_MINW_MINS=0x38078
+ export MSR_PKG_POWER_LIMIT=0x0
+ MSR_PKG_POWER_LIMIT=0x0
+ export MSR_PP0_POWER_LIMIT=0x0
+ MSR_PP0_POWER_LIMIT=0x0
+ export MSR_DRAM_POWER_LIMIT=0x0
+ MSR_DRAM_POWER_LIMIT=0x0
+ export MSR_RANK_MOD=1
+ MSR_RANK_MOD=1
+ export SAMPLE=1
+ SAMPLE=1
+ t=0
+ export TURBO_ENABLE=1
+ TURBO_ENABLE=1
+ export READ_WRITE=0
+ READ_WRITE=0
+ export READ_ONLY=1
+ READ_ONLY=1
+ i=16
+ j=8
+ '[' 8 -le 32 ']'
+ i=16
+ '[' 16 -ge 4 ']'
+ export OMP_NUM_THREADS=16
+ OMP_NUM_THREADS=16
++ date +%Y_%m_%d_%H_%M_%S_%N
+ name=2012_11_09_21_05_30_038260372
+ mkdir 2012_11_09_21_05_30_038260372
+ cd 2012_11_09_21_05_30_038260372
+ touch out.dat
+ env
+ echo 2012_11_09_21_05_30_038260372
+ uname -a
+ srun --nodes=1 --ntasks=1 -ppbatch cat /proc/cpuinfo
+ grep MHz
+ srun --nodes=1 --ntasks=1 -o host_info hostname
+ echo 'threads/node: 16'
+ echo 'nodes: ' 8
+ echo 'turbo: ' 0
+ srun --nodes=8 --ntasks=8 -o out.dat -e f.err ../../../bin/bt-mz.C.8
+ cd ../
+ i=14
+ '[' 14 -ge 4 ']'
+ export OMP_NUM_THREADS=14
+ OMP_NUM_THREADS=14
++ date +%Y_%m_%d_%H_%M_%S_%N
+ name=2012_11_09_21_06_00_520010625
+ mkdir 2012_11_09_21_06_00_520010625
+ cd 2012_11_09_21_06_00_520010625
+ touch out.dat
+ env
+ echo 2012_11_09_21_06_00_520010625
+ uname -a
+ srun --nodes=1 --ntasks=1 -ppbatch cat /proc/cpuinfo
+ grep MHz
+ srun --nodes=1 --ntasks=1 -o host_info hostname
+ echo 'threads/node: 14'
+ echo 'nodes: ' 8
+ echo 'turbo: ' 0
+ srun --nodes=8 --ntasks=8 -o out.dat -e f.err ../../../bin/bt-mz.C.8
+ cd ../
+ i=12
+ '[' 12 -ge 4 ']'
+ export OMP_NUM_THREADS=12
+ OMP_NUM_THREADS=12
++ date +%Y_%m_%d_%H_%M_%S_%N
+ name=2012_11_09_21_06_29_954035379
+ mkdir 2012_11_09_21_06_29_954035379
+ cd 2012_11_09_21_06_29_954035379
+ touch out.dat
+ env
+ echo 2012_11_09_21_06_29_954035379
+ uname -a
+ srun --nodes=1 --ntasks=1 -ppbatch cat /proc/cpuinfo
+ grep MHz
+ srun --nodes=1 --ntasks=1 -o host_info hostname
+ echo 'threads/node: 12'
+ echo 'nodes: ' 8
+ echo 'turbo: ' 0
+ srun --nodes=8 --ntasks=8 -o out.dat -e f.err ../../../bin/bt-mz.C.8
+ cd ../
+ i=10
+ '[' 10 -ge 4 ']'
+ export OMP_NUM_THREADS=10
+ OMP_NUM_THREADS=10
++ date +%Y_%m_%d_%H_%M_%S_%N
+ name=2012_11_09_21_07_02_848452895
+ mkdir 2012_11_09_21_07_02_848452895
+ cd 2012_11_09_21_07_02_848452895
+ touch out.dat
+ env
+ echo 2012_11_09_21_07_02_848452895
+ uname -a
+ grep MHz
+ srun --nodes=1 --ntasks=1 -ppbatch cat /proc/cpuinfo
+ srun --nodes=1 --ntasks=1 -o host_info hostname
+ echo 'threads/node: 10'
+ echo 'nodes: ' 8
+ echo 'turbo: ' 0
+ srun --nodes=8 --ntasks=8 -o out.dat -e f.err ../../../bin/bt-mz.C.8
+ cd ../
+ i=8
+ '[' 8 -ge 4 ']'
+ export OMP_NUM_THREADS=8
+ OMP_NUM_THREADS=8
++ date +%Y_%m_%d_%H_%M_%S_%N
+ name=2012_11_09_21_07_36_678072069
+ mkdir 2012_11_09_21_07_36_678072069
+ cd 2012_11_09_21_07_36_678072069
+ touch out.dat
+ env
+ echo 2012_11_09_21_07_36_678072069
+ uname -a
+ srun --nodes=1 --ntasks=1 -ppbatch cat /proc/cpuinfo
+ grep MHz
+ srun --nodes=1 --ntasks=1 -o host_info hostname
+ echo 'threads/node: 8'
+ echo 'nodes: ' 8
+ echo 'turbo: ' 0
+ srun --nodes=8 --ntasks=8 -o out.dat -e f.err ../../../bin/bt-mz.C.8
+ cd ../
+ i=6
+ '[' 6 -ge 4 ']'
+ export OMP_NUM_THREADS=6
+ OMP_NUM_THREADS=6
++ date +%Y_%m_%d_%H_%M_%S_%N
+ name=2012_11_09_21_08_15_743414665
+ mkdir 2012_11_09_21_08_15_743414665
+ cd 2012_11_09_21_08_15_743414665
+ touch out.dat
+ env
+ echo 2012_11_09_21_08_15_743414665
+ uname -a
+ grep MHz
+ srun --nodes=1 --ntasks=1 -ppbatch cat /proc/cpuinfo
+ srun --nodes=1 --ntasks=1 -o host_info hostname
+ echo 'threads/node: 6'
+ echo 'nodes: ' 8
+ echo 'turbo: ' 0
+ srun --nodes=8 --ntasks=8 -o out.dat -e f.err ../../../bin/bt-mz.C.8
+ cd ../
+ i=4
+ '[' 4 -ge 4 ']'
+ export OMP_NUM_THREADS=4
+ OMP_NUM_THREADS=4
++ date +%Y_%m_%d_%H_%M_%S_%N
+ name=2012_11_09_21_09_00_912128733
+ mkdir 2012_11_09_21_09_00_912128733
+ cd 2012_11_09_21_09_00_912128733
+ touch out.dat
+ env
+ echo 2012_11_09_21_09_00_912128733
+ uname -a
+ srun --nodes=1 --ntasks=1 -ppbatch cat /proc/cpuinfo
+ grep MHz
+ srun --nodes=1 --ntasks=1 -o host_info hostname
+ echo 'threads/node: 4'
+ echo 'nodes: ' 8
+ echo 'turbo: ' 0
+ srun --nodes=8 --ntasks=8 -o out.dat -e f.err ../../../bin/bt-mz.C.8
+ cd ../
+ i=2
+ '[' 2 -ge 4 ']'
+ j=16
+ '[' 16 -le 32 ']'
+ i=16
+ '[' 16 -ge 4 ']'
+ export OMP_NUM_THREADS=16
+ OMP_NUM_THREADS=16
++ date +%Y_%m_%d_%H_%M_%S_%N
+ name=2012_11_09_21_09_56_566901326
+ mkdir 2012_11_09_21_09_56_566901326
+ cd 2012_11_09_21_09_56_566901326
+ touch out.dat
+ env
+ echo 2012_11_09_21_09_56_566901326
+ uname -a
+ srun --nodes=1 --ntasks=1 -ppbatch cat /proc/cpuinfo
+ grep MHz
+ srun --nodes=1 --ntasks=1 -o host_info hostname
+ echo 'threads/node: 16'
+ echo 'nodes: ' 16
+ echo 'turbo: ' 0
+ srun --nodes=16 --ntasks=16 -o out.dat -e f.err ../../../bin/bt-mz.C.16
+ cd ../
+ i=14
+ '[' 14 -ge 4 ']'
+ export OMP_NUM_THREADS=14
+ OMP_NUM_THREADS=14
++ date +%Y_%m_%d_%H_%M_%S_%N
+ name=2012_11_09_21_10_30_646018851
+ mkdir 2012_11_09_21_10_30_646018851
+ cd 2012_11_09_21_10_30_646018851
+ touch out.dat
+ env
+ echo 2012_11_09_21_10_30_646018851
+ uname -a
+ srun --nodes=1 --ntasks=1 -ppbatch cat /proc/cpuinfo
+ grep MHz
+ srun --nodes=1 --ntasks=1 -o host_info hostname
+ echo 'threads/node: 14'
+ echo 'nodes: ' 16
+ echo 'turbo: ' 0
+ srun --nodes=16 --ntasks=16 -o out.dat -e f.err ../../../bin/bt-mz.C.16
+ cd ../
+ i=12
+ '[' 12 -ge 4 ']'
+ export OMP_NUM_THREADS=12
+ OMP_NUM_THREADS=12
++ date +%Y_%m_%d_%H_%M_%S_%N
+ name=2012_11_09_21_10_59_385170439
+ mkdir 2012_11_09_21_10_59_385170439
+ cd 2012_11_09_21_10_59_385170439
+ touch out.dat
+ env
+ echo 2012_11_09_21_10_59_385170439
+ uname -a
+ srun --nodes=1 --ntasks=1 -ppbatch cat /proc/cpuinfo
+ grep MHz
+ srun --nodes=1 --ntasks=1 -o host_info hostname
+ echo 'threads/node: 12'
+ echo 'nodes: ' 16
+ echo 'turbo: ' 0
+ srun --nodes=16 --ntasks=16 -o out.dat -e f.err ../../../bin/bt-mz.C.16
+ cd ../
+ i=10
+ '[' 10 -ge 4 ']'
+ export OMP_NUM_THREADS=10
+ OMP_NUM_THREADS=10
++ date +%Y_%m_%d_%H_%M_%S_%N
+ name=2012_11_09_21_11_31_484870214
+ mkdir 2012_11_09_21_11_31_484870214
+ cd 2012_11_09_21_11_31_484870214
+ touch out.dat
+ env
+ echo 2012_11_09_21_11_31_484870214
+ uname -a
+ srun --nodes=1 --ntasks=1 -ppbatch cat /proc/cpuinfo
+ grep MHz
+ srun --nodes=1 --ntasks=1 -o host_info hostname
+ echo 'threads/node: 10'
+ echo 'nodes: ' 16
+ echo 'turbo: ' 0
+ srun --nodes=16 --ntasks=16 -o out.dat -e f.err ../../../bin/bt-mz.C.16
+ cd ../
+ i=8
+ '[' 8 -ge 4 ']'
+ export OMP_NUM_THREADS=8
+ OMP_NUM_THREADS=8
++ date +%Y_%m_%d_%H_%M_%S_%N
+ name=2012_11_09_21_12_02_933013425
+ mkdir 2012_11_09_21_12_02_933013425
+ cd 2012_11_09_21_12_02_933013425
+ touch out.dat
+ env
+ echo 2012_11_09_21_12_02_933013425
+ uname -a
+ srun --nodes=1 --ntasks=1 -ppbatch cat /proc/cpuinfo
+ grep MHz
+ srun --nodes=1 --ntasks=1 -o host_info hostname
+ echo 'threads/node: 8'
+ echo 'nodes: ' 16
+ echo 'turbo: ' 0
+ srun --nodes=16 --ntasks=16 -o out.dat -e f.err ../../../bin/bt-mz.C.16
+ cd ../
+ i=6
+ '[' 6 -ge 4 ']'
+ export OMP_NUM_THREADS=6
+ OMP_NUM_THREADS=6
++ date +%Y_%m_%d_%H_%M_%S_%N
+ name=2012_11_09_21_12_37_240874441
+ mkdir 2012_11_09_21_12_37_240874441
+ cd 2012_11_09_21_12_37_240874441
+ touch out.dat
+ env
+ echo 2012_11_09_21_12_37_240874441
+ uname -a
+ srun --nodes=1 --ntasks=1 -ppbatch cat /proc/cpuinfo
+ grep MHz
+ srun --nodes=1 --ntasks=1 -o host_info hostname
+ echo 'threads/node: 6'
+ echo 'nodes: ' 16
+ echo 'turbo: ' 0
+ srun --nodes=16 --ntasks=16 -o out.dat -e f.err ../../../bin/bt-mz.C.16
+ cd ../
+ i=4
+ '[' 4 -ge 4 ']'
+ export OMP_NUM_THREADS=4
+ OMP_NUM_THREADS=4
++ date +%Y_%m_%d_%H_%M_%S_%N
+ name=2012_11_09_21_13_14_855880609
+ mkdir 2012_11_09_21_13_14_855880609
+ cd 2012_11_09_21_13_14_855880609
+ touch out.dat
+ env
+ echo 2012_11_09_21_13_14_855880609
+ uname -a
+ grep MHz
+ srun --nodes=1 --ntasks=1 -ppbatch cat /proc/cpuinfo
+ srun --nodes=1 --ntasks=1 -o host_info hostname
+ echo 'threads/node: 4'
+ echo 'nodes: ' 16
+ echo 'turbo: ' 0
+ srun --nodes=16 --ntasks=16 -o out.dat -e f.err ../../../bin/bt-mz.C.16
+ cd ../
+ i=2
+ '[' 2 -ge 4 ']'
+ j=32
+ '[' 32 -le 32 ']'
+ i=16
+ '[' 16 -ge 4 ']'
+ export OMP_NUM_THREADS=16
+ OMP_NUM_THREADS=16
++ date +%Y_%m_%d_%H_%M_%S_%N
+ name=2012_11_09_21_13_59_703129330
+ mkdir 2012_11_09_21_13_59_703129330
+ cd 2012_11_09_21_13_59_703129330
+ touch out.dat
+ env
+ echo 2012_11_09_21_13_59_703129330
+ uname -a
+ grep MHz
+ srun --nodes=1 --ntasks=1 -ppbatch cat /proc/cpuinfo
+ srun --nodes=1 --ntasks=1 -o host_info hostname
+ echo 'threads/node: 16'
+ echo 'nodes: ' 32
+ echo 'turbo: ' 0
+ srun --nodes=32 --ntasks=32 -o out.dat -e f.err ../../../bin/bt-mz.C.32
+ cd ../
+ i=14
+ '[' 14 -ge 4 ']'
+ export OMP_NUM_THREADS=14
+ OMP_NUM_THREADS=14
++ date +%Y_%m_%d_%H_%M_%S_%N
+ name=2012_11_09_21_14_52_582143587
+ mkdir 2012_11_09_21_14_52_582143587
+ cd 2012_11_09_21_14_52_582143587
+ touch out.dat
+ env
+ echo 2012_11_09_21_14_52_582143587
+ uname -a
+ srun --nodes=1 --ntasks=1 -ppbatch cat /proc/cpuinfo
+ grep MHz
+ srun --nodes=1 --ntasks=1 -o host_info hostname
+ echo 'threads/node: 14'
+ echo 'nodes: ' 32
+ echo 'turbo: ' 0
+ srun --nodes=32 --ntasks=32 -o out.dat -e f.err ../../../bin/bt-mz.C.32
+ cd ../
+ i=12
+ '[' 12 -ge 4 ']'
+ export OMP_NUM_THREADS=12
+ OMP_NUM_THREADS=12
++ date +%Y_%m_%d_%H_%M_%S_%N
+ name=2012_11_09_21_15_43_764824215
+ mkdir 2012_11_09_21_15_43_764824215
+ cd 2012_11_09_21_15_43_764824215
+ touch out.dat
+ env
+ echo 2012_11_09_21_15_43_764824215
+ uname -a
+ srun --nodes=1 --ntasks=1 -ppbatch cat /proc/cpuinfo
+ grep MHz
+ srun --nodes=1 --ntasks=1 -o host_info hostname
+ echo 'threads/node: 12'
+ echo 'nodes: ' 32
+ echo 'turbo: ' 0
+ srun --nodes=32 --ntasks=32 -o out.dat -e f.err ../../../bin/bt-mz.C.32
+ cd ../
+ i=10
+ '[' 10 -ge 4 ']'
+ export OMP_NUM_THREADS=10
+ OMP_NUM_THREADS=10
++ date +%Y_%m_%d_%H_%M_%S_%N
+ name=2012_11_09_21_16_37_334925988
+ mkdir 2012_11_09_21_16_37_334925988
+ cd 2012_11_09_21_16_37_334925988
+ touch out.dat
+ env
+ echo 2012_11_09_21_16_37_334925988
+ uname -a
+ srun --nodes=1 --ntasks=1 -ppbatch cat /proc/cpuinfo
+ grep MHz
+ srun --nodes=1 --ntasks=1 -o host_info hostname
+ echo 'threads/node: 10'
+ echo 'nodes: ' 32
+ echo 'turbo: ' 0
+ srun --nodes=32 --ntasks=32 -o out.dat -e f.err ../../../bin/bt-mz.C.32
+ cd ../
+ i=8
+ '[' 8 -ge 4 ']'
+ export OMP_NUM_THREADS=8
+ OMP_NUM_THREADS=8
++ date +%Y_%m_%d_%H_%M_%S_%N
+ name=2012_11_09_21_17_31_746760328
+ mkdir 2012_11_09_21_17_31_746760328
+ cd 2012_11_09_21_17_31_746760328
+ touch out.dat
+ env
+ echo 2012_11_09_21_17_31_746760328
+ uname -a
+ srun --nodes=1 --ntasks=1 -ppbatch cat /proc/cpuinfo
+ grep MHz
+ srun --nodes=1 --ntasks=1 -o host_info hostname
+ echo 'threads/node: 8'
+ echo 'nodes: ' 32
+ echo 'turbo: ' 0
+ srun --nodes=32 --ntasks=32 -o out.dat -e f.err ../../../bin/bt-mz.C.32
+ cd ../
+ i=6
+ '[' 6 -ge 4 ']'
+ export OMP_NUM_THREADS=6
+ OMP_NUM_THREADS=6
++ date +%Y_%m_%d_%H_%M_%S_%N
+ name=2012_11_09_21_18_29_745360825
+ mkdir 2012_11_09_21_18_29_745360825
+ cd 2012_11_09_21_18_29_745360825
+ touch out.dat
+ env
+ echo 2012_11_09_21_18_29_745360825
+ uname -a
+ srun --nodes=1 --ntasks=1 -ppbatch cat /proc/cpuinfo
+ grep MHz
+ srun --nodes=1 --ntasks=1 -o host_info hostname
+ echo 'threads/node: 6'
+ echo 'nodes: ' 32
+ echo 'turbo: ' 0
+ srun --nodes=32 --ntasks=32 -o out.dat -e f.err ../../../bin/bt-mz.C.32
+ cd ../
+ i=4
+ '[' 4 -ge 4 ']'
+ export OMP_NUM_THREADS=4
+ OMP_NUM_THREADS=4
++ date +%Y_%m_%d_%H_%M_%S_%N
+ name=2012_11_09_21_19_24_819820334
+ mkdir 2012_11_09_21_19_24_819820334
+ cd 2012_11_09_21_19_24_819820334
+ touch out.dat
+ env
+ echo 2012_11_09_21_19_24_819820334
+ uname -a
+ srun --nodes=1 --ntasks=1 -ppbatch cat /proc/cpuinfo
+ grep MHz
+ srun --nodes=1 --ntasks=1 -o host_info hostname
+ echo 'threads/node: 4'
+ echo 'nodes: ' 32
+ echo 'turbo: ' 0
+ srun --nodes=32 --ntasks=32 -o out.dat -e f.err ../../../bin/bt-mz.C.32
+ cd ../
+ i=2
+ '[' 2 -ge 4 ']'
+ j=64
+ '[' 64 -le 32 ']'
+ export TURBO_ENABLE=0
+ TURBO_ENABLE=0
+ export READ_WRITE=1
+ READ_WRITE=1
+ export READ_ONLY=0
+ READ_ONLY=0
+ for pkg in 0x38198 0x038208 0x038280 0x0382f8
+ i=16
+ j=8
+ export MSR_PKG_POWER_LIMIT=0x38198
+ MSR_PKG_POWER_LIMIT=0x38198
+ '[' 8 -le 32 ']'
+ i=16
+ '[' 16 -ge 4 ']'
+ export OMP_NUM_THREADS=16
+ OMP_NUM_THREADS=16
++ date +%Y_%m_%d_%H_%M_%S_%N
+ name=2012_11_09_21_20_23_270456997
+ mkdir 2012_11_09_21_20_23_270456997
+ cd 2012_11_09_21_20_23_270456997
+ touch out.dat
+ env
+ echo 2012_11_09_21_20_23_270456997
+ uname -a
+ srun --nodes=1 --ntasks=1 -ppbatch cat /proc/cpuinfo
+ grep MHz
+ srun --nodes=1 --ntasks=1 -o host_info hostname
+ echo 'threads/node: 16'
+ echo 'nodes: ' 8
+ echo 'turbo: ' 0
+ srun --nodes=8 --ntasks=8 -o out.dat -e f.err ../../../bin/bt-mz.C.8
+ cd ../
+ i=14
+ '[' 14 -ge 4 ']'
+ export OMP_NUM_THREADS=14
+ OMP_NUM_THREADS=14
++ date +%Y_%m_%d_%H_%M_%S_%N
+ name=2012_11_09_21_21_01_609770183
+ mkdir 2012_11_09_21_21_01_609770183
+ cd 2012_11_09_21_21_01_609770183
+ touch out.dat
+ env
+ echo 2012_11_09_21_21_01_609770183
+ uname -a
+ srun --nodes=1 --ntasks=1 -ppbatch cat /proc/cpuinfo
+ grep MHz
+ srun --nodes=1 --ntasks=1 -o host_info hostname
+ echo 'threads/node: 14'
+ echo 'nodes: ' 8
+ echo 'turbo: ' 0
+ srun --nodes=8 --ntasks=8 -o out.dat -e f.err ../../../bin/bt-mz.C.8
+ cd ../
+ i=12
+ '[' 12 -ge 4 ']'
+ export OMP_NUM_THREADS=12
+ OMP_NUM_THREADS=12
++ date +%Y_%m_%d_%H_%M_%S_%N
+ name=2012_11_09_21_21_37_381093082
+ mkdir 2012_11_09_21_21_37_381093082
+ cd 2012_11_09_21_21_37_381093082
+ touch out.dat
+ env
+ echo 2012_11_09_21_21_37_381093082
+ uname -a
+ grep MHz
+ srun --nodes=1 --ntasks=1 -ppbatch cat /proc/cpuinfo
+ srun --nodes=1 --ntasks=1 -o host_info hostname
+ echo 'threads/node: 12'
+ echo 'nodes: ' 8
+ echo 'turbo: ' 0
+ srun --nodes=8 --ntasks=8 -o out.dat -e f.err ../../../bin/bt-mz.C.8
+ cd ../
+ i=10
+ '[' 10 -ge 4 ']'
+ export OMP_NUM_THREADS=10
+ OMP_NUM_THREADS=10
++ date +%Y_%m_%d_%H_%M_%S_%N
+ name=2012_11_09_21_22_17_290206024
+ mkdir 2012_11_09_21_22_17_290206024
+ cd 2012_11_09_21_22_17_290206024
+ touch out.dat
+ env
+ echo 2012_11_09_21_22_17_290206024
+ uname -a
+ srun --nodes=1 --ntasks=1 -ppbatch cat /proc/cpuinfo
+ grep MHz
+ srun --nodes=1 --ntasks=1 -o host_info hostname
+ echo 'threads/node: 10'
+ echo 'nodes: ' 8
+ echo 'turbo: ' 0
+ srun --nodes=8 --ntasks=8 -o out.dat -e f.err ../../../bin/bt-mz.C.8
+ cd ../
+ i=8
+ '[' 8 -ge 4 ']'
+ export OMP_NUM_THREADS=8
+ OMP_NUM_THREADS=8
++ date +%Y_%m_%d_%H_%M_%S_%N
+ name=2012_11_09_21_22_57_041178576
+ mkdir 2012_11_09_21_22_57_041178576
+ cd 2012_11_09_21_22_57_041178576
+ touch out.dat
+ env
+ echo 2012_11_09_21_22_57_041178576
+ uname -a
+ srun --nodes=1 --ntasks=1 -ppbatch cat /proc/cpuinfo
+ grep MHz
+ srun --nodes=1 --ntasks=1 -o host_info hostname
+ echo 'threads/node: 8'
+ echo 'nodes: ' 8
+ echo 'turbo: ' 0
+ srun --nodes=8 --ntasks=8 -o out.dat -e f.err ../../../bin/bt-mz.C.8
+ cd ../
+ i=6
+ '[' 6 -ge 4 ']'
+ export OMP_NUM_THREADS=6
+ OMP_NUM_THREADS=6
++ date +%Y_%m_%d_%H_%M_%S_%N
+ name=2012_11_09_21_23_40_939699702
+ mkdir 2012_11_09_21_23_40_939699702
+ cd 2012_11_09_21_23_40_939699702
+ touch out.dat
+ env
+ echo 2012_11_09_21_23_40_939699702
+ uname -a
+ srun --nodes=1 --ntasks=1 -ppbatch cat /proc/cpuinfo
+ grep MHz
+ srun --nodes=1 --ntasks=1 -o host_info hostname
+ echo 'threads/node: 6'
+ echo 'nodes: ' 8
+ echo 'turbo: ' 0
+ srun --nodes=8 --ntasks=8 -o out.dat -e f.err ../../../bin/bt-mz.C.8
+ cd ../
+ i=4
+ '[' 4 -ge 4 ']'
+ export OMP_NUM_THREADS=4
+ OMP_NUM_THREADS=4
++ date +%Y_%m_%d_%H_%M_%S_%N
+ name=2012_11_09_21_24_28_824570363
+ mkdir 2012_11_09_21_24_28_824570363
+ cd 2012_11_09_21_24_28_824570363
+ touch out.dat
+ env
+ echo 2012_11_09_21_24_28_824570363
+ uname -a
+ grep MHz
+ srun --nodes=1 --ntasks=1 -ppbatch cat /proc/cpuinfo
+ srun --nodes=1 --ntasks=1 -o host_info hostname
+ echo 'threads/node: 4'
+ echo 'nodes: ' 8
+ echo 'turbo: ' 0
+ srun --nodes=8 --ntasks=8 -o out.dat -e f.err ../../../bin/bt-mz.C.8
+ cd ../
+ i=2
+ '[' 2 -ge 4 ']'
+ j=16
+ '[' 16 -le 32 ']'
+ i=16
+ '[' 16 -ge 4 ']'
+ export OMP_NUM_THREADS=16
+ OMP_NUM_THREADS=16
++ date +%Y_%m_%d_%H_%M_%S_%N
+ name=2012_11_09_21_25_29_560175668
+ mkdir 2012_11_09_21_25_29_560175668
+ cd 2012_11_09_21_25_29_560175668
+ touch out.dat
+ env
+ echo 2012_11_09_21_25_29_560175668
+ uname -a
+ srun --nodes=1 --ntasks=1 -ppbatch cat /proc/cpuinfo
+ grep MHz
+ srun --nodes=1 --ntasks=1 -o host_info hostname
+ echo 'threads/node: 16'
+ echo 'nodes: ' 16
+ echo 'turbo: ' 0
+ srun --nodes=16 --ntasks=16 -o out.dat -e f.err ../../../bin/bt-mz.C.16
+ cd ../
+ i=14
+ '[' 14 -ge 4 ']'
+ export OMP_NUM_THREADS=14
+ OMP_NUM_THREADS=14
++ date +%Y_%m_%d_%H_%M_%S_%N
+ name=2012_11_09_21_26_03_643572008
+ mkdir 2012_11_09_21_26_03_643572008
+ cd 2012_11_09_21_26_03_643572008
+ touch out.dat
+ env
+ echo 2012_11_09_21_26_03_643572008
+ uname -a
+ srun --nodes=1 --ntasks=1 -ppbatch cat /proc/cpuinfo
+ grep MHz
+ srun --nodes=1 --ntasks=1 -o host_info hostname
+ echo 'threads/node: 14'
+ echo 'nodes: ' 16
+ echo 'turbo: ' 0
+ srun --nodes=16 --ntasks=16 -o out.dat -e f.err ../../../bin/bt-mz.C.16
+ cd ../
+ i=12
+ '[' 12 -ge 4 ']'
+ export OMP_NUM_THREADS=12
+ OMP_NUM_THREADS=12
++ date +%Y_%m_%d_%H_%M_%S_%N
+ name=2012_11_09_21_26_36_718229787
+ mkdir 2012_11_09_21_26_36_718229787
+ cd 2012_11_09_21_26_36_718229787
+ touch out.dat
+ env
+ echo 2012_11_09_21_26_36_718229787
+ uname -a
+ srun --nodes=1 --ntasks=1 -ppbatch cat /proc/cpuinfo
+ grep MHz
+ srun --nodes=1 --ntasks=1 -o host_info hostname
+ echo 'threads/node: 12'
+ echo 'nodes: ' 16
+ echo 'turbo: ' 0
+ srun --nodes=16 --ntasks=16 -o out.dat -e f.err ../../../bin/bt-mz.C.16
+ cd ../
+ i=10
+ '[' 10 -ge 4 ']'
+ export OMP_NUM_THREADS=10
+ OMP_NUM_THREADS=10
++ date +%Y_%m_%d_%H_%M_%S_%N
+ name=2012_11_09_21_27_11_789676857
+ mkdir 2012_11_09_21_27_11_789676857
+ cd 2012_11_09_21_27_11_789676857
+ touch out.dat
+ env
+ echo 2012_11_09_21_27_11_789676857
+ uname -a
+ srun --nodes=1 --ntasks=1 -ppbatch cat /proc/cpuinfo
+ grep MHz
+ srun --nodes=1 --ntasks=1 -o host_info hostname
+ echo 'threads/node: 10'
+ echo 'nodes: ' 16
+ echo 'turbo: ' 0
+ srun --nodes=16 --ntasks=16 -o out.dat -e f.err ../../../bin/bt-mz.C.16
+ cd ../
+ i=8
+ '[' 8 -ge 4 ']'
+ export OMP_NUM_THREADS=8
+ OMP_NUM_THREADS=8
++ date +%Y_%m_%d_%H_%M_%S_%N
+ name=2012_11_09_21_27_47_883132265
+ mkdir 2012_11_09_21_27_47_883132265
+ cd 2012_11_09_21_27_47_883132265
+ touch out.dat
+ env
+ echo 2012_11_09_21_27_47_883132265
+ uname -a
+ srun --nodes=1 --ntasks=1 -ppbatch cat /proc/cpuinfo
+ grep MHz
+ srun --nodes=1 --ntasks=1 -o host_info hostname
+ echo 'threads/node: 8'
+ echo 'nodes: ' 16
+ echo 'turbo: ' 0
+ srun --nodes=16 --ntasks=16 -o out.dat -e f.err ../../../bin/bt-mz.C.16
+ cd ../
+ i=6
+ '[' 6 -ge 4 ']'
+ export OMP_NUM_THREADS=6
+ OMP_NUM_THREADS=6
++ date +%Y_%m_%d_%H_%M_%S_%N
+ name=2012_11_09_21_28_25_542444258
+ mkdir 2012_11_09_21_28_25_542444258
+ cd 2012_11_09_21_28_25_542444258
+ touch out.dat
+ env
+ echo 2012_11_09_21_28_25_542444258
+ uname -a
+ srun --nodes=1 --ntasks=1 -ppbatch cat /proc/cpuinfo
+ grep MHz
+ srun --nodes=1 --ntasks=1 -o host_info hostname
+ echo 'threads/node: 6'
+ echo 'nodes: ' 16
+ echo 'turbo: ' 0
+ srun --nodes=16 --ntasks=16 -o out.dat -e f.err ../../../bin/bt-mz.C.16
+ cd ../
+ i=4
+ '[' 4 -ge 4 ']'
+ export OMP_NUM_THREADS=4
+ OMP_NUM_THREADS=4
++ date +%Y_%m_%d_%H_%M_%S_%N
+ name=2012_11_09_21_29_06_191467896
+ mkdir 2012_11_09_21_29_06_191467896
+ cd 2012_11_09_21_29_06_191467896
+ touch out.dat
+ env
+ echo 2012_11_09_21_29_06_191467896
+ uname -a
+ srun --nodes=1 --ntasks=1 -ppbatch cat /proc/cpuinfo
+ grep MHz
+ srun --nodes=1 --ntasks=1 -o host_info hostname
+ echo 'threads/node: 4'
+ echo 'nodes: ' 16
+ echo 'turbo: ' 0
+ srun --nodes=16 --ntasks=16 -o out.dat -e f.err ../../../bin/bt-mz.C.16
+ cd ../
+ i=2
+ '[' 2 -ge 4 ']'
+ j=32
+ '[' 32 -le 32 ']'
+ i=16
+ '[' 16 -ge 4 ']'
+ export OMP_NUM_THREADS=16
+ OMP_NUM_THREADS=16
++ date +%Y_%m_%d_%H_%M_%S_%N
+ name=2012_11_09_21_29_53_015591264
+ mkdir 2012_11_09_21_29_53_015591264
+ cd 2012_11_09_21_29_53_015591264
+ touch out.dat
+ env
+ echo 2012_11_09_21_29_53_015591264
+ uname -a
+ srun --nodes=1 --ntasks=1 -ppbatch cat /proc/cpuinfo
+ grep MHz
+ srun --nodes=1 --ntasks=1 -o host_info hostname
+ echo 'threads/node: 16'
+ echo 'nodes: ' 32
+ echo 'turbo: ' 0
+ srun --nodes=32 --ntasks=32 -o out.dat -e f.err ../../../bin/bt-mz.C.32
+ cd ../
+ i=14
+ '[' 14 -ge 4 ']'
+ export OMP_NUM_THREADS=14
+ OMP_NUM_THREADS=14
++ date +%Y_%m_%d_%H_%M_%S_%N
+ name=2012_11_09_21_30_48_728327039
+ mkdir 2012_11_09_21_30_48_728327039
+ cd 2012_11_09_21_30_48_728327039
+ touch out.dat
+ env
+ echo 2012_11_09_21_30_48_728327039
+ uname -a
+ srun --nodes=1 --ntasks=1 -ppbatch cat /proc/cpuinfo
+ grep MHz
+ srun --nodes=1 --ntasks=1 -o host_info hostname
+ echo 'threads/node: 14'
+ echo 'nodes: ' 32
+ echo 'turbo: ' 0
+ srun --nodes=32 --ntasks=32 -o out.dat -e f.err ../../../bin/bt-mz.C.32
+ cd ../
+ i=12
+ '[' 12 -ge 4 ']'
+ export OMP_NUM_THREADS=12
+ OMP_NUM_THREADS=12
++ date +%Y_%m_%d_%H_%M_%S_%N
+ name=2012_11_09_21_31_43_500985827
+ mkdir 2012_11_09_21_31_43_500985827
+ cd 2012_11_09_21_31_43_500985827
+ touch out.dat
+ env
+ echo 2012_11_09_21_31_43_500985827
+ uname -a
+ srun --nodes=1 --ntasks=1 -ppbatch cat /proc/cpuinfo
+ grep MHz
+ srun --nodes=1 --ntasks=1 -o host_info hostname
+ echo 'threads/node: 12'
+ echo 'nodes: ' 32
+ echo 'turbo: ' 0
+ srun --nodes=32 --ntasks=32 -o out.dat -e f.err ../../../bin/bt-mz.C.32
+ cd ../
+ i=10
+ '[' 10 -ge 4 ']'
+ export OMP_NUM_THREADS=10
+ OMP_NUM_THREADS=10
++ date +%Y_%m_%d_%H_%M_%S_%N
+ name=2012_11_09_21_32_37_930465960
+ mkdir 2012_11_09_21_32_37_930465960
+ cd 2012_11_09_21_32_37_930465960
+ touch out.dat
+ env
+ echo 2012_11_09_21_32_37_930465960
+ uname -a
+ srun --nodes=1 --ntasks=1 -ppbatch cat /proc/cpuinfo
+ grep MHz
+ srun --nodes=1 --ntasks=1 -o host_info hostname
+ echo 'threads/node: 10'
+ echo 'nodes: ' 32
+ echo 'turbo: ' 0
+ srun --nodes=32 --ntasks=32 -o out.dat -e f.err ../../../bin/bt-mz.C.32
+ cd ../
+ i=8
+ '[' 8 -ge 4 ']'
+ export OMP_NUM_THREADS=8
+ OMP_NUM_THREADS=8
++ date +%Y_%m_%d_%H_%M_%S_%N
+ name=2012_11_09_21_33_32_899053232
+ mkdir 2012_11_09_21_33_32_899053232
+ cd 2012_11_09_21_33_32_899053232
+ touch out.dat
+ env
+ echo 2012_11_09_21_33_32_899053232
+ uname -a
+ srun --nodes=1 --ntasks=1 -ppbatch cat /proc/cpuinfo
+ grep MHz
+ srun --nodes=1 --ntasks=1 -o host_info hostname
+ echo 'threads/node: 8'
+ echo 'nodes: ' 32
+ echo 'turbo: ' 0
+ srun --nodes=32 --ntasks=32 -o out.dat -e f.err ../../../bin/bt-mz.C.32
+ cd ../
+ i=6
+ '[' 6 -ge 4 ']'
+ export OMP_NUM_THREADS=6
+ OMP_NUM_THREADS=6
++ date +%Y_%m_%d_%H_%M_%S_%N
+ name=2012_11_09_21_34_26_738468773
+ mkdir 2012_11_09_21_34_26_738468773
+ cd 2012_11_09_21_34_26_738468773
+ touch out.dat
+ env
+ echo 2012_11_09_21_34_26_738468773
+ uname -a
+ srun --nodes=1 --ntasks=1 -ppbatch cat /proc/cpuinfo
+ grep MHz
+ srun --nodes=1 --ntasks=1 -o host_info hostname
+ echo 'threads/node: 6'
+ echo 'nodes: ' 32
+ echo 'turbo: ' 0
+ srun --nodes=32 --ntasks=32 -o out.dat -e f.err ../../../bin/bt-mz.C.32
+ cd ../
+ i=4
+ '[' 4 -ge 4 ']'
+ export OMP_NUM_THREADS=4
+ OMP_NUM_THREADS=4
++ date +%Y_%m_%d_%H_%M_%S_%N
+ name=2012_11_09_21_35_21_397840232
+ mkdir 2012_11_09_21_35_21_397840232
+ cd 2012_11_09_21_35_21_397840232
+ touch out.dat
+ env
+ echo 2012_11_09_21_35_21_397840232
+ uname -a
+ srun --nodes=1 --ntasks=1 -ppbatch cat /proc/cpuinfo
+ grep MHz
+ srun --nodes=1 --ntasks=1 -o host_info hostname
+ echo 'threads/node: 4'
+ echo 'nodes: ' 32
+ echo 'turbo: ' 0
+ srun --nodes=32 --ntasks=32 -o out.dat -e f.err ../../../bin/bt-mz.C.32
+ cd ../
+ i=2
+ '[' 2 -ge 4 ']'
+ j=64
+ '[' 64 -le 32 ']'
+ for pkg in 0x38198 0x038208 0x038280 0x0382f8
+ i=16
+ j=8
+ export MSR_PKG_POWER_LIMIT=0x038208
+ MSR_PKG_POWER_LIMIT=0x038208
+ '[' 8 -le 32 ']'
+ i=16
+ '[' 16 -ge 4 ']'
+ export OMP_NUM_THREADS=16
+ OMP_NUM_THREADS=16
++ date +%Y_%m_%d_%H_%M_%S_%N
+ name=2012_11_09_21_36_19_228686239
+ mkdir 2012_11_09_21_36_19_228686239
+ cd 2012_11_09_21_36_19_228686239
+ touch out.dat
+ env
+ echo 2012_11_09_21_36_19_228686239
+ uname -a
+ srun --nodes=1 --ntasks=1 -ppbatch cat /proc/cpuinfo
+ grep MHz
+ srun --nodes=1 --ntasks=1 -o host_info hostname
+ echo 'threads/node: 16'
+ echo 'nodes: ' 8
+ echo 'turbo: ' 0
+ srun --nodes=8 --ntasks=8 -o out.dat -e f.err ../../../bin/bt-mz.C.8
+ cd ../
+ i=14
+ '[' 14 -ge 4 ']'
+ export OMP_NUM_THREADS=14
+ OMP_NUM_THREADS=14
++ date +%Y_%m_%d_%H_%M_%S_%N
+ name=2012_11_09_21_36_54_918532074
+ mkdir 2012_11_09_21_36_54_918532074
+ cd 2012_11_09_21_36_54_918532074
+ touch out.dat
+ env
+ echo 2012_11_09_21_36_54_918532074
+ uname -a
+ grep MHz
+ srun --nodes=1 --ntasks=1 -ppbatch cat /proc/cpuinfo
+ srun --nodes=1 --ntasks=1 -o host_info hostname
+ echo 'threads/node: 14'
+ echo 'nodes: ' 8
+ echo 'turbo: ' 0
+ srun --nodes=8 --ntasks=8 -o out.dat -e f.err ../../../bin/bt-mz.C.8
+ cd ../
+ i=12
+ '[' 12 -ge 4 ']'
+ export OMP_NUM_THREADS=12
+ OMP_NUM_THREADS=12
++ date +%Y_%m_%d_%H_%M_%S_%N
+ name=2012_11_09_21_37_27_472759396
+ mkdir 2012_11_09_21_37_27_472759396
+ cd 2012_11_09_21_37_27_472759396
+ touch out.dat
+ env
+ echo 2012_11_09_21_37_27_472759396
+ uname -a
+ srun --nodes=1 --ntasks=1 -ppbatch cat /proc/cpuinfo
+ grep MHz
+ srun --nodes=1 --ntasks=1 -o host_info hostname
+ echo 'threads/node: 12'
+ echo 'nodes: ' 8
+ echo 'turbo: ' 0
+ srun --nodes=8 --ntasks=8 -o out.dat -e f.err ../../../bin/bt-mz.C.8
+ cd ../
+ i=10
+ '[' 10 -ge 4 ']'
+ export OMP_NUM_THREADS=10
+ OMP_NUM_THREADS=10
++ date +%Y_%m_%d_%H_%M_%S_%N
+ name=2012_11_09_21_38_02_150987108
+ mkdir 2012_11_09_21_38_02_150987108
+ cd 2012_11_09_21_38_02_150987108
+ touch out.dat
+ env
+ echo 2012_11_09_21_38_02_150987108
+ uname -a
+ grep MHz
+ srun --nodes=1 --ntasks=1 -ppbatch cat /proc/cpuinfo
+ srun --nodes=1 --ntasks=1 -o host_info hostname
+ echo 'threads/node: 10'
+ echo 'nodes: ' 8
+ echo 'turbo: ' 0
+ srun --nodes=8 --ntasks=8 -o out.dat -e f.err ../../../bin/bt-mz.C.8
+ cd ../
+ i=8
+ '[' 8 -ge 4 ']'
+ export OMP_NUM_THREADS=8
+ OMP_NUM_THREADS=8
++ date +%Y_%m_%d_%H_%M_%S_%N
+ name=2012_11_09_21_38_37_629368898
+ mkdir 2012_11_09_21_38_37_629368898
+ cd 2012_11_09_21_38_37_629368898
+ touch out.dat
+ env
+ echo 2012_11_09_21_38_37_629368898
+ uname -a
+ srun --nodes=1 --ntasks=1 -ppbatch cat /proc/cpuinfo
+ grep MHz
+ srun --nodes=1 --ntasks=1 -o host_info hostname
+ echo 'threads/node: 8'
+ echo 'nodes: ' 8
+ echo 'turbo: ' 0
+ srun --nodes=8 --ntasks=8 -o out.dat -e f.err ../../../bin/bt-mz.C.8
+ cd ../
+ i=6
+ '[' 6 -ge 4 ']'
+ export OMP_NUM_THREADS=6
+ OMP_NUM_THREADS=6
++ date +%Y_%m_%d_%H_%M_%S_%N
+ name=2012_11_09_21_39_19_602061800
+ mkdir 2012_11_09_21_39_19_602061800
+ cd 2012_11_09_21_39_19_602061800
+ touch out.dat
+ env
+ echo 2012_11_09_21_39_19_602061800
+ uname -a
+ srun --nodes=1 --ntasks=1 -ppbatch cat /proc/cpuinfo
+ grep MHz
+ srun --nodes=1 --ntasks=1 -o host_info hostname
+ echo 'threads/node: 6'
+ echo 'nodes: ' 8
+ echo 'turbo: ' 0
+ srun --nodes=8 --ntasks=8 -o out.dat -e f.err ../../../bin/bt-mz.C.8
+ cd ../
+ i=4
+ '[' 4 -ge 4 ']'
+ export OMP_NUM_THREADS=4
+ OMP_NUM_THREADS=4
++ date +%Y_%m_%d_%H_%M_%S_%N
+ name=2012_11_09_21_40_07_383265809
+ mkdir 2012_11_09_21_40_07_383265809
+ cd 2012_11_09_21_40_07_383265809
+ touch out.dat
+ env
+ echo 2012_11_09_21_40_07_383265809
+ uname -a
+ srun --nodes=1 --ntasks=1 -ppbatch cat /proc/cpuinfo
+ grep MHz
+ srun --nodes=1 --ntasks=1 -o host_info hostname
+ echo 'threads/node: 4'
+ echo 'nodes: ' 8
+ echo 'turbo: ' 0
+ srun --nodes=8 --ntasks=8 -o out.dat -e f.err ../../../bin/bt-mz.C.8
+ cd ../
+ i=2
+ '[' 2 -ge 4 ']'
+ j=16
+ '[' 16 -le 32 ']'
+ i=16
+ '[' 16 -ge 4 ']'
+ export OMP_NUM_THREADS=16
+ OMP_NUM_THREADS=16
++ date +%Y_%m_%d_%H_%M_%S_%N
+ name=2012_11_09_21_41_07_955120874
+ mkdir 2012_11_09_21_41_07_955120874
+ cd 2012_11_09_21_41_07_955120874
+ touch out.dat
+ env
+ echo 2012_11_09_21_41_07_955120874
+ uname -a
+ srun --nodes=1 --ntasks=1 -ppbatch cat /proc/cpuinfo
+ grep MHz
+ srun --nodes=1 --ntasks=1 -o host_info hostname
+ echo 'threads/node: 16'
+ echo 'nodes: ' 16
+ echo 'turbo: ' 0
+ srun --nodes=16 --ntasks=16 -o out.dat -e f.err ../../../bin/bt-mz.C.16
+ cd ../
+ i=14
+ '[' 14 -ge 4 ']'
+ export OMP_NUM_THREADS=14
+ OMP_NUM_THREADS=14
++ date +%Y_%m_%d_%H_%M_%S_%N
+ name=2012_11_09_21_41_43_068870562
+ mkdir 2012_11_09_21_41_43_068870562
+ cd 2012_11_09_21_41_43_068870562
+ touch out.dat
+ env
+ echo 2012_11_09_21_41_43_068870562
+ uname -a
+ srun --nodes=1 --ntasks=1 -ppbatch cat /proc/cpuinfo
+ grep MHz
+ srun --nodes=1 --ntasks=1 -o host_info hostname
+ echo 'threads/node: 14'
+ echo 'nodes: ' 16
+ echo 'turbo: ' 0
+ srun --nodes=16 --ntasks=16 -o out.dat -e f.err ../../../bin/bt-mz.C.16
+ cd ../
+ i=12
+ '[' 12 -ge 4 ']'
+ export OMP_NUM_THREADS=12
+ OMP_NUM_THREADS=12
++ date +%Y_%m_%d_%H_%M_%S_%N
+ name=2012_11_09_21_42_14_525360362
+ mkdir 2012_11_09_21_42_14_525360362
+ cd 2012_11_09_21_42_14_525360362
+ touch out.dat
+ env
+ echo 2012_11_09_21_42_14_525360362
+ uname -a
+ srun --nodes=1 --ntasks=1 -ppbatch cat /proc/cpuinfo
+ grep MHz
+ srun --nodes=1 --ntasks=1 -o host_info hostname
+ echo 'threads/node: 12'
+ echo 'nodes: ' 16
+ echo 'turbo: ' 0
+ srun --nodes=16 --ntasks=16 -o out.dat -e f.err ../../../bin/bt-mz.C.16
+ cd ../
+ i=10
+ '[' 10 -ge 4 ']'
+ export OMP_NUM_THREADS=10
+ OMP_NUM_THREADS=10
++ date +%Y_%m_%d_%H_%M_%S_%N
+ name=2012_11_09_21_42_46_560118930
+ mkdir 2012_11_09_21_42_46_560118930
+ cd 2012_11_09_21_42_46_560118930
+ touch out.dat
+ env
+ echo 2012_11_09_21_42_46_560118930
+ uname -a
+ srun --nodes=1 --ntasks=1 -ppbatch cat /proc/cpuinfo
+ grep MHz
+ srun --nodes=1 --ntasks=1 -o host_info hostname
+ echo 'threads/node: 10'
+ echo 'nodes: ' 16
+ echo 'turbo: ' 0
+ srun --nodes=16 --ntasks=16 -o out.dat -e f.err ../../../bin/bt-mz.C.16
+ cd ../
+ i=8
+ '[' 8 -ge 4 ']'
+ export OMP_NUM_THREADS=8
+ OMP_NUM_THREADS=8
++ date +%Y_%m_%d_%H_%M_%S_%N
+ name=2012_11_09_21_43_20_034413065
+ mkdir 2012_11_09_21_43_20_034413065
+ cd 2012_11_09_21_43_20_034413065
+ touch out.dat
+ env
+ echo 2012_11_09_21_43_20_034413065
+ uname -a
+ srun --nodes=1 --ntasks=1 -ppbatch cat /proc/cpuinfo
+ grep MHz
+ srun --nodes=1 --ntasks=1 -o host_info hostname
+ echo 'threads/node: 8'
+ echo 'nodes: ' 16
+ echo 'turbo: ' 0
+ srun --nodes=16 --ntasks=16 -o out.dat -e f.err ../../../bin/bt-mz.C.16
+ cd ../
+ i=6
+ '[' 6 -ge 4 ']'
+ export OMP_NUM_THREADS=6
+ OMP_NUM_THREADS=6
++ date +%Y_%m_%d_%H_%M_%S_%N
+ name=2012_11_09_21_43_55_894088858
+ mkdir 2012_11_09_21_43_55_894088858
+ cd 2012_11_09_21_43_55_894088858
+ touch out.dat
+ env
+ echo 2012_11_09_21_43_55_894088858
+ uname -a
+ srun --nodes=1 --ntasks=1 -ppbatch cat /proc/cpuinfo
+ grep MHz
+ srun --nodes=1 --ntasks=1 -o host_info hostname
+ echo 'threads/node: 6'
+ echo 'nodes: ' 16
+ echo 'turbo: ' 0
+ srun --nodes=16 --ntasks=16 -o out.dat -e f.err ../../../bin/bt-mz.C.16
+ cd ../
+ i=4
+ '[' 4 -ge 4 ']'
+ export OMP_NUM_THREADS=4
+ OMP_NUM_THREADS=4
++ date +%Y_%m_%d_%H_%M_%S_%N
+ name=2012_11_09_21_44_35_806598239
+ mkdir 2012_11_09_21_44_35_806598239
+ cd 2012_11_09_21_44_35_806598239
+ touch out.dat
+ env
+ echo 2012_11_09_21_44_35_806598239
+ uname -a
+ srun --nodes=1 --ntasks=1 -ppbatch cat /proc/cpuinfo
+ grep MHz
+ srun --nodes=1 --ntasks=1 -o host_info hostname
+ echo 'threads/node: 4'
+ echo 'nodes: ' 16
+ echo 'turbo: ' 0
+ srun --nodes=16 --ntasks=16 -o out.dat -e f.err ../../../bin/bt-mz.C.16
+ cd ../
+ i=2
+ '[' 2 -ge 4 ']'
+ j=32
+ '[' 32 -le 32 ']'
+ i=16
+ '[' 16 -ge 4 ']'
+ export OMP_NUM_THREADS=16
+ OMP_NUM_THREADS=16
++ date +%Y_%m_%d_%H_%M_%S_%N
+ name=2012_11_09_21_45_22_081706619
+ mkdir 2012_11_09_21_45_22_081706619
+ cd 2012_11_09_21_45_22_081706619
+ touch out.dat
+ env
+ echo 2012_11_09_21_45_22_081706619
+ uname -a
+ srun --nodes=1 --ntasks=1 -ppbatch cat /proc/cpuinfo
+ grep MHz
+ srun --nodes=1 --ntasks=1 -o host_info hostname
+ echo 'threads/node: 16'
+ echo 'nodes: ' 32
+ echo 'turbo: ' 0
+ srun --nodes=32 --ntasks=32 -o out.dat -e f.err ../../../bin/bt-mz.C.32
+ cd ../
+ i=14
+ '[' 14 -ge 4 ']'
+ export OMP_NUM_THREADS=14
+ OMP_NUM_THREADS=14
++ date +%Y_%m_%d_%H_%M_%S_%N
+ name=2012_11_09_21_46_16_342120458
+ mkdir 2012_11_09_21_46_16_342120458
+ cd 2012_11_09_21_46_16_342120458
+ touch out.dat
+ env
+ echo 2012_11_09_21_46_16_342120458
+ uname -a
+ srun --nodes=1 --ntasks=1 -ppbatch cat /proc/cpuinfo
+ grep MHz
+ srun --nodes=1 --ntasks=1 -o host_info hostname
+ echo 'threads/node: 14'
+ echo 'nodes: ' 32
+ echo 'turbo: ' 0
+ srun --nodes=32 --ntasks=32 -o out.dat -e f.err ../../../bin/bt-mz.C.32
+ cd ../
+ i=12
+ '[' 12 -ge 4 ']'
+ export OMP_NUM_THREADS=12
+ OMP_NUM_THREADS=12
++ date +%Y_%m_%d_%H_%M_%S_%N
+ name=2012_11_09_21_47_09_212194129
+ mkdir 2012_11_09_21_47_09_212194129
+ cd 2012_11_09_21_47_09_212194129
+ touch out.dat
+ env
+ echo 2012_11_09_21_47_09_212194129
+ uname -a
+ srun --nodes=1 --ntasks=1 -ppbatch cat /proc/cpuinfo
+ grep MHz
+ srun --nodes=1 --ntasks=1 -o host_info hostname
+ echo 'threads/node: 12'
+ echo 'nodes: ' 32
+ echo 'turbo: ' 0
+ srun --nodes=32 --ntasks=32 -o out.dat -e f.err ../../../bin/bt-mz.C.32
+ cd ../
+ i=10
+ '[' 10 -ge 4 ']'
+ export OMP_NUM_THREADS=10
+ OMP_NUM_THREADS=10
++ date +%Y_%m_%d_%H_%M_%S_%N
+ name=2012_11_09_21_48_03_018781118
+ mkdir 2012_11_09_21_48_03_018781118
+ cd 2012_11_09_21_48_03_018781118
+ touch out.dat
+ env
+ echo 2012_11_09_21_48_03_018781118
+ uname -a
+ srun --nodes=1 --ntasks=1 -ppbatch cat /proc/cpuinfo
+ grep MHz
+ srun --nodes=1 --ntasks=1 -o host_info hostname
+ echo 'threads/node: 10'
+ echo 'nodes: ' 32
+ echo 'turbo: ' 0
+ srun --nodes=32 --ntasks=32 -o out.dat -e f.err ../../../bin/bt-mz.C.32
+ cd ../
+ i=8
+ '[' 8 -ge 4 ']'
+ export OMP_NUM_THREADS=8
+ OMP_NUM_THREADS=8
++ date +%Y_%m_%d_%H_%M_%S_%N
+ name=2012_11_09_21_48_55_909661608
+ mkdir 2012_11_09_21_48_55_909661608
+ cd 2012_11_09_21_48_55_909661608
+ touch out.dat
+ env
+ echo 2012_11_09_21_48_55_909661608
+ uname -a
+ grep MHz
+ srun --nodes=1 --ntasks=1 -ppbatch cat /proc/cpuinfo
+ srun --nodes=1 --ntasks=1 -o host_info hostname
+ echo 'threads/node: 8'
+ echo 'nodes: ' 32
+ echo 'turbo: ' 0
+ srun --nodes=32 --ntasks=32 -o out.dat -e f.err ../../../bin/bt-mz.C.32
+ cd ../
+ i=6
+ '[' 6 -ge 4 ']'
+ export OMP_NUM_THREADS=6
+ OMP_NUM_THREADS=6
++ date +%Y_%m_%d_%H_%M_%S_%N
+ name=2012_11_09_21_49_53_017100806
+ mkdir 2012_11_09_21_49_53_017100806
+ cd 2012_11_09_21_49_53_017100806
+ touch out.dat
+ env
+ echo 2012_11_09_21_49_53_017100806
+ uname -a
+ srun --nodes=1 --ntasks=1 -ppbatch cat /proc/cpuinfo
+ grep MHz
+ srun --nodes=1 --ntasks=1 -o host_info hostname
+ echo 'threads/node: 6'
+ echo 'nodes: ' 32
+ echo 'turbo: ' 0
+ srun --nodes=32 --ntasks=32 -o out.dat -e f.err ../../../bin/bt-mz.C.32
+ cd ../
+ i=4
+ '[' 4 -ge 4 ']'
+ export OMP_NUM_THREADS=4
+ OMP_NUM_THREADS=4
++ date +%Y_%m_%d_%H_%M_%S_%N
+ name=2012_11_09_21_50_48_325863401
+ mkdir 2012_11_09_21_50_48_325863401
+ cd 2012_11_09_21_50_48_325863401
+ touch out.dat
+ env
+ echo 2012_11_09_21_50_48_325863401
+ uname -a
+ srun --nodes=1 --ntasks=1 -ppbatch cat /proc/cpuinfo
+ grep MHz
+ srun --nodes=1 --ntasks=1 -o host_info hostname
+ echo 'threads/node: 4'
+ echo 'nodes: ' 32
+ echo 'turbo: ' 0
+ srun --nodes=32 --ntasks=32 -o out.dat -e f.err ../../../bin/bt-mz.C.32
+ cd ../
+ i=2
+ '[' 2 -ge 4 ']'
+ j=64
+ '[' 64 -le 32 ']'
+ for pkg in 0x38198 0x038208 0x038280 0x0382f8
+ i=16
+ j=8
+ export MSR_PKG_POWER_LIMIT=0x038280
+ MSR_PKG_POWER_LIMIT=0x038280
+ '[' 8 -le 32 ']'
+ i=16
+ '[' 16 -ge 4 ']'
+ export OMP_NUM_THREADS=16
+ OMP_NUM_THREADS=16
++ date +%Y_%m_%d_%H_%M_%S_%N
+ name=2012_11_09_21_51_47_582472837
+ mkdir 2012_11_09_21_51_47_582472837
+ cd 2012_11_09_21_51_47_582472837
+ touch out.dat
+ env
+ echo 2012_11_09_21_51_47_582472837
+ uname -a
+ srun --nodes=1 --ntasks=1 -ppbatch cat /proc/cpuinfo
+ grep MHz
+ srun --nodes=1 --ntasks=1 -o host_info hostname
+ echo 'threads/node: 16'
+ echo 'nodes: ' 8
+ echo 'turbo: ' 0
+ srun --nodes=8 --ntasks=8 -o out.dat -e f.err ../../../bin/bt-mz.C.8
+ cd ../
+ i=14
+ '[' 14 -ge 4 ']'
+ export OMP_NUM_THREADS=14
+ OMP_NUM_THREADS=14
++ date +%Y_%m_%d_%H_%M_%S_%N
+ name=2012_11_09_21_52_20_633809784
+ mkdir 2012_11_09_21_52_20_633809784
+ cd 2012_11_09_21_52_20_633809784
+ touch out.dat
+ env
+ echo 2012_11_09_21_52_20_633809784
+ uname -a
+ srun --nodes=1 --ntasks=1 -ppbatch cat /proc/cpuinfo
+ grep MHz
+ srun --nodes=1 --ntasks=1 -o host_info hostname
+ echo 'threads/node: 14'
+ echo 'nodes: ' 8
+ echo 'turbo: ' 0
+ srun --nodes=8 --ntasks=8 -o out.dat -e f.err ../../../bin/bt-mz.C.8
+ cd ../
+ i=12
+ '[' 12 -ge 4 ']'
+ export OMP_NUM_THREADS=12
+ OMP_NUM_THREADS=12
++ date +%Y_%m_%d_%H_%M_%S_%N
+ name=2012_11_09_21_52_52_503799634
+ mkdir 2012_11_09_21_52_52_503799634
+ cd 2012_11_09_21_52_52_503799634
+ touch out.dat
+ env
+ echo 2012_11_09_21_52_52_503799634
+ uname -a
+ srun --nodes=1 --ntasks=1 -ppbatch cat /proc/cpuinfo
+ grep MHz
+ srun --nodes=1 --ntasks=1 -o host_info hostname
+ echo 'threads/node: 12'
+ echo 'nodes: ' 8
+ echo 'turbo: ' 0
+ srun --nodes=8 --ntasks=8 -o out.dat -e f.err ../../../bin/bt-mz.C.8
+ cd ../
+ i=10
+ '[' 10 -ge 4 ']'
+ export OMP_NUM_THREADS=10
+ OMP_NUM_THREADS=10
++ date +%Y_%m_%d_%H_%M_%S_%N
+ name=2012_11_09_21_53_26_471279595
+ mkdir 2012_11_09_21_53_26_471279595
+ cd 2012_11_09_21_53_26_471279595
+ touch out.dat
+ env
+ echo 2012_11_09_21_53_26_471279595
+ uname -a
+ srun --nodes=1 --ntasks=1 -ppbatch cat /proc/cpuinfo
+ grep MHz
+ srun --nodes=1 --ntasks=1 -o host_info hostname
+ echo 'threads/node: 10'
+ echo 'nodes: ' 8
+ echo 'turbo: ' 0
+ srun --nodes=8 --ntasks=8 -o out.dat -e f.err ../../../bin/bt-mz.C.8
+ cd ../
+ i=8
+ '[' 8 -ge 4 ']'
+ export OMP_NUM_THREADS=8
+ OMP_NUM_THREADS=8
++ date +%Y_%m_%d_%H_%M_%S_%N
+ name=2012_11_09_21_54_02_944256667
+ mkdir 2012_11_09_21_54_02_944256667
+ cd 2012_11_09_21_54_02_944256667
+ touch out.dat
+ env
+ echo 2012_11_09_21_54_02_944256667
+ uname -a
+ srun --nodes=1 --ntasks=1 -ppbatch cat /proc/cpuinfo
+ grep MHz
+ srun --nodes=1 --ntasks=1 -o host_info hostname
+ echo 'threads/node: 8'
+ echo 'nodes: ' 8
+ echo 'turbo: ' 0
+ srun --nodes=8 --ntasks=8 -o out.dat -e f.err ../../../bin/bt-mz.C.8
+ cd ../
+ i=6
+ '[' 6 -ge 4 ']'
+ export OMP_NUM_THREADS=6
+ OMP_NUM_THREADS=6
++ date +%Y_%m_%d_%H_%M_%S_%N
+ name=2012_11_09_21_54_45_275493180
+ mkdir 2012_11_09_21_54_45_275493180
+ cd 2012_11_09_21_54_45_275493180
+ touch out.dat
+ env
+ echo 2012_11_09_21_54_45_275493180
+ uname -a
+ srun --nodes=1 --ntasks=1 -ppbatch cat /proc/cpuinfo
+ grep MHz
+ srun --nodes=1 --ntasks=1 -o host_info hostname
+ echo 'threads/node: 6'
+ echo 'nodes: ' 8
+ echo 'turbo: ' 0
+ srun --nodes=8 --ntasks=8 -o out.dat -e f.err ../../../bin/bt-mz.C.8
+ cd ../
+ i=4
+ '[' 4 -ge 4 ']'
+ export OMP_NUM_THREADS=4
+ OMP_NUM_THREADS=4
++ date +%Y_%m_%d_%H_%M_%S_%N
+ name=2012_11_09_21_55_33_931639300
+ mkdir 2012_11_09_21_55_33_931639300
+ cd 2012_11_09_21_55_33_931639300
+ touch out.dat
+ env
+ echo 2012_11_09_21_55_33_931639300
+ uname -a
+ srun --nodes=1 --ntasks=1 -ppbatch cat /proc/cpuinfo
+ grep MHz
+ srun --nodes=1 --ntasks=1 -o host_info hostname
+ echo 'threads/node: 4'
+ echo 'nodes: ' 8
+ echo 'turbo: ' 0
+ srun --nodes=8 --ntasks=8 -o out.dat -e f.err ../../../bin/bt-mz.C.8
+ cd ../
+ i=2
+ '[' 2 -ge 4 ']'
+ j=16
+ '[' 16 -le 32 ']'
+ i=16
+ '[' 16 -ge 4 ']'
+ export OMP_NUM_THREADS=16
+ OMP_NUM_THREADS=16
++ date +%Y_%m_%d_%H_%M_%S_%N
+ name=2012_11_09_21_56_35_441000490
+ mkdir 2012_11_09_21_56_35_441000490
+ cd 2012_11_09_21_56_35_441000490
+ touch out.dat
+ env
+ echo 2012_11_09_21_56_35_441000490
+ uname -a
+ srun --nodes=1 --ntasks=1 -ppbatch cat /proc/cpuinfo
+ grep MHz
+ srun --nodes=1 --ntasks=1 -o host_info hostname
+ echo 'threads/node: 16'
+ echo 'nodes: ' 16
+ echo 'turbo: ' 0
+ srun --nodes=16 --ntasks=16 -o out.dat -e f.err ../../../bin/bt-mz.C.16
+ cd ../
+ i=14
+ '[' 14 -ge 4 ']'
+ export OMP_NUM_THREADS=14
+ OMP_NUM_THREADS=14
++ date +%Y_%m_%d_%H_%M_%S_%N
+ name=2012_11_09_21_57_08_303073765
+ mkdir 2012_11_09_21_57_08_303073765
+ cd 2012_11_09_21_57_08_303073765
+ touch out.dat
+ env
+ echo 2012_11_09_21_57_08_303073765
+ uname -a
+ srun --nodes=1 --ntasks=1 -ppbatch cat /proc/cpuinfo
+ grep MHz
+ srun --nodes=1 --ntasks=1 -o host_info hostname
+ echo 'threads/node: 14'
+ echo 'nodes: ' 16
+ echo 'turbo: ' 0
+ srun --nodes=16 --ntasks=16 -o out.dat -e f.err ../../../bin/bt-mz.C.16
+ cd ../
+ i=12
+ '[' 12 -ge 4 ']'
+ export OMP_NUM_THREADS=12
+ OMP_NUM_THREADS=12
++ date +%Y_%m_%d_%H_%M_%S_%N
+ name=2012_11_09_21_57_39_840082058
+ mkdir 2012_11_09_21_57_39_840082058
+ cd 2012_11_09_21_57_39_840082058
+ touch out.dat
+ env
+ echo 2012_11_09_21_57_39_840082058
+ uname -a
+ srun --nodes=1 --ntasks=1 -ppbatch cat /proc/cpuinfo
+ grep MHz
+ srun --nodes=1 --ntasks=1 -o host_info hostname
+ echo 'threads/node: 12'
+ echo 'nodes: ' 16
+ echo 'turbo: ' 0
+ srun --nodes=16 --ntasks=16 -o out.dat -e f.err ../../../bin/bt-mz.C.16
+ cd ../
+ i=10
+ '[' 10 -ge 4 ']'
+ export OMP_NUM_THREADS=10
+ OMP_NUM_THREADS=10
++ date +%Y_%m_%d_%H_%M_%S_%N
+ name=2012_11_09_21_58_12_687898786
+ mkdir 2012_11_09_21_58_12_687898786
+ cd 2012_11_09_21_58_12_687898786
+ touch out.dat
+ env
+ echo 2012_11_09_21_58_12_687898786
+ uname -a
+ srun --nodes=1 --ntasks=1 -ppbatch cat /proc/cpuinfo
+ grep MHz
+ srun --nodes=1 --ntasks=1 -o host_info hostname
+ echo 'threads/node: 10'
+ echo 'nodes: ' 16
+ echo 'turbo: ' 0
+ srun --nodes=16 --ntasks=16 -o out.dat -e f.err ../../../bin/bt-mz.C.16
+ cd ../
+ i=8
+ '[' 8 -ge 4 ']'
+ export OMP_NUM_THREADS=8
+ OMP_NUM_THREADS=8
++ date +%Y_%m_%d_%H_%M_%S_%N
+ name=2012_11_09_21_58_45_445112100
+ mkdir 2012_11_09_21_58_45_445112100
+ cd 2012_11_09_21_58_45_445112100
+ touch out.dat
+ env
+ echo 2012_11_09_21_58_45_445112100
+ uname -a
+ srun --nodes=1 --ntasks=1 -ppbatch cat /proc/cpuinfo
+ grep MHz
+ srun --nodes=1 --ntasks=1 -o host_info hostname
+ echo 'threads/node: 8'
+ echo 'nodes: ' 16
+ echo 'turbo: ' 0
+ srun --nodes=16 --ntasks=16 -o out.dat -e f.err ../../../bin/bt-mz.C.16
+ cd ../
+ i=6
+ '[' 6 -ge 4 ']'
+ export OMP_NUM_THREADS=6
+ OMP_NUM_THREADS=6
++ date +%Y_%m_%d_%H_%M_%S_%N
+ name=2012_11_09_21_59_21_745517446
+ mkdir 2012_11_09_21_59_21_745517446
+ cd 2012_11_09_21_59_21_745517446
+ touch out.dat
+ env
+ echo 2012_11_09_21_59_21_745517446
+ uname -a
+ srun --nodes=1 --ntasks=1 -ppbatch cat /proc/cpuinfo
+ grep MHz
+ srun --nodes=1 --ntasks=1 -o host_info hostname
+ echo 'threads/node: 6'
+ echo 'nodes: ' 16
+ echo 'turbo: ' 0
+ srun --nodes=16 --ntasks=16 -o out.dat -e f.err ../../../bin/bt-mz.C.16
+ cd ../
+ i=4
+ '[' 4 -ge 4 ']'
+ export OMP_NUM_THREADS=4
+ OMP_NUM_THREADS=4
++ date +%Y_%m_%d_%H_%M_%S_%N
+ name=2012_11_09_22_00_01_678049216
+ mkdir 2012_11_09_22_00_01_678049216
+ cd 2012_11_09_22_00_01_678049216
+ touch out.dat
+ env
+ echo 2012_11_09_22_00_01_678049216
+ uname -a
+ srun --nodes=1 --ntasks=1 -ppbatch cat /proc/cpuinfo
+ grep MHz
+ srun --nodes=1 --ntasks=1 -o host_info hostname
+ echo 'threads/node: 4'
+ echo 'nodes: ' 16
+ echo 'turbo: ' 0
+ srun --nodes=16 --ntasks=16 -o out.dat -e f.err ../../../bin/bt-mz.C.16
+ cd ../
+ i=2
+ '[' 2 -ge 4 ']'
+ j=32
+ '[' 32 -le 32 ']'
+ i=16
+ '[' 16 -ge 4 ']'
+ export OMP_NUM_THREADS=16
+ OMP_NUM_THREADS=16
++ date +%Y_%m_%d_%H_%M_%S_%N
+ name=2012_11_09_22_00_47_667902492
+ mkdir 2012_11_09_22_00_47_667902492
+ cd 2012_11_09_22_00_47_667902492
+ touch out.dat
+ env
+ echo 2012_11_09_22_00_47_667902492
+ uname -a
+ srun --nodes=1 --ntasks=1 -ppbatch cat /proc/cpuinfo
+ grep MHz
+ srun --nodes=1 --ntasks=1 -o host_info hostname
+ echo 'threads/node: 16'
+ echo 'nodes: ' 32
+ echo 'turbo: ' 0
+ srun --nodes=32 --ntasks=32 -o out.dat -e f.err ../../../bin/bt-mz.C.32
+ cd ../
+ i=14
+ '[' 14 -ge 4 ']'
+ export OMP_NUM_THREADS=14
+ OMP_NUM_THREADS=14
++ date +%Y_%m_%d_%H_%M_%S_%N
+ name=2012_11_09_22_01_41_719263831
+ mkdir 2012_11_09_22_01_41_719263831
+ cd 2012_11_09_22_01_41_719263831
+ touch out.dat
+ env
+ echo 2012_11_09_22_01_41_719263831
+ uname -a
+ srun --nodes=1 --ntasks=1 -ppbatch cat /proc/cpuinfo
+ grep MHz
+ srun --nodes=1 --ntasks=1 -o host_info hostname
+ echo 'threads/node: 14'
+ echo 'nodes: ' 32
+ echo 'turbo: ' 0
+ srun --nodes=32 --ntasks=32 -o out.dat -e f.err ../../../bin/bt-mz.C.32
+ cd ../
+ i=12
+ '[' 12 -ge 4 ']'
+ export OMP_NUM_THREADS=12
+ OMP_NUM_THREADS=12
++ date +%Y_%m_%d_%H_%M_%S_%N
+ name=2012_11_09_22_02_33_977743300
+ mkdir 2012_11_09_22_02_33_977743300
+ cd 2012_11_09_22_02_33_977743300
+ touch out.dat
+ env
+ echo 2012_11_09_22_02_33_977743300
+ uname -a
+ srun --nodes=1 --ntasks=1 -ppbatch cat /proc/cpuinfo
+ grep MHz
+ srun --nodes=1 --ntasks=1 -o host_info hostname
+ echo 'threads/node: 12'
+ echo 'nodes: ' 32
+ echo 'turbo: ' 0
+ srun --nodes=32 --ntasks=32 -o out.dat -e f.err ../../../bin/bt-mz.C.32
+ cd ../
+ i=10
+ '[' 10 -ge 4 ']'
+ export OMP_NUM_THREADS=10
+ OMP_NUM_THREADS=10
++ date +%Y_%m_%d_%H_%M_%S_%N
+ name=2012_11_09_22_03_26_663515516
+ mkdir 2012_11_09_22_03_26_663515516
+ cd 2012_11_09_22_03_26_663515516
+ touch out.dat
+ env
+ echo 2012_11_09_22_03_26_663515516
+ uname -a
+ srun --nodes=1 --ntasks=1 -ppbatch cat /proc/cpuinfo
+ grep MHz
+ srun --nodes=1 --ntasks=1 -o host_info hostname
+ echo 'threads/node: 10'
+ echo 'nodes: ' 32
+ echo 'turbo: ' 0
+ srun --nodes=32 --ntasks=32 -o out.dat -e f.err ../../../bin/bt-mz.C.32
+ cd ../
+ i=8
+ '[' 8 -ge 4 ']'
+ export OMP_NUM_THREADS=8
+ OMP_NUM_THREADS=8
++ date +%Y_%m_%d_%H_%M_%S_%N
+ name=2012_11_09_22_04_19_356144204
+ mkdir 2012_11_09_22_04_19_356144204
+ cd 2012_11_09_22_04_19_356144204
+ touch out.dat
+ env
+ echo 2012_11_09_22_04_19_356144204
+ uname -a
+ srun --nodes=1 --ntasks=1 -ppbatch cat /proc/cpuinfo
+ grep MHz
+ srun --nodes=1 --ntasks=1 -o host_info hostname
+ echo 'threads/node: 8'
+ echo 'nodes: ' 32
+ echo 'turbo: ' 0
+ srun --nodes=32 --ntasks=32 -o out.dat -e f.err ../../../bin/bt-mz.C.32
+ cd ../
+ i=6
+ '[' 6 -ge 4 ']'
+ export OMP_NUM_THREADS=6
+ OMP_NUM_THREADS=6
++ date +%Y_%m_%d_%H_%M_%S_%N
+ name=2012_11_09_22_05_11_393288579
+ mkdir 2012_11_09_22_05_11_393288579
+ cd 2012_11_09_22_05_11_393288579
+ touch out.dat
+ env
+ echo 2012_11_09_22_05_11_393288579
+ uname -a
+ srun --nodes=1 --ntasks=1 -ppbatch cat /proc/cpuinfo
+ grep MHz
+ srun --nodes=1 --ntasks=1 -o host_info hostname
+ echo 'threads/node: 6'
+ echo 'nodes: ' 32
+ echo 'turbo: ' 0
+ srun --nodes=32 --ntasks=32 -o out.dat -e f.err ../../../bin/bt-mz.C.32
+ cd ../
+ i=4
+ '[' 4 -ge 4 ']'
+ export OMP_NUM_THREADS=4
+ OMP_NUM_THREADS=4
++ date +%Y_%m_%d_%H_%M_%S_%N
+ name=2012_11_09_22_06_06_710148593
+ mkdir 2012_11_09_22_06_06_710148593
+ cd 2012_11_09_22_06_06_710148593
+ touch out.dat
+ env
+ echo 2012_11_09_22_06_06_710148593
+ uname -a
+ srun --nodes=1 --ntasks=1 -ppbatch cat /proc/cpuinfo
+ grep MHz
+ srun --nodes=1 --ntasks=1 -o host_info hostname
+ echo 'threads/node: 4'
+ echo 'nodes: ' 32
+ echo 'turbo: ' 0
+ srun --nodes=32 --ntasks=32 -o out.dat -e f.err ../../../bin/bt-mz.C.32
+ cd ../
+ i=2
+ '[' 2 -ge 4 ']'
+ j=64
+ '[' 64 -le 32 ']'
+ for pkg in 0x38198 0x038208 0x038280 0x0382f8
+ i=16
+ j=8
+ export MSR_PKG_POWER_LIMIT=0x0382f8
+ MSR_PKG_POWER_LIMIT=0x0382f8
+ '[' 8 -le 32 ']'
+ i=16
+ '[' 16 -ge 4 ']'
+ export OMP_NUM_THREADS=16
+ OMP_NUM_THREADS=16
++ date +%Y_%m_%d_%H_%M_%S_%N
+ name=2012_11_09_22_07_01_927459607
+ mkdir 2012_11_09_22_07_01_927459607
+ cd 2012_11_09_22_07_01_927459607
+ touch out.dat
+ env
+ echo 2012_11_09_22_07_01_927459607
+ uname -a
+ srun --nodes=1 --ntasks=1 -ppbatch cat /proc/cpuinfo
+ grep MHz
+ srun --nodes=1 --ntasks=1 -o host_info hostname
+ echo 'threads/node: 16'
+ echo 'nodes: ' 8
+ echo 'turbo: ' 0
+ srun --nodes=8 --ntasks=8 -o out.dat -e f.err ../../../bin/bt-mz.C.8
+ cd ../
+ i=14
+ '[' 14 -ge 4 ']'
+ export OMP_NUM_THREADS=14
+ OMP_NUM_THREADS=14
++ date +%Y_%m_%d_%H_%M_%S_%N
+ name=2012_11_09_22_07_34_013453998
+ mkdir 2012_11_09_22_07_34_013453998
+ cd 2012_11_09_22_07_34_013453998
+ touch out.dat
+ env
+ echo 2012_11_09_22_07_34_013453998
+ uname -a
+ srun --nodes=1 --ntasks=1 -ppbatch cat /proc/cpuinfo
+ grep MHz
+ srun --nodes=1 --ntasks=1 -o host_info hostname
+ echo 'threads/node: 14'
+ echo 'nodes: ' 8
+ echo 'turbo: ' 0
+ srun --nodes=8 --ntasks=8 -o out.dat -e f.err ../../../bin/bt-mz.C.8
+ cd ../
+ i=12
+ '[' 12 -ge 4 ']'
+ export OMP_NUM_THREADS=12
+ OMP_NUM_THREADS=12
++ date +%Y_%m_%d_%H_%M_%S_%N
+ name=2012_11_09_22_08_06_022860055
+ mkdir 2012_11_09_22_08_06_022860055
+ cd 2012_11_09_22_08_06_022860055
+ touch out.dat
+ env
+ echo 2012_11_09_22_08_06_022860055
+ uname -a
+ srun --nodes=1 --ntasks=1 -ppbatch cat /proc/cpuinfo
+ grep MHz
+ srun --nodes=1 --ntasks=1 -o host_info hostname
+ echo 'threads/node: 12'
+ echo 'nodes: ' 8
+ echo 'turbo: ' 0
+ srun --nodes=8 --ntasks=8 -o out.dat -e f.err ../../../bin/bt-mz.C.8
+ cd ../
+ i=10
+ '[' 10 -ge 4 ']'
+ export OMP_NUM_THREADS=10
+ OMP_NUM_THREADS=10
++ date +%Y_%m_%d_%H_%M_%S_%N
+ name=2012_11_09_22_08_41_076846263
+ mkdir 2012_11_09_22_08_41_076846263
+ cd 2012_11_09_22_08_41_076846263
+ touch out.dat
+ env
+ echo 2012_11_09_22_08_41_076846263
+ uname -a
+ grep MHz
+ srun --nodes=1 --ntasks=1 -ppbatch cat /proc/cpuinfo
+ srun --nodes=1 --ntasks=1 -o host_info hostname
+ echo 'threads/node: 10'
+ echo 'nodes: ' 8
+ echo 'turbo: ' 0
+ srun --nodes=8 --ntasks=8 -o out.dat -e f.err ../../../bin/bt-mz.C.8
+ cd ../
+ i=8
+ '[' 8 -ge 4 ']'
+ export OMP_NUM_THREADS=8
+ OMP_NUM_THREADS=8
++ date +%Y_%m_%d_%H_%M_%S_%N
+ name=2012_11_09_22_09_17_314504693
+ mkdir 2012_11_09_22_09_17_314504693
+ cd 2012_11_09_22_09_17_314504693
+ touch out.dat
+ env
+ echo 2012_11_09_22_09_17_314504693
+ uname -a
+ srun --nodes=1 --ntasks=1 -ppbatch cat /proc/cpuinfo
+ grep MHz
+ srun --nodes=1 --ntasks=1 -o host_info hostname
+ echo 'threads/node: 8'
+ echo 'nodes: ' 8
+ echo 'turbo: ' 0
+ srun --nodes=8 --ntasks=8 -o out.dat -e f.err ../../../bin/bt-mz.C.8
+ cd ../
+ i=6
+ '[' 6 -ge 4 ']'
+ export OMP_NUM_THREADS=6
+ OMP_NUM_THREADS=6
++ date +%Y_%m_%d_%H_%M_%S_%N
+ name=2012_11_09_22_09_59_478505305
+ mkdir 2012_11_09_22_09_59_478505305
+ cd 2012_11_09_22_09_59_478505305
+ touch out.dat
+ env
+ echo 2012_11_09_22_09_59_478505305
+ uname -a
+ srun --nodes=1 --ntasks=1 -ppbatch cat /proc/cpuinfo
+ grep MHz
+ srun --nodes=1 --ntasks=1 -o host_info hostname
+ echo 'threads/node: 6'
+ echo 'nodes: ' 8
+ echo 'turbo: ' 0
+ srun --nodes=8 --ntasks=8 -o out.dat -e f.err ../../../bin/bt-mz.C.8
+ cd ../
+ i=4
+ '[' 4 -ge 4 ']'
+ export OMP_NUM_THREADS=4
+ OMP_NUM_THREADS=4
++ date +%Y_%m_%d_%H_%M_%S_%N
+ name=2012_11_09_22_10_48_000951774
+ mkdir 2012_11_09_22_10_48_000951774
+ cd 2012_11_09_22_10_48_000951774
+ touch out.dat
+ env
+ echo 2012_11_09_22_10_48_000951774
+ uname -a
+ srun --nodes=1 --ntasks=1 -ppbatch cat /proc/cpuinfo
+ grep MHz
+ srun --nodes=1 --ntasks=1 -o host_info hostname
+ echo 'threads/node: 4'
+ echo 'nodes: ' 8
+ echo 'turbo: ' 0
+ srun --nodes=8 --ntasks=8 -o out.dat -e f.err ../../../bin/bt-mz.C.8
+ cd ../
+ i=2
+ '[' 2 -ge 4 ']'
+ j=16
+ '[' 16 -le 32 ']'
+ i=16
+ '[' 16 -ge 4 ']'
+ export OMP_NUM_THREADS=16
+ OMP_NUM_THREADS=16
++ date +%Y_%m_%d_%H_%M_%S_%N
+ name=2012_11_09_22_11_49_707666985
+ mkdir 2012_11_09_22_11_49_707666985
+ cd 2012_11_09_22_11_49_707666985
+ touch out.dat
+ env
+ echo 2012_11_09_22_11_49_707666985
+ uname -a
+ srun --nodes=1 --ntasks=1 -ppbatch cat /proc/cpuinfo
+ grep MHz
+ srun --nodes=1 --ntasks=1 -o host_info hostname
+ echo 'threads/node: 16'
+ echo 'nodes: ' 16
+ echo 'turbo: ' 0
+ srun --nodes=16 --ntasks=16 -o out.dat -e f.err ../../../bin/bt-mz.C.16
+ cd ../
+ i=14
+ '[' 14 -ge 4 ']'
+ export OMP_NUM_THREADS=14
+ OMP_NUM_THREADS=14
++ date +%Y_%m_%d_%H_%M_%S_%N
+ name=2012_11_09_22_12_20_543259397
+ mkdir 2012_11_09_22_12_20_543259397
+ cd 2012_11_09_22_12_20_543259397
+ touch out.dat
+ env
+ echo 2012_11_09_22_12_20_543259397
+ uname -a
+ srun --nodes=1 --ntasks=1 -ppbatch cat /proc/cpuinfo
+ grep MHz
+ srun --nodes=1 --ntasks=1 -o host_info hostname
+ echo 'threads/node: 14'
+ echo 'nodes: ' 16
+ echo 'turbo: ' 0
+ srun --nodes=16 --ntasks=16 -o out.dat -e f.err ../../../bin/bt-mz.C.16
+ cd ../
+ i=12
+ '[' 12 -ge 4 ']'
+ export OMP_NUM_THREADS=12
+ OMP_NUM_THREADS=12
++ date +%Y_%m_%d_%H_%M_%S_%N
+ name=2012_11_09_22_12_51_402190560
+ mkdir 2012_11_09_22_12_51_402190560
+ cd 2012_11_09_22_12_51_402190560
+ touch out.dat
+ env
+ echo 2012_11_09_22_12_51_402190560
+ uname -a
+ srun --nodes=1 --ntasks=1 -ppbatch cat /proc/cpuinfo
+ grep MHz
+ srun --nodes=1 --ntasks=1 -o host_info hostname
+ echo 'threads/node: 12'
+ echo 'nodes: ' 16
+ echo 'turbo: ' 0
+ srun --nodes=16 --ntasks=16 -o out.dat -e f.err ../../../bin/bt-mz.C.16
+ cd ../
+ i=10
+ '[' 10 -ge 4 ']'
+ export OMP_NUM_THREADS=10
+ OMP_NUM_THREADS=10
++ date +%Y_%m_%d_%H_%M_%S_%N
+ name=2012_11_09_22_13_24_608513848
+ mkdir 2012_11_09_22_13_24_608513848
+ cd 2012_11_09_22_13_24_608513848
+ touch out.dat
+ env
+ echo 2012_11_09_22_13_24_608513848
+ uname -a
+ srun --nodes=1 --ntasks=1 -ppbatch cat /proc/cpuinfo
+ grep MHz
+ srun --nodes=1 --ntasks=1 -o host_info hostname
+ echo 'threads/node: 10'
+ echo 'nodes: ' 16
+ echo 'turbo: ' 0
+ srun --nodes=16 --ntasks=16 -o out.dat -e f.err ../../../bin/bt-mz.C.16
+ cd ../
+ i=8
+ '[' 8 -ge 4 ']'
+ export OMP_NUM_THREADS=8
+ OMP_NUM_THREADS=8
++ date +%Y_%m_%d_%H_%M_%S_%N
+ name=2012_11_09_22_13_58_036284822
+ mkdir 2012_11_09_22_13_58_036284822
+ cd 2012_11_09_22_13_58_036284822
+ touch out.dat
+ env
+ echo 2012_11_09_22_13_58_036284822
+ uname -a
+ srun --nodes=1 --ntasks=1 -ppbatch cat /proc/cpuinfo
+ grep MHz
+ srun --nodes=1 --ntasks=1 -o host_info hostname
+ echo 'threads/node: 8'
+ echo 'nodes: ' 16
+ echo 'turbo: ' 0
+ srun --nodes=16 --ntasks=16 -o out.dat -e f.err ../../../bin/bt-mz.C.16
+ cd ../
+ i=6
+ '[' 6 -ge 4 ']'
+ export OMP_NUM_THREADS=6
+ OMP_NUM_THREADS=6
++ date +%Y_%m_%d_%H_%M_%S_%N
+ name=2012_11_09_22_14_37_520787463
+ mkdir 2012_11_09_22_14_37_520787463
+ cd 2012_11_09_22_14_37_520787463
+ touch out.dat
+ env
+ echo 2012_11_09_22_14_37_520787463
+ uname -a
+ srun --nodes=1 --ntasks=1 -ppbatch cat /proc/cpuinfo
+ grep MHz
+ srun --nodes=1 --ntasks=1 -o host_info hostname
+ echo 'threads/node: 6'
+ echo 'nodes: ' 16
+ echo 'turbo: ' 0
+ srun --nodes=16 --ntasks=16 -o out.dat -e f.err ../../../bin/bt-mz.C.16
+ cd ../
+ i=4
+ '[' 4 -ge 4 ']'
+ export OMP_NUM_THREADS=4
+ OMP_NUM_THREADS=4
++ date +%Y_%m_%d_%H_%M_%S_%N
+ name=2012_11_09_22_15_17_427088450
+ mkdir 2012_11_09_22_15_17_427088450
+ cd 2012_11_09_22_15_17_427088450
+ touch out.dat
+ env
+ echo 2012_11_09_22_15_17_427088450
+ uname -a
+ srun --nodes=1 --ntasks=1 -ppbatch cat /proc/cpuinfo
+ grep MHz
+ srun --nodes=1 --ntasks=1 -o host_info hostname
+ echo 'threads/node: 4'
+ echo 'nodes: ' 16
+ echo 'turbo: ' 0
+ srun --nodes=16 --ntasks=16 -o out.dat -e f.err ../../../bin/bt-mz.C.16
+ cd ../
+ i=2
+ '[' 2 -ge 4 ']'
+ j=32
+ '[' 32 -le 32 ']'
+ i=16
+ '[' 16 -ge 4 ']'
+ export OMP_NUM_THREADS=16
+ OMP_NUM_THREADS=16
++ date +%Y_%m_%d_%H_%M_%S_%N
+ name=2012_11_09_22_16_03_807317591
+ mkdir 2012_11_09_22_16_03_807317591
+ cd 2012_11_09_22_16_03_807317591
+ touch out.dat
+ env
+ echo 2012_11_09_22_16_03_807317591
+ uname -a
+ srun --nodes=1 --ntasks=1 -ppbatch cat /proc/cpuinfo
+ grep MHz
+ srun --nodes=1 --ntasks=1 -o host_info hostname
+ echo 'threads/node: 16'
+ echo 'nodes: ' 32
+ echo 'turbo: ' 0
+ srun --nodes=32 --ntasks=32 -o out.dat -e f.err ../../../bin/bt-mz.C.32
+ cd ../
+ i=14
+ '[' 14 -ge 4 ']'
+ export OMP_NUM_THREADS=14
+ OMP_NUM_THREADS=14
++ date +%Y_%m_%d_%H_%M_%S_%N
+ name=2012_11_09_22_16_57_925243837
+ mkdir 2012_11_09_22_16_57_925243837
+ cd 2012_11_09_22_16_57_925243837
+ touch out.dat
+ env
+ echo 2012_11_09_22_16_57_925243837
+ uname -a
+ srun --nodes=1 --ntasks=1 -ppbatch cat /proc/cpuinfo
+ grep MHz
+ srun --nodes=1 --ntasks=1 -o host_info hostname
+ echo 'threads/node: 14'
+ echo 'nodes: ' 32
+ echo 'turbo: ' 0
+ srun --nodes=32 --ntasks=32 -o out.dat -e f.err ../../../bin/bt-mz.C.32
+ cd ../
+ i=12
+ '[' 12 -ge 4 ']'
+ export OMP_NUM_THREADS=12
+ OMP_NUM_THREADS=12
++ date +%Y_%m_%d_%H_%M_%S_%N
+ name=2012_11_09_22_17_51_170897057
+ mkdir 2012_11_09_22_17_51_170897057
+ cd 2012_11_09_22_17_51_170897057
+ touch out.dat
+ env
+ echo 2012_11_09_22_17_51_170897057
+ uname -a
+ srun --nodes=1 --ntasks=1 -ppbatch cat /proc/cpuinfo
+ grep MHz
+ srun --nodes=1 --ntasks=1 -o host_info hostname
+ echo 'threads/node: 12'
+ echo 'nodes: ' 32
+ echo 'turbo: ' 0
+ srun --nodes=32 --ntasks=32 -o out.dat -e f.err ../../../bin/bt-mz.C.32
+ cd ../
+ i=10
+ '[' 10 -ge 4 ']'
+ export OMP_NUM_THREADS=10
+ OMP_NUM_THREADS=10
++ date +%Y_%m_%d_%H_%M_%S_%N
+ name=2012_11_09_22_18_45_051011924
+ mkdir 2012_11_09_22_18_45_051011924
+ cd 2012_11_09_22_18_45_051011924
+ touch out.dat
+ env
+ echo 2012_11_09_22_18_45_051011924
+ uname -a
+ srun --nodes=1 --ntasks=1 -ppbatch cat /proc/cpuinfo
+ grep MHz
+ srun --nodes=1 --ntasks=1 -o host_info hostname
+ echo 'threads/node: 10'
+ echo 'nodes: ' 32
+ echo 'turbo: ' 0
+ srun --nodes=32 --ntasks=32 -o out.dat -e f.err ../../../bin/bt-mz.C.32
+ cd ../
+ i=8
+ '[' 8 -ge 4 ']'
+ export OMP_NUM_THREADS=8
+ OMP_NUM_THREADS=8
++ date +%Y_%m_%d_%H_%M_%S_%N
+ name=2012_11_09_22_19_39_480733914
+ mkdir 2012_11_09_22_19_39_480733914
+ cd 2012_11_09_22_19_39_480733914
+ touch out.dat
+ env
+ echo 2012_11_09_22_19_39_480733914
+ uname -a
+ srun --nodes=1 --ntasks=1 -ppbatch cat /proc/cpuinfo
+ grep MHz
+ srun --nodes=1 --ntasks=1 -o host_info hostname
+ echo 'threads/node: 8'
+ echo 'nodes: ' 32
+ echo 'turbo: ' 0
+ srun --nodes=32 --ntasks=32 -o out.dat -e f.err ../../../bin/bt-mz.C.32
+ cd ../
+ i=6
+ '[' 6 -ge 4 ']'
+ export OMP_NUM_THREADS=6
+ OMP_NUM_THREADS=6
++ date +%Y_%m_%d_%H_%M_%S_%N
+ name=2012_11_09_22_20_34_661577122
+ mkdir 2012_11_09_22_20_34_661577122
+ cd 2012_11_09_22_20_34_661577122
+ touch out.dat
+ env
+ echo 2012_11_09_22_20_34_661577122
+ uname -a
+ srun --nodes=1 --ntasks=1 -ppbatch cat /proc/cpuinfo
+ grep MHz
+ srun --nodes=1 --ntasks=1 -o host_info hostname
+ echo 'threads/node: 6'
+ echo 'nodes: ' 32
+ echo 'turbo: ' 0
+ srun --nodes=32 --ntasks=32 -o out.dat -e f.err ../../../bin/bt-mz.C.32
+ cd ../
+ i=4
+ '[' 4 -ge 4 ']'
+ export OMP_NUM_THREADS=4
+ OMP_NUM_THREADS=4
++ date +%Y_%m_%d_%H_%M_%S_%N
+ name=2012_11_09_22_21_30_277107306
+ mkdir 2012_11_09_22_21_30_277107306
+ cd 2012_11_09_22_21_30_277107306
+ touch out.dat
+ env
+ echo 2012_11_09_22_21_30_277107306
+ uname -a
+ srun --nodes=1 --ntasks=1 -ppbatch cat /proc/cpuinfo
+ grep MHz
+ srun --nodes=1 --ntasks=1 -o host_info hostname
+ echo 'threads/node: 4'
+ echo 'nodes: ' 32
+ echo 'turbo: ' 0
+ srun --nodes=32 --ntasks=32 -o out.dat -e f.err ../../../bin/bt-mz.C.32
+ cd ../
+ i=2
+ '[' 2 -ge 4 ']'
+ j=64
+ '[' 64 -le 32 ']'
