+ i=16
+ minthreads=4
+ j=8
+ maxnodes=32
+ export PKG_MINW_MINS=0x38198
+ PKG_MINW_MINS=0x38198
+ export PP0_MINW_MINS=0x38198
+ PP0_MINW_MINS=0x38198
+ export DRAM_MINW_MINS=0x38078
+ DRAM_MINW_MINS=0x38078
+ export MSR_PKG_POWER_LIMIT=0x0
+ MSR_PKG_POWER_LIMIT=0x0
+ export MSR_PP0_POWER_LIMIT=0x0
+ MSR_PP0_POWER_LIMIT=0x0
+ export MSR_DRAM_POWER_LIMIT=0x0
+ MSR_DRAM_POWER_LIMIT=0x0
+ export MSR_RANK_MOD=1
+ MSR_RANK_MOD=1
+ export SAMPLE=1
+ SAMPLE=1
+ t=0
+ export TURBO_ENABLE=1
+ TURBO_ENABLE=1
+ export FUNC_INTERCEPT=1
+ FUNC_INTERCEPT=1
+ export READ_WRITE=0
+ READ_WRITE=0
+ export READ_ONLY=1
+ READ_ONLY=1
+ i=16
+ j=8
+ '[' 8 -le 32 ']'
+ i=16
+ '[' 16 -ge 4 ']'
+ export OMP_NUM_THREADS=16
+ OMP_NUM_THREADS=16
++ date +%Y_%m_%d_%H_%M_%S_%N
+ name=2012_11_19_11_33_50_486777018
+ mkdir 2012_11_19_11_33_50_486777018
+ cd 2012_11_19_11_33_50_486777018
+ touch out.dat
+ env
+ echo 2012_11_19_11_33_50_486777018
+ uname -a
+ srun --nodes=1 --ntasks=1 -ppbatch cat /proc/cpuinfo
+ grep MHz
+ srun --nodes=1 --ntasks=1 -o host_info hostname
+ echo 'threads/node: 16'
+ echo 'nodes: ' 8
+ echo 'turbo: 1'
+ srun --nodes=8 --ntasks=8 -o out.dat -e f.err ../../../bin/bt-mz.C.8
+ cd ../
+ i=14
+ '[' 14 -ge 4 ']'
+ export OMP_NUM_THREADS=14
+ OMP_NUM_THREADS=14
++ date +%Y_%m_%d_%H_%M_%S_%N
+ name=2012_11_19_11_34_21_237786182
+ mkdir 2012_11_19_11_34_21_237786182
+ cd 2012_11_19_11_34_21_237786182
+ touch out.dat
+ env
+ echo 2012_11_19_11_34_21_237786182
+ uname -a
+ srun --nodes=1 --ntasks=1 -ppbatch cat /proc/cpuinfo
+ grep MHz
+ srun --nodes=1 --ntasks=1 -o host_info hostname
+ echo 'threads/node: 14'
+ echo 'nodes: ' 8
+ echo 'turbo: 1'
+ srun --nodes=8 --ntasks=8 -o out.dat -e f.err ../../../bin/bt-mz.C.8
+ cd ../
+ i=12
+ '[' 12 -ge 4 ']'
+ export OMP_NUM_THREADS=12
+ OMP_NUM_THREADS=12
++ date +%Y_%m_%d_%H_%M_%S_%N
+ name=2012_11_19_11_34_50_013356561
+ mkdir 2012_11_19_11_34_50_013356561
+ cd 2012_11_19_11_34_50_013356561
+ touch out.dat
+ env
+ echo 2012_11_19_11_34_50_013356561
+ uname -a
+ srun --nodes=1 --ntasks=1 -ppbatch cat /proc/cpuinfo
+ grep MHz
+ srun --nodes=1 --ntasks=1 -o host_info hostname
+ echo 'threads/node: 12'
+ echo 'nodes: ' 8
+ echo 'turbo: 1'
+ srun --nodes=8 --ntasks=8 -o out.dat -e f.err ../../../bin/bt-mz.C.8
+ cd ../
+ i=10
+ '[' 10 -ge 4 ']'
+ export OMP_NUM_THREADS=10
+ OMP_NUM_THREADS=10
++ date +%Y_%m_%d_%H_%M_%S_%N
+ name=2012_11_19_11_35_22_998628673
+ mkdir 2012_11_19_11_35_22_998628673
+ cd 2012_11_19_11_35_22_998628673
+ touch out.dat
+ env
+ echo 2012_11_19_11_35_22_998628673
+ uname -a
+ srun --nodes=1 --ntasks=1 -ppbatch cat /proc/cpuinfo
+ grep MHz
+ srun --nodes=1 --ntasks=1 -o host_info hostname
+ echo 'threads/node: 10'
+ echo 'nodes: ' 8
+ echo 'turbo: 1'
+ srun --nodes=8 --ntasks=8 -o out.dat -e f.err ../../../bin/bt-mz.C.8
+ cd ../
+ i=8
+ '[' 8 -ge 4 ']'
+ export OMP_NUM_THREADS=8
+ OMP_NUM_THREADS=8
++ date +%Y_%m_%d_%H_%M_%S_%N
+ name=2012_11_19_11_35_57_515219970
+ mkdir 2012_11_19_11_35_57_515219970
+ cd 2012_11_19_11_35_57_515219970
+ touch out.dat
+ env
+ echo 2012_11_19_11_35_57_515219970
+ uname -a
+ srun --nodes=1 --ntasks=1 -ppbatch cat /proc/cpuinfo
+ grep MHz
+ srun --nodes=1 --ntasks=1 -o host_info hostname
+ echo 'threads/node: 8'
+ echo 'nodes: ' 8
+ echo 'turbo: 1'
+ srun --nodes=8 --ntasks=8 -o out.dat -e f.err ../../../bin/bt-mz.C.8
+ cd ../
+ i=6
+ '[' 6 -ge 4 ']'
+ export OMP_NUM_THREADS=6
+ OMP_NUM_THREADS=6
++ date +%Y_%m_%d_%H_%M_%S_%N
+ name=2012_11_19_11_36_37_418677241
+ mkdir 2012_11_19_11_36_37_418677241
+ cd 2012_11_19_11_36_37_418677241
+ touch out.dat
+ env
+ echo 2012_11_19_11_36_37_418677241
+ uname -a
+ srun --nodes=1 --ntasks=1 -ppbatch cat /proc/cpuinfo
+ grep MHz
+ srun --nodes=1 --ntasks=1 -o host_info hostname
+ echo 'threads/node: 6'
+ echo 'nodes: ' 8
+ echo 'turbo: 1'
+ srun --nodes=8 --ntasks=8 -o out.dat -e f.err ../../../bin/bt-mz.C.8
+ cd ../
+ i=4
+ '[' 4 -ge 4 ']'
+ export OMP_NUM_THREADS=4
+ OMP_NUM_THREADS=4
++ date +%Y_%m_%d_%H_%M_%S_%N
+ name=2012_11_19_11_37_22_826403910
+ mkdir 2012_11_19_11_37_22_826403910
+ cd 2012_11_19_11_37_22_826403910
+ touch out.dat
+ env
+ echo 2012_11_19_11_37_22_826403910
+ uname -a
+ srun --nodes=1 --ntasks=1 -ppbatch cat /proc/cpuinfo
+ grep MHz
+ srun --nodes=1 --ntasks=1 -o host_info hostname
+ echo 'threads/node: 4'
+ echo 'nodes: ' 8
+ echo 'turbo: 1'
+ srun --nodes=8 --ntasks=8 -o out.dat -e f.err ../../../bin/bt-mz.C.8
+ cd ../
+ i=2
+ '[' 2 -ge 4 ']'
+ j=16
+ '[' 16 -le 32 ']'
+ i=16
+ '[' 16 -ge 4 ']'
+ export OMP_NUM_THREADS=16
+ OMP_NUM_THREADS=16
++ date +%Y_%m_%d_%H_%M_%S_%N
+ name=2012_11_19_11_38_18_765288128
+ mkdir 2012_11_19_11_38_18_765288128
+ cd 2012_11_19_11_38_18_765288128
+ touch out.dat
+ env
+ echo 2012_11_19_11_38_18_765288128
+ uname -a
+ srun --nodes=1 --ntasks=1 -ppbatch cat /proc/cpuinfo
+ grep MHz
+ srun --nodes=1 --ntasks=1 -o host_info hostname
+ echo 'threads/node: 16'
+ echo 'nodes: ' 16
+ echo 'turbo: 1'
+ srun --nodes=16 --ntasks=16 -o out.dat -e f.err ../../../bin/bt-mz.C.16
+ cd ../
+ i=14
+ '[' 14 -ge 4 ']'
+ export OMP_NUM_THREADS=14
+ OMP_NUM_THREADS=14
++ date +%Y_%m_%d_%H_%M_%S_%N
+ name=2012_11_19_11_38_57_891272750
+ mkdir 2012_11_19_11_38_57_891272750
+ cd 2012_11_19_11_38_57_891272750
+ touch out.dat
+ env
+ echo 2012_11_19_11_38_57_891272750
+ uname -a
+ srun --nodes=1 --ntasks=1 -ppbatch cat /proc/cpuinfo
+ grep MHz
+ srun --nodes=1 --ntasks=1 -o host_info hostname
+ echo 'threads/node: 14'
+ echo 'nodes: ' 16
+ echo 'turbo: 1'
+ srun --nodes=16 --ntasks=16 -o out.dat -e f.err ../../../bin/bt-mz.C.16
+ cd ../
+ i=12
+ '[' 12 -ge 4 ']'
+ export OMP_NUM_THREADS=12
+ OMP_NUM_THREADS=12
++ date +%Y_%m_%d_%H_%M_%S_%N
+ name=2012_11_19_11_39_35_653805326
+ mkdir 2012_11_19_11_39_35_653805326
+ cd 2012_11_19_11_39_35_653805326
+ touch out.dat
+ env
+ echo 2012_11_19_11_39_35_653805326
+ uname -a
+ srun --nodes=1 --ntasks=1 -ppbatch cat /proc/cpuinfo
+ grep MHz
+ srun --nodes=1 --ntasks=1 -o host_info hostname
+ echo 'threads/node: 12'
+ echo 'nodes: ' 16
+ echo 'turbo: 1'
+ srun --nodes=16 --ntasks=16 -o out.dat -e f.err ../../../bin/bt-mz.C.16
+ cd ../
+ i=10
+ '[' 10 -ge 4 ']'
+ export OMP_NUM_THREADS=10
+ OMP_NUM_THREADS=10
++ date +%Y_%m_%d_%H_%M_%S_%N
+ name=2012_11_19_11_40_12_090551946
+ mkdir 2012_11_19_11_40_12_090551946
+ cd 2012_11_19_11_40_12_090551946
+ touch out.dat
+ env
+ echo 2012_11_19_11_40_12_090551946
+ uname -a
+ srun --nodes=1 --ntasks=1 -ppbatch cat /proc/cpuinfo
+ grep MHz
+ srun --nodes=1 --ntasks=1 -o host_info hostname
+ echo 'threads/node: 10'
+ echo 'nodes: ' 16
+ echo 'turbo: 1'
+ srun --nodes=16 --ntasks=16 -o out.dat -e f.err ../../../bin/bt-mz.C.16
+ cd ../
+ i=8
+ '[' 8 -ge 4 ']'
+ export OMP_NUM_THREADS=8
+ OMP_NUM_THREADS=8
++ date +%Y_%m_%d_%H_%M_%S_%N
+ name=2012_11_19_11_40_49_012559255
+ mkdir 2012_11_19_11_40_49_012559255
+ cd 2012_11_19_11_40_49_012559255
+ touch out.dat
+ env
+ echo 2012_11_19_11_40_49_012559255
+ uname -a
+ srun --nodes=1 --ntasks=1 -ppbatch cat /proc/cpuinfo
+ grep MHz
+ srun --nodes=1 --ntasks=1 -o host_info hostname
+ echo 'threads/node: 8'
+ echo 'nodes: ' 16
+ echo 'turbo: 1'
+ srun --nodes=16 --ntasks=16 -o out.dat -e f.err ../../../bin/bt-mz.C.16
+ cd ../
+ i=6
+ '[' 6 -ge 4 ']'
+ export OMP_NUM_THREADS=6
+ OMP_NUM_THREADS=6
++ date +%Y_%m_%d_%H_%M_%S_%N
+ name=2012_11_19_11_41_27_412518320
+ mkdir 2012_11_19_11_41_27_412518320
+ cd 2012_11_19_11_41_27_412518320
+ touch out.dat
+ env
+ echo 2012_11_19_11_41_27_412518320
+ uname -a
+ srun --nodes=1 --ntasks=1 -ppbatch cat /proc/cpuinfo
+ grep MHz
+ srun --nodes=1 --ntasks=1 -o host_info hostname
+ echo 'threads/node: 6'
+ echo 'nodes: ' 16
+ echo 'turbo: 1'
+ srun --nodes=16 --ntasks=16 -o out.dat -e f.err ../../../bin/bt-mz.C.16
+ cd ../
+ i=4
+ '[' 4 -ge 4 ']'
+ export OMP_NUM_THREADS=4
+ OMP_NUM_THREADS=4
++ date +%Y_%m_%d_%H_%M_%S_%N
+ name=2012_11_19_11_42_05_814967022
+ mkdir 2012_11_19_11_42_05_814967022
+ cd 2012_11_19_11_42_05_814967022
+ touch out.dat
+ env
+ echo 2012_11_19_11_42_05_814967022
+ uname -a
+ grep MHz
+ srun --nodes=1 --ntasks=1 -ppbatch cat /proc/cpuinfo
+ srun --nodes=1 --ntasks=1 -o host_info hostname
+ echo 'threads/node: 4'
+ echo 'nodes: ' 16
+ echo 'turbo: 1'
+ srun --nodes=16 --ntasks=16 -o out.dat -e f.err ../../../bin/bt-mz.C.16
+ cd ../
+ i=2
+ '[' 2 -ge 4 ']'
+ j=32
+ '[' 32 -le 32 ']'
+ i=16
+ '[' 16 -ge 4 ']'
+ export OMP_NUM_THREADS=16
+ OMP_NUM_THREADS=16
++ date +%Y_%m_%d_%H_%M_%S_%N
+ name=2012_11_19_11_42_51_121223656
+ mkdir 2012_11_19_11_42_51_121223656
+ cd 2012_11_19_11_42_51_121223656
+ touch out.dat
+ env
+ echo 2012_11_19_11_42_51_121223656
+ uname -a
+ grep MHz
+ srun --nodes=1 --ntasks=1 -ppbatch cat /proc/cpuinfo
+ srun --nodes=1 --ntasks=1 -o host_info hostname
+ echo 'threads/node: 16'
+ echo 'nodes: ' 32
+ echo 'turbo: 1'
+ srun --nodes=32 --ntasks=32 -o out.dat -e f.err ../../../bin/bt-mz.C.32
+ cd ../
+ i=14
+ '[' 14 -ge 4 ']'
+ export OMP_NUM_THREADS=14
+ OMP_NUM_THREADS=14
++ date +%Y_%m_%d_%H_%M_%S_%N
+ name=2012_11_19_11_43_47_511324027
+ mkdir 2012_11_19_11_43_47_511324027
+ cd 2012_11_19_11_43_47_511324027
+ touch out.dat
+ env
+ echo 2012_11_19_11_43_47_511324027
+ uname -a
+ grep MHz
+ srun --nodes=1 --ntasks=1 -ppbatch cat /proc/cpuinfo
+ srun --nodes=1 --ntasks=1 -o host_info hostname
+ echo 'threads/node: 14'
+ echo 'nodes: ' 32
+ echo 'turbo: 1'
+ srun --nodes=32 --ntasks=32 -o out.dat -e f.err ../../../bin/bt-mz.C.32
+ cd ../
+ i=12
+ '[' 12 -ge 4 ']'
+ export OMP_NUM_THREADS=12
+ OMP_NUM_THREADS=12
++ date +%Y_%m_%d_%H_%M_%S_%N
+ name=2012_11_19_11_44_40_244712109
+ mkdir 2012_11_19_11_44_40_244712109
+ cd 2012_11_19_11_44_40_244712109
+ touch out.dat
+ env
+ echo 2012_11_19_11_44_40_244712109
+ uname -a
+ srun --nodes=1 --ntasks=1 -ppbatch cat /proc/cpuinfo
+ grep MHz
+ srun --nodes=1 --ntasks=1 -o host_info hostname
+ echo 'threads/node: 12'
+ echo 'nodes: ' 32
+ echo 'turbo: 1'
+ srun --nodes=32 --ntasks=32 -o out.dat -e f.err ../../../bin/bt-mz.C.32
+ cd ../
+ i=10
+ '[' 10 -ge 4 ']'
+ export OMP_NUM_THREADS=10
+ OMP_NUM_THREADS=10
++ date +%Y_%m_%d_%H_%M_%S_%N
+ name=2012_11_19_11_45_33_657851756
+ mkdir 2012_11_19_11_45_33_657851756
+ cd 2012_11_19_11_45_33_657851756
+ touch out.dat
+ env
+ echo 2012_11_19_11_45_33_657851756
+ uname -a
+ srun --nodes=1 --ntasks=1 -ppbatch cat /proc/cpuinfo
+ grep MHz
+ srun --nodes=1 --ntasks=1 -o host_info hostname
+ echo 'threads/node: 10'
+ echo 'nodes: ' 32
+ echo 'turbo: 1'
+ srun --nodes=32 --ntasks=32 -o out.dat -e f.err ../../../bin/bt-mz.C.32
+ cd ../
+ i=8
+ '[' 8 -ge 4 ']'
+ export OMP_NUM_THREADS=8
+ OMP_NUM_THREADS=8
++ date +%Y_%m_%d_%H_%M_%S_%N
+ name=2012_11_19_11_46_28_074130029
+ mkdir 2012_11_19_11_46_28_074130029
+ cd 2012_11_19_11_46_28_074130029
+ touch out.dat
+ env
+ echo 2012_11_19_11_46_28_074130029
+ uname -a
+ srun --nodes=1 --ntasks=1 -ppbatch cat /proc/cpuinfo
+ grep MHz
+ srun --nodes=1 --ntasks=1 -o host_info hostname
+ echo 'threads/node: 8'
+ echo 'nodes: ' 32
+ echo 'turbo: 1'
+ srun --nodes=32 --ntasks=32 -o out.dat -e f.err ../../../bin/bt-mz.C.32
+ cd ../
+ i=6
+ '[' 6 -ge 4 ']'
+ export OMP_NUM_THREADS=6
+ OMP_NUM_THREADS=6
++ date +%Y_%m_%d_%H_%M_%S_%N
+ name=2012_11_19_11_47_22_836743169
+ mkdir 2012_11_19_11_47_22_836743169
+ cd 2012_11_19_11_47_22_836743169
+ touch out.dat
+ env
+ echo 2012_11_19_11_47_22_836743169
+ uname -a
+ srun --nodes=1 --ntasks=1 -ppbatch cat /proc/cpuinfo
+ grep MHz
+ srun --nodes=1 --ntasks=1 -o host_info hostname
+ echo 'threads/node: 6'
+ echo 'nodes: ' 32
+ echo 'turbo: 1'
+ srun --nodes=32 --ntasks=32 -o out.dat -e f.err ../../../bin/bt-mz.C.32
+ cd ../
+ i=4
+ '[' 4 -ge 4 ']'
+ export OMP_NUM_THREADS=4
+ OMP_NUM_THREADS=4
++ date +%Y_%m_%d_%H_%M_%S_%N
+ name=2012_11_19_11_48_18_738507282
+ mkdir 2012_11_19_11_48_18_738507282
+ cd 2012_11_19_11_48_18_738507282
+ touch out.dat
+ env
+ echo 2012_11_19_11_48_18_738507282
+ uname -a
+ srun --nodes=1 --ntasks=1 -ppbatch cat /proc/cpuinfo
+ grep MHz
+ srun --nodes=1 --ntasks=1 -o host_info hostname
+ echo 'threads/node: 4'
+ echo 'nodes: ' 32
+ echo 'turbo: 1'
+ srun --nodes=32 --ntasks=32 -o out.dat -e f.err ../../../bin/bt-mz.C.32
+ cd ../
+ i=2
+ '[' 2 -ge 4 ']'
+ j=64
+ '[' 64 -le 32 ']'
+ export TURBO_ENABLE=0
+ TURBO_ENABLE=0
+ export FUNC_INTERCEPT=0
+ FUNC_INTERCEPT=0
+ export READ_WRITE=1
+ READ_WRITE=1
+ export READ_ONLY=0
+ READ_ONLY=0
+ for pkg in 0x38198 0x038208 0x038280 0x0382f8
+ i=16
+ j=8
+ export MSR_PKG_POWER_LIMIT=0x38198
+ MSR_PKG_POWER_LIMIT=0x38198
+ '[' 8 -le 32 ']'
+ i=16
+ '[' 16 -ge 4 ']'
+ export OMP_NUM_THREADS=16
+ OMP_NUM_THREADS=16
++ date +%Y_%m_%d_%H_%M_%S_%N
+ name=2012_11_19_11_49_16_145327996
+ mkdir 2012_11_19_11_49_16_145327996
+ cd 2012_11_19_11_49_16_145327996
+ touch out.dat
+ env
+ echo 2012_11_19_11_49_16_145327996
+ uname -a
+ grep MHz
+ srun --nodes=1 --ntasks=1 -ppbatch cat /proc/cpuinfo
+ srun --nodes=1 --ntasks=1 -o host_info hostname
+ echo 'threads/node: 16'
+ echo 'nodes: ' 8
+ echo 'turbo: 0'
+ srun --nodes=8 --ntasks=8 -o out.dat -e f.err ../../../bin/bt-mz.C.8
+ cd ../
+ i=14
+ '[' 14 -ge 4 ']'
+ export OMP_NUM_THREADS=14
+ OMP_NUM_THREADS=14
++ date +%Y_%m_%d_%H_%M_%S_%N
+ name=2012_11_19_11_49_44_278868143
+ mkdir 2012_11_19_11_49_44_278868143
+ cd 2012_11_19_11_49_44_278868143
+ touch out.dat
+ env
+ echo 2012_11_19_11_49_44_278868143
+ uname -a
+ srun --nodes=1 --ntasks=1 -ppbatch cat /proc/cpuinfo
+ grep MHz
+ srun --nodes=1 --ntasks=1 -o host_info hostname
+ echo 'threads/node: 14'
+ echo 'nodes: ' 8
+ echo 'turbo: 0'
+ srun --nodes=8 --ntasks=8 -o out.dat -e f.err ../../../bin/bt-mz.C.8
+ cd ../
+ i=12
+ '[' 12 -ge 4 ']'
+ export OMP_NUM_THREADS=12
+ OMP_NUM_THREADS=12
++ date +%Y_%m_%d_%H_%M_%S_%N
+ name=2012_11_19_11_50_12_944803594
+ mkdir 2012_11_19_11_50_12_944803594
+ cd 2012_11_19_11_50_12_944803594
+ touch out.dat
+ env
+ echo 2012_11_19_11_50_12_944803594
+ uname -a
+ grep MHz
+ srun --nodes=1 --ntasks=1 -ppbatch cat /proc/cpuinfo
+ srun --nodes=1 --ntasks=1 -o host_info hostname
+ echo 'threads/node: 12'
+ echo 'nodes: ' 8
+ echo 'turbo: 0'
+ srun --nodes=8 --ntasks=8 -o out.dat -e f.err ../../../bin/bt-mz.C.8
+ cd ../
+ i=10
+ '[' 10 -ge 4 ']'
+ export OMP_NUM_THREADS=10
+ OMP_NUM_THREADS=10
++ date +%Y_%m_%d_%H_%M_%S_%N
+ name=2012_11_19_11_50_44_638999943
+ mkdir 2012_11_19_11_50_44_638999943
+ cd 2012_11_19_11_50_44_638999943
+ touch out.dat
+ env
+ echo 2012_11_19_11_50_44_638999943
+ uname -a
+ srun --nodes=1 --ntasks=1 -ppbatch cat /proc/cpuinfo
+ grep MHz
+ srun --nodes=1 --ntasks=1 -o host_info hostname
+ echo 'threads/node: 10'
+ echo 'nodes: ' 8
+ echo 'turbo: 0'
+ srun --nodes=8 --ntasks=8 -o out.dat -e f.err ../../../bin/bt-mz.C.8
+ cd ../
+ i=8
+ '[' 8 -ge 4 ']'
+ export OMP_NUM_THREADS=8
+ OMP_NUM_THREADS=8
++ date +%Y_%m_%d_%H_%M_%S_%N
+ name=2012_11_19_11_51_15_779933601
+ mkdir 2012_11_19_11_51_15_779933601
+ cd 2012_11_19_11_51_15_779933601
+ touch out.dat
+ env
+ echo 2012_11_19_11_51_15_779933601
+ uname -a
+ srun --nodes=1 --ntasks=1 -ppbatch cat /proc/cpuinfo
+ grep MHz
+ srun --nodes=1 --ntasks=1 -o host_info hostname
+ echo 'threads/node: 8'
+ echo 'nodes: ' 8
+ echo 'turbo: 0'
+ srun --nodes=8 --ntasks=8 -o out.dat -e f.err ../../../bin/bt-mz.C.8
+ cd ../
+ i=6
+ '[' 6 -ge 4 ']'
+ export OMP_NUM_THREADS=6
+ OMP_NUM_THREADS=6
++ date +%Y_%m_%d_%H_%M_%S_%N
+ name=2012_11_19_11_51_49_830077791
+ mkdir 2012_11_19_11_51_49_830077791
+ cd 2012_11_19_11_51_49_830077791
+ touch out.dat
+ env
+ echo 2012_11_19_11_51_49_830077791
+ uname -a
+ srun --nodes=1 --ntasks=1 -ppbatch cat /proc/cpuinfo
+ grep MHz
+ srun --nodes=1 --ntasks=1 -o host_info hostname
+ echo 'threads/node: 6'
+ echo 'nodes: ' 8
+ echo 'turbo: 0'
+ srun --nodes=8 --ntasks=8 -o out.dat -e f.err ../../../bin/bt-mz.C.8
+ cd ../
+ i=4
+ '[' 4 -ge 4 ']'
+ export OMP_NUM_THREADS=4
+ OMP_NUM_THREADS=4
++ date +%Y_%m_%d_%H_%M_%S_%N
+ name=2012_11_19_11_52_29_299140071
+ mkdir 2012_11_19_11_52_29_299140071
+ cd 2012_11_19_11_52_29_299140071
+ touch out.dat
+ env
+ echo 2012_11_19_11_52_29_299140071
+ uname -a
+ grep MHz
+ srun --nodes=1 --ntasks=1 -ppbatch cat /proc/cpuinfo
+ srun --nodes=1 --ntasks=1 -o host_info hostname
+ echo 'threads/node: 4'
+ echo 'nodes: ' 8
+ echo 'turbo: 0'
+ srun --nodes=8 --ntasks=8 -o out.dat -e f.err ../../../bin/bt-mz.C.8
+ cd ../
+ i=2
+ '[' 2 -ge 4 ']'
+ j=16
+ '[' 16 -le 32 ']'
+ i=16
+ '[' 16 -ge 4 ']'
+ export OMP_NUM_THREADS=16
+ OMP_NUM_THREADS=16
++ date +%Y_%m_%d_%H_%M_%S_%N
+ name=2012_11_19_11_53_21_275713017
+ mkdir 2012_11_19_11_53_21_275713017
+ cd 2012_11_19_11_53_21_275713017
+ touch out.dat
+ env
+ echo 2012_11_19_11_53_21_275713017
+ uname -a
+ srun --nodes=1 --ntasks=1 -ppbatch cat /proc/cpuinfo
+ grep MHz
+ srun --nodes=1 --ntasks=1 -o host_info hostname
+ echo 'threads/node: 16'
+ echo 'nodes: ' 16
+ echo 'turbo: 0'
+ srun --nodes=16 --ntasks=16 -o out.dat -e f.err ../../../bin/bt-mz.C.16
+ cd ../
+ i=14
+ '[' 14 -ge 4 ']'
+ export OMP_NUM_THREADS=14
+ OMP_NUM_THREADS=14
++ date +%Y_%m_%d_%H_%M_%S_%N
+ name=2012_11_19_11_53_40_132715876
+ mkdir 2012_11_19_11_53_40_132715876
+ cd 2012_11_19_11_53_40_132715876
+ touch out.dat
+ env
+ echo 2012_11_19_11_53_40_132715876
+ uname -a
+ srun --nodes=1 --ntasks=1 -ppbatch cat /proc/cpuinfo
+ grep MHz
+ srun --nodes=1 --ntasks=1 -o host_info hostname
+ echo 'threads/node: 14'
+ echo 'nodes: ' 16
+ echo 'turbo: 0'
+ srun --nodes=16 --ntasks=16 -o out.dat -e f.err ../../../bin/bt-mz.C.16
+ cd ../
+ i=12
+ '[' 12 -ge 4 ']'
+ export OMP_NUM_THREADS=12
+ OMP_NUM_THREADS=12
++ date +%Y_%m_%d_%H_%M_%S_%N
+ name=2012_11_19_11_53_58_355323950
+ mkdir 2012_11_19_11_53_58_355323950
+ cd 2012_11_19_11_53_58_355323950
+ touch out.dat
+ env
+ echo 2012_11_19_11_53_58_355323950
+ uname -a
+ srun --nodes=1 --ntasks=1 -ppbatch cat /proc/cpuinfo
+ grep MHz
+ srun --nodes=1 --ntasks=1 -o host_info hostname
+ echo 'threads/node: 12'
+ echo 'nodes: ' 16
+ echo 'turbo: 0'
+ srun --nodes=16 --ntasks=16 -o out.dat -e f.err ../../../bin/bt-mz.C.16
+ cd ../
+ i=10
+ '[' 10 -ge 4 ']'
+ export OMP_NUM_THREADS=10
+ OMP_NUM_THREADS=10
++ date +%Y_%m_%d_%H_%M_%S_%N
+ name=2012_11_19_11_54_18_087322200
+ mkdir 2012_11_19_11_54_18_087322200
+ cd 2012_11_19_11_54_18_087322200
+ touch out.dat
+ env
+ echo 2012_11_19_11_54_18_087322200
+ uname -a
+ srun --nodes=1 --ntasks=1 -ppbatch cat /proc/cpuinfo
+ grep MHz
+ srun --nodes=1 --ntasks=1 -o host_info hostname
+ echo 'threads/node: 10'
+ echo 'nodes: ' 16
+ echo 'turbo: 0'
+ srun --nodes=16 --ntasks=16 -o out.dat -e f.err ../../../bin/bt-mz.C.16
+ cd ../
+ i=8
+ '[' 8 -ge 4 ']'
+ export OMP_NUM_THREADS=8
+ OMP_NUM_THREADS=8
++ date +%Y_%m_%d_%H_%M_%S_%N
+ name=2012_11_19_11_54_38_998032250
+ mkdir 2012_11_19_11_54_38_998032250
+ cd 2012_11_19_11_54_38_998032250
+ touch out.dat
+ env
+ echo 2012_11_19_11_54_38_998032250
+ uname -a
+ srun --nodes=1 --ntasks=1 -ppbatch cat /proc/cpuinfo
+ grep MHz
+ srun --nodes=1 --ntasks=1 -o host_info hostname
+ echo 'threads/node: 8'
+ echo 'nodes: ' 16
+ echo 'turbo: 0'
+ srun --nodes=16 --ntasks=16 -o out.dat -e f.err ../../../bin/bt-mz.C.16
+ cd ../
+ i=6
+ '[' 6 -ge 4 ']'
+ export OMP_NUM_THREADS=6
+ OMP_NUM_THREADS=6
++ date +%Y_%m_%d_%H_%M_%S_%N
+ name=2012_11_19_11_54_59_607929457
+ mkdir 2012_11_19_11_54_59_607929457
+ cd 2012_11_19_11_54_59_607929457
+ touch out.dat
+ env
+ echo 2012_11_19_11_54_59_607929457
+ uname -a
+ srun --nodes=1 --ntasks=1 -ppbatch cat /proc/cpuinfo
+ grep MHz
+ srun --nodes=1 --ntasks=1 -o host_info hostname
+ echo 'threads/node: 6'
+ echo 'nodes: ' 16
+ echo 'turbo: 0'
+ srun --nodes=16 --ntasks=16 -o out.dat -e f.err ../../../bin/bt-mz.C.16
+ cd ../
+ i=4
+ '[' 4 -ge 4 ']'
+ export OMP_NUM_THREADS=4
+ OMP_NUM_THREADS=4
++ date +%Y_%m_%d_%H_%M_%S_%N
+ name=2012_11_19_11_55_23_203457897
+ mkdir 2012_11_19_11_55_23_203457897
+ cd 2012_11_19_11_55_23_203457897
+ touch out.dat
+ env
+ echo 2012_11_19_11_55_23_203457897
+ uname -a
+ srun --nodes=1 --ntasks=1 -ppbatch cat /proc/cpuinfo
+ grep MHz
+ srun --nodes=1 --ntasks=1 -o host_info hostname
+ echo 'threads/node: 4'
+ echo 'nodes: ' 16
+ echo 'turbo: 0'
+ srun --nodes=16 --ntasks=16 -o out.dat -e f.err ../../../bin/bt-mz.C.16
+ cd ../
+ i=2
+ '[' 2 -ge 4 ']'
+ j=32
+ '[' 32 -le 32 ']'
+ i=16
+ '[' 16 -ge 4 ']'
+ export OMP_NUM_THREADS=16
+ OMP_NUM_THREADS=16
++ date +%Y_%m_%d_%H_%M_%S_%N
+ name=2012_11_19_11_55_52_870050445
+ mkdir 2012_11_19_11_55_52_870050445
+ cd 2012_11_19_11_55_52_870050445
+ touch out.dat
+ env
+ echo 2012_11_19_11_55_52_870050445
+ uname -a
+ srun --nodes=1 --ntasks=1 -ppbatch cat /proc/cpuinfo
+ grep MHz
+ srun --nodes=1 --ntasks=1 -o host_info hostname
+ echo 'threads/node: 16'
+ echo 'nodes: ' 32
+ echo 'turbo: 0'
+ srun --nodes=32 --ntasks=32 -o out.dat -e f.err ../../../bin/bt-mz.C.32
+ cd ../
+ i=14
+ '[' 14 -ge 4 ']'
+ export OMP_NUM_THREADS=14
+ OMP_NUM_THREADS=14
++ date +%Y_%m_%d_%H_%M_%S_%N
+ name=2012_11_19_11_56_07_276722988
+ mkdir 2012_11_19_11_56_07_276722988
+ cd 2012_11_19_11_56_07_276722988
+ touch out.dat
+ env
+ echo 2012_11_19_11_56_07_276722988
+ uname -a
+ srun --nodes=1 --ntasks=1 -ppbatch cat /proc/cpuinfo
+ grep MHz
+ srun --nodes=1 --ntasks=1 -o host_info hostname
+ echo 'threads/node: 14'
+ echo 'nodes: ' 32
+ echo 'turbo: 0'
+ srun --nodes=32 --ntasks=32 -o out.dat -e f.err ../../../bin/bt-mz.C.32
+ cd ../
+ i=12
+ '[' 12 -ge 4 ']'
+ export OMP_NUM_THREADS=12
+ OMP_NUM_THREADS=12
++ date +%Y_%m_%d_%H_%M_%S_%N
+ name=2012_11_19_11_56_21_029942856
+ mkdir 2012_11_19_11_56_21_029942856
+ cd 2012_11_19_11_56_21_029942856
+ touch out.dat
+ env
+ echo 2012_11_19_11_56_21_029942856
+ uname -a
+ srun --nodes=1 --ntasks=1 -ppbatch cat /proc/cpuinfo
+ grep MHz
+ srun --nodes=1 --ntasks=1 -o host_info hostname
+ echo 'threads/node: 12'
+ echo 'nodes: ' 32
+ echo 'turbo: 0'
+ srun --nodes=32 --ntasks=32 -o out.dat -e f.err ../../../bin/bt-mz.C.32
+ cd ../
+ i=10
+ '[' 10 -ge 4 ']'
+ export OMP_NUM_THREADS=10
+ OMP_NUM_THREADS=10
++ date +%Y_%m_%d_%H_%M_%S_%N
+ name=2012_11_19_11_56_35_276602197
+ mkdir 2012_11_19_11_56_35_276602197
+ cd 2012_11_19_11_56_35_276602197
+ touch out.dat
+ env
+ echo 2012_11_19_11_56_35_276602197
+ uname -a
+ srun --nodes=1 --ntasks=1 -ppbatch cat /proc/cpuinfo
+ grep MHz
+ srun --nodes=1 --ntasks=1 -o host_info hostname
+ echo 'threads/node: 10'
+ echo 'nodes: ' 32
+ echo 'turbo: 0'
+ srun --nodes=32 --ntasks=32 -o out.dat -e f.err ../../../bin/bt-mz.C.32
+ cd ../
+ i=8
+ '[' 8 -ge 4 ']'
+ export OMP_NUM_THREADS=8
+ OMP_NUM_THREADS=8
++ date +%Y_%m_%d_%H_%M_%S_%N
+ name=2012_11_19_11_56_49_303706094
+ mkdir 2012_11_19_11_56_49_303706094
+ cd 2012_11_19_11_56_49_303706094
+ touch out.dat
+ env
+ echo 2012_11_19_11_56_49_303706094
+ uname -a
+ srun --nodes=1 --ntasks=1 -ppbatch cat /proc/cpuinfo
+ grep MHz
+ srun --nodes=1 --ntasks=1 -o host_info hostname
+ echo 'threads/node: 8'
+ echo 'nodes: ' 32
+ echo 'turbo: 0'
+ srun --nodes=32 --ntasks=32 -o out.dat -e f.err ../../../bin/bt-mz.C.32
+ cd ../
+ i=6
+ '[' 6 -ge 4 ']'
+ export OMP_NUM_THREADS=6
+ OMP_NUM_THREADS=6
++ date +%Y_%m_%d_%H_%M_%S_%N
+ name=2012_11_19_11_57_03_946695129
+ mkdir 2012_11_19_11_57_03_946695129
+ cd 2012_11_19_11_57_03_946695129
+ touch out.dat
+ env
+ echo 2012_11_19_11_57_03_946695129
+ uname -a
+ srun --nodes=1 --ntasks=1 -ppbatch cat /proc/cpuinfo
+ grep MHz
+ srun --nodes=1 --ntasks=1 -o host_info hostname
+ echo 'threads/node: 6'
+ echo 'nodes: ' 32
+ echo 'turbo: 0'
+ srun --nodes=32 --ntasks=32 -o out.dat -e f.err ../../../bin/bt-mz.C.32
+ cd ../
+ i=4
+ '[' 4 -ge 4 ']'
+ export OMP_NUM_THREADS=4
+ OMP_NUM_THREADS=4
++ date +%Y_%m_%d_%H_%M_%S_%N
+ name=2012_11_19_11_57_19_852685795
+ mkdir 2012_11_19_11_57_19_852685795
+ cd 2012_11_19_11_57_19_852685795
+ touch out.dat
+ env
+ echo 2012_11_19_11_57_19_852685795
+ uname -a
+ srun --nodes=1 --ntasks=1 -ppbatch cat /proc/cpuinfo
+ grep MHz
+ srun --nodes=1 --ntasks=1 -o host_info hostname
+ echo 'threads/node: 4'
+ echo 'nodes: ' 32
+ echo 'turbo: 0'
+ srun --nodes=32 --ntasks=32 -o out.dat -e f.err ../../../bin/bt-mz.C.32
+ cd ../
+ i=2
+ '[' 2 -ge 4 ']'
+ j=64
+ '[' 64 -le 32 ']'
+ for pkg in 0x38198 0x038208 0x038280 0x0382f8
+ i=16
+ j=8
+ export MSR_PKG_POWER_LIMIT=0x038208
+ MSR_PKG_POWER_LIMIT=0x038208
+ '[' 8 -le 32 ']'
+ i=16
+ '[' 16 -ge 4 ']'
+ export OMP_NUM_THREADS=16
+ OMP_NUM_THREADS=16
++ date +%Y_%m_%d_%H_%M_%S_%N
+ name=2012_11_19_11_57_38_688502852
+ mkdir 2012_11_19_11_57_38_688502852
+ cd 2012_11_19_11_57_38_688502852
+ touch out.dat
+ env
+ echo 2012_11_19_11_57_38_688502852
+ uname -a
+ srun --nodes=1 --ntasks=1 -ppbatch cat /proc/cpuinfo
+ grep MHz
+ srun --nodes=1 --ntasks=1 -o host_info hostname
+ echo 'threads/node: 16'
+ echo 'nodes: ' 8
+ echo 'turbo: 0'
+ srun --nodes=8 --ntasks=8 -o out.dat -e f.err ../../../bin/bt-mz.C.8
+ cd ../
+ i=14
+ '[' 14 -ge 4 ']'
+ export OMP_NUM_THREADS=14
+ OMP_NUM_THREADS=14
++ date +%Y_%m_%d_%H_%M_%S_%N
+ name=2012_11_19_11_58_02_434937598
+ mkdir 2012_11_19_11_58_02_434937598
+ cd 2012_11_19_11_58_02_434937598
+ touch out.dat
+ env
+ echo 2012_11_19_11_58_02_434937598
+ uname -a
+ srun --nodes=1 --ntasks=1 -ppbatch cat /proc/cpuinfo
+ grep MHz
+ srun --nodes=1 --ntasks=1 -o host_info hostname
+ echo 'threads/node: 14'
+ echo 'nodes: ' 8
+ echo 'turbo: 0'
+ srun --nodes=8 --ntasks=8 -o out.dat -e f.err ../../../bin/bt-mz.C.8
+ cd ../
+ i=12
+ '[' 12 -ge 4 ']'
+ export OMP_NUM_THREADS=12
+ OMP_NUM_THREADS=12
++ date +%Y_%m_%d_%H_%M_%S_%N
+ name=2012_11_19_11_58_27_134749234
+ mkdir 2012_11_19_11_58_27_134749234
+ cd 2012_11_19_11_58_27_134749234
+ touch out.dat
+ env
+ echo 2012_11_19_11_58_27_134749234
+ uname -a
+ srun --nodes=1 --ntasks=1 -ppbatch cat /proc/cpuinfo
+ grep MHz
+ srun --nodes=1 --ntasks=1 -o host_info hostname
+ echo 'threads/node: 12'
+ echo 'nodes: ' 8
+ echo 'turbo: 0'
+ srun --nodes=8 --ntasks=8 -o out.dat -e f.err ../../../bin/bt-mz.C.8
+ cd ../
+ i=10
+ '[' 10 -ge 4 ']'
+ export OMP_NUM_THREADS=10
+ OMP_NUM_THREADS=10
++ date +%Y_%m_%d_%H_%M_%S_%N
+ name=2012_11_19_11_58_55_002604058
+ mkdir 2012_11_19_11_58_55_002604058
+ cd 2012_11_19_11_58_55_002604058
+ touch out.dat
+ env
+ echo 2012_11_19_11_58_55_002604058
+ uname -a
+ srun --nodes=1 --ntasks=1 -ppbatch cat /proc/cpuinfo
+ grep MHz
+ srun --nodes=1 --ntasks=1 -o host_info hostname
+ echo 'threads/node: 10'
+ echo 'nodes: ' 8
+ echo 'turbo: 0'
+ srun --nodes=8 --ntasks=8 -o out.dat -e f.err ../../../bin/bt-mz.C.8
+ cd ../
+ i=8
+ '[' 8 -ge 4 ']'
+ export OMP_NUM_THREADS=8
+ OMP_NUM_THREADS=8
++ date +%Y_%m_%d_%H_%M_%S_%N
+ name=2012_11_19_11_59_22_700255420
+ mkdir 2012_11_19_11_59_22_700255420
+ cd 2012_11_19_11_59_22_700255420
+ touch out.dat
+ env
+ echo 2012_11_19_11_59_22_700255420
+ uname -a
+ srun --nodes=1 --ntasks=1 -ppbatch cat /proc/cpuinfo
+ grep MHz
+ srun --nodes=1 --ntasks=1 -o host_info hostname
+ echo 'threads/node: 8'
+ echo 'nodes: ' 8
+ echo 'turbo: 0'
+ srun --nodes=8 --ntasks=8 -o out.dat -e f.err ../../../bin/bt-mz.C.8
+ cd ../
+ i=6
+ '[' 6 -ge 4 ']'
+ export OMP_NUM_THREADS=6
+ OMP_NUM_THREADS=6
++ date +%Y_%m_%d_%H_%M_%S_%N
+ name=2012_11_19_11_59_55_744253097
+ mkdir 2012_11_19_11_59_55_744253097
+ cd 2012_11_19_11_59_55_744253097
+ touch out.dat
+ env
+ echo 2012_11_19_11_59_55_744253097
+ uname -a
+ srun --nodes=1 --ntasks=1 -ppbatch cat /proc/cpuinfo
+ grep MHz
+ srun --nodes=1 --ntasks=1 -o host_info hostname
+ echo 'threads/node: 6'
+ echo 'nodes: ' 8
+ echo 'turbo: 0'
+ srun --nodes=8 --ntasks=8 -o out.dat -e f.err ../../../bin/bt-mz.C.8
+ cd ../
+ i=4
+ '[' 4 -ge 4 ']'
+ export OMP_NUM_THREADS=4
+ OMP_NUM_THREADS=4
++ date +%Y_%m_%d_%H_%M_%S_%N
+ name=2012_11_19_12_00_34_057484004
+ mkdir 2012_11_19_12_00_34_057484004
+ cd 2012_11_19_12_00_34_057484004
+ touch out.dat
+ env
+ echo 2012_11_19_12_00_34_057484004
+ uname -a
+ srun --nodes=1 --ntasks=1 -ppbatch cat /proc/cpuinfo
+ grep MHz
+ srun --nodes=1 --ntasks=1 -o host_info hostname
+ echo 'threads/node: 4'
+ echo 'nodes: ' 8
+ echo 'turbo: 0'
+ srun --nodes=8 --ntasks=8 -o out.dat -e f.err ../../../bin/bt-mz.C.8
+ cd ../
+ i=2
+ '[' 2 -ge 4 ']'
+ j=16
+ '[' 16 -le 32 ']'
+ i=16
+ '[' 16 -ge 4 ']'
+ export OMP_NUM_THREADS=16
+ OMP_NUM_THREADS=16
++ date +%Y_%m_%d_%H_%M_%S_%N
+ name=2012_11_19_12_01_25_669856587
+ mkdir 2012_11_19_12_01_25_669856587
+ cd 2012_11_19_12_01_25_669856587
+ touch out.dat
+ env
+ echo 2012_11_19_12_01_25_669856587
+ uname -a
+ srun --nodes=1 --ntasks=1 -ppbatch cat /proc/cpuinfo
+ grep MHz
+ srun --nodes=1 --ntasks=1 -o host_info hostname
+ echo 'threads/node: 16'
+ echo 'nodes: ' 16
+ echo 'turbo: 0'
+ srun --nodes=16 --ntasks=16 -o out.dat -e f.err ../../../bin/bt-mz.C.16
+ cd ../
+ i=14
+ '[' 14 -ge 4 ']'
+ export OMP_NUM_THREADS=14
+ OMP_NUM_THREADS=14
++ date +%Y_%m_%d_%H_%M_%S_%N
+ name=2012_11_19_12_01_44_153027236
+ mkdir 2012_11_19_12_01_44_153027236
+ cd 2012_11_19_12_01_44_153027236
+ touch out.dat
+ env
+ echo 2012_11_19_12_01_44_153027236
+ uname -a
+ srun --nodes=1 --ntasks=1 -ppbatch cat /proc/cpuinfo
+ grep MHz
+ srun --nodes=1 --ntasks=1 -o host_info hostname
+ echo 'threads/node: 14'
+ echo 'nodes: ' 16
+ echo 'turbo: 0'
+ srun --nodes=16 --ntasks=16 -o out.dat -e f.err ../../../bin/bt-mz.C.16
+ cd ../
+ i=12
+ '[' 12 -ge 4 ']'
+ export OMP_NUM_THREADS=12
+ OMP_NUM_THREADS=12
++ date +%Y_%m_%d_%H_%M_%S_%N
+ name=2012_11_19_12_02_01_222070989
+ mkdir 2012_11_19_12_02_01_222070989
+ cd 2012_11_19_12_02_01_222070989
+ touch out.dat
+ env
+ echo 2012_11_19_12_02_01_222070989
+ uname -a
+ srun --nodes=1 --ntasks=1 -ppbatch cat /proc/cpuinfo
+ grep MHz
+ srun --nodes=1 --ntasks=1 -o host_info hostname
+ echo 'threads/node: 12'
+ echo 'nodes: ' 16
+ echo 'turbo: 0'
+ srun --nodes=16 --ntasks=16 -o out.dat -e f.err ../../../bin/bt-mz.C.16
+ cd ../
+ i=10
+ '[' 10 -ge 4 ']'
+ export OMP_NUM_THREADS=10
+ OMP_NUM_THREADS=10
++ date +%Y_%m_%d_%H_%M_%S_%N
+ name=2012_11_19_12_02_19_217047579
+ mkdir 2012_11_19_12_02_19_217047579
+ cd 2012_11_19_12_02_19_217047579
+ touch out.dat
+ env
+ echo 2012_11_19_12_02_19_217047579
+ uname -a
+ srun --nodes=1 --ntasks=1 -ppbatch cat /proc/cpuinfo
+ grep MHz
+ srun --nodes=1 --ntasks=1 -o host_info hostname
+ echo 'threads/node: 10'
+ echo 'nodes: ' 16
+ echo 'turbo: 0'
+ srun --nodes=16 --ntasks=16 -o out.dat -e f.err ../../../bin/bt-mz.C.16
+ cd ../
+ i=8
+ '[' 8 -ge 4 ']'
+ export OMP_NUM_THREADS=8
+ OMP_NUM_THREADS=8
++ date +%Y_%m_%d_%H_%M_%S_%N
+ name=2012_11_19_12_02_37_040326833
+ mkdir 2012_11_19_12_02_37_040326833
+ cd 2012_11_19_12_02_37_040326833
+ touch out.dat
+ env
+ echo 2012_11_19_12_02_37_040326833
+ uname -a
+ srun --nodes=1 --ntasks=1 -ppbatch cat /proc/cpuinfo
+ grep MHz
+ srun --nodes=1 --ntasks=1 -o host_info hostname
+ echo 'threads/node: 8'
+ echo 'nodes: ' 16
+ echo 'turbo: 0'
+ srun --nodes=16 --ntasks=16 -o out.dat -e f.err ../../../bin/bt-mz.C.16
+ cd ../
+ i=6
+ '[' 6 -ge 4 ']'
+ export OMP_NUM_THREADS=6
+ OMP_NUM_THREADS=6
++ date +%Y_%m_%d_%H_%M_%S_%N
+ name=2012_11_19_12_02_57_142194812
+ mkdir 2012_11_19_12_02_57_142194812
+ cd 2012_11_19_12_02_57_142194812
+ touch out.dat
+ env
+ echo 2012_11_19_12_02_57_142194812
+ uname -a
+ srun --nodes=1 --ntasks=1 -ppbatch cat /proc/cpuinfo
+ grep MHz
+ srun --nodes=1 --ntasks=1 -o host_info hostname
+ echo 'threads/node: 6'
+ echo 'nodes: ' 16
+ echo 'turbo: 0'
+ srun --nodes=16 --ntasks=16 -o out.dat -e f.err ../../../bin/bt-mz.C.16
+ cd ../
+ i=4
+ '[' 4 -ge 4 ']'
+ export OMP_NUM_THREADS=4
+ OMP_NUM_THREADS=4
++ date +%Y_%m_%d_%H_%M_%S_%N
+ name=2012_11_19_12_03_19_496533706
+ mkdir 2012_11_19_12_03_19_496533706
+ cd 2012_11_19_12_03_19_496533706
+ touch out.dat
+ env
+ echo 2012_11_19_12_03_19_496533706
+ uname -a
+ srun --nodes=1 --ntasks=1 -ppbatch cat /proc/cpuinfo
+ grep MHz
+ srun --nodes=1 --ntasks=1 -o host_info hostname
+ echo 'threads/node: 4'
+ echo 'nodes: ' 16
+ echo 'turbo: 0'
+ srun --nodes=16 --ntasks=16 -o out.dat -e f.err ../../../bin/bt-mz.C.16
+ cd ../
+ i=2
+ '[' 2 -ge 4 ']'
+ j=32
+ '[' 32 -le 32 ']'
+ i=16
+ '[' 16 -ge 4 ']'
+ export OMP_NUM_THREADS=16
+ OMP_NUM_THREADS=16
++ date +%Y_%m_%d_%H_%M_%S_%N
+ name=2012_11_19_12_03_48_988752941
+ mkdir 2012_11_19_12_03_48_988752941
+ cd 2012_11_19_12_03_48_988752941
+ touch out.dat
+ env
+ echo 2012_11_19_12_03_48_988752941
+ uname -a
+ srun --nodes=1 --ntasks=1 -ppbatch cat /proc/cpuinfo
+ grep MHz
+ srun --nodes=1 --ntasks=1 -o host_info hostname
+ echo 'threads/node: 16'
+ echo 'nodes: ' 32
+ echo 'turbo: 0'
+ srun --nodes=32 --ntasks=32 -o out.dat -e f.err ../../../bin/bt-mz.C.32
+ cd ../
+ i=14
+ '[' 14 -ge 4 ']'
+ export OMP_NUM_THREADS=14
+ OMP_NUM_THREADS=14
++ date +%Y_%m_%d_%H_%M_%S_%N
+ name=2012_11_19_12_04_05_380875566
+ mkdir 2012_11_19_12_04_05_380875566
+ cd 2012_11_19_12_04_05_380875566
+ touch out.dat
+ env
+ echo 2012_11_19_12_04_05_380875566
+ uname -a
+ srun --nodes=1 --ntasks=1 -ppbatch cat /proc/cpuinfo
+ grep MHz
+ srun --nodes=1 --ntasks=1 -o host_info hostname
+ echo 'threads/node: 14'
+ echo 'nodes: ' 32
+ echo 'turbo: 0'
+ srun --nodes=32 --ntasks=32 -o out.dat -e f.err ../../../bin/bt-mz.C.32
+ cd ../
+ i=12
+ '[' 12 -ge 4 ']'
+ export OMP_NUM_THREADS=12
+ OMP_NUM_THREADS=12
++ date +%Y_%m_%d_%H_%M_%S_%N
+ name=2012_11_19_12_04_18_006629216
+ mkdir 2012_11_19_12_04_18_006629216
+ cd 2012_11_19_12_04_18_006629216
+ touch out.dat
+ env
+ echo 2012_11_19_12_04_18_006629216
+ uname -a
+ srun --nodes=1 --ntasks=1 -ppbatch cat /proc/cpuinfo
+ grep MHz
+ srun --nodes=1 --ntasks=1 -o host_info hostname
+ echo 'threads/node: 12'
+ echo 'nodes: ' 32
+ echo 'turbo: 0'
+ srun --nodes=32 --ntasks=32 -o out.dat -e f.err ../../../bin/bt-mz.C.32
+ cd ../
+ i=10
+ '[' 10 -ge 4 ']'
+ export OMP_NUM_THREADS=10
+ OMP_NUM_THREADS=10
++ date +%Y_%m_%d_%H_%M_%S_%N
+ name=2012_11_19_12_04_31_196231766
+ mkdir 2012_11_19_12_04_31_196231766
+ cd 2012_11_19_12_04_31_196231766
+ touch out.dat
+ env
+ echo 2012_11_19_12_04_31_196231766
+ uname -a
+ srun --nodes=1 --ntasks=1 -ppbatch cat /proc/cpuinfo
+ grep MHz
+ srun --nodes=1 --ntasks=1 -o host_info hostname
+ echo 'threads/node: 10'
+ echo 'nodes: ' 32
+ echo 'turbo: 0'
+ srun --nodes=32 --ntasks=32 -o out.dat -e f.err ../../../bin/bt-mz.C.32
+ cd ../
+ i=8
+ '[' 8 -ge 4 ']'
+ export OMP_NUM_THREADS=8
+ OMP_NUM_THREADS=8
++ date +%Y_%m_%d_%H_%M_%S_%N
+ name=2012_11_19_12_04_44_322391268
+ mkdir 2012_11_19_12_04_44_322391268
+ cd 2012_11_19_12_04_44_322391268
+ touch out.dat
+ env
+ echo 2012_11_19_12_04_44_322391268
+ uname -a
+ srun --nodes=1 --ntasks=1 -ppbatch cat /proc/cpuinfo
+ grep MHz
+ srun --nodes=1 --ntasks=1 -o host_info hostname
+ echo 'threads/node: 8'
+ echo 'nodes: ' 32
+ echo 'turbo: 0'
+ srun --nodes=32 --ntasks=32 -o out.dat -e f.err ../../../bin/bt-mz.C.32
+ cd ../
+ i=6
+ '[' 6 -ge 4 ']'
+ export OMP_NUM_THREADS=6
+ OMP_NUM_THREADS=6
++ date +%Y_%m_%d_%H_%M_%S_%N
+ name=2012_11_19_12_04_58_965934155
+ mkdir 2012_11_19_12_04_58_965934155
+ cd 2012_11_19_12_04_58_965934155
+ touch out.dat
+ env
+ echo 2012_11_19_12_04_58_965934155
+ uname -a
+ srun --nodes=1 --ntasks=1 -ppbatch cat /proc/cpuinfo
+ grep MHz
+ srun --nodes=1 --ntasks=1 -o host_info hostname
+ echo 'threads/node: 6'
+ echo 'nodes: ' 32
+ echo 'turbo: 0'
+ srun --nodes=32 --ntasks=32 -o out.dat -e f.err ../../../bin/bt-mz.C.32
+ cd ../
+ i=4
+ '[' 4 -ge 4 ']'
+ export OMP_NUM_THREADS=4
+ OMP_NUM_THREADS=4
++ date +%Y_%m_%d_%H_%M_%S_%N
+ name=2012_11_19_12_05_15_359870848
+ mkdir 2012_11_19_12_05_15_359870848
+ cd 2012_11_19_12_05_15_359870848
+ touch out.dat
+ env
+ echo 2012_11_19_12_05_15_359870848
+ uname -a
+ srun --nodes=1 --ntasks=1 -ppbatch cat /proc/cpuinfo
+ grep MHz
+ srun --nodes=1 --ntasks=1 -o host_info hostname
+ echo 'threads/node: 4'
+ echo 'nodes: ' 32
+ echo 'turbo: 0'
+ srun --nodes=32 --ntasks=32 -o out.dat -e f.err ../../../bin/bt-mz.C.32
+ cd ../
+ i=2
+ '[' 2 -ge 4 ']'
+ j=64
+ '[' 64 -le 32 ']'
+ for pkg in 0x38198 0x038208 0x038280 0x0382f8
+ i=16
+ j=8
+ export MSR_PKG_POWER_LIMIT=0x038280
+ MSR_PKG_POWER_LIMIT=0x038280
+ '[' 8 -le 32 ']'
+ i=16
+ '[' 16 -ge 4 ']'
+ export OMP_NUM_THREADS=16
+ OMP_NUM_THREADS=16
++ date +%Y_%m_%d_%H_%M_%S_%N
+ name=2012_11_19_12_05_34_261783478
+ mkdir 2012_11_19_12_05_34_261783478
+ cd 2012_11_19_12_05_34_261783478
+ touch out.dat
+ env
+ echo 2012_11_19_12_05_34_261783478
+ uname -a
+ srun --nodes=1 --ntasks=1 -ppbatch cat /proc/cpuinfo
+ grep MHz
+ srun --nodes=1 --ntasks=1 -o host_info hostname
+ echo 'threads/node: 16'
+ echo 'nodes: ' 8
+ echo 'turbo: 0'
+ srun --nodes=8 --ntasks=8 -o out.dat -e f.err ../../../bin/bt-mz.C.8
+ cd ../
+ i=14
+ '[' 14 -ge 4 ']'
+ export OMP_NUM_THREADS=14
+ OMP_NUM_THREADS=14
++ date +%Y_%m_%d_%H_%M_%S_%N
+ name=2012_11_19_12_05_56_804056312
+ mkdir 2012_11_19_12_05_56_804056312
+ cd 2012_11_19_12_05_56_804056312
+ touch out.dat
+ env
+ echo 2012_11_19_12_05_56_804056312
+ uname -a
+ srun --nodes=1 --ntasks=1 -ppbatch cat /proc/cpuinfo
+ grep MHz
+ srun --nodes=1 --ntasks=1 -o host_info hostname
+ echo 'threads/node: 14'
+ echo 'nodes: ' 8
+ echo 'turbo: 0'
+ srun --nodes=8 --ntasks=8 -o out.dat -e f.err ../../../bin/bt-mz.C.8
+ cd ../
+ i=12
+ '[' 12 -ge 4 ']'
+ export OMP_NUM_THREADS=12
+ OMP_NUM_THREADS=12
++ date +%Y_%m_%d_%H_%M_%S_%N
+ name=2012_11_19_12_06_19_734296441
+ mkdir 2012_11_19_12_06_19_734296441
+ cd 2012_11_19_12_06_19_734296441
+ touch out.dat
+ env
+ echo 2012_11_19_12_06_19_734296441
+ uname -a
+ srun --nodes=1 --ntasks=1 -ppbatch cat /proc/cpuinfo
+ grep MHz
+ srun --nodes=1 --ntasks=1 -o host_info hostname
+ echo 'threads/node: 12'
+ echo 'nodes: ' 8
+ echo 'turbo: 0'
+ srun --nodes=8 --ntasks=8 -o out.dat -e f.err ../../../bin/bt-mz.C.8
+ cd ../
+ i=10
+ '[' 10 -ge 4 ']'
+ export OMP_NUM_THREADS=10
+ OMP_NUM_THREADS=10
++ date +%Y_%m_%d_%H_%M_%S_%N
+ name=2012_11_19_12_06_45_783119822
+ mkdir 2012_11_19_12_06_45_783119822
+ cd 2012_11_19_12_06_45_783119822
+ touch out.dat
+ env
+ echo 2012_11_19_12_06_45_783119822
+ uname -a
+ srun --nodes=1 --ntasks=1 -ppbatch cat /proc/cpuinfo
+ grep MHz
+ srun --nodes=1 --ntasks=1 -o host_info hostname
+ echo 'threads/node: 10'
+ echo 'nodes: ' 8
+ echo 'turbo: 0'
+ srun --nodes=8 --ntasks=8 -o out.dat -e f.err ../../../bin/bt-mz.C.8
+ cd ../
+ i=8
+ '[' 8 -ge 4 ']'
+ export OMP_NUM_THREADS=8
+ OMP_NUM_THREADS=8
++ date +%Y_%m_%d_%H_%M_%S_%N
+ name=2012_11_19_12_07_14_031285682
+ mkdir 2012_11_19_12_07_14_031285682
+ cd 2012_11_19_12_07_14_031285682
+ touch out.dat
+ env
+ echo 2012_11_19_12_07_14_031285682
+ uname -a
+ srun --nodes=1 --ntasks=1 -ppbatch cat /proc/cpuinfo
+ grep MHz
+ srun --nodes=1 --ntasks=1 -o host_info hostname
+ echo 'threads/node: 8'
+ echo 'nodes: ' 8
+ echo 'turbo: 0'
+ srun --nodes=8 --ntasks=8 -o out.dat -e f.err ../../../bin/bt-mz.C.8
+ cd ../
+ i=6
+ '[' 6 -ge 4 ']'
+ export OMP_NUM_THREADS=6
+ OMP_NUM_THREADS=6
++ date +%Y_%m_%d_%H_%M_%S_%N
+ name=2012_11_19_12_07_47_261318399
+ mkdir 2012_11_19_12_07_47_261318399
+ cd 2012_11_19_12_07_47_261318399
+ touch out.dat
+ env
+ echo 2012_11_19_12_07_47_261318399
+ uname -a
+ srun --nodes=1 --ntasks=1 -ppbatch cat /proc/cpuinfo
+ grep MHz
+ srun --nodes=1 --ntasks=1 -o host_info hostname
+ echo 'threads/node: 6'
+ echo 'nodes: ' 8
+ echo 'turbo: 0'
+ srun --nodes=8 --ntasks=8 -o out.dat -e f.err ../../../bin/bt-mz.C.8
+ cd ../
+ i=4
+ '[' 4 -ge 4 ']'
+ export OMP_NUM_THREADS=4
+ OMP_NUM_THREADS=4
++ date +%Y_%m_%d_%H_%M_%S_%N
+ name=2012_11_19_12_08_25_461707064
+ mkdir 2012_11_19_12_08_25_461707064
+ cd 2012_11_19_12_08_25_461707064
+ touch out.dat
+ env
+ echo 2012_11_19_12_08_25_461707064
+ uname -a
+ srun --nodes=1 --ntasks=1 -ppbatch cat /proc/cpuinfo
+ grep MHz
+ srun --nodes=1 --ntasks=1 -o host_info hostname
+ echo 'threads/node: 4'
+ echo 'nodes: ' 8
+ echo 'turbo: 0'
+ srun --nodes=8 --ntasks=8 -o out.dat -e f.err ../../../bin/bt-mz.C.8
+ cd ../
+ i=2
+ '[' 2 -ge 4 ']'
+ j=16
+ '[' 16 -le 32 ']'
+ i=16
+ '[' 16 -ge 4 ']'
+ export OMP_NUM_THREADS=16
+ OMP_NUM_THREADS=16
++ date +%Y_%m_%d_%H_%M_%S_%N
+ name=2012_11_19_12_09_17_431893733
+ mkdir 2012_11_19_12_09_17_431893733
+ cd 2012_11_19_12_09_17_431893733
+ touch out.dat
+ env
+ echo 2012_11_19_12_09_17_431893733
+ uname -a
+ srun --nodes=1 --ntasks=1 -ppbatch cat /proc/cpuinfo
+ grep MHz
+ srun --nodes=1 --ntasks=1 -o host_info hostname
+ echo 'threads/node: 16'
+ echo 'nodes: ' 16
+ echo 'turbo: 0'
+ srun --nodes=16 --ntasks=16 -o out.dat -e f.err ../../../bin/bt-mz.C.16
+ cd ../
+ i=14
+ '[' 14 -ge 4 ']'
+ export OMP_NUM_THREADS=14
+ OMP_NUM_THREADS=14
++ date +%Y_%m_%d_%H_%M_%S_%N
+ name=2012_11_19_12_09_34_764863211
+ mkdir 2012_11_19_12_09_34_764863211
+ cd 2012_11_19_12_09_34_764863211
+ touch out.dat
+ env
+ echo 2012_11_19_12_09_34_764863211
+ uname -a
+ srun --nodes=1 --ntasks=1 -ppbatch cat /proc/cpuinfo
+ grep MHz
+ srun --nodes=1 --ntasks=1 -o host_info hostname
+ echo 'threads/node: 14'
+ echo 'nodes: ' 16
+ echo 'turbo: 0'
+ srun --nodes=16 --ntasks=16 -o out.dat -e f.err ../../../bin/bt-mz.C.16
+ cd ../
+ i=12
+ '[' 12 -ge 4 ']'
+ export OMP_NUM_THREADS=12
+ OMP_NUM_THREADS=12
++ date +%Y_%m_%d_%H_%M_%S_%N
+ name=2012_11_19_12_09_50_108937200
+ mkdir 2012_11_19_12_09_50_108937200
+ cd 2012_11_19_12_09_50_108937200
+ touch out.dat
+ env
+ echo 2012_11_19_12_09_50_108937200
+ uname -a
+ srun --nodes=1 --ntasks=1 -ppbatch cat /proc/cpuinfo
+ grep MHz
+ srun --nodes=1 --ntasks=1 -o host_info hostname
+ echo 'threads/node: 12'
+ echo 'nodes: ' 16
+ echo 'turbo: 0'
+ srun --nodes=16 --ntasks=16 -o out.dat -e f.err ../../../bin/bt-mz.C.16
+ cd ../
+ i=10
+ '[' 10 -ge 4 ']'
+ export OMP_NUM_THREADS=10
+ OMP_NUM_THREADS=10
++ date +%Y_%m_%d_%H_%M_%S_%N
+ name=2012_11_19_12_10_07_325831432
+ mkdir 2012_11_19_12_10_07_325831432
+ cd 2012_11_19_12_10_07_325831432
+ touch out.dat
+ env
+ echo 2012_11_19_12_10_07_325831432
+ uname -a
+ srun --nodes=1 --ntasks=1 -ppbatch cat /proc/cpuinfo
+ grep MHz
+ srun --nodes=1 --ntasks=1 -o host_info hostname
+ echo 'threads/node: 10'
+ echo 'nodes: ' 16
+ echo 'turbo: 0'
+ srun --nodes=16 --ntasks=16 -o out.dat -e f.err ../../../bin/bt-mz.C.16
+ cd ../
+ i=8
+ '[' 8 -ge 4 ']'
+ export OMP_NUM_THREADS=8
+ OMP_NUM_THREADS=8
++ date +%Y_%m_%d_%H_%M_%S_%N
+ name=2012_11_19_12_10_25_606261567
+ mkdir 2012_11_19_12_10_25_606261567
+ cd 2012_11_19_12_10_25_606261567
+ touch out.dat
+ env
+ echo 2012_11_19_12_10_25_606261567
+ uname -a
+ srun --nodes=1 --ntasks=1 -ppbatch cat /proc/cpuinfo
+ grep MHz
+ srun --nodes=1 --ntasks=1 -o host_info hostname
+ echo 'threads/node: 8'
+ echo 'nodes: ' 16
+ echo 'turbo: 0'
+ srun --nodes=16 --ntasks=16 -o out.dat -e f.err ../../../bin/bt-mz.C.16
+ cd ../
+ i=6
+ '[' 6 -ge 4 ']'
+ export OMP_NUM_THREADS=6
+ OMP_NUM_THREADS=6
++ date +%Y_%m_%d_%H_%M_%S_%N
+ name=2012_11_19_12_10_45_019000924
+ mkdir 2012_11_19_12_10_45_019000924
+ cd 2012_11_19_12_10_45_019000924
+ touch out.dat
+ env
+ echo 2012_11_19_12_10_45_019000924
+ uname -a
+ srun --nodes=1 --ntasks=1 -ppbatch cat /proc/cpuinfo
+ grep MHz
+ srun --nodes=1 --ntasks=1 -o host_info hostname
+ echo 'threads/node: 6'
+ echo 'nodes: ' 16
+ echo 'turbo: 0'
+ srun --nodes=16 --ntasks=16 -o out.dat -e f.err ../../../bin/bt-mz.C.16
+ cd ../
+ i=4
+ '[' 4 -ge 4 ']'
+ export OMP_NUM_THREADS=4
+ OMP_NUM_THREADS=4
++ date +%Y_%m_%d_%H_%M_%S_%N
+ name=2012_11_19_12_11_08_323159670
+ mkdir 2012_11_19_12_11_08_323159670
+ cd 2012_11_19_12_11_08_323159670
+ touch out.dat
+ env
+ echo 2012_11_19_12_11_08_323159670
+ uname -a
+ srun --nodes=1 --ntasks=1 -ppbatch cat /proc/cpuinfo
+ grep MHz
+ srun --nodes=1 --ntasks=1 -o host_info hostname
+ echo 'threads/node: 4'
+ echo 'nodes: ' 16
+ echo 'turbo: 0'
+ srun --nodes=16 --ntasks=16 -o out.dat -e f.err ../../../bin/bt-mz.C.16
+ cd ../
+ i=2
+ '[' 2 -ge 4 ']'
+ j=32
+ '[' 32 -le 32 ']'
+ i=16
+ '[' 16 -ge 4 ']'
+ export OMP_NUM_THREADS=16
+ OMP_NUM_THREADS=16
++ date +%Y_%m_%d_%H_%M_%S_%N
+ name=2012_11_19_12_11_38_009570065
+ mkdir 2012_11_19_12_11_38_009570065
+ cd 2012_11_19_12_11_38_009570065
+ touch out.dat
+ env
+ echo 2012_11_19_12_11_38_009570065
+ uname -a
+ srun --nodes=1 --ntasks=1 -ppbatch cat /proc/cpuinfo
+ grep MHz
+ srun --nodes=1 --ntasks=1 -o host_info hostname
+ echo 'threads/node: 16'
+ echo 'nodes: ' 32
+ echo 'turbo: 0'
+ srun --nodes=32 --ntasks=32 -o out.dat -e f.err ../../../bin/bt-mz.C.32
+ cd ../
+ i=14
+ '[' 14 -ge 4 ']'
+ export OMP_NUM_THREADS=14
+ OMP_NUM_THREADS=14
++ date +%Y_%m_%d_%H_%M_%S_%N
+ name=2012_11_19_12_11_50_791981610
+ mkdir 2012_11_19_12_11_50_791981610
+ cd 2012_11_19_12_11_50_791981610
+ touch out.dat
+ env
+ echo 2012_11_19_12_11_50_791981610
+ uname -a
+ srun --nodes=1 --ntasks=1 -ppbatch cat /proc/cpuinfo
+ grep MHz
+ srun --nodes=1 --ntasks=1 -o host_info hostname
+ echo 'threads/node: 14'
+ echo 'nodes: ' 32
+ echo 'turbo: 0'
+ srun --nodes=32 --ntasks=32 -o out.dat -e f.err ../../../bin/bt-mz.C.32
+ cd ../
+ i=12
+ '[' 12 -ge 4 ']'
+ export OMP_NUM_THREADS=12
+ OMP_NUM_THREADS=12
++ date +%Y_%m_%d_%H_%M_%S_%N
+ name=2012_11_19_12_12_03_855108879
+ mkdir 2012_11_19_12_12_03_855108879
+ cd 2012_11_19_12_12_03_855108879
+ touch out.dat
+ env
+ echo 2012_11_19_12_12_03_855108879
+ uname -a
+ srun --nodes=1 --ntasks=1 -ppbatch cat /proc/cpuinfo
+ grep MHz
+ srun --nodes=1 --ntasks=1 -o host_info hostname
+ echo 'threads/node: 12'
+ echo 'nodes: ' 32
+ echo 'turbo: 0'
+ srun --nodes=32 --ntasks=32 -o out.dat -e f.err ../../../bin/bt-mz.C.32
+ cd ../
+ i=10
+ '[' 10 -ge 4 ']'
+ export OMP_NUM_THREADS=10
+ OMP_NUM_THREADS=10
++ date +%Y_%m_%d_%H_%M_%S_%N
+ name=2012_11_19_12_12_17_158515745
+ mkdir 2012_11_19_12_12_17_158515745
+ cd 2012_11_19_12_12_17_158515745
+ touch out.dat
+ env
+ echo 2012_11_19_12_12_17_158515745
+ uname -a
+ srun --nodes=1 --ntasks=1 -ppbatch cat /proc/cpuinfo
+ grep MHz
+ srun --nodes=1 --ntasks=1 -o host_info hostname
+ echo 'threads/node: 10'
+ echo 'nodes: ' 32
+ echo 'turbo: 0'
+ srun --nodes=32 --ntasks=32 -o out.dat -e f.err ../../../bin/bt-mz.C.32
+ cd ../
+ i=8
+ '[' 8 -ge 4 ']'
+ export OMP_NUM_THREADS=8
+ OMP_NUM_THREADS=8
++ date +%Y_%m_%d_%H_%M_%S_%N
+ name=2012_11_19_12_12_30_258114241
+ mkdir 2012_11_19_12_12_30_258114241
+ cd 2012_11_19_12_12_30_258114241
+ touch out.dat
+ env
+ echo 2012_11_19_12_12_30_258114241
+ uname -a
+ srun --nodes=1 --ntasks=1 -ppbatch cat /proc/cpuinfo
+ grep MHz
+ srun --nodes=1 --ntasks=1 -o host_info hostname
+ echo 'threads/node: 8'
+ echo 'nodes: ' 32
+ echo 'turbo: 0'
+ srun --nodes=32 --ntasks=32 -o out.dat -e f.err ../../../bin/bt-mz.C.32
+ cd ../
+ i=6
+ '[' 6 -ge 4 ']'
+ export OMP_NUM_THREADS=6
+ OMP_NUM_THREADS=6
++ date +%Y_%m_%d_%H_%M_%S_%N
+ name=2012_11_19_12_12_44_618575888
+ mkdir 2012_11_19_12_12_44_618575888
+ cd 2012_11_19_12_12_44_618575888
+ touch out.dat
+ env
+ echo 2012_11_19_12_12_44_618575888
+ uname -a
+ srun --nodes=1 --ntasks=1 -ppbatch cat /proc/cpuinfo
+ grep MHz
+ srun --nodes=1 --ntasks=1 -o host_info hostname
+ echo 'threads/node: 6'
+ echo 'nodes: ' 32
+ echo 'turbo: 0'
+ srun --nodes=32 --ntasks=32 -o out.dat -e f.err ../../../bin/bt-mz.C.32
+ cd ../
+ i=4
+ '[' 4 -ge 4 ']'
+ export OMP_NUM_THREADS=4
+ OMP_NUM_THREADS=4
++ date +%Y_%m_%d_%H_%M_%S_%N
+ name=2012_11_19_12_13_00_466896739
+ mkdir 2012_11_19_12_13_00_466896739
+ cd 2012_11_19_12_13_00_466896739
+ touch out.dat
+ env
+ echo 2012_11_19_12_13_00_466896739
+ uname -a
+ srun --nodes=1 --ntasks=1 -ppbatch cat /proc/cpuinfo
+ grep MHz
+ srun --nodes=1 --ntasks=1 -o host_info hostname
+ echo 'threads/node: 4'
+ echo 'nodes: ' 32
+ echo 'turbo: 0'
+ srun --nodes=32 --ntasks=32 -o out.dat -e f.err ../../../bin/bt-mz.C.32
+ cd ../
+ i=2
+ '[' 2 -ge 4 ']'
+ j=64
+ '[' 64 -le 32 ']'
+ for pkg in 0x38198 0x038208 0x038280 0x0382f8
+ i=16
+ j=8
+ export MSR_PKG_POWER_LIMIT=0x0382f8
+ MSR_PKG_POWER_LIMIT=0x0382f8
+ '[' 8 -le 32 ']'
+ i=16
+ '[' 16 -ge 4 ']'
+ export OMP_NUM_THREADS=16
+ OMP_NUM_THREADS=16
++ date +%Y_%m_%d_%H_%M_%S_%N
+ name=2012_11_19_12_13_19_342919527
+ mkdir 2012_11_19_12_13_19_342919527
+ cd 2012_11_19_12_13_19_342919527
+ touch out.dat
+ env
+ echo 2012_11_19_12_13_19_342919527
+ uname -a
+ srun --nodes=1 --ntasks=1 -ppbatch cat /proc/cpuinfo
+ grep MHz
+ srun --nodes=1 --ntasks=1 -o host_info hostname
+ echo 'threads/node: 16'
+ echo 'nodes: ' 8
+ echo 'turbo: 0'
+ srun --nodes=8 --ntasks=8 -o out.dat -e f.err ../../../bin/bt-mz.C.8
+ cd ../
+ i=14
+ '[' 14 -ge 4 ']'
+ export OMP_NUM_THREADS=14
+ OMP_NUM_THREADS=14
++ date +%Y_%m_%d_%H_%M_%S_%N
+ name=2012_11_19_12_13_42_818622947
+ mkdir 2012_11_19_12_13_42_818622947
+ cd 2012_11_19_12_13_42_818622947
+ touch out.dat
+ env
+ echo 2012_11_19_12_13_42_818622947
+ uname -a
+ srun --nodes=1 --ntasks=1 -ppbatch cat /proc/cpuinfo
+ grep MHz
+ srun --nodes=1 --ntasks=1 -o host_info hostname
+ echo 'threads/node: 14'
+ echo 'nodes: ' 8
+ echo 'turbo: 0'
+ srun --nodes=8 --ntasks=8 -o out.dat -e f.err ../../../bin/bt-mz.C.8
+ cd ../
+ i=12
+ '[' 12 -ge 4 ']'
+ export OMP_NUM_THREADS=12
+ OMP_NUM_THREADS=12
++ date +%Y_%m_%d_%H_%M_%S_%N
+ name=2012_11_19_12_14_06_383985447
+ mkdir 2012_11_19_12_14_06_383985447
+ cd 2012_11_19_12_14_06_383985447
+ touch out.dat
+ env
+ echo 2012_11_19_12_14_06_383985447
+ uname -a
+ srun --nodes=1 --ntasks=1 -ppbatch cat /proc/cpuinfo
+ grep MHz
+ srun --nodes=1 --ntasks=1 -o host_info hostname
+ echo 'threads/node: 12'
+ echo 'nodes: ' 8
+ echo 'turbo: 0'
+ srun --nodes=8 --ntasks=8 -o out.dat -e f.err ../../../bin/bt-mz.C.8
+ cd ../
+ i=10
+ '[' 10 -ge 4 ']'
+ export OMP_NUM_THREADS=10
+ OMP_NUM_THREADS=10
++ date +%Y_%m_%d_%H_%M_%S_%N
+ name=2012_11_19_12_14_33_180291922
+ mkdir 2012_11_19_12_14_33_180291922
+ cd 2012_11_19_12_14_33_180291922
+ touch out.dat
+ env
+ echo 2012_11_19_12_14_33_180291922
+ uname -a
+ srun --nodes=1 --ntasks=1 -ppbatch cat /proc/cpuinfo
+ grep MHz
+ srun --nodes=1 --ntasks=1 -o host_info hostname
+ echo 'threads/node: 10'
+ echo 'nodes: ' 8
+ echo 'turbo: 0'
+ srun --nodes=8 --ntasks=8 -o out.dat -e f.err ../../../bin/bt-mz.C.8
+ cd ../
+ i=8
+ '[' 8 -ge 4 ']'
+ export OMP_NUM_THREADS=8
+ OMP_NUM_THREADS=8
++ date +%Y_%m_%d_%H_%M_%S_%N
+ name=2012_11_19_12_15_01_217128155
+ mkdir 2012_11_19_12_15_01_217128155
+ cd 2012_11_19_12_15_01_217128155
+ touch out.dat
+ env
+ echo 2012_11_19_12_15_01_217128155
+ uname -a
+ srun --nodes=1 --ntasks=1 -ppbatch cat /proc/cpuinfo
+ grep MHz
+ srun --nodes=1 --ntasks=1 -o host_info hostname
+ echo 'threads/node: 8'
+ echo 'nodes: ' 8
+ echo 'turbo: 0'
+ srun --nodes=8 --ntasks=8 -o out.dat -e f.err ../../../bin/bt-mz.C.8
+ cd ../
+ i=6
+ '[' 6 -ge 4 ']'
+ export OMP_NUM_THREADS=6
+ OMP_NUM_THREADS=6
++ date +%Y_%m_%d_%H_%M_%S_%N
+ name=2012_11_19_12_15_34_258211289
+ mkdir 2012_11_19_12_15_34_258211289
+ cd 2012_11_19_12_15_34_258211289
+ touch out.dat
+ env
+ echo 2012_11_19_12_15_34_258211289
+ uname -a
+ srun --nodes=1 --ntasks=1 -ppbatch cat /proc/cpuinfo
+ grep MHz
+ srun --nodes=1 --ntasks=1 -o host_info hostname
+ echo 'threads/node: 6'
+ echo 'nodes: ' 8
+ echo 'turbo: 0'
+ srun --nodes=8 --ntasks=8 -o out.dat -e f.err ../../../bin/bt-mz.C.8
+ cd ../
+ i=4
+ '[' 4 -ge 4 ']'
+ export OMP_NUM_THREADS=4
+ OMP_NUM_THREADS=4
++ date +%Y_%m_%d_%H_%M_%S_%N
+ name=2012_11_19_12_16_13_582961378
+ mkdir 2012_11_19_12_16_13_582961378
+ cd 2012_11_19_12_16_13_582961378
+ touch out.dat
+ env
+ echo 2012_11_19_12_16_13_582961378
+ uname -a
+ srun --nodes=1 --ntasks=1 -ppbatch cat /proc/cpuinfo
+ grep MHz
+ srun --nodes=1 --ntasks=1 -o host_info hostname
+ echo 'threads/node: 4'
+ echo 'nodes: ' 8
+ echo 'turbo: 0'
+ srun --nodes=8 --ntasks=8 -o out.dat -e f.err ../../../bin/bt-mz.C.8
+ cd ../
+ i=2
+ '[' 2 -ge 4 ']'
+ j=16
+ '[' 16 -le 32 ']'
+ i=16
+ '[' 16 -ge 4 ']'
+ export OMP_NUM_THREADS=16
+ OMP_NUM_THREADS=16
++ date +%Y_%m_%d_%H_%M_%S_%N
+ name=2012_11_19_12_17_04_541243792
+ mkdir 2012_11_19_12_17_04_541243792
+ cd 2012_11_19_12_17_04_541243792
+ touch out.dat
+ env
+ echo 2012_11_19_12_17_04_541243792
+ uname -a
+ srun --nodes=1 --ntasks=1 -ppbatch cat /proc/cpuinfo
+ grep MHz
+ srun --nodes=1 --ntasks=1 -o host_info hostname
+ echo 'threads/node: 16'
+ echo 'nodes: ' 16
+ echo 'turbo: 0'
+ srun --nodes=16 --ntasks=16 -o out.dat -e f.err ../../../bin/bt-mz.C.16
+ cd ../
+ i=14
+ '[' 14 -ge 4 ']'
+ export OMP_NUM_THREADS=14
+ OMP_NUM_THREADS=14
++ date +%Y_%m_%d_%H_%M_%S_%N
+ name=2012_11_19_12_17_20_834757056
+ mkdir 2012_11_19_12_17_20_834757056
+ cd 2012_11_19_12_17_20_834757056
+ touch out.dat
+ env
+ echo 2012_11_19_12_17_20_834757056
+ uname -a
+ srun --nodes=1 --ntasks=1 -ppbatch cat /proc/cpuinfo
+ grep MHz
+ srun --nodes=1 --ntasks=1 -o host_info hostname
+ echo 'threads/node: 14'
+ echo 'nodes: ' 16
+ echo 'turbo: 0'
+ srun --nodes=16 --ntasks=16 -o out.dat -e f.err ../../../bin/bt-mz.C.16
+ cd ../
+ i=12
+ '[' 12 -ge 4 ']'
+ export OMP_NUM_THREADS=12
+ OMP_NUM_THREADS=12
++ date +%Y_%m_%d_%H_%M_%S_%N
+ name=2012_11_19_12_17_36_368646261
+ mkdir 2012_11_19_12_17_36_368646261
+ cd 2012_11_19_12_17_36_368646261
+ touch out.dat
+ env
+ echo 2012_11_19_12_17_36_368646261
+ uname -a
+ srun --nodes=1 --ntasks=1 -ppbatch cat /proc/cpuinfo
+ grep MHz
+ srun --nodes=1 --ntasks=1 -o host_info hostname
+ echo 'threads/node: 12'
+ echo 'nodes: ' 16
+ echo 'turbo: 0'
+ srun --nodes=16 --ntasks=16 -o out.dat -e f.err ../../../bin/bt-mz.C.16
+ cd ../
+ i=10
+ '[' 10 -ge 4 ']'
+ export OMP_NUM_THREADS=10
+ OMP_NUM_THREADS=10
++ date +%Y_%m_%d_%H_%M_%S_%N
+ name=2012_11_19_12_17_53_490459891
+ mkdir 2012_11_19_12_17_53_490459891
+ cd 2012_11_19_12_17_53_490459891
+ touch out.dat
+ env
+ echo 2012_11_19_12_17_53_490459891
+ uname -a
+ srun --nodes=1 --ntasks=1 -ppbatch cat /proc/cpuinfo
+ grep MHz
+ srun --nodes=1 --ntasks=1 -o host_info hostname
+ echo 'threads/node: 10'
+ echo 'nodes: ' 16
+ echo 'turbo: 0'
+ srun --nodes=16 --ntasks=16 -o out.dat -e f.err ../../../bin/bt-mz.C.16
+ cd ../
+ i=8
+ '[' 8 -ge 4 ']'
+ export OMP_NUM_THREADS=8
+ OMP_NUM_THREADS=8
++ date +%Y_%m_%d_%H_%M_%S_%N
+ name=2012_11_19_12_18_11_263230124
+ mkdir 2012_11_19_12_18_11_263230124
+ cd 2012_11_19_12_18_11_263230124
+ touch out.dat
+ env
+ echo 2012_11_19_12_18_11_263230124
+ uname -a
+ srun --nodes=1 --ntasks=1 -ppbatch cat /proc/cpuinfo
+ grep MHz
+ srun --nodes=1 --ntasks=1 -o host_info hostname
+ echo 'threads/node: 8'
+ echo 'nodes: ' 16
+ echo 'turbo: 0'
+ srun --nodes=16 --ntasks=16 -o out.dat -e f.err ../../../bin/bt-mz.C.16
+ cd ../
+ i=6
+ '[' 6 -ge 4 ']'
+ export OMP_NUM_THREADS=6
+ OMP_NUM_THREADS=6
++ date +%Y_%m_%d_%H_%M_%S_%N
+ name=2012_11_19_12_18_31_647193314
+ mkdir 2012_11_19_12_18_31_647193314
+ cd 2012_11_19_12_18_31_647193314
+ touch out.dat
+ env
+ echo 2012_11_19_12_18_31_647193314
+ uname -a
+ srun --nodes=1 --ntasks=1 -ppbatch cat /proc/cpuinfo
+ grep MHz
+ srun --nodes=1 --ntasks=1 -o host_info hostname
+ echo 'threads/node: 6'
+ echo 'nodes: ' 16
+ echo 'turbo: 0'
+ srun --nodes=16 --ntasks=16 -o out.dat -e f.err ../../../bin/bt-mz.C.16
+ cd ../
+ i=4
+ '[' 4 -ge 4 ']'
+ export OMP_NUM_THREADS=4
+ OMP_NUM_THREADS=4
++ date +%Y_%m_%d_%H_%M_%S_%N
+ name=2012_11_19_12_18_55_064983551
+ mkdir 2012_11_19_12_18_55_064983551
+ cd 2012_11_19_12_18_55_064983551
+ touch out.dat
+ env
+ echo 2012_11_19_12_18_55_064983551
+ uname -a
+ srun --nodes=1 --ntasks=1 -ppbatch cat /proc/cpuinfo
+ grep MHz
+ srun --nodes=1 --ntasks=1 -o host_info hostname
+ echo 'threads/node: 4'
+ echo 'nodes: ' 16
+ echo 'turbo: 0'
+ srun --nodes=16 --ntasks=16 -o out.dat -e f.err ../../../bin/bt-mz.C.16
+ cd ../
+ i=2
+ '[' 2 -ge 4 ']'
+ j=32
+ '[' 32 -le 32 ']'
+ i=16
+ '[' 16 -ge 4 ']'
+ export OMP_NUM_THREADS=16
+ OMP_NUM_THREADS=16
++ date +%Y_%m_%d_%H_%M_%S_%N
+ name=2012_11_19_12_19_25_030036756
+ mkdir 2012_11_19_12_19_25_030036756
+ cd 2012_11_19_12_19_25_030036756
+ touch out.dat
+ env
+ echo 2012_11_19_12_19_25_030036756
+ uname -a
+ srun --nodes=1 --ntasks=1 -ppbatch cat /proc/cpuinfo
+ grep MHz
+ srun --nodes=1 --ntasks=1 -o host_info hostname
+ echo 'threads/node: 16'
+ echo 'nodes: ' 32
+ echo 'turbo: 0'
+ srun --nodes=32 --ntasks=32 -o out.dat -e f.err ../../../bin/bt-mz.C.32
+ cd ../
+ i=14
+ '[' 14 -ge 4 ']'
+ export OMP_NUM_THREADS=14
+ OMP_NUM_THREADS=14
++ date +%Y_%m_%d_%H_%M_%S_%N
+ name=2012_11_19_12_19_38_566867728
+ mkdir 2012_11_19_12_19_38_566867728
+ cd 2012_11_19_12_19_38_566867728
+ touch out.dat
+ env
+ echo 2012_11_19_12_19_38_566867728
+ uname -a
+ srun --nodes=1 --ntasks=1 -ppbatch cat /proc/cpuinfo
+ grep MHz
+ srun --nodes=1 --ntasks=1 -o host_info hostname
+ echo 'threads/node: 14'
+ echo 'nodes: ' 32
+ echo 'turbo: 0'
+ srun --nodes=32 --ntasks=32 -o out.dat -e f.err ../../../bin/bt-mz.C.32
+ cd ../
+ i=12
+ '[' 12 -ge 4 ']'
+ export OMP_NUM_THREADS=12
+ OMP_NUM_THREADS=12
++ date +%Y_%m_%d_%H_%M_%S_%N
+ name=2012_11_19_12_19_50_982306567
+ mkdir 2012_11_19_12_19_50_982306567
+ cd 2012_11_19_12_19_50_982306567
+ touch out.dat
+ env
+ echo 2012_11_19_12_19_50_982306567
+ uname -a
+ srun --nodes=1 --ntasks=1 -ppbatch cat /proc/cpuinfo
+ grep MHz
+ srun --nodes=1 --ntasks=1 -o host_info hostname
+ echo 'threads/node: 12'
+ echo 'nodes: ' 32
+ echo 'turbo: 0'
+ srun --nodes=32 --ntasks=32 -o out.dat -e f.err ../../../bin/bt-mz.C.32
+ cd ../
+ i=10
+ '[' 10 -ge 4 ']'
+ export OMP_NUM_THREADS=10
+ OMP_NUM_THREADS=10
++ date +%Y_%m_%d_%H_%M_%S_%N
+ name=2012_11_19_12_20_04_096921723
+ mkdir 2012_11_19_12_20_04_096921723
+ cd 2012_11_19_12_20_04_096921723
+ touch out.dat
+ env
+ echo 2012_11_19_12_20_04_096921723
+ uname -a
+ srun --nodes=1 --ntasks=1 -ppbatch cat /proc/cpuinfo
+ grep MHz
+ srun --nodes=1 --ntasks=1 -o host_info hostname
+ echo 'threads/node: 10'
+ echo 'nodes: ' 32
+ echo 'turbo: 0'
+ srun --nodes=32 --ntasks=32 -o out.dat -e f.err ../../../bin/bt-mz.C.32
+ cd ../
+ i=8
+ '[' 8 -ge 4 ']'
+ export OMP_NUM_THREADS=8
+ OMP_NUM_THREADS=8
++ date +%Y_%m_%d_%H_%M_%S_%N
+ name=2012_11_19_12_20_17_324678467
+ mkdir 2012_11_19_12_20_17_324678467
+ cd 2012_11_19_12_20_17_324678467
+ touch out.dat
+ env
+ echo 2012_11_19_12_20_17_324678467
+ uname -a
+ srun --nodes=1 --ntasks=1 -ppbatch cat /proc/cpuinfo
+ grep MHz
+ srun --nodes=1 --ntasks=1 -o host_info hostname
+ echo 'threads/node: 8'
+ echo 'nodes: ' 32
+ echo 'turbo: 0'
+ srun --nodes=32 --ntasks=32 -o out.dat -e f.err ../../../bin/bt-mz.C.32
+ cd ../
+ i=6
+ '[' 6 -ge 4 ']'
+ export OMP_NUM_THREADS=6
+ OMP_NUM_THREADS=6
++ date +%Y_%m_%d_%H_%M_%S_%N
+ name=2012_11_19_12_20_31_625866674
+ mkdir 2012_11_19_12_20_31_625866674
+ cd 2012_11_19_12_20_31_625866674
+ touch out.dat
+ env
+ echo 2012_11_19_12_20_31_625866674
+ uname -a
+ srun --nodes=1 --ntasks=1 -ppbatch cat /proc/cpuinfo
+ grep MHz
+ srun --nodes=1 --ntasks=1 -o host_info hostname
+ echo 'threads/node: 6'
+ echo 'nodes: ' 32
+ echo 'turbo: 0'
+ srun --nodes=32 --ntasks=32 -o out.dat -e f.err ../../../bin/bt-mz.C.32
+ cd ../
+ i=4
+ '[' 4 -ge 4 ']'
+ export OMP_NUM_THREADS=4
+ OMP_NUM_THREADS=4
++ date +%Y_%m_%d_%H_%M_%S_%N
+ name=2012_11_19_12_20_47_623383480
+ mkdir 2012_11_19_12_20_47_623383480
+ cd 2012_11_19_12_20_47_623383480
+ touch out.dat
+ env
+ echo 2012_11_19_12_20_47_623383480
+ uname -a
+ srun --nodes=1 --ntasks=1 -ppbatch cat /proc/cpuinfo
+ grep MHz
+ srun --nodes=1 --ntasks=1 -o host_info hostname
+ echo 'threads/node: 4'
+ echo 'nodes: ' 32
+ echo 'turbo: 0'
+ srun --nodes=32 --ntasks=32 -o out.dat -e f.err ../../../bin/bt-mz.C.32
+ cd ../
+ i=2
+ '[' 2 -ge 4 ']'
+ j=64
+ '[' 64 -le 32 ']'
