+ i=16
+ minthreads=4
+ j=2
+ maxnodes=6
+ export PKG_MINW_MINS=0x38198
+ PKG_MINW_MINS=0x38198
+ export PP0_MINW_MINS=0x38198
+ PP0_MINW_MINS=0x38198
+ export DRAM_MINW_MINS=0x38078
+ DRAM_MINW_MINS=0x38078
+ export MSR_PKG_POWER_LIMIT=0x0
+ MSR_PKG_POWER_LIMIT=0x0
+ export MSR_PP0_POWER_LIMIT=0x0
+ MSR_PP0_POWER_LIMIT=0x0
+ export MSR_DRAM_POWER_LIMIT=0x0
+ MSR_DRAM_POWER_LIMIT=0x0
+ export MSR_RANK_MOD=1
+ MSR_RANK_MOD=1
+ export SAMPLE=0
+ SAMPLE=0
+ t=0
+ export TURBO_ENABLE=1
+ TURBO_ENABLE=1
+ export FUNC_INTERCEPT=0
+ FUNC_INTERCEPT=0
+ export READ_WRITE=0
+ READ_WRITE=0
+ export READ_ONLY=1
+ READ_ONLY=1
+ i=16
+ j=2
+ '[' 2 -le 6 ']'
+ i=16
+ '[' 16 -ge 4 ']'
+ export OMP_NUM_THREADS=16
+ OMP_NUM_THREADS=16
+ export KMP_AFFINITY=scatter
+ KMP_AFFINITY=scatter
++ date +%Y_%m_%d_%H_%M_%S_%N
+ name=2013_06_01_12_15_47_681431320
+ mkdir 2013_06_01_12_15_47_681431320
+ cd 2013_06_01_12_15_47_681431320
+ touch out.dat
+ env
+ echo 2013_06_01_12_15_47_681431320
+ uname -a
+ srun --nodes=1 --ntasks=1 -ppbatch cat /proc/cpuinfo
+ grep MHz
+ srun --nodes=1 --ntasks=1 -o host_info hostname
+ echo 'threads/node: 16'
+ echo 'nodes: ' 2
+ echo 'turbo: 1 '
+ cp ../../opac.txt .
+ cp ../../input.dat .
+ srun --nodes=2 --ntasks=2 -e f.err ../../sphot

In READ-ONLY mode.

In READ-ONLY mode.
+ cd ../
+ i=14
+ '[' 14 -ge 4 ']'
+ export OMP_NUM_THREADS=14
+ OMP_NUM_THREADS=14
+ export KMP_AFFINITY=scatter
+ KMP_AFFINITY=scatter
++ date +%Y_%m_%d_%H_%M_%S_%N
+ name=2013_06_01_12_23_25_108208321
+ mkdir 2013_06_01_12_23_25_108208321
+ cd 2013_06_01_12_23_25_108208321
+ touch out.dat
+ env
+ echo 2013_06_01_12_23_25_108208321
+ uname -a
+ srun --nodes=1 --ntasks=1 -ppbatch cat /proc/cpuinfo
+ grep MHz
+ srun --nodes=1 --ntasks=1 -o host_info hostname
+ echo 'threads/node: 14'
+ echo 'nodes: ' 2
+ echo 'turbo: 1 '
+ cp ../../opac.txt .
+ cp ../../input.dat .
+ srun --nodes=2 --ntasks=2 -e f.err ../../sphot

In READ-ONLY mode.

In READ-ONLY mode.
+ cd ../
+ i=12
+ '[' 12 -ge 4 ']'
+ export OMP_NUM_THREADS=12
+ OMP_NUM_THREADS=12
+ export KMP_AFFINITY=scatter
+ KMP_AFFINITY=scatter
++ date +%Y_%m_%d_%H_%M_%S_%N
+ name=2013_06_01_12_31_38_642990907
+ mkdir 2013_06_01_12_31_38_642990907
+ cd 2013_06_01_12_31_38_642990907
+ touch out.dat
+ env
+ echo 2013_06_01_12_31_38_642990907
+ uname -a
+ srun --nodes=1 --ntasks=1 -ppbatch cat /proc/cpuinfo
+ grep MHz
+ srun --nodes=1 --ntasks=1 -o host_info hostname
+ echo 'threads/node: 12'
+ echo 'nodes: ' 2
+ echo 'turbo: 1 '
+ cp ../../opac.txt .
+ cp ../../input.dat .
+ srun --nodes=2 --ntasks=2 -e f.err ../../sphot

In READ-ONLY mode.

In READ-ONLY mode.
+ cd ../
+ i=10
+ '[' 10 -ge 4 ']'
+ export OMP_NUM_THREADS=10
+ OMP_NUM_THREADS=10
+ export KMP_AFFINITY=scatter
+ KMP_AFFINITY=scatter
++ date +%Y_%m_%d_%H_%M_%S_%N
+ name=2013_06_01_12_40_32_840682647
+ mkdir 2013_06_01_12_40_32_840682647
+ cd 2013_06_01_12_40_32_840682647
+ touch out.dat
+ env
+ echo 2013_06_01_12_40_32_840682647
+ uname -a
+ srun --nodes=1 --ntasks=1 -ppbatch cat /proc/cpuinfo
+ grep MHz
+ srun --nodes=1 --ntasks=1 -o host_info hostname
+ echo 'threads/node: 10'
+ echo 'nodes: ' 2
+ echo 'turbo: 1 '
+ cp ../../opac.txt .
+ cp ../../input.dat .
+ srun --nodes=2 --ntasks=2 -e f.err ../../sphot

In READ-ONLY mode.

In READ-ONLY mode.
+ cd ../
+ i=8
+ '[' 8 -ge 4 ']'
+ export OMP_NUM_THREADS=8
+ OMP_NUM_THREADS=8
+ export KMP_AFFINITY=scatter
+ KMP_AFFINITY=scatter
++ date +%Y_%m_%d_%H_%M_%S_%N
+ name=2013_06_01_12_50_36_251658262
+ mkdir 2013_06_01_12_50_36_251658262
+ cd 2013_06_01_12_50_36_251658262
+ touch out.dat
+ env
+ echo 2013_06_01_12_50_36_251658262
+ uname -a
+ srun --nodes=1 --ntasks=1 -ppbatch cat /proc/cpuinfo
+ grep MHz
+ srun --nodes=1 --ntasks=1 -o host_info hostname
+ echo 'threads/node: 8'
+ echo 'nodes: ' 2
+ echo 'turbo: 1 '
+ cp ../../opac.txt .
+ cp ../../input.dat .
+ srun --nodes=2 --ntasks=2 -e f.err ../../sphot

In READ-ONLY mode.

In READ-ONLY mode.
+ cd ../
+ i=6
+ '[' 6 -ge 4 ']'
+ export OMP_NUM_THREADS=6
+ OMP_NUM_THREADS=6
+ export KMP_AFFINITY=scatter
+ KMP_AFFINITY=scatter
++ date +%Y_%m_%d_%H_%M_%S_%N
+ name=2013_06_01_13_02_16_385863780
+ mkdir 2013_06_01_13_02_16_385863780
+ cd 2013_06_01_13_02_16_385863780
+ touch out.dat
+ env
+ echo 2013_06_01_13_02_16_385863780
+ uname -a
+ srun --nodes=1 --ntasks=1 -ppbatch cat /proc/cpuinfo
+ grep MHz
+ srun --nodes=1 --ntasks=1 -o host_info hostname
+ echo 'threads/node: 6'
+ echo 'nodes: ' 2
+ echo 'turbo: 1 '
+ cp ../../opac.txt .
+ cp ../../input.dat .
+ srun --nodes=2 --ntasks=2 -e f.err ../../sphot

In READ-ONLY mode.

In READ-ONLY mode.
+ cd ../
+ i=4
+ '[' 4 -ge 4 ']'
+ export OMP_NUM_THREADS=4
+ OMP_NUM_THREADS=4
+ export KMP_AFFINITY=scatter
+ KMP_AFFINITY=scatter
++ date +%Y_%m_%d_%H_%M_%S_%N
+ name=2013_06_01_13_16_45_387701930
+ mkdir 2013_06_01_13_16_45_387701930
+ cd 2013_06_01_13_16_45_387701930
+ touch out.dat
+ env
+ echo 2013_06_01_13_16_45_387701930
+ uname -a
+ srun --nodes=1 --ntasks=1 -ppbatch cat /proc/cpuinfo
+ grep MHz
+ srun --nodes=1 --ntasks=1 -o host_info hostname
+ echo 'threads/node: 4'
+ echo 'nodes: ' 2
+ echo 'turbo: 1 '
+ cp ../../opac.txt .
+ cp ../../input.dat .
+ srun --nodes=2 --ntasks=2 -e f.err ../../sphot

In READ-ONLY mode.

In READ-ONLY mode.
+ cd ../
+ i=2
+ '[' 2 -ge 4 ']'
+ j=4
+ '[' 4 -le 6 ']'
+ i=16
+ '[' 16 -ge 4 ']'
+ export OMP_NUM_THREADS=16
+ OMP_NUM_THREADS=16
+ export KMP_AFFINITY=scatter
+ KMP_AFFINITY=scatter
++ date +%Y_%m_%d_%H_%M_%S_%N
+ name=2013_06_01_13_36_52_176800358
+ mkdir 2013_06_01_13_36_52_176800358
+ cd 2013_06_01_13_36_52_176800358
+ touch out.dat
+ env
+ echo 2013_06_01_13_36_52_176800358
+ uname -a
+ srun --nodes=1 --ntasks=1 -ppbatch cat /proc/cpuinfo
+ grep MHz
+ srun --nodes=1 --ntasks=1 -o host_info hostname
+ echo 'threads/node: 16'
+ echo 'nodes: ' 4
+ echo 'turbo: 1 '
+ cp ../../opac.txt .
+ cp ../../input.dat .
+ srun --nodes=4 --ntasks=4 -e f.err ../../sphot

In READ-ONLY mode.

In READ-ONLY mode.

In READ-ONLY mode.

In READ-ONLY mode.
+ cd ../
+ i=14
+ '[' 14 -ge 4 ']'
+ export OMP_NUM_THREADS=14
+ OMP_NUM_THREADS=14
+ export KMP_AFFINITY=scatter
+ KMP_AFFINITY=scatter
++ date +%Y_%m_%d_%H_%M_%S_%N
+ name=2013_06_01_13_40_44_209186951
+ mkdir 2013_06_01_13_40_44_209186951
+ cd 2013_06_01_13_40_44_209186951
+ touch out.dat
+ env
+ echo 2013_06_01_13_40_44_209186951
+ uname -a
+ srun --nodes=1 --ntasks=1 -ppbatch cat /proc/cpuinfo
+ grep MHz
+ srun --nodes=1 --ntasks=1 -o host_info hostname
+ echo 'threads/node: 14'
+ echo 'nodes: ' 4
+ echo 'turbo: 1 '
+ cp ../../opac.txt .
+ cp ../../input.dat .
+ srun --nodes=4 --ntasks=4 -e f.err ../../sphot

In READ-ONLY mode.

In READ-ONLY mode.

In READ-ONLY mode.

In READ-ONLY mode.
+ cd ../
+ i=12
+ '[' 12 -ge 4 ']'
+ export OMP_NUM_THREADS=12
+ OMP_NUM_THREADS=12
+ export KMP_AFFINITY=scatter
+ KMP_AFFINITY=scatter
++ date +%Y_%m_%d_%H_%M_%S_%N
+ name=2013_06_01_13_44_53_759531443
+ mkdir 2013_06_01_13_44_53_759531443
+ cd 2013_06_01_13_44_53_759531443
+ touch out.dat
+ env
+ echo 2013_06_01_13_44_53_759531443
+ uname -a
+ srun --nodes=1 --ntasks=1 -ppbatch cat /proc/cpuinfo
+ grep MHz
+ srun --nodes=1 --ntasks=1 -o host_info hostname
+ echo 'threads/node: 12'
+ echo 'nodes: ' 4
+ echo 'turbo: 1 '
+ cp ../../opac.txt .
+ cp ../../input.dat .
+ srun --nodes=4 --ntasks=4 -e f.err ../../sphot

In READ-ONLY mode.

In READ-ONLY mode.

In READ-ONLY mode.

In READ-ONLY mode.
+ cd ../
+ i=10
+ '[' 10 -ge 4 ']'
+ export OMP_NUM_THREADS=10
+ OMP_NUM_THREADS=10
+ export KMP_AFFINITY=scatter
+ KMP_AFFINITY=scatter
++ date +%Y_%m_%d_%H_%M_%S_%N
+ name=2013_06_01_13_49_22_731951557
+ mkdir 2013_06_01_13_49_22_731951557
+ cd 2013_06_01_13_49_22_731951557
+ touch out.dat
+ env
+ echo 2013_06_01_13_49_22_731951557
+ uname -a
+ srun --nodes=1 --ntasks=1 -ppbatch cat /proc/cpuinfo
+ grep MHz
+ srun --nodes=1 --ntasks=1 -o host_info hostname
+ echo 'threads/node: 10'
+ echo 'nodes: ' 4
+ echo 'turbo: 1 '
+ cp ../../opac.txt .
+ cp ../../input.dat .
+ srun --nodes=4 --ntasks=4 -e f.err ../../sphot

In READ-ONLY mode.

In READ-ONLY mode.

In READ-ONLY mode.

In READ-ONLY mode.
+ cd ../
+ i=8
+ '[' 8 -ge 4 ']'
+ export OMP_NUM_THREADS=8
+ OMP_NUM_THREADS=8
+ export KMP_AFFINITY=scatter
+ KMP_AFFINITY=scatter
++ date +%Y_%m_%d_%H_%M_%S_%N
+ name=2013_06_01_13_54_28_423729352
+ mkdir 2013_06_01_13_54_28_423729352
+ cd 2013_06_01_13_54_28_423729352
+ touch out.dat
+ env
+ echo 2013_06_01_13_54_28_423729352
+ uname -a
+ srun --nodes=1 --ntasks=1 -ppbatch cat /proc/cpuinfo
+ grep MHz
+ srun --nodes=1 --ntasks=1 -o host_info hostname
+ echo 'threads/node: 8'
+ echo 'nodes: ' 4
+ echo 'turbo: 1 '
+ cp ../../opac.txt .
+ cp ../../input.dat .
+ srun --nodes=4 --ntasks=4 -e f.err ../../sphot

In READ-ONLY mode.

In READ-ONLY mode.

In READ-ONLY mode.

In READ-ONLY mode.
+ cd ../
+ i=6
+ '[' 6 -ge 4 ']'
+ export OMP_NUM_THREADS=6
+ OMP_NUM_THREADS=6
+ export KMP_AFFINITY=scatter
+ KMP_AFFINITY=scatter
++ date +%Y_%m_%d_%H_%M_%S_%N
+ name=2013_06_01_14_00_23_873669418
+ mkdir 2013_06_01_14_00_23_873669418
+ cd 2013_06_01_14_00_23_873669418
+ touch out.dat
+ env
+ echo 2013_06_01_14_00_23_873669418
+ uname -a
+ srun --nodes=1 --ntasks=1 -ppbatch cat /proc/cpuinfo
+ grep MHz
+ srun --nodes=1 --ntasks=1 -o host_info hostname
+ echo 'threads/node: 6'
+ echo 'nodes: ' 4
+ echo 'turbo: 1 '
+ cp ../../opac.txt .
+ cp ../../input.dat .
+ srun --nodes=4 --ntasks=4 -e f.err ../../sphot

In READ-ONLY mode.

In READ-ONLY mode.

In READ-ONLY mode.

In READ-ONLY mode.
+ cd ../
+ i=4
+ '[' 4 -ge 4 ']'
+ export OMP_NUM_THREADS=4
+ OMP_NUM_THREADS=4
+ export KMP_AFFINITY=scatter
+ KMP_AFFINITY=scatter
++ date +%Y_%m_%d_%H_%M_%S_%N
+ name=2013_06_01_14_07_44_527604676
+ mkdir 2013_06_01_14_07_44_527604676
+ cd 2013_06_01_14_07_44_527604676
+ touch out.dat
+ env
+ echo 2013_06_01_14_07_44_527604676
+ uname -a
+ srun --nodes=1 --ntasks=1 -ppbatch cat /proc/cpuinfo
+ grep MHz
+ srun --nodes=1 --ntasks=1 -o host_info hostname
+ echo 'threads/node: 4'
+ echo 'nodes: ' 4
+ echo 'turbo: 1 '
+ cp ../../opac.txt .
+ cp ../../input.dat .
+ srun --nodes=4 --ntasks=4 -e f.err ../../sphot

In READ-ONLY mode.

In READ-ONLY mode.

In READ-ONLY mode.

In READ-ONLY mode.
+ cd ../
+ i=2
+ '[' 2 -ge 4 ']'
+ j=6
+ '[' 6 -le 6 ']'
+ i=16
+ '[' 16 -ge 4 ']'
+ export OMP_NUM_THREADS=16
+ OMP_NUM_THREADS=16
+ export KMP_AFFINITY=scatter
+ KMP_AFFINITY=scatter
++ date +%Y_%m_%d_%H_%M_%S_%N
+ name=2013_06_01_14_17_50_473099316
+ mkdir 2013_06_01_14_17_50_473099316
+ cd 2013_06_01_14_17_50_473099316
+ touch out.dat
+ env
+ echo 2013_06_01_14_17_50_473099316
+ uname -a
+ srun --nodes=1 --ntasks=1 -ppbatch cat /proc/cpuinfo
+ grep MHz
+ srun --nodes=1 --ntasks=1 -o host_info hostname
+ echo 'threads/node: 16'
+ echo 'nodes: ' 6
+ echo 'turbo: 1 '
+ cp ../../opac.txt .
+ cp ../../input.dat .
+ srun --nodes=6 --ntasks=6 -e f.err ../../sphot

In READ-ONLY mode.

In READ-ONLY mode.

In READ-ONLY mode.

In READ-ONLY mode.

In READ-ONLY mode.

In READ-ONLY mode.
+ cd ../
+ i=14
+ '[' 14 -ge 4 ']'
+ export OMP_NUM_THREADS=14
+ OMP_NUM_THREADS=14
+ export KMP_AFFINITY=scatter
+ KMP_AFFINITY=scatter
++ date +%Y_%m_%d_%H_%M_%S_%N
+ name=2013_06_01_14_20_26_745303282
+ mkdir 2013_06_01_14_20_26_745303282
+ cd 2013_06_01_14_20_26_745303282
+ touch out.dat
+ env
+ echo 2013_06_01_14_20_26_745303282
+ uname -a
+ srun --nodes=1 --ntasks=1 -ppbatch cat /proc/cpuinfo
+ grep MHz
+ srun --nodes=1 --ntasks=1 -o host_info hostname
+ echo 'threads/node: 14'
+ echo 'nodes: ' 6
+ echo 'turbo: 1 '
+ cp ../../opac.txt .
+ cp ../../input.dat .
+ srun --nodes=6 --ntasks=6 -e f.err ../../sphot

In READ-ONLY mode.

In READ-ONLY mode.

In READ-ONLY mode.

In READ-ONLY mode.

In READ-ONLY mode.

In READ-ONLY mode.
+ cd ../
+ i=12
+ '[' 12 -ge 4 ']'
+ export OMP_NUM_THREADS=12
+ OMP_NUM_THREADS=12
+ export KMP_AFFINITY=scatter
+ KMP_AFFINITY=scatter
++ date +%Y_%m_%d_%H_%M_%S_%N
+ name=2013_06_01_14_23_15_114026088
+ mkdir 2013_06_01_14_23_15_114026088
+ cd 2013_06_01_14_23_15_114026088
+ touch out.dat
+ env
+ echo 2013_06_01_14_23_15_114026088
+ uname -a
+ srun --nodes=1 --ntasks=1 -ppbatch cat /proc/cpuinfo
+ grep MHz
+ srun --nodes=1 --ntasks=1 -o host_info hostname
+ echo 'threads/node: 12'
+ echo 'nodes: ' 6
+ echo 'turbo: 1 '
+ cp ../../opac.txt .
+ cp ../../input.dat .
+ srun --nodes=6 --ntasks=6 -e f.err ../../sphot

In READ-ONLY mode.

In READ-ONLY mode.

In READ-ONLY mode.

In READ-ONLY mode.

In READ-ONLY mode.

In READ-ONLY mode.
+ cd ../
+ i=10
+ '[' 10 -ge 4 ']'
+ export OMP_NUM_THREADS=10
+ OMP_NUM_THREADS=10
+ export KMP_AFFINITY=scatter
+ KMP_AFFINITY=scatter
++ date +%Y_%m_%d_%H_%M_%S_%N
+ name=2013_06_01_14_26_15_601005137
+ mkdir 2013_06_01_14_26_15_601005137
+ cd 2013_06_01_14_26_15_601005137
+ touch out.dat
+ env
+ echo 2013_06_01_14_26_15_601005137
+ uname -a
+ srun --nodes=1 --ntasks=1 -ppbatch cat /proc/cpuinfo
+ grep MHz
+ srun --nodes=1 --ntasks=1 -o host_info hostname
+ echo 'threads/node: 10'
+ echo 'nodes: ' 6
+ echo 'turbo: 1 '
+ cp ../../opac.txt .
+ cp ../../input.dat .
+ srun --nodes=6 --ntasks=6 -e f.err ../../sphot

In READ-ONLY mode.

In READ-ONLY mode.

In READ-ONLY mode.

In READ-ONLY mode.

In READ-ONLY mode.

In READ-ONLY mode.
+ cd ../
+ i=8
+ '[' 8 -ge 4 ']'
+ export OMP_NUM_THREADS=8
+ OMP_NUM_THREADS=8
+ export KMP_AFFINITY=scatter
+ KMP_AFFINITY=scatter
++ date +%Y_%m_%d_%H_%M_%S_%N
+ name=2013_06_01_14_29_40_931506799
+ mkdir 2013_06_01_14_29_40_931506799
+ cd 2013_06_01_14_29_40_931506799
+ touch out.dat
+ env
+ echo 2013_06_01_14_29_40_931506799
+ uname -a
+ srun --nodes=1 --ntasks=1 -ppbatch cat /proc/cpuinfo
+ grep MHz
+ srun --nodes=1 --ntasks=1 -o host_info hostname
+ echo 'threads/node: 8'
+ echo 'nodes: ' 6
+ echo 'turbo: 1 '
+ cp ../../opac.txt .
+ cp ../../input.dat .
+ srun --nodes=6 --ntasks=6 -e f.err ../../sphot

In READ-ONLY mode.

In READ-ONLY mode.

In READ-ONLY mode.

In READ-ONLY mode.

In READ-ONLY mode.

In READ-ONLY mode.
+ cd ../
+ i=6
+ '[' 6 -ge 4 ']'
+ export OMP_NUM_THREADS=6
+ OMP_NUM_THREADS=6
+ export KMP_AFFINITY=scatter
+ KMP_AFFINITY=scatter
++ date +%Y_%m_%d_%H_%M_%S_%N
+ name=2013_06_01_14_33_38_125574271
+ mkdir 2013_06_01_14_33_38_125574271
+ cd 2013_06_01_14_33_38_125574271
+ touch out.dat
+ env
+ echo 2013_06_01_14_33_38_125574271
+ uname -a
+ srun --nodes=1 --ntasks=1 -ppbatch cat /proc/cpuinfo
+ grep MHz
+ srun --nodes=1 --ntasks=1 -o host_info hostname
+ echo 'threads/node: 6'
+ echo 'nodes: ' 6
+ echo 'turbo: 1 '
+ cp ../../opac.txt .
+ cp ../../input.dat .
+ srun --nodes=6 --ntasks=6 -e f.err ../../sphot

In READ-ONLY mode.

In READ-ONLY mode.

In READ-ONLY mode.

In READ-ONLY mode.

In READ-ONLY mode.

In READ-ONLY mode.
+ cd ../
+ i=4
+ '[' 4 -ge 4 ']'
+ export OMP_NUM_THREADS=4
+ OMP_NUM_THREADS=4
+ export KMP_AFFINITY=scatter
+ KMP_AFFINITY=scatter
++ date +%Y_%m_%d_%H_%M_%S_%N
+ name=2013_06_01_14_38_33_375014423
+ mkdir 2013_06_01_14_38_33_375014423
+ cd 2013_06_01_14_38_33_375014423
+ touch out.dat
+ env
+ echo 2013_06_01_14_38_33_375014423
+ uname -a
+ srun --nodes=1 --ntasks=1 -ppbatch cat /proc/cpuinfo
+ grep MHz
+ srun --nodes=1 --ntasks=1 -o host_info hostname
+ echo 'threads/node: 4'
+ echo 'nodes: ' 6
+ echo 'turbo: 1 '
+ cp ../../opac.txt .
+ cp ../../input.dat .
+ srun --nodes=6 --ntasks=6 -e f.err ../../sphot

In READ-ONLY mode.

In READ-ONLY mode.

In READ-ONLY mode.

In READ-ONLY mode.

In READ-ONLY mode.

In READ-ONLY mode.
+ cd ../
+ i=2
+ '[' 2 -ge 4 ']'
+ j=8
+ '[' 8 -le 6 ']'
+ export TURBO_ENABLE=0
+ TURBO_ENABLE=0
+ export FUNC_INTERCEPT=0
+ FUNC_INTERCEPT=0
+ export READ_WRITE=1
+ READ_WRITE=1
+ export READ_ONLY=0
+ READ_ONLY=0
+ for pkg in 0x38198 0x038208 0x038280 0x0382f8
+ i=16
+ j=2
+ export MSR_PKG_POWER_LIMIT=0x38198
+ MSR_PKG_POWER_LIMIT=0x38198
+ '[' 2 -le 6 ']'
+ i=16
+ '[' 16 -ge 4 ']'
+ export OMP_NUM_THREADS=16
+ OMP_NUM_THREADS=16
+ export KMP_AFFINITY=scatter
+ KMP_AFFINITY=scatter
++ date +%Y_%m_%d_%H_%M_%S_%N
+ name=2013_06_01_14_45_18_795027063
+ mkdir 2013_06_01_14_45_18_795027063
+ cd 2013_06_01_14_45_18_795027063
+ touch out.dat
+ env
+ echo 2013_06_01_14_45_18_795027063
+ uname -a
+ srun --nodes=1 --ntasks=1 -ppbatch cat /proc/cpuinfo
+ grep MHz
+ srun --nodes=1 --ntasks=1 -o host_info hostname
+ echo 'threads/node: 16'
+ echo 'nodes: ' 2
+ echo 'turbo: 0'
+ cp ../../opac.txt .
+ cp ../../input.dat .
+ srun --nodes=2 --ntasks=2 -e f.err ../../sphot

In READ-WRITE mode.

In READ-WRITE mode.
+ cd ../
+ i=14
+ '[' 14 -ge 4 ']'
+ export OMP_NUM_THREADS=14
+ OMP_NUM_THREADS=14
+ export KMP_AFFINITY=scatter
+ KMP_AFFINITY=scatter
++ date +%Y_%m_%d_%H_%M_%S_%N
+ name=2013_06_01_14_55_55_717395399
+ mkdir 2013_06_01_14_55_55_717395399
+ cd 2013_06_01_14_55_55_717395399
+ touch out.dat
+ env
+ echo 2013_06_01_14_55_55_717395399
+ uname -a
+ srun --nodes=1 --ntasks=1 -ppbatch cat /proc/cpuinfo
+ grep MHz
+ srun --nodes=1 --ntasks=1 -o host_info hostname
+ echo 'threads/node: 14'
+ echo 'nodes: ' 2
+ echo 'turbo: 0'
+ cp ../../opac.txt .
+ cp ../../input.dat .
+ srun --nodes=2 --ntasks=2 -e f.err ../../sphot

In READ-WRITE mode.

In READ-WRITE mode.
+ cd ../
+ i=12
+ '[' 12 -ge 4 ']'
+ export OMP_NUM_THREADS=12
+ OMP_NUM_THREADS=12
+ export KMP_AFFINITY=scatter
+ KMP_AFFINITY=scatter
++ date +%Y_%m_%d_%H_%M_%S_%N
+ name=2013_06_01_15_06_36_787111907
+ mkdir 2013_06_01_15_06_36_787111907
+ cd 2013_06_01_15_06_36_787111907
+ touch out.dat
+ env
+ echo 2013_06_01_15_06_36_787111907
+ uname -a
+ srun --nodes=1 --ntasks=1 -ppbatch cat /proc/cpuinfo
+ grep MHz
+ srun --nodes=1 --ntasks=1 -o host_info hostname
+ echo 'threads/node: 12'
+ echo 'nodes: ' 2
+ echo 'turbo: 0'
+ cp ../../opac.txt .
+ cp ../../input.dat .
+ srun --nodes=2 --ntasks=2 -e f.err ../../sphot

In READ-WRITE mode.

In READ-WRITE mode.
+ cd ../
+ i=10
+ '[' 10 -ge 4 ']'
+ export OMP_NUM_THREADS=10
+ OMP_NUM_THREADS=10
+ export KMP_AFFINITY=scatter
+ KMP_AFFINITY=scatter
++ date +%Y_%m_%d_%H_%M_%S_%N
+ name=2013_06_01_15_17_54_785034386
+ mkdir 2013_06_01_15_17_54_785034386
+ cd 2013_06_01_15_17_54_785034386
+ touch out.dat
+ env
+ echo 2013_06_01_15_17_54_785034386
+ uname -a
+ srun --nodes=1 --ntasks=1 -ppbatch cat /proc/cpuinfo
+ grep MHz
+ srun --nodes=1 --ntasks=1 -o host_info hostname
+ echo 'threads/node: 10'
+ echo 'nodes: ' 2
+ echo 'turbo: 0'
+ cp ../../opac.txt .
+ cp ../../input.dat .
+ srun --nodes=2 --ntasks=2 -e f.err ../../sphot

In READ-WRITE mode.

In READ-WRITE mode.
+ cd ../
+ i=8
+ '[' 8 -ge 4 ']'
+ export OMP_NUM_THREADS=8
+ OMP_NUM_THREADS=8
+ export KMP_AFFINITY=scatter
+ KMP_AFFINITY=scatter
++ date +%Y_%m_%d_%H_%M_%S_%N
+ name=2013_06_01_15_29_52_413541383
+ mkdir 2013_06_01_15_29_52_413541383
+ cd 2013_06_01_15_29_52_413541383
+ touch out.dat
+ env
+ echo 2013_06_01_15_29_52_413541383
+ uname -a
+ srun --nodes=1 --ntasks=1 -ppbatch cat /proc/cpuinfo
+ grep MHz
+ srun --nodes=1 --ntasks=1 -o host_info hostname
+ echo 'threads/node: 8'
+ echo 'nodes: ' 2
+ echo 'turbo: 0'
+ cp ../../opac.txt .
+ cp ../../input.dat .
+ srun --nodes=2 --ntasks=2 -e f.err ../../sphot

In READ-WRITE mode.

In READ-WRITE mode.
+ cd ../
+ i=6
+ '[' 6 -ge 4 ']'
+ export OMP_NUM_THREADS=6
+ OMP_NUM_THREADS=6
+ export KMP_AFFINITY=scatter
+ KMP_AFFINITY=scatter
++ date +%Y_%m_%d_%H_%M_%S_%N
+ name=2013_06_01_15_44_03_370097504
+ mkdir 2013_06_01_15_44_03_370097504
+ cd 2013_06_01_15_44_03_370097504
+ touch out.dat
+ env
+ echo 2013_06_01_15_44_03_370097504
+ uname -a
+ srun --nodes=1 --ntasks=1 -ppbatch cat /proc/cpuinfo
+ grep MHz
+ srun --nodes=1 --ntasks=1 -o host_info hostname
+ echo 'threads/node: 6'
+ echo 'nodes: ' 2
+ echo 'turbo: 0'
+ cp ../../opac.txt .
+ cp ../../input.dat .
+ srun --nodes=2 --ntasks=2 -e f.err ../../sphot

In READ-WRITE mode.

In READ-WRITE mode.
+ cd ../
+ i=4
+ '[' 4 -ge 4 ']'
+ export OMP_NUM_THREADS=4
+ OMP_NUM_THREADS=4
+ export KMP_AFFINITY=scatter
+ KMP_AFFINITY=scatter
++ date +%Y_%m_%d_%H_%M_%S_%N
+ name=2013_06_01_16_01_38_526758288
+ mkdir 2013_06_01_16_01_38_526758288
+ cd 2013_06_01_16_01_38_526758288
+ touch out.dat
+ env
+ echo 2013_06_01_16_01_38_526758288
+ uname -a
+ srun --nodes=1 --ntasks=1 -ppbatch cat /proc/cpuinfo
+ grep MHz
+ srun --nodes=1 --ntasks=1 -o host_info hostname
+ echo 'threads/node: 4'
+ echo 'nodes: ' 2
+ echo 'turbo: 0'
+ cp ../../opac.txt .
+ cp ../../input.dat .
+ srun --nodes=2 --ntasks=2 -e f.err ../../sphot

In READ-WRITE mode.

In READ-WRITE mode.
+ cd ../
+ i=2
+ '[' 2 -ge 4 ']'
+ j=4
+ '[' 4 -le 6 ']'
+ i=16
+ '[' 16 -ge 4 ']'
+ export OMP_NUM_THREADS=16
+ OMP_NUM_THREADS=16
+ export KMP_AFFINITY=scatter
+ KMP_AFFINITY=scatter
++ date +%Y_%m_%d_%H_%M_%S_%N
+ name=2013_06_01_16_26_51_378742224
+ mkdir 2013_06_01_16_26_51_378742224
+ cd 2013_06_01_16_26_51_378742224
+ touch out.dat
+ env
+ echo 2013_06_01_16_26_51_378742224
+ uname -a
+ srun --nodes=1 --ntasks=1 -ppbatch cat /proc/cpuinfo
+ grep MHz
+ srun --nodes=1 --ntasks=1 -o host_info hostname
+ echo 'threads/node: 16'
+ echo 'nodes: ' 4
+ echo 'turbo: 0'
+ cp ../../opac.txt .
+ cp ../../input.dat .
+ srun --nodes=4 --ntasks=4 -e f.err ../../sphot

In READ-WRITE mode.

In READ-WRITE mode.

In READ-WRITE mode.

In READ-WRITE mode.
+ cd ../
+ i=14
+ '[' 14 -ge 4 ']'
+ export OMP_NUM_THREADS=14
+ OMP_NUM_THREADS=14
+ export KMP_AFFINITY=scatter
+ KMP_AFFINITY=scatter
++ date +%Y_%m_%d_%H_%M_%S_%N
+ name=2013_06_01_16_32_14_020226159
+ mkdir 2013_06_01_16_32_14_020226159
+ cd 2013_06_01_16_32_14_020226159
+ touch out.dat
+ env
+ echo 2013_06_01_16_32_14_020226159
+ uname -a
+ srun --nodes=1 --ntasks=1 -ppbatch cat /proc/cpuinfo
+ grep MHz
+ srun --nodes=1 --ntasks=1 -o host_info hostname
+ echo 'threads/node: 14'
+ echo 'nodes: ' 4
+ echo 'turbo: 0'
+ cp ../../opac.txt .
+ cp ../../input.dat .
+ srun --nodes=4 --ntasks=4 -e f.err ../../sphot

In READ-WRITE mode.

In READ-WRITE mode.

In READ-WRITE mode.

In READ-WRITE mode.
+ cd ../
+ i=12
+ '[' 12 -ge 4 ']'
+ export OMP_NUM_THREADS=12
+ OMP_NUM_THREADS=12
+ export KMP_AFFINITY=scatter
+ KMP_AFFINITY=scatter
++ date +%Y_%m_%d_%H_%M_%S_%N
+ name=2013_06_01_16_37_44_532834087
+ mkdir 2013_06_01_16_37_44_532834087
+ cd 2013_06_01_16_37_44_532834087
+ touch out.dat
+ env
+ echo 2013_06_01_16_37_44_532834087
+ uname -a
+ srun --nodes=1 --ntasks=1 -ppbatch cat /proc/cpuinfo
+ grep MHz
+ srun --nodes=1 --ntasks=1 -o host_info hostname
+ echo 'threads/node: 12'
+ echo 'nodes: ' 4
+ echo 'turbo: 0'
+ cp ../../opac.txt .
+ cp ../../input.dat .
+ srun --nodes=4 --ntasks=4 -e f.err ../../sphot

In READ-WRITE mode.

In READ-WRITE mode.

In READ-WRITE mode.

In READ-WRITE mode.
+ cd ../
+ i=10
+ '[' 10 -ge 4 ']'
+ export OMP_NUM_THREADS=10
+ OMP_NUM_THREADS=10
+ export KMP_AFFINITY=scatter
+ KMP_AFFINITY=scatter
++ date +%Y_%m_%d_%H_%M_%S_%N
+ name=2013_06_01_16_43_29_791582444
+ mkdir 2013_06_01_16_43_29_791582444
+ cd 2013_06_01_16_43_29_791582444
+ touch out.dat
+ env
+ echo 2013_06_01_16_43_29_791582444
+ uname -a
+ srun --nodes=1 --ntasks=1 -ppbatch cat /proc/cpuinfo
+ grep MHz
+ srun --nodes=1 --ntasks=1 -o host_info hostname
+ echo 'threads/node: 10'
+ echo 'nodes: ' 4
+ echo 'turbo: 0'
+ cp ../../opac.txt .
+ cp ../../input.dat .
+ srun --nodes=4 --ntasks=4 -e f.err ../../sphot

In READ-WRITE mode.

In READ-WRITE mode.

In READ-WRITE mode.

In READ-WRITE mode.
+ cd ../
+ i=8
+ '[' 8 -ge 4 ']'
+ export OMP_NUM_THREADS=8
+ OMP_NUM_THREADS=8
+ export KMP_AFFINITY=scatter
+ KMP_AFFINITY=scatter
++ date +%Y_%m_%d_%H_%M_%S_%N
+ name=2013_06_01_16_49_37_465248904
+ mkdir 2013_06_01_16_49_37_465248904
+ cd 2013_06_01_16_49_37_465248904
+ touch out.dat
+ env
+ echo 2013_06_01_16_49_37_465248904
+ uname -a
+ srun --nodes=1 --ntasks=1 -ppbatch cat /proc/cpuinfo
+ grep MHz
+ srun --nodes=1 --ntasks=1 -o host_info hostname
+ echo 'threads/node: 8'
+ echo 'nodes: ' 4
+ echo 'turbo: 0'
+ cp ../../opac.txt .
+ cp ../../input.dat .
+ srun --nodes=4 --ntasks=4 -e f.err ../../sphot

In READ-WRITE mode.

In READ-WRITE mode.

In READ-WRITE mode.

In READ-WRITE mode.
+ cd ../
+ i=6
+ '[' 6 -ge 4 ']'
+ export OMP_NUM_THREADS=6
+ OMP_NUM_THREADS=6
+ export KMP_AFFINITY=scatter
+ KMP_AFFINITY=scatter
++ date +%Y_%m_%d_%H_%M_%S_%N
+ name=2013_06_01_16_56_46_762148800
+ mkdir 2013_06_01_16_56_46_762148800
+ cd 2013_06_01_16_56_46_762148800
+ touch out.dat
+ env
+ echo 2013_06_01_16_56_46_762148800
+ uname -a
+ srun --nodes=1 --ntasks=1 -ppbatch cat /proc/cpuinfo
+ grep MHz
+ srun --nodes=1 --ntasks=1 -o host_info hostname
+ echo 'threads/node: 6'
+ echo 'nodes: ' 4
+ echo 'turbo: 0'
+ cp ../../opac.txt .
+ cp ../../input.dat .
+ srun --nodes=4 --ntasks=4 -e f.err ../../sphot

In READ-WRITE mode.

In READ-WRITE mode.

In READ-WRITE mode.

In READ-WRITE mode.
+ cd ../
+ i=4
+ '[' 4 -ge 4 ']'
+ export OMP_NUM_THREADS=4
+ OMP_NUM_THREADS=4
+ export KMP_AFFINITY=scatter
+ KMP_AFFINITY=scatter
++ date +%Y_%m_%d_%H_%M_%S_%N
+ name=2013_06_01_17_05_43_116101200
+ mkdir 2013_06_01_17_05_43_116101200
+ cd 2013_06_01_17_05_43_116101200
+ touch out.dat
+ env
+ echo 2013_06_01_17_05_43_116101200
+ uname -a
+ srun --nodes=1 --ntasks=1 -ppbatch cat /proc/cpuinfo
+ grep MHz
+ srun --nodes=1 --ntasks=1 -o host_info hostname
+ echo 'threads/node: 4'
+ echo 'nodes: ' 4
+ echo 'turbo: 0'
+ cp ../../opac.txt .
+ cp ../../input.dat .
+ srun --nodes=4 --ntasks=4 -e f.err ../../sphot

In READ-WRITE mode.

In READ-WRITE mode.

In READ-WRITE mode.

In READ-WRITE mode.
+ cd ../
+ i=2
+ '[' 2 -ge 4 ']'
+ j=6
+ '[' 6 -le 6 ']'
+ i=16
+ '[' 16 -ge 4 ']'
+ export OMP_NUM_THREADS=16
+ OMP_NUM_THREADS=16
+ export KMP_AFFINITY=scatter
+ KMP_AFFINITY=scatter
++ date +%Y_%m_%d_%H_%M_%S_%N
+ name=2013_06_01_17_18_17_576649803
+ mkdir 2013_06_01_17_18_17_576649803
+ cd 2013_06_01_17_18_17_576649803
+ touch out.dat
+ env
+ echo 2013_06_01_17_18_17_576649803
+ uname -a
+ srun --nodes=1 --ntasks=1 -ppbatch cat /proc/cpuinfo
+ grep MHz
+ srun --nodes=1 --ntasks=1 -o host_info hostname
+ echo 'threads/node: 16'
+ echo 'nodes: ' 6
+ echo 'turbo: 0'
+ cp ../../opac.txt .
+ cp ../../input.dat .
+ srun --nodes=6 --ntasks=6 -e f.err ../../sphot

In READ-WRITE mode.

In READ-WRITE mode.

In READ-WRITE mode.

In READ-WRITE mode.

In READ-WRITE mode.

In READ-WRITE mode.
+ cd ../
+ i=14
+ '[' 14 -ge 4 ']'
+ export OMP_NUM_THREADS=14
+ OMP_NUM_THREADS=14
+ export KMP_AFFINITY=scatter
+ KMP_AFFINITY=scatter
++ date +%Y_%m_%d_%H_%M_%S_%N
+ name=2013_06_01_17_21_54_967884743
+ mkdir 2013_06_01_17_21_54_967884743
+ cd 2013_06_01_17_21_54_967884743
+ touch out.dat
+ env
+ echo 2013_06_01_17_21_54_967884743
+ uname -a
+ srun --nodes=1 --ntasks=1 -ppbatch cat /proc/cpuinfo
+ grep MHz
+ srun --nodes=1 --ntasks=1 -o host_info hostname
+ echo 'threads/node: 14'
+ echo 'nodes: ' 6
+ echo 'turbo: 0'
+ cp ../../opac.txt .
+ cp ../../input.dat .
+ srun --nodes=6 --ntasks=6 -e f.err ../../sphot

In READ-WRITE mode.

In READ-WRITE mode.

In READ-WRITE mode.

In READ-WRITE mode.

In READ-WRITE mode.

In READ-WRITE mode.
+ cd ../
+ i=12
+ '[' 12 -ge 4 ']'
+ export OMP_NUM_THREADS=12
+ OMP_NUM_THREADS=12
+ export KMP_AFFINITY=scatter
+ KMP_AFFINITY=scatter
++ date +%Y_%m_%d_%H_%M_%S_%N
+ name=2013_06_01_17_25_37_134279265
+ mkdir 2013_06_01_17_25_37_134279265
+ cd 2013_06_01_17_25_37_134279265
+ touch out.dat
+ env
+ echo 2013_06_01_17_25_37_134279265
+ uname -a
+ srun --nodes=1 --ntasks=1 -ppbatch cat /proc/cpuinfo
+ grep MHz
+ srun --nodes=1 --ntasks=1 -o host_info hostname
+ echo 'threads/node: 12'
+ echo 'nodes: ' 6
+ echo 'turbo: 0'
+ cp ../../opac.txt .
+ cp ../../input.dat .
+ srun --nodes=6 --ntasks=6 -e f.err ../../sphot

In READ-WRITE mode.

In READ-WRITE mode.

In READ-WRITE mode.

In READ-WRITE mode.

In READ-WRITE mode.

In READ-WRITE mode.
+ cd ../
+ i=10
+ '[' 10 -ge 4 ']'
+ export OMP_NUM_THREADS=10
+ OMP_NUM_THREADS=10
+ export KMP_AFFINITY=scatter
+ KMP_AFFINITY=scatter
++ date +%Y_%m_%d_%H_%M_%S_%N
+ name=2013_06_01_17_29_30_355180812
+ mkdir 2013_06_01_17_29_30_355180812
+ cd 2013_06_01_17_29_30_355180812
+ touch out.dat
+ env
+ echo 2013_06_01_17_29_30_355180812
+ uname -a
+ srun --nodes=1 --ntasks=1 -ppbatch cat /proc/cpuinfo
+ grep MHz
+ srun --nodes=1 --ntasks=1 -o host_info hostname
+ echo 'threads/node: 10'
+ echo 'nodes: ' 6
+ echo 'turbo: 0'
+ cp ../../opac.txt .
+ cp ../../input.dat .
+ srun --nodes=6 --ntasks=6 -e f.err ../../sphot

In READ-WRITE mode.

In READ-WRITE mode.

In READ-WRITE mode.

In READ-WRITE mode.

In READ-WRITE mode.

In READ-WRITE mode.
+ cd ../
+ i=8
+ '[' 8 -ge 4 ']'
+ export OMP_NUM_THREADS=8
+ OMP_NUM_THREADS=8
+ export KMP_AFFINITY=scatter
+ KMP_AFFINITY=scatter
++ date +%Y_%m_%d_%H_%M_%S_%N
+ name=2013_06_01_17_33_38_331388965
+ mkdir 2013_06_01_17_33_38_331388965
+ cd 2013_06_01_17_33_38_331388965
+ touch out.dat
+ env
+ echo 2013_06_01_17_33_38_331388965
+ uname -a
+ srun --nodes=1 --ntasks=1 -ppbatch cat /proc/cpuinfo
+ grep MHz
+ srun --nodes=1 --ntasks=1 -o host_info hostname
+ echo 'threads/node: 8'
+ echo 'nodes: ' 6
+ echo 'turbo: 0'
+ cp ../../opac.txt .
+ cp ../../input.dat .
+ srun --nodes=6 --ntasks=6 -e f.err ../../sphot

In READ-WRITE mode.

In READ-WRITE mode.

In READ-WRITE mode.

In READ-WRITE mode.

In READ-WRITE mode.

In READ-WRITE mode.
+ cd ../
+ i=6
+ '[' 6 -ge 4 ']'
+ export OMP_NUM_THREADS=6
+ OMP_NUM_THREADS=6
+ export KMP_AFFINITY=scatter
+ KMP_AFFINITY=scatter
++ date +%Y_%m_%d_%H_%M_%S_%N
+ name=2013_06_01_17_38_24_582138687
+ mkdir 2013_06_01_17_38_24_582138687
+ cd 2013_06_01_17_38_24_582138687
+ touch out.dat
+ env
+ echo 2013_06_01_17_38_24_582138687
+ uname -a
+ srun --nodes=1 --ntasks=1 -ppbatch cat /proc/cpuinfo
+ grep MHz
+ srun --nodes=1 --ntasks=1 -o host_info hostname
+ echo 'threads/node: 6'
+ echo 'nodes: ' 6
+ echo 'turbo: 0'
+ cp ../../opac.txt .
+ cp ../../input.dat .
+ srun --nodes=6 --ntasks=6 -e f.err ../../sphot

In READ-WRITE mode.

In READ-WRITE mode.

In READ-WRITE mode.

In READ-WRITE mode.

In READ-WRITE mode.

In READ-WRITE mode.
+ cd ../
+ i=4
+ '[' 4 -ge 4 ']'
+ export OMP_NUM_THREADS=4
+ OMP_NUM_THREADS=4
+ export KMP_AFFINITY=scatter
+ KMP_AFFINITY=scatter
++ date +%Y_%m_%d_%H_%M_%S_%N
+ name=2013_06_01_17_44_21_591233977
+ mkdir 2013_06_01_17_44_21_591233977
+ cd 2013_06_01_17_44_21_591233977
+ touch out.dat
+ env
+ echo 2013_06_01_17_44_21_591233977
+ uname -a
+ srun --nodes=1 --ntasks=1 -ppbatch cat /proc/cpuinfo
+ grep MHz
+ srun --nodes=1 --ntasks=1 -o host_info hostname
+ echo 'threads/node: 4'
+ echo 'nodes: ' 6
+ echo 'turbo: 0'
+ cp ../../opac.txt .
+ cp ../../input.dat .
+ srun --nodes=6 --ntasks=6 -e f.err ../../sphot

In READ-WRITE mode.

In READ-WRITE mode.

In READ-WRITE mode.

In READ-WRITE mode.

In READ-WRITE mode.

In READ-WRITE mode.
+ cd ../
+ i=2
+ '[' 2 -ge 4 ']'
+ j=8
+ '[' 8 -le 6 ']'
+ for pkg in 0x38198 0x038208 0x038280 0x0382f8
+ i=16
+ j=2
+ export MSR_PKG_POWER_LIMIT=0x038208
+ MSR_PKG_POWER_LIMIT=0x038208
+ '[' 2 -le 6 ']'
+ i=16
+ '[' 16 -ge 4 ']'
+ export OMP_NUM_THREADS=16
+ OMP_NUM_THREADS=16
+ export KMP_AFFINITY=scatter
+ KMP_AFFINITY=scatter
++ date +%Y_%m_%d_%H_%M_%S_%N
+ name=2013_06_01_17_52_49_165578015
+ mkdir 2013_06_01_17_52_49_165578015
+ cd 2013_06_01_17_52_49_165578015
+ touch out.dat
+ env
+ echo 2013_06_01_17_52_49_165578015
+ uname -a
+ srun --nodes=1 --ntasks=1 -ppbatch cat /proc/cpuinfo
+ grep MHz
+ srun --nodes=1 --ntasks=1 -o host_info hostname
+ echo 'threads/node: 16'
+ echo 'nodes: ' 2
+ echo 'turbo: 0'
+ cp ../../opac.txt .
+ cp ../../input.dat .
+ srun --nodes=2 --ntasks=2 -e f.err ../../sphot

In READ-WRITE mode.

In READ-WRITE mode.
+ cd ../
+ i=14
+ '[' 14 -ge 4 ']'
+ export OMP_NUM_THREADS=14
+ OMP_NUM_THREADS=14
+ export KMP_AFFINITY=scatter
+ KMP_AFFINITY=scatter
++ date +%Y_%m_%d_%H_%M_%S_%N
+ name=2013_06_01_18_02_46_480318464
+ mkdir 2013_06_01_18_02_46_480318464
+ cd 2013_06_01_18_02_46_480318464
+ touch out.dat
+ env
+ echo 2013_06_01_18_02_46_480318464
+ uname -a
+ srun --nodes=1 --ntasks=1 -ppbatch cat /proc/cpuinfo
+ grep MHz
+ srun --nodes=1 --ntasks=1 -o host_info hostname
+ echo 'threads/node: 14'
+ echo 'nodes: ' 2
+ echo 'turbo: 0'
+ cp ../../opac.txt .
+ cp ../../input.dat .
+ srun --nodes=2 --ntasks=2 -e f.err ../../sphot

In READ-WRITE mode.

In READ-WRITE mode.
+ cd ../
+ i=12
+ '[' 12 -ge 4 ']'
+ export OMP_NUM_THREADS=12
+ OMP_NUM_THREADS=12
+ export KMP_AFFINITY=scatter
+ KMP_AFFINITY=scatter
++ date +%Y_%m_%d_%H_%M_%S_%N
+ name=2013_06_01_18_12_05_593233189
+ mkdir 2013_06_01_18_12_05_593233189
+ cd 2013_06_01_18_12_05_593233189
+ touch out.dat
+ env
+ echo 2013_06_01_18_12_05_593233189
+ uname -a
+ srun --nodes=1 --ntasks=1 -ppbatch cat /proc/cpuinfo
+ grep MHz
+ srun --nodes=1 --ntasks=1 -o host_info hostname
+ echo 'threads/node: 12'
+ echo 'nodes: ' 2
+ echo 'turbo: 0'
+ cp ../../opac.txt .
+ cp ../../input.dat .
+ srun --nodes=2 --ntasks=2 -e f.err ../../sphot

In READ-WRITE mode.

In READ-WRITE mode.
+ cd ../
+ i=10
+ '[' 10 -ge 4 ']'
+ export OMP_NUM_THREADS=10
+ OMP_NUM_THREADS=10
+ export KMP_AFFINITY=scatter
+ KMP_AFFINITY=scatter
++ date +%Y_%m_%d_%H_%M_%S_%N
+ name=2013_06_01_18_22_31_082605805
+ mkdir 2013_06_01_18_22_31_082605805
+ cd 2013_06_01_18_22_31_082605805
+ touch out.dat
+ env
+ echo 2013_06_01_18_22_31_082605805
+ uname -a
+ srun --nodes=1 --ntasks=1 -ppbatch cat /proc/cpuinfo
+ grep MHz
+ srun --nodes=1 --ntasks=1 -o host_info hostname
+ echo 'threads/node: 10'
+ echo 'nodes: ' 2
+ echo 'turbo: 0'
+ cp ../../opac.txt .
+ cp ../../input.dat .
+ srun --nodes=2 --ntasks=2 -e f.err ../../sphot

In READ-WRITE mode.

In READ-WRITE mode.
+ cd ../
+ i=8
+ '[' 8 -ge 4 ']'
+ export OMP_NUM_THREADS=8
+ OMP_NUM_THREADS=8
+ export KMP_AFFINITY=scatter
+ KMP_AFFINITY=scatter
++ date +%Y_%m_%d_%H_%M_%S_%N
+ name=2013_06_01_18_34_20_970847124
+ mkdir 2013_06_01_18_34_20_970847124
+ cd 2013_06_01_18_34_20_970847124
+ touch out.dat
+ env
+ echo 2013_06_01_18_34_20_970847124
+ uname -a
+ srun --nodes=1 --ntasks=1 -ppbatch cat /proc/cpuinfo
+ grep MHz
+ srun --nodes=1 --ntasks=1 -o host_info hostname
+ echo 'threads/node: 8'
+ echo 'nodes: ' 2
+ echo 'turbo: 0'
+ cp ../../opac.txt .
+ cp ../../input.dat .
+ srun --nodes=2 --ntasks=2 -e f.err ../../sphot

In READ-WRITE mode.

In READ-WRITE mode.
+ cd ../
+ i=6
+ '[' 6 -ge 4 ']'
+ export OMP_NUM_THREADS=6
+ OMP_NUM_THREADS=6
+ export KMP_AFFINITY=scatter
+ KMP_AFFINITY=scatter
++ date +%Y_%m_%d_%H_%M_%S_%N
+ name=2013_06_01_18_48_25_945975433
+ mkdir 2013_06_01_18_48_25_945975433
+ cd 2013_06_01_18_48_25_945975433
+ touch out.dat
+ env
+ echo 2013_06_01_18_48_25_945975433
+ uname -a
+ srun --nodes=1 --ntasks=1 -ppbatch cat /proc/cpuinfo
+ grep MHz
+ srun --nodes=1 --ntasks=1 -o host_info hostname
+ echo 'threads/node: 6'
+ echo 'nodes: ' 2
+ echo 'turbo: 0'
+ cp ../../opac.txt .
+ cp ../../input.dat .
+ srun --nodes=2 --ntasks=2 -e f.err ../../sphot

In READ-WRITE mode.

In READ-WRITE mode.
+ cd ../
+ i=4
+ '[' 4 -ge 4 ']'
+ export OMP_NUM_THREADS=4
+ OMP_NUM_THREADS=4
+ export KMP_AFFINITY=scatter
+ KMP_AFFINITY=scatter
++ date +%Y_%m_%d_%H_%M_%S_%N
+ name=2013_06_01_19_05_56_641224244
+ mkdir 2013_06_01_19_05_56_641224244
+ cd 2013_06_01_19_05_56_641224244
+ touch out.dat
+ env
+ echo 2013_06_01_19_05_56_641224244
+ uname -a
+ srun --nodes=1 --ntasks=1 -ppbatch cat /proc/cpuinfo
+ grep MHz
+ srun --nodes=1 --ntasks=1 -o host_info hostname
+ echo 'threads/node: 4'
+ echo 'nodes: ' 2
+ echo 'turbo: 0'
+ cp ../../opac.txt .
+ cp ../../input.dat .
+ srun --nodes=2 --ntasks=2 -e f.err ../../sphot

In READ-WRITE mode.

In READ-WRITE mode.
+ cd ../
+ i=2
+ '[' 2 -ge 4 ']'
+ j=4
+ '[' 4 -le 6 ']'
+ i=16
+ '[' 16 -ge 4 ']'
+ export OMP_NUM_THREADS=16
+ OMP_NUM_THREADS=16
+ export KMP_AFFINITY=scatter
+ KMP_AFFINITY=scatter
++ date +%Y_%m_%d_%H_%M_%S_%N
+ name=2013_06_01_19_30_58_916510424
+ mkdir 2013_06_01_19_30_58_916510424
+ cd 2013_06_01_19_30_58_916510424
+ touch out.dat
+ env
+ echo 2013_06_01_19_30_58_916510424
+ uname -a
+ srun --nodes=1 --ntasks=1 -ppbatch cat /proc/cpuinfo
+ grep MHz
+ srun --nodes=1 --ntasks=1 -o host_info hostname
+ echo 'threads/node: 16'
+ echo 'nodes: ' 4
+ echo 'turbo: 0'
+ cp ../../opac.txt .
+ cp ../../input.dat .
+ srun --nodes=4 --ntasks=4 -e f.err ../../sphot

In READ-WRITE mode.

In READ-WRITE mode.

In READ-WRITE mode.

In READ-WRITE mode.
+ cd ../
+ i=14
+ '[' 14 -ge 4 ']'
+ export OMP_NUM_THREADS=14
+ OMP_NUM_THREADS=14
+ export KMP_AFFINITY=scatter
+ KMP_AFFINITY=scatter
++ date +%Y_%m_%d_%H_%M_%S_%N
+ name=2013_06_01_19_36_00_418864084
+ mkdir 2013_06_01_19_36_00_418864084
+ cd 2013_06_01_19_36_00_418864084
+ touch out.dat
+ env
+ echo 2013_06_01_19_36_00_418864084
+ uname -a
+ srun --nodes=1 --ntasks=1 -ppbatch cat /proc/cpuinfo
+ grep MHz
+ srun --nodes=1 --ntasks=1 -o host_info hostname
+ echo 'threads/node: 14'
+ echo 'nodes: ' 4
+ echo 'turbo: 0'
+ cp ../../opac.txt .
+ cp ../../input.dat .
+ srun --nodes=4 --ntasks=4 -e f.err ../../sphot

In READ-WRITE mode.

In READ-WRITE mode.

In READ-WRITE mode.

In READ-WRITE mode.
+ cd ../
+ i=12
+ '[' 12 -ge 4 ']'
+ export OMP_NUM_THREADS=12
+ OMP_NUM_THREADS=12
+ export KMP_AFFINITY=scatter
+ KMP_AFFINITY=scatter
++ date +%Y_%m_%d_%H_%M_%S_%N
+ name=2013_06_01_19_40_43_389879668
+ mkdir 2013_06_01_19_40_43_389879668
+ cd 2013_06_01_19_40_43_389879668
+ touch out.dat
+ env
+ echo 2013_06_01_19_40_43_389879668
+ uname -a
+ srun --nodes=1 --ntasks=1 -ppbatch cat /proc/cpuinfo
+ grep MHz
+ srun --nodes=1 --ntasks=1 -o host_info hostname
+ echo 'threads/node: 12'
+ echo 'nodes: ' 4
+ echo 'turbo: 0'
+ cp ../../opac.txt .
+ cp ../../input.dat .
+ srun --nodes=4 --ntasks=4 -e f.err ../../sphot

In READ-WRITE mode.

In READ-WRITE mode.

In READ-WRITE mode.

In READ-WRITE mode.
+ cd ../
+ i=10
+ '[' 10 -ge 4 ']'
+ export OMP_NUM_THREADS=10
+ OMP_NUM_THREADS=10
+ export KMP_AFFINITY=scatter
+ KMP_AFFINITY=scatter
++ date +%Y_%m_%d_%H_%M_%S_%N
+ name=2013_06_01_19_45_55_801162688
+ mkdir 2013_06_01_19_45_55_801162688
+ cd 2013_06_01_19_45_55_801162688
+ touch out.dat
+ env
+ echo 2013_06_01_19_45_55_801162688
+ uname -a
+ srun --nodes=1 --ntasks=1 -ppbatch cat /proc/cpuinfo
+ grep MHz
+ srun --nodes=1 --ntasks=1 -o host_info hostname
+ echo 'threads/node: 10'
+ echo 'nodes: ' 4
+ echo 'turbo: 0'
+ cp ../../opac.txt .
+ cp ../../input.dat .
+ srun --nodes=4 --ntasks=4 -e f.err ../../sphot

In READ-WRITE mode.

In READ-WRITE mode.

In READ-WRITE mode.

In READ-WRITE mode.
+ cd ../
+ i=8
+ '[' 8 -ge 4 ']'
+ export OMP_NUM_THREADS=8
+ OMP_NUM_THREADS=8
+ export KMP_AFFINITY=scatter
+ KMP_AFFINITY=scatter
++ date +%Y_%m_%d_%H_%M_%S_%N
+ name=2013_06_01_19_51_53_415285445
+ mkdir 2013_06_01_19_51_53_415285445
+ cd 2013_06_01_19_51_53_415285445
+ touch out.dat
+ env
+ echo 2013_06_01_19_51_53_415285445
+ uname -a
+ srun --nodes=1 --ntasks=1 -ppbatch cat /proc/cpuinfo
+ grep MHz
+ srun --nodes=1 --ntasks=1 -o host_info hostname
+ echo 'threads/node: 8'
+ echo 'nodes: ' 4
+ echo 'turbo: 0'
+ cp ../../opac.txt .
+ cp ../../input.dat .
+ srun --nodes=4 --ntasks=4 -e f.err ../../sphot

In READ-WRITE mode.

In READ-WRITE mode.

In READ-WRITE mode.

In READ-WRITE mode.
+ cd ../
+ i=6
+ '[' 6 -ge 4 ']'
+ export OMP_NUM_THREADS=6
+ OMP_NUM_THREADS=6
+ export KMP_AFFINITY=scatter
+ KMP_AFFINITY=scatter
++ date +%Y_%m_%d_%H_%M_%S_%N
+ name=2013_06_01_19_59_02_010983185
+ mkdir 2013_06_01_19_59_02_010983185
+ cd 2013_06_01_19_59_02_010983185
+ touch out.dat
+ env
+ echo 2013_06_01_19_59_02_010983185
+ uname -a
+ srun --nodes=1 --ntasks=1 -ppbatch cat /proc/cpuinfo
+ grep MHz
+ srun --nodes=1 --ntasks=1 -o host_info hostname
+ echo 'threads/node: 6'
+ echo 'nodes: ' 4
+ echo 'turbo: 0'
+ cp ../../opac.txt .
+ cp ../../input.dat .
+ srun --nodes=4 --ntasks=4 -e f.err ../../sphot

In READ-WRITE mode.

In READ-WRITE mode.

In READ-WRITE mode.

In READ-WRITE mode.
+ cd ../
+ i=4
+ '[' 4 -ge 4 ']'
+ export OMP_NUM_THREADS=4
+ OMP_NUM_THREADS=4
+ export KMP_AFFINITY=scatter
+ KMP_AFFINITY=scatter
++ date +%Y_%m_%d_%H_%M_%S_%N
+ name=2013_06_01_20_07_54_459156997
+ mkdir 2013_06_01_20_07_54_459156997
+ cd 2013_06_01_20_07_54_459156997
+ touch out.dat
+ env
+ echo 2013_06_01_20_07_54_459156997
+ uname -a
+ srun --nodes=1 --ntasks=1 -ppbatch cat /proc/cpuinfo
+ grep MHz
+ srun --nodes=1 --ntasks=1 -o host_info hostname
+ echo 'threads/node: 4'
+ echo 'nodes: ' 4
+ echo 'turbo: 0'
+ cp ../../opac.txt .
+ cp ../../input.dat .
+ srun --nodes=4 --ntasks=4 -e f.err ../../sphot

In READ-WRITE mode.

In READ-WRITE mode.

In READ-WRITE mode.

In READ-WRITE mode.
+ cd ../
+ i=2
+ '[' 2 -ge 4 ']'
+ j=6
+ '[' 6 -le 6 ']'
+ i=16
+ '[' 16 -ge 4 ']'
+ export OMP_NUM_THREADS=16
+ OMP_NUM_THREADS=16
+ export KMP_AFFINITY=scatter
+ KMP_AFFINITY=scatter
++ date +%Y_%m_%d_%H_%M_%S_%N
+ name=2013_06_01_20_20_28_780578047
+ mkdir 2013_06_01_20_20_28_780578047
+ cd 2013_06_01_20_20_28_780578047
+ touch out.dat
+ env
+ echo 2013_06_01_20_20_28_780578047
+ uname -a
+ srun --nodes=1 --ntasks=1 -ppbatch cat /proc/cpuinfo
+ grep MHz
+ srun --nodes=1 --ntasks=1 -o host_info hostname
+ echo 'threads/node: 16'
+ echo 'nodes: ' 6
+ echo 'turbo: 0'
+ cp ../../opac.txt .
+ cp ../../input.dat .
+ srun --nodes=6 --ntasks=6 -e f.err ../../sphot

In READ-WRITE mode.

In READ-WRITE mode.

In READ-WRITE mode.

In READ-WRITE mode.

In READ-WRITE mode.

In READ-WRITE mode.
+ cd ../
+ i=14
+ '[' 14 -ge 4 ']'
+ export OMP_NUM_THREADS=14
+ OMP_NUM_THREADS=14
+ export KMP_AFFINITY=scatter
+ KMP_AFFINITY=scatter
++ date +%Y_%m_%d_%H_%M_%S_%N
+ name=2013_06_01_20_23_53_280306307
+ mkdir 2013_06_01_20_23_53_280306307
+ cd 2013_06_01_20_23_53_280306307
+ touch out.dat
+ env
+ echo 2013_06_01_20_23_53_280306307
+ uname -a
+ srun --nodes=1 --ntasks=1 -ppbatch cat /proc/cpuinfo
+ grep MHz
+ srun --nodes=1 --ntasks=1 -o host_info hostname
+ echo 'threads/node: 14'
+ echo 'nodes: ' 6
+ echo 'turbo: 0'
+ cp ../../opac.txt .
+ cp ../../input.dat .
+ srun --nodes=6 --ntasks=6 -e f.err ../../sphot

In READ-WRITE mode.

In READ-WRITE mode.

In READ-WRITE mode.

In READ-WRITE mode.

In READ-WRITE mode.

In READ-WRITE mode.
+ cd ../
+ i=12
+ '[' 12 -ge 4 ']'
+ export OMP_NUM_THREADS=12
+ OMP_NUM_THREADS=12
+ export KMP_AFFINITY=scatter
+ KMP_AFFINITY=scatter
++ date +%Y_%m_%d_%H_%M_%S_%N
+ name=2013_06_01_20_27_04_748020696
+ mkdir 2013_06_01_20_27_04_748020696
+ cd 2013_06_01_20_27_04_748020696
+ touch out.dat
+ env
+ echo 2013_06_01_20_27_04_748020696
+ uname -a
+ srun --nodes=1 --ntasks=1 -ppbatch cat /proc/cpuinfo
+ grep MHz
+ srun --nodes=1 --ntasks=1 -o host_info hostname
+ echo 'threads/node: 12'
+ echo 'nodes: ' 6
+ echo 'turbo: 0'
+ cp ../../opac.txt .
+ cp ../../input.dat .
+ srun --nodes=6 --ntasks=6 -e f.err ../../sphot

In READ-WRITE mode.

In READ-WRITE mode.

In READ-WRITE mode.

In READ-WRITE mode.

In READ-WRITE mode.

In READ-WRITE mode.
+ cd ../
+ i=10
+ '[' 10 -ge 4 ']'
+ export OMP_NUM_THREADS=10
+ OMP_NUM_THREADS=10
+ export KMP_AFFINITY=scatter
+ KMP_AFFINITY=scatter
++ date +%Y_%m_%d_%H_%M_%S_%N
+ name=2013_06_01_20_30_34_657872718
+ mkdir 2013_06_01_20_30_34_657872718
+ cd 2013_06_01_20_30_34_657872718
+ touch out.dat
+ env
+ echo 2013_06_01_20_30_34_657872718
+ uname -a
+ srun --nodes=1 --ntasks=1 -ppbatch cat /proc/cpuinfo
+ grep MHz
+ srun --nodes=1 --ntasks=1 -o host_info hostname
+ echo 'threads/node: 10'
+ echo 'nodes: ' 6
+ echo 'turbo: 0'
+ cp ../../opac.txt .
+ cp ../../input.dat .
+ srun --nodes=6 --ntasks=6 -e f.err ../../sphot

In READ-WRITE mode.

In READ-WRITE mode.

In READ-WRITE mode.

In READ-WRITE mode.

In READ-WRITE mode.

In READ-WRITE mode.
+ cd ../
+ i=8
+ '[' 8 -ge 4 ']'
+ export OMP_NUM_THREADS=8
+ OMP_NUM_THREADS=8
+ export KMP_AFFINITY=scatter
+ KMP_AFFINITY=scatter
++ date +%Y_%m_%d_%H_%M_%S_%N
+ name=2013_06_01_20_34_36_499271635
+ mkdir 2013_06_01_20_34_36_499271635
+ cd 2013_06_01_20_34_36_499271635
+ touch out.dat
+ env
+ echo 2013_06_01_20_34_36_499271635
+ uname -a
+ srun --nodes=1 --ntasks=1 -ppbatch cat /proc/cpuinfo
+ grep MHz
+ srun --nodes=1 --ntasks=1 -o host_info hostname
+ echo 'threads/node: 8'
+ echo 'nodes: ' 6
+ echo 'turbo: 0'
+ cp ../../opac.txt .
+ cp ../../input.dat .
+ srun --nodes=6 --ntasks=6 -e f.err ../../sphot

In READ-WRITE mode.

In READ-WRITE mode.

In READ-WRITE mode.

In READ-WRITE mode.

In READ-WRITE mode.

In READ-WRITE mode.
+ cd ../
+ i=6
+ '[' 6 -ge 4 ']'
+ export OMP_NUM_THREADS=6
+ OMP_NUM_THREADS=6
+ export KMP_AFFINITY=scatter
+ KMP_AFFINITY=scatter
++ date +%Y_%m_%d_%H_%M_%S_%N
+ name=2013_06_01_20_39_23_983519802
+ mkdir 2013_06_01_20_39_23_983519802
+ cd 2013_06_01_20_39_23_983519802
+ touch out.dat
+ env
+ echo 2013_06_01_20_39_23_983519802
+ uname -a
+ srun --nodes=1 --ntasks=1 -ppbatch cat /proc/cpuinfo
+ grep MHz
+ srun --nodes=1 --ntasks=1 -o host_info hostname
+ echo 'threads/node: 6'
+ echo 'nodes: ' 6
+ echo 'turbo: 0'
+ cp ../../opac.txt .
+ cp ../../input.dat .
+ srun --nodes=6 --ntasks=6 -e f.err ../../sphot

In READ-WRITE mode.

In READ-WRITE mode.

In READ-WRITE mode.

In READ-WRITE mode.

In READ-WRITE mode.

In READ-WRITE mode.
+ cd ../
+ i=4
+ '[' 4 -ge 4 ']'
+ export OMP_NUM_THREADS=4
+ OMP_NUM_THREADS=4
+ export KMP_AFFINITY=scatter
+ KMP_AFFINITY=scatter
++ date +%Y_%m_%d_%H_%M_%S_%N
+ name=2013_06_01_20_45_22_411413785
+ mkdir 2013_06_01_20_45_22_411413785
+ cd 2013_06_01_20_45_22_411413785
+ touch out.dat
+ env
+ echo 2013_06_01_20_45_22_411413785
+ uname -a
+ srun --nodes=1 --ntasks=1 -ppbatch cat /proc/cpuinfo
+ grep MHz
+ srun --nodes=1 --ntasks=1 -o host_info hostname
+ echo 'threads/node: 4'
+ echo 'nodes: ' 6
+ echo 'turbo: 0'
+ cp ../../opac.txt .
+ cp ../../input.dat .
+ srun --nodes=6 --ntasks=6 -e f.err ../../sphot

In READ-WRITE mode.

In READ-WRITE mode.

In READ-WRITE mode.

In READ-WRITE mode.

In READ-WRITE mode.

In READ-WRITE mode.
+ cd ../
+ i=2
+ '[' 2 -ge 4 ']'
+ j=8
+ '[' 8 -le 6 ']'
+ for pkg in 0x38198 0x038208 0x038280 0x0382f8
+ i=16
+ j=2
+ export MSR_PKG_POWER_LIMIT=0x038280
+ MSR_PKG_POWER_LIMIT=0x038280
+ '[' 2 -le 6 ']'
+ i=16
+ '[' 16 -ge 4 ']'
+ export OMP_NUM_THREADS=16
+ OMP_NUM_THREADS=16
+ export KMP_AFFINITY=scatter
+ KMP_AFFINITY=scatter
++ date +%Y_%m_%d_%H_%M_%S_%N
+ name=2013_06_01_20_53_47_998214230
+ mkdir 2013_06_01_20_53_47_998214230
+ cd 2013_06_01_20_53_47_998214230
+ touch out.dat
+ env
+ echo 2013_06_01_20_53_47_998214230
+ uname -a
+ srun --nodes=1 --ntasks=1 -ppbatch cat /proc/cpuinfo
+ grep MHz
+ srun --nodes=1 --ntasks=1 -o host_info hostname
+ echo 'threads/node: 16'
+ echo 'nodes: ' 2
+ echo 'turbo: 0'
+ cp ../../opac.txt .
+ cp ../../input.dat .
+ srun --nodes=2 --ntasks=2 -e f.err ../../sphot

In READ-WRITE mode.

In READ-WRITE mode.
+ cd ../
+ i=14
+ '[' 14 -ge 4 ']'
+ export OMP_NUM_THREADS=14
+ OMP_NUM_THREADS=14
+ export KMP_AFFINITY=scatter
+ KMP_AFFINITY=scatter
++ date +%Y_%m_%d_%H_%M_%S_%N
+ name=2013_06_01_21_02_22_862333359
+ mkdir 2013_06_01_21_02_22_862333359
+ cd 2013_06_01_21_02_22_862333359
+ touch out.dat
+ env
+ echo 2013_06_01_21_02_22_862333359
+ uname -a
+ srun --nodes=1 --ntasks=1 -ppbatch cat /proc/cpuinfo
+ grep MHz
+ srun --nodes=1 --ntasks=1 -o host_info hostname
+ echo 'threads/node: 14'
+ echo 'nodes: ' 2
+ echo 'turbo: 0'
+ cp ../../opac.txt .
+ cp ../../input.dat .
+ srun --nodes=2 --ntasks=2 -e f.err ../../sphot

In READ-WRITE mode.

In READ-WRITE mode.
+ cd ../
+ i=12
+ '[' 12 -ge 4 ']'
+ export OMP_NUM_THREADS=12
+ OMP_NUM_THREADS=12
+ export KMP_AFFINITY=scatter
+ KMP_AFFINITY=scatter
++ date +%Y_%m_%d_%H_%M_%S_%N
+ name=2013_06_01_21_11_43_030448448
+ mkdir 2013_06_01_21_11_43_030448448
+ cd 2013_06_01_21_11_43_030448448
+ touch out.dat
+ env
+ echo 2013_06_01_21_11_43_030448448
+ uname -a
+ srun --nodes=1 --ntasks=1 -ppbatch cat /proc/cpuinfo
+ grep MHz
+ srun --nodes=1 --ntasks=1 -o host_info hostname
+ echo 'threads/node: 12'
+ echo 'nodes: ' 2
+ echo 'turbo: 0'
+ cp ../../opac.txt .
+ cp ../../input.dat .
+ srun --nodes=2 --ntasks=2 -e f.err ../../sphot

In READ-WRITE mode.

In READ-WRITE mode.
+ cd ../
+ i=10
+ '[' 10 -ge 4 ']'
+ export OMP_NUM_THREADS=10
+ OMP_NUM_THREADS=10
+ export KMP_AFFINITY=scatter
+ KMP_AFFINITY=scatter
++ date +%Y_%m_%d_%H_%M_%S_%N
+ name=2013_06_01_21_22_05_118426018
+ mkdir 2013_06_01_21_22_05_118426018
+ cd 2013_06_01_21_22_05_118426018
+ touch out.dat
+ env
+ echo 2013_06_01_21_22_05_118426018
+ uname -a
+ srun --nodes=1 --ntasks=1 -ppbatch cat /proc/cpuinfo
+ grep MHz
+ srun --nodes=1 --ntasks=1 -o host_info hostname
+ echo 'threads/node: 10'
+ echo 'nodes: ' 2
+ echo 'turbo: 0'
+ cp ../../opac.txt .
+ cp ../../input.dat .
+ srun --nodes=2 --ntasks=2 -e f.err ../../sphot

In READ-WRITE mode.

In READ-WRITE mode.
+ cd ../
+ i=8
+ '[' 8 -ge 4 ']'
+ export OMP_NUM_THREADS=8
+ OMP_NUM_THREADS=8
+ export KMP_AFFINITY=scatter
+ KMP_AFFINITY=scatter
++ date +%Y_%m_%d_%H_%M_%S_%N
+ name=2013_06_01_21_33_52_512753919
+ mkdir 2013_06_01_21_33_52_512753919
+ cd 2013_06_01_21_33_52_512753919
+ touch out.dat
+ env
+ echo 2013_06_01_21_33_52_512753919
+ uname -a
+ srun --nodes=1 --ntasks=1 -ppbatch cat /proc/cpuinfo
+ grep MHz
+ srun --nodes=1 --ntasks=1 -o host_info hostname
+ echo 'threads/node: 8'
+ echo 'nodes: ' 2
+ echo 'turbo: 0'
+ cp ../../opac.txt .
+ cp ../../input.dat .
+ srun --nodes=2 --ntasks=2 -e f.err ../../sphot

In READ-WRITE mode.

In READ-WRITE mode.
+ cd ../
+ i=6
+ '[' 6 -ge 4 ']'
+ export OMP_NUM_THREADS=6
+ OMP_NUM_THREADS=6
+ export KMP_AFFINITY=scatter
+ KMP_AFFINITY=scatter
++ date +%Y_%m_%d_%H_%M_%S_%N
+ name=2013_06_01_21_47_54_210525367
+ mkdir 2013_06_01_21_47_54_210525367
+ cd 2013_06_01_21_47_54_210525367
+ touch out.dat
+ env
+ echo 2013_06_01_21_47_54_210525367
+ uname -a
+ srun --nodes=1 --ntasks=1 -ppbatch cat /proc/cpuinfo
+ grep MHz
+ srun --nodes=1 --ntasks=1 -o host_info hostname
+ echo 'threads/node: 6'
+ echo 'nodes: ' 2
+ echo 'turbo: 0'
+ cp ../../opac.txt .
+ cp ../../input.dat .
+ srun --nodes=2 --ntasks=2 -e f.err ../../sphot

In READ-WRITE mode.

In READ-WRITE mode.
+ cd ../
+ i=4
+ '[' 4 -ge 4 ']'
+ export OMP_NUM_THREADS=4
+ OMP_NUM_THREADS=4
+ export KMP_AFFINITY=scatter
+ KMP_AFFINITY=scatter
++ date +%Y_%m_%d_%H_%M_%S_%N
+ name=2013_06_01_22_05_33_159432491
+ mkdir 2013_06_01_22_05_33_159432491
+ cd 2013_06_01_22_05_33_159432491
+ touch out.dat
+ env
+ echo 2013_06_01_22_05_33_159432491
+ uname -a
+ srun --nodes=1 --ntasks=1 -ppbatch cat /proc/cpuinfo
+ grep MHz
+ srun --nodes=1 --ntasks=1 -o host_info hostname
+ echo 'threads/node: 4'
+ echo 'nodes: ' 2
+ echo 'turbo: 0'
+ cp ../../opac.txt .
+ cp ../../input.dat .
+ srun --nodes=2 --ntasks=2 -e f.err ../../sphot

In READ-WRITE mode.

In READ-WRITE mode.
slurmd[rzmerl39]: *** JOB 750741 CANCELLED AT 2013-06-01T22:15:49 DUE TO TIME LIMIT ***
