id freq nodes cores pkg-clamp-0 pkg-clamp-1 dram-clamp-0 dram-clamp-1 avg-time avg-pkg-0 avg-pp0-0 avg-dram-0 avg-pkg-1 avg-pp0-1 avg-dram-1 tot-pkg-0 tot-pp0-0 tot-dram-0 tot-pkg-1 tot-pp0-1 tot-dram-1
2013_01_02_15_39_10_256316484  2601.000 8 16 115.000000 115.000000 0.000000 0.000000 35.469985 83.536281 69.626436625 8.077400375 83.42987675 69.6448215 7.696211375 668.290248 557.011493 64.619203 667.439014 557.158572 61.569691
2013_01_02_15_39_52_916324393  2601.000 8 14 115.000000 115.000000 0.000000 0.000000 34.46017025 77.443866625 63.5016045 8.16625875 78.11761125 64.214977875 7.985694625 619.550933 508.012836 65.33007 624.94089 513.719823 63.885557
2013_01_02_15_40_34_274950090  2601.000 8 12 115.000000 115.000000 0.000000 0.000000 34.647316625 73.18106875 59.217540625 8.257082625 72.421103875 58.453964875 8.14570125 585.44855 473.740325 66.056661 579.368831 467.631719 65.16561
2013_01_02_15_41_15_400313924  2601.000 8 10 115.000000 115.000000 0.000000 0.000000 34.07447625 66.243196875 52.332271875 7.9382755 67.593227875 53.7016195 8.090665875 529.945575 418.658175 63.506204 540.745823 429.612956 64.725327
2013_01_02_15_41_55_977241180  2601.000 8 8 115.000000 115.000000 0.000000 0.000000 32.091834125 61.669320375 47.66585775 8.51893625 62.71397875 48.777790625 8.33672125 493.354563 381.326862 68.15149 501.71183 390.222325 66.69377
2013_01_02_15_42_34_789690607  2601.000 8 6 115.000000 115.000000 0.000000 0.000000 40.559671875 52.84864 39.088536875 7.652176375 54.512949625 40.750340375 7.809252 422.78912 312.708295 61.217411 436.103597 326.002723 62.474016
2013_01_02_15_43_22_071588053  2601.000 8 4 115.000000 115.000000 0.000000 0.000000 42.039766625 45.56148525 31.949043375 7.006011 49.31773325 35.595825375 7.5176235 364.491882 255.592347 56.048088 394.541866 284.766603 60.140988
2013_01_02_15_44_10_809233115  2601.000 16 16 115.000000 115.000000 0.000000 0.000000 18.5972105 82.3303359375 68.3680544375 7.7359141875 82.822705375 68.9439938125 7.49938175 1317.285375 1093.888871 123.774627 1325.163286 1103.103901 119.990108
2013_01_02_15_44_35_685317349  2601.000 16 14 115.000000 115.000000 0.000000 0.000000 17.4587873125 78.142977875 64.1595158125 7.9341795625 77.139415 63.25026375 7.653350375 1250.287646 1026.552253 126.946873 1234.23064 1012.00422 122.453606
2013_01_02_15_44_59_372110946  2601.000 16 12 115.000000 115.000000 0.000000 0.000000 17.74129375 70.9162125625 56.938906 7.7556675 72.0743138125 58.1788538125 7.81347075 1134.659401 911.022496 124.09068 1153.189021 930.861661 125.015532
2013_01_02_15_45_22_809033480  2601.000 16 10 115.000000 115.000000 0.000000 0.000000 17.0880936875 66.6722828125 52.731823125 7.744780125 66.2680885 52.3817685625 7.6923350625 1066.756525 843.70917 123.916482 1060.289416 838.108297 123.077361
2013_01_02_15_45_46_513120708  2601.000 16 8 115.000000 115.000000 0.000000 0.000000 16.0808949375 60.021062625 46.064386625 7.8963071875 63.025598 49.1157154375 8.050456375 960.337002 737.030186 126.340915 1008.409568 785.851447 128.807302
2013_01_02_15_46_08_922303767  2601.000 16 6 115.000000 115.000000 0.000000 0.000000 20.3615233125 52.1569180625 38.443149875 6.9723504375 55.0875734375 41.33585325 7.34015025 834.510689 615.090398 111.557607 881.401175 661.373652 117.442404
2013_01_02_15_46_35_425122507  2601.000 16 4 115.000000 115.000000 0.000000 0.000000 21.050521125 46.112702375 32.5589264375 6.4031390625 48.2502254375 34.5920176875 6.9803545 737.803238 520.942823 102.450225 772.003607 553.472283 111.685672
2013_01_02_15_47_02_345101927  2601.000 32 16 115.000000 115.000000 0.000000 0.000000 9.314312375 80.1904269375 66.39850759375 6.99707890625 80.74471653125 67.010636625 6.95725534375 2566.093662 2124.752243 223.906525 2583.830929 2144.340372 222.632171
2013_01_02_15_47_19_427034168  2601.000 32 14 115.000000 115.000000 0.000000 0.000000 8.54902946875 78.37806896875 64.4972896875 7.348788375 75.12100846875 61.3729385 6.941819875 2508.098207 2063.91327 235.161228 2403.872271 1963.934032 222.138236
2013_01_02_15_47_34_805601008  2601.000 32 12 115.000000 115.000000 0.000000 0.000000 8.82194021875 70.06847078125 56.23405209375 7.1720028125 73.03144225 59.27328246875 7.1807055625 2242.191065 1799.489667 229.50409 2337.006152 1896.745039 229.782578
2013_01_02_15_47_50_596162263  2601.000 32 10 115.000000 115.000000 0.000000 0.000000 8.2548889375 65.72027021875 51.84878215625 7.190711375 66.0945665 52.3084584375 7.29014921875 2103.048647 1659.161029 230.102764 2115.026128 1673.87067 233.284775
2013_01_02_15_48_05_736448847  2601.000 32 8 115.000000 115.000000 0.000000 0.000000 8.14795671875 60.0133535 46.15057240625 7.366483875 61.7450108125 47.9473389375 7.3333871875 1920.427312 1476.818317 235.727484 1975.840346 1534.314846 234.66839
2013_01_02_15_48_20_680716243  2601.000 32 6 115.000000 115.000000 0.000000 0.000000 10.25335865625 52.23737696875 38.59069096875 6.44410571875 53.7371885 40.1080995 6.57292553125 1671.596063 1234.902111 206.211383 1719.590032 1283.459184 210.333617
2013_01_02_15_48_37_867600769  2601.000 32 4 115.000000 115.000000 0.000000 0.000000 10.3860205625 46.47161478125 32.883378875 6.45000759375 47.28196853125 33.80520940625 5.8117384375 1487.091673 1052.268124 206.400243 1513.022993 1081.766701 185.97563
2013_01_02_15_48_55_203484952  2601.000 8 16 51.000000 51.000000 0.000000 0.000000 43.24707025 50.766893125 36.949110875 7.753386375 50.778331625 36.972272875 8.121554625 406.135145 295.592887 62.027091 406.226653 295.778183 64.972437
2013_01_02_15_49_45_184327766  2601.000 8 14 51.000000 51.000000 0.000000 0.000000 41.416149125 50.751807625 36.8864665 8.30693225 50.788608875 37.007636125 7.804582875 406.014461 295.091732 66.455458 406.308871 296.061089 62.436663
2013_01_02_15_50_32_344278964  2601.000 8 12 51.000000 51.000000 0.000000 0.000000 38.785897625 50.775218875 36.849008125 8.428276625 50.575448875 36.771969125 8.070630875 406.201751 294.792065 67.426213 404.603591 294.175753 64.565047
2013_01_02_15_51_17_950537303  2601.000 8 10 51.000000 51.000000 0.000000 0.000000 37.57605875 50.13510575 36.18035275 8.51638725 49.371300125 35.540563375 8.06912875 401.080846 289.442822 68.131098 394.970401 284.324507 64.55303
2013_01_02_15_52_02_308791538  2601.000 8 8 51.000000 51.000000 0.000000 0.000000 37.6462475 45.973154375 32.02865275 8.482802 46.923993375 33.07978575 8.01053175 367.785235 256.229222 67.862416 375.391947 264.638286 64.084254
2013_01_02_15_52_46_697722685  2601.000 8 6 51.000000 51.000000 0.000000 0.000000 46.588313 40.403736125 26.748018125 7.410044625 40.96394575 27.29361675 7.458059125 323.229889 213.984145 59.280357 327.711566 218.348934 59.664473
2013_01_02_15_53_40_091787206  2601.000 8 4 51.000000 51.000000 0.000000 0.000000 49.2109565 34.377397625 20.852078625 6.845544375 36.635656625 23.062859625 6.8902155 275.019181 166.816629 54.764355 293.085253 184.502877 55.121724
2013_01_02_15_54_35_270012124  2601.000 16 16 51.000000 51.000000 0.000000 0.000000 22.992865875 50.5447731875 36.74646025 7.2416355625 50.6397236875 36.9069015 7.291853375 808.716371 587.943364 115.866169 810.235579 590.510424 116.669654
2013_01_02_15_55_03_896411826  2601.000 16 14 51.000000 51.000000 0.000000 0.000000 20.94278575 50.4614049375 36.67501875 7.291757375 50.479687125 36.730560375 7.3898159375 807.382479 586.8003 116.668118 807.674994 587.688966 118.237055
2013_01_02_15_55_30_506219858  2601.000 16 12 51.000000 51.000000 0.000000 0.000000 19.4514604375 50.79345025 36.9312045625 7.6037654375 50.7300779375 36.964500125 7.575342 812.695204 590.899273 121.660247 811.681247 591.432002 121.205472
2013_01_02_15_55_56_584145614  2601.000 16 10 51.000000 51.000000 0.000000 0.000000 19.0670316875 49.6440276875 35.8073780625 7.7534305625 49.9946691875 36.148716625 7.770071375 794.304443 572.918049 124.054889 799.914707 578.379466 124.321142
2013_01_02_15_56_22_295571087  2601.000 16 8 51.000000 51.000000 0.000000 0.000000 18.7374638125 45.5919568125 31.7627540625 7.697178875 46.804844125 33.0176535 7.6963008125 729.471309 508.204065 123.154862 748.877506 528.282456 123.140813
2013_01_02_15_56_47_206362101  2601.000 16 6 51.000000 51.000000 0.000000 0.000000 23.9539666875 39.5894170625 25.9923279375 6.7742634375 41.2807056875 27.633055125 7.0090166875 633.430673 415.877247 108.388215 660.491291 442.128882 112.144267
2013_01_02_15_57_17_836517447  2601.000 16 4 51.000000 51.000000 0.000000 0.000000 23.8659864375 35.612401875 22.059089875 6.6073340625 35.435205875 21.910415375 6.495955 569.79843 352.945438 105.717345 566.963294 350.566646 103.93528
2013_01_02_15_57_47_535068042  2601.000 32 16 51.000000 51.000000 0.000000 0.000000 11.337705 50.24521440625 36.54518628125 6.80348553125 50.42826090625 36.7916045 6.7722410625 1607.846861 1169.445961 217.711537 1613.704349 1177.331344 216.711714
2013_01_02_15_58_05_479808609  2601.000 32 14 51.000000 51.000000 0.000000 0.000000 10.42455471875 50.77153946875 37.0569788125 7.011883375 50.7734525625 37.10066571875 6.82094871875 1624.689263 1185.823322 224.380268 1624.750482 1187.221303 218.270359
2013_01_02_15_58_22_680427018  2601.000 32 12 51.000000 51.000000 0.000000 0.000000 9.795152 50.6340385 36.85446665625 7.14840271875 50.33407440625 36.6234225625 7.12531034375 1620.289232 1179.342933 228.748887 1610.690381 1171.949522 228.009931
2013_01_02_15_58_39_314690415  2601.000 32 10 51.000000 51.000000 0.000000 0.000000 9.2172765625 50.1433296875 36.35972778125 7.0605915 49.0955343125 35.408829625 7.06663503125 1604.58655 1163.511289 225.938928 1571.057098 1133.082548 226.132321
2013_01_02_15_58_55_389648902  2601.000 32 8 51.000000 51.000000 0.000000 0.000000 9.37800015625 45.88441075 32.11783034375 7.21123128125 46.05418796875 32.32536196875 7.06738796875 1468.301144 1027.770571 230.759401 1473.734015 1034.411583 226.156415
2013_01_02_15_59_11_712411362  2601.000 32 6 51.000000 51.000000 0.000000 0.000000 11.497965 38.87063090625 25.30846865625 6.29092590625 41.77681046875 28.19429578125 6.57172315625 1243.860189 809.870997 201.309629 1336.857935 902.217465 210.295141
2013_01_02_15_59_29_804199337  2601.000 32 4 51.000000 51.000000 0.000000 0.000000 12.1592334375 34.1336220625 20.6398545625 6.03448915625 36.3323010625 22.844386625 6.1094914375 1092.275906 660.475346 193.103653 1162.633634 731.020372 195.503726
2013_01_02_15_59_48_467683549  2601.000 8 16 65.000000 65.000000 0.000000 0.000000 39.601493375 64.150073875 50.256820625 8.18885175 64.44155425 50.64168775 7.981506625 513.200591 402.054565 65.510814 515.532434 405.133502 63.852053
2013_01_02_16_00_34_506516369  2601.000 8 14 65.000000 65.000000 0.000000 0.000000 38.939364875 61.903345625 48.001938 8.336540625 60.013042875 46.1569755 8.0959775 495.226765 384.015504 66.692325 480.104343 369.255804 64.76782
2013_01_02_16_01_19_096070162  2601.000 8 12 65.000000 65.000000 0.000000 0.000000 37.6083305 55.057790875 41.162389625 8.072492375 58.45376025 44.610290375 8.1768925 440.462327 329.299117 64.579939 467.630082 356.882323 65.41514
2013_01_02_16_02_02_476678978  2601.000 8 10 65.000000 65.000000 0.000000 0.000000 37.118659375 50.54064 36.623021875 8.1651455 52.65061125 38.754325875 8.42678975 404.32512 292.984175 65.321164 421.20489 310.034607 67.414318
2013_01_02_16_02_45_455870226  2601.000 8 8 65.000000 65.000000 0.000000 0.000000 37.28355275 46.669783875 32.715228625 8.316832125 46.611961625 32.734280125 8.248927875 373.358271 261.721829 66.534657 372.895693 261.874241 65.991423
2013_01_02_16_03_28_922280882  2601.000 8 6 65.000000 65.000000 0.000000 0.000000 45.809985125 39.58263575 25.901593625 7.2178515 41.56463525 27.969862 7.199152625 316.661086 207.212749 57.742812 332.517082 223.758896 57.593221
2013_01_02_16_04_20_729563640  2601.000 8 4 65.000000 65.000000 0.000000 0.000000 48.600645375 34.74387225 21.196686 6.867473 36.5721635 22.95002925 7.3209275 277.950978 169.573488 54.939784 292.577308 183.600234 58.56742
2013_01_02_16_05_15_362198957  2601.000 16 16 65.000000 65.000000 0.000000 0.000000 22.256422125 62.948239375 49.121487 7.4977675 63.3242058125 49.6299408125 6.902231375 1007.17183 785.943792 119.96428 1013.187293 794.079053 110.435702
2013_01_02_16_05_43_530990010  2601.000 16 14 65.000000 65.000000 0.000000 0.000000 18.558329875 60.297491125 46.34805425 8.0389245 60.967590875 47.1553461875 7.4918908125 964.759858 741.568868 128.622792 975.481454 754.485539 119.870253
2013_01_02_16_06_07_848320164  2601.000 16 12 65.000000 65.000000 0.000000 0.000000 18.763015 56.0961511875 42.2322559375 7.5882433125 56.831408375 42.9994998125 7.764528125 897.538419 675.716095 121.411893 909.302534 687.991997 124.23245
2013_01_02_16_06_32_438101076  2601.000 16 10 65.000000 65.000000 0.000000 0.000000 18.1320560625 51.9805626875 38.0755206875 7.88450275 50.8971400625 37.083062625 7.8193605625 831.689003 609.208331 126.152044 814.354241 593.329002 125.109769
2013_01_02_16_06_56_484301920  2601.000 16 8 65.000000 65.000000 0.000000 0.000000 18.06537075 46.4318059375 32.630354875 7.4772029375 46.5132210625 32.6929528125 7.5853614375 742.908895 522.085678 119.635247 744.211537 523.087245 121.365783
2013_01_02_16_07_20_447371768  2601.000 16 6 65.000000 65.000000 0.000000 0.000000 23.7393823125 39.0904495 25.4957071875 6.8478816875 41.8477154375 28.1940711875 7.19468075 625.447192 407.931315 109.566107 669.563447 451.105139 115.114892
2013_01_02_16_07_49_903016187  2601.000 16 4 65.000000 65.000000 0.000000 0.000000 24.1596114375 35.105088 21.544842625 6.6283371875 35.9402364375 22.420397125 6.5719595625 561.681408 344.717482 106.053395 575.043783 358.726354 105.151353
2013_01_02_16_08_19_946642492  2601.000 32 16 65.000000 65.000000 0.000000 0.000000 13.230600875 59.83605196875 46.18288034375 6.31793034375 60.88128103125 47.33395684375 5.63098209375 1914.753663 1477.852171 202.173771 1948.200993 1514.686619 180.191427
2013_01_02_16_08_39_916788295  2601.000 32 14 65.000000 65.000000 0.000000 0.000000 9.73026740625 59.7486289375 45.97283340625 7.083765125 59.9367785625 46.24354753125 6.9430278125 1911.956126 1471.130669 226.680484 1917.976914 1479.793521 222.17689
2013_01_02_16_08_56_425078958  2601.000 32 12 65.000000 65.000000 0.000000 0.000000 9.0978203125 56.73293503125 42.91527953125 7.117243625 55.414592875 41.66663484375 7.23619725 1815.453921 1373.288945 227.751796 1773.266972 1333.332315 231.558312
2013_01_02_16_09_12_107759458  2601.000 32 10 65.000000 65.000000 0.000000 0.000000 9.2537721875 51.0244219375 37.214929875 7.2447281875 50.8888864375 37.19236459375 6.94790296875 1632.781502 1190.877756 231.831302 1628.444366 1190.155667 222.332895
2013_01_02_16_09_28_275583405  2601.000 32 8 65.000000 65.000000 0.000000 0.000000 8.922369 45.89060321875 32.13063721875 6.970837375 46.47621846875 32.7090431875 7.3679448125 1468.499303 1028.180391 223.066796 1487.238991 1046.689382 235.774234
2013_01_02_16_09_43_818682539  2601.000 32 6 65.000000 65.000000 0.000000 0.000000 11.699064125 39.486526625 25.87542334375 6.72116265625 41.12873615625 27.59079934375 6.313627375 1263.568852 828.013547 215.077205 1316.119557 882.905579 202.036076
2013_01_02_16_10_01_659456601  2601.000 32 4 65.000000 65.000000 0.000000 0.000000 11.9687718125 34.48878665625 20.96705421875 6.2479250625 36.45123828125 23.00007290625 5.89417384375 1103.641173 670.945735 199.933602 1166.439625 736.002333 188.613563
2013_01_02_16_10_20_589875003  2601.000 8 16 80.000000 80.000000 0.000000 0.000000 37.1601285 66.154285125 52.262786625 7.928783875 67.394466 53.56166525 8.217237375 529.234281 418.102293 63.430271 539.155728 428.493322 65.737899
2013_01_02_16_11_03_384372705  2601.000 8 14 80.000000 80.000000 0.000000 0.000000 37.5955295 61.276641125 47.367741125 8.136012625 62.39271975 48.52329175 8.078583 490.213129 378.941929 65.088101 499.141758 388.186334 64.628664
2013_01_02_16_11_47_351513626  2601.000 8 12 80.000000 80.000000 0.000000 0.000000 37.23416575 55.1230155 41.292005875 7.81635675 58.72130575 44.81017525 8.269281 440.984124 330.336047 62.530854 469.770446 358.481402 66.154248
2013_01_02_16_12_30_139429751  2601.000 8 10 80.000000 80.000000 0.000000 0.000000 36.440445875 53.465444625 39.47862925 8.61615175 49.93777375 36.151031375 7.852533375 427.723557 315.829034 68.929214 399.50219 289.208251 62.820267
2013_01_02_16_13_12_337524498  2601.000 8 8 80.000000 80.000000 0.000000 0.000000 36.37967225 47.24851825 33.335528875 8.35410425 45.812960125 31.994811875 7.910678625 377.988146 266.684231 66.832834 366.503681 255.958495 63.285429
2013_01_02_16_13_55_361560710  2601.000 8 6 80.000000 80.000000 0.000000 0.000000 47.8060815 40.484498 26.74841775 7.81650275 40.716655625 27.04953425 7.480678625 323.875984 213.987342 62.532022 325.733245 216.396274 59.845429
2013_01_02_16_14_48_801637941  2601.000 8 4 80.000000 80.000000 0.000000 0.000000 49.51434675 34.829643625 21.316289375 6.57030525 36.359890875 22.68777125 7.47255425 278.637149 170.530315 52.562442 290.879127 181.50217 59.780434
2013_01_02_16_15_44_777732653  2601.000 16 16 80.000000 80.000000 0.000000 0.000000 19.38969525 66.182970875 52.26310475 7.7809741875 66.319128875 52.4776303125 7.7358744375 1058.927534 836.209676 124.495587 1061.106062 839.642085 123.773991
2013_01_02_16_16_10_152886941  2601.000 16 14 80.000000 80.000000 0.000000 0.000000 19.061378375 63.34680675 49.404558 7.9701668125 58.9613050625 45.1321923125 7.650374625 1013.548908 790.472928 127.522669 943.380881 722.115077 122.405994
2013_01_02_16_16_36_079642077  2601.000 16 12 80.000000 80.000000 0.000000 0.000000 19.3981544375 57.3407239375 43.4768133125 7.710801375 55.5576530625 41.8344626875 7.2102443125 917.451583 695.629013 123.372822 888.922449 669.351403 115.363909
2013_01_02_16_17_01_082930445  2601.000 16 10 80.000000 80.000000 0.000000 0.000000 18.5847869375 50.7447351875 36.9063615625 7.552579875 51.846032625 38.0046634375 7.839368 811.915763 590.501785 120.841278 829.536522 608.074615 125.429888
2013_01_02_16_17_26_336448898  2601.000 16 8 80.000000 80.000000 0.000000 0.000000 18.1170018125 46.352018375 32.5621335625 7.3988079375 46.5453690625 32.7357815625 7.637901875 741.632294 520.994137 118.380927 744.725905 523.772505 122.20643
2013_01_02_16_17_50_039614802  2601.000 16 6 80.000000 80.000000 0.000000 0.000000 22.9542931875 39.8716945 26.2859359375 6.5843205625 41.1370980625 27.4668779375 7.2147805625 637.947112 420.574975 105.349129 658.193569 439.470047 115.436489
2013_01_02_16_18_18_461959170  2601.000 16 4 80.000000 80.000000 0.000000 0.000000 23.865378125 35.3402815 21.8051020625 6.4288215 35.7755846875 22.234801125 6.5128856875 565.444504 348.881633 102.861144 572.409355 355.756818 104.206171
2013_01_02_16_18_47_913310236  2601.000 32 16 80.000000 80.000000 0.000000 0.000000 10.04189475 64.00980559375 50.2535489375 7.0009661875 64.4924010625 50.834485875 6.68978490625 2048.313779 1608.113566 224.030918 2063.756834 1626.703548 214.073117
2013_01_02_16_19_04_998617390  2601.000 32 14 80.000000 80.000000 0.000000 0.000000 9.763056625 60.65552240625 46.8876438125 6.9520818125 57.93257359375 44.2734739375 6.71267425 1940.976717 1500.404602 222.466618 1853.842355 1416.751166 214.805576
2013_01_02_16_19_21_762897915  2601.000 32 12 80.000000 80.000000 0.000000 0.000000 9.28662871875 56.4786794375 42.69887025 7.27279734375 55.24413421875 41.5431386875 7.0562338125 1807.317742 1366.363848 232.729515 1767.812295 1329.380438 225.799482
2013_01_02_16_19_37_353343560  2601.000 32 10 80.000000 80.000000 0.000000 0.000000 9.0948309375 50.78250290625 37.0008521875 7.220515875 51.32656846875 37.56980284375 7.18723953125 1625.040093 1184.02727 231.056508 1642.450191 1202.233691 229.991665
2013_01_02_16_19_53_177947667  2601.000 32 8 80.000000 80.000000 0.000000 0.000000 9.39414346875 46.22227296875 32.4477203125 7.049745 45.966665625 32.26693803125 6.98952440625 1479.112735 1038.32705 225.59184 1470.9333 1032.542017 223.664781
2013_01_02_16_20_09_747824166  2601.000 32 6 80.000000 80.000000 0.000000 0.000000 11.90142084375 39.385578875 25.80066009375 6.5726254375 41.05251575 27.4972166875 6.388474375 1260.338524 825.621123 210.324014 1313.680504 879.910934 204.43118
2013_01_02_16_20_28_496349111  2601.000 32 4 80.000000 80.000000 0.000000 0.000000 12.04123928125 34.68595746875 21.16849453125 6.09134040625 36.18100159375 22.71782384375 6.0415333125 1109.950639 677.391825 194.922893 1157.792051 726.970363 193.329066
2013_01_02_16_20_47_735240859  2601.000 8 16 95.000000 95.000000 0.000000 0.000000 38.46666925 66.173194625 52.239496375 8.023455625 67.340533125 53.464757125 8.217149125 529.385557 417.915971 64.187645 538.724265 427.718057 65.737193
2013_01_02_16_21_31_332943636  2601.000 8 14 95.000000 95.000000 0.000000 0.000000 37.10125525 61.928921875 47.980487125 8.516643 62.555927375 48.63179225 8.392833625 495.431375 383.843897 68.133144 500.447419 389.054338 67.142669
2013_01_02_16_22_14_540287742  2601.000 8 12 95.000000 95.000000 0.000000 0.000000 35.443692375 56.142588125 42.24261075 8.116051 57.581228625 43.792558 7.934063375 449.140705 337.940886 64.928408 460.649829 350.340464 63.472507
2013_01_02_16_22_56_093622794  2601.000 8 10 95.000000 95.000000 0.000000 0.000000 36.542892375 49.53894175 35.647068875 8.316636875 53.887478 40.013906875 8.181003125 396.311534 285.176551 66.533095 431.099824 320.111255 65.448025
2013_01_02_16_23_38_799475995  2601.000 8 8 95.000000 95.000000 0.000000 0.000000 36.162536 46.89618125 32.91261125 8.477956 46.569668875 32.752891125 8.1058465 375.16945 263.30089 67.823648 372.557351 262.023129 64.846772
2013_01_02_16_24_20_525535502  2601.000 8 6 95.000000 95.000000 0.000000 0.000000 47.2138195 39.955691 26.2887015 7.707308875 41.355619625 27.6908915 7.50377425 319.645528 210.309612 61.658471 330.844957 221.527132 60.030194
2013_01_02_16_25_13_558932267  2601.000 8 4 95.000000 95.000000 0.000000 0.000000 48.925935875 35.0897625 21.483017625 7.154292125 35.857931375 22.325035375 6.71078175 280.7181 171.864141 57.234337 286.863451 178.600283 53.686254
2013_01_02_16_26_09_185190647  2601.000 16 16 95.000000 95.000000 0.000000 0.000000 19.5218236875 66.087530375 52.1852598125 7.7285640625 66.4047595 52.5923621875 7.71293675 1057.400486 834.964157 123.657025 1062.476152 841.477795 123.406988
2013_01_02_16_26_34_214312702  2601.000 16 14 95.000000 95.000000 0.000000 0.000000 19.4734326875 61.208230625 47.30938975 7.7091785 60.727878 46.9225019375 7.512896375 979.33169 756.950236 123.346856 971.646048 750.760031 120.206342
2013_01_02_16_26_59_264195309  2601.000 16 12 95.000000 95.000000 0.000000 0.000000 18.398748375 57.8983759375 43.944648375 8.179020375 55.20221475 41.3647228125 7.9247490625 926.374015 703.114374 130.864326 883.235436 661.835565 126.795985
2013_01_02_16_27_23_296427537  2601.000 16 10 95.000000 95.000000 0.000000 0.000000 17.9743136875 52.4959759375 38.6508284375 7.665740875 50.4208769375 36.62500725 7.7084251875 839.935615 618.413255 122.651854 806.734031 586.000116 123.334803
2013_01_02_16_27_46_977461800  2601.000 16 8 95.000000 95.000000 0.000000 0.000000 18.51185075 45.78176375 31.955026 7.599407375 47.000802625 33.1976950625 7.6301315 732.50822 511.280416 121.590518 752.012842 531.163121 122.082104
2013_01_02_16_28_11_005328789  2601.000 16 6 95.000000 95.000000 0.000000 0.000000 23.5111350625 39.6117015625 26.0084435625 6.6793848125 41.2439566875 27.593259375 7.1903861875 633.787225 416.135097 106.870157 659.903307 441.49215 115.046179
2013_01_02_16_28_40_117642387  2601.000 16 4 95.000000 95.000000 0.000000 0.000000 24.4824158125 35.2325149375 21.7016640625 6.2972814375 35.792871125 22.235682375 6.6471063125 563.720239 347.226625 100.756503 572.685938 355.770918 106.353701
2013_01_02_16_29_10_175582364  2601.000 32 16 95.000000 95.000000 0.000000 0.000000 9.9750788125 64.5253394375 50.759065125 6.87449803125 64.99618815625 51.295470875 6.839058 2064.810862 1624.290084 219.983937 2079.878021 1641.455068 218.849856
2013_01_02_16_29_27_683315871  2601.000 32 14 95.000000 95.000000 0.000000 0.000000 9.7758321875 60.09621475 46.326135125 6.98683534375 58.6327258125 44.950260125 6.87232353125 1923.078872 1482.436324 223.578731 1876.247226 1438.408324 219.914353
2013_01_02_16_29_45_259388883  2601.000 32 12 95.000000 95.000000 0.000000 0.000000 9.22059153125 55.8045278125 42.0409301875 7.04351640625 56.03455 42.2755200625 7.258478125 1785.74489 1345.309766 225.392525 1793.1056 1352.816642 232.2713
2013_01_02_16_30_02_273666387  2601.000 32 10 95.000000 95.000000 0.000000 0.000000 9.23806653125 50.5597805625 36.757089625 7.25100546875 51.5039113125 37.75931771875 7.239112375 1617.912978 1176.226868 232.032175 1648.125162 1208.298167 231.651596
2013_01_02_16_30_19_026546749  2601.000 32 8 95.000000 95.000000 0.000000 0.000000 9.3822250625 45.897705125 32.1326495 7.00365446875 46.17945059375 32.488950875 7.03017921875 1468.726564 1028.244784 224.116943 1477.742419 1039.646428 224.965735
2013_01_02_16_30_35_882915150  2601.000 32 6 95.000000 95.000000 0.000000 0.000000 11.75528371875 39.00204203125 25.4110208125 6.38875015625 41.5613711875 27.97851425 6.6046618125 1248.065345 813.152666 204.440005 1329.963878 895.312456 211.349178
2013_01_02_16_30_55_472439325  2601.000 32 4 95.000000 95.000000 0.000000 0.000000 12.174031625 34.7523660625 21.2281391875 6.11317284375 36.142226375 22.68069690625 6.11631703125 1112.075714 679.300454 195.621531 1156.551244 725.782301 195.722145
