id freq nodes cores pkg-clamp-0 pkg-clamp-1 dram-clamp-0 dram-clamp-1 avg-time avg-pkg-0 avg-pp0-0 avg-dram-0 avg-pkg-1 avg-pp0-1 avg-dram-1 tot-pkg-0 tot-pp0-0 tot-dram-0 tot-pkg-1 tot-pp0-1 tot-dram-1
2012_12_27_08_16_55_268152610  2601.000 8 16 115.000000 115.000000 0.000000 0.000000 17.95282375 84.690635375 71.472360125 4.832352875 84.07624925 70.915094125 2.048403 677.525083 571.778881 38.658823 672.609994 567.320753 16.387224
2012_12_27_08_17_20_345980830  2601.000 8 14 115.000000 115.000000 0.000000 0.000000 20.322743375 80.318349625 67.082706375 4.93187275 76.833646875 63.661854875 2.23358625 642.546797 536.661651 39.454982 614.669175 509.294839 17.86869
2012_12_27_08_17_47_350427544  2601.000 8 12 115.000000 115.000000 0.000000 0.000000 21.872912 80.088723625 66.842608 5.0912225 71.422039625 58.248845 2.27286625 640.709789 534.740864 40.72978 571.376317 465.99076 18.18293
2012_12_27_08_18_15_844223100  2601.000 8 10 115.000000 115.000000 0.000000 0.000000 25.39404925 68.70791375 55.46108275 5.04354 69.249289 56.078110625 2.24484975 549.66331 443.688662 40.34832 553.994312 448.624885 17.958798
2012_12_27_08_18_47_603938989  2601.000 8 8 115.000000 115.000000 0.000000 0.000000 31.17423425 62.305236125 49.0556525 5.057439375 63.214714625 50.048213625 2.321087375 498.441889 392.44522 40.459515 505.717717 400.385709 18.568699
2012_12_27_08_19_25_085645790  2601.000 8 6 115.000000 115.000000 0.000000 0.000000 40.22586775 54.992912625 41.750521 5.084660375 53.94098625 40.783730375 2.22997 439.943301 334.004168 40.677283 431.52789 326.269843 17.83976
2012_12_27_08_20_11_692174537  2601.000 8 4 115.000000 115.000000 0.000000 0.000000 59.44265475 47.719802875 34.506164375 5.09269925 46.668084625 33.513301875 2.345506125 381.758423 276.049315 40.741594 373.344677 268.106415 18.764049
2012_12_27_08_21_17_863976091  2601.000 16 16 115.000000 115.000000 0.000000 0.000000 10.44873125 81.2314198125 67.9913851875 4.8505553125 79.8568521875 66.6789354375 2.1553125 1299.702717 1087.862163 77.608885 1277.709635 1066.862967 34.485
2012_12_27_08_21_35_586824167  2601.000 16 14 115.000000 115.000000 0.000000 0.000000 9.9494741875 84.178079 70.920749875 5.0736635625 78.2313439375 65.045071875 2.2605824375 1346.849264 1134.731998 81.178617 1251.701503 1040.72115 36.169319
2012_12_27_08_21_51_023969914  2601.000 16 12 115.000000 115.000000 0.000000 0.000000 11.3636956875 77.2067826875 63.9444315625 5.093097625 72.433531 59.2478425 2.4760148125 1235.308523 1023.110905 81.489562 1158.936496 947.96548 39.616237
2012_12_27_08_22_07_807595610  2601.000 16 10 115.000000 115.000000 0.000000 0.000000 13.2753165625 69.7734990625 56.50989725 5.118808 66.7836065 53.6001220625 2.403821875 1116.375985 904.158356 81.900928 1068.537704 857.601953 38.46115
2012_12_27_08_22_26_748773840  2601.000 16 8 115.000000 115.000000 0.000000 0.000000 16.09077175 61.477288875 48.215660875 5.0706566875 62.63172275 49.4514935 2.365410875 983.636622 771.450574 81.130507 1002.107564 791.223896 37.846574
2012_12_27_08_22_48_395872984  2601.000 16 6 115.000000 115.000000 0.000000 0.000000 20.472692375 53.4541394375 40.1991525 5.1060763125 55.119688 41.9451160625 2.27292975 855.266231 643.18644 81.697221 881.915008 671.121857 36.366876
2012_12_27_08_23_14_468689352  2601.000 16 4 115.000000 115.000000 0.000000 0.000000 31.333275 47.3456675625 34.1030970625 5.1076705625 45.4077453125 32.23635725 2.212011125 757.530681 545.649553 81.722729 726.523925 515.781716 35.392178
2012_12_27_08_23_53_993822142  2601.000 32 16 115.000000 115.000000 0.000000 0.000000 8.45848859375 67.81637596875 54.5918311875 4.41821165625 67.01243159375 53.8170660625 2.4067598125 2170.124031 1746.938598 141.382773 2144.397811 1722.146114 77.016314
2012_12_27_08_24_09_377011057  2601.000 32 14 115.000000 115.000000 0.000000 0.000000 6.7792420625 74.609230875 61.37027365625 4.7216298125 72.13717221875 58.9246585 2.56801325 2387.495388 1963.848757 151.092154 2308.389511 1885.589072 82.176424
2012_12_27_08_24_22_658737920  2601.000 32 12 115.000000 115.000000 0.000000 0.000000 7.81562803125 69.64050175 56.39992646875 4.73666309375 66.239344625 53.0311085 2.671507875 2228.496056 1804.797647 151.573219 2119.659028 1696.995472 85.488252
2012_12_27_08_24_36_756028327  2601.000 32 10 115.000000 115.000000 0.000000 0.000000 8.29955003125 64.16497071875 50.92183765625 4.77355653125 62.4899220625 49.28112990625 2.6001728125 2053.279063 1629.498805 152.753809 1999.677506 1576.996157 83.20553
2012_12_27_08_24_51_333929527  2601.000 32 8 115.000000 115.000000 0.000000 0.000000 9.125322 60.46036078125 47.2157905625 4.84498846875 60.5105445 47.303189375 2.53378921875 1934.731545 1510.905298 155.039631 1936.337424 1513.70206 81.081255
2012_12_27_08_25_06_107106274  2601.000 32 6 115.000000 115.000000 0.000000 0.000000 11.75201146875 52.15098375 38.9119170625 4.8262379375 52.414738 39.21282290625 2.466503625 1668.83148 1245.181346 154.439614 1677.271616 1254.810333 78.928116
2012_12_27_08_25_24_088417737  2601.000 32 4 115.000000 115.000000 0.000000 0.000000 16.23680353125 46.1158595 32.890741 4.86045284375 46.66709759375 33.474791125 2.304822 1475.707504 1052.503712 155.534491 1493.347123 1071.193316 73.754304
2012_12_27_08_25_46_627055206  2601.000 8 16 51.000000 51.000000 0.000000 0.000000 25.46128875 50.667910625 37.4734675 5.082079125 50.673848375 37.516896625 2.171118625 405.343285 299.78774 40.656633 405.390787 300.135173 17.368949
2012_12_27_08_26_18_808963962  2601.000 8 14 51.000000 51.000000 0.000000 0.000000 28.68293825 50.21602825 37.020048625 4.970611375 49.695988625 36.539457375 2.239330125 401.728226 296.160389 39.764891 397.567909 292.315659 17.914641
2012_12_27_08_26_54_157882245  2601.000 8 12 51.000000 51.000000 0.000000 0.000000 30.123737125 50.52276875 37.32703625 5.03436425 49.9254495 36.767246875 2.4774835 404.18215 298.61629 40.274914 399.403596 294.137975 19.819868
2012_12_27_08_27_31_011642314  2601.000 8 10 51.000000 51.000000 0.000000 0.000000 34.45742925 48.0496495 34.849772875 4.99912575 49.956794 36.799628875 2.4419675 384.397196 278.798183 39.993006 399.654352 294.397031 19.53574
2012_12_27_08_28_12_193271706  2601.000 8 8 51.000000 51.000000 0.000000 0.000000 38.202702 45.942379375 32.742110125 5.09821175 47.505142625 34.35162425 2.33248575 367.539035 261.936881 40.785694 380.041141 274.812994 18.659886
2012_12_27_08_28_57_194771899  2601.000 8 6 51.000000 51.000000 0.000000 0.000000 49.502959125 40.501501125 27.306563 5.110812125 41.795039875 28.638922375 2.30193975 324.012009 218.452504 40.886497 334.360319 229.111379 18.415518
2012_12_27_08_29_53_422796521  2601.000 8 4 51.000000 51.000000 0.000000 0.000000 73.90388125 34.430233625 21.23821375 5.110252875 36.0479145 22.905703125 2.33664325 275.441869 169.90571 40.882023 288.383316 183.245625 18.693146
2012_12_27_08_31_14_059228600  2601.000 16 16 51.000000 51.000000 0.000000 0.000000 13.233956 50.579253875 37.3635445 5.128967625 50.627253875 37.465256125 2.1630535625 809.268062 597.816712 82.063482 810.036062 599.444098 34.608857
2012_12_27_08_31_33_830399659  2601.000 16 14 51.000000 51.000000 0.000000 0.000000 14.62821275 50.701247125 37.4825645 5.1114420625 50.5804446875 37.41028125 2.2116920625 811.219954 599.721032 81.783073 809.287115 598.5645 35.387073
2012_12_27_08_31_54_226231602  2601.000 16 12 51.000000 51.000000 0.000000 0.000000 16.257433625 50.0238955625 36.8032361875 5.0382421875 49.4269299375 36.2548936875 2.18773575 800.382329 588.851779 80.611875 790.830879 580.078299 35.003772
2012_12_27_08_32_16_069703119  2601.000 16 10 51.000000 51.000000 0.000000 0.000000 17.79008175 49.053096375 35.82998825 5.0525109375 49.12752425 35.9550663125 2.168046625 784.849542 573.279812 80.840175 786.040388 575.281061 34.688746
2012_12_27_08_32_40_033966990  2601.000 16 8 51.000000 51.000000 0.000000 0.000000 20.334135125 45.0877655 31.8652415625 5.07690625 46.36338875 33.1916031875 2.2148829375 721.404248 509.843865 81.2305 741.81422 531.065651 35.438127
2012_12_27_08_33_06_341431563  2601.000 16 6 51.000000 51.000000 0.000000 0.000000 25.2240603125 40.0791779375 26.8564215 5.165917125 41.792681 28.6248634375 2.191067 641.266847 429.702744 82.654674 668.682896 457.997815 35.057072
2012_12_27_08_33_37_202550639  2601.000 16 4 51.000000 51.000000 0.000000 0.000000 37.366012625 35.0948705625 21.8782434375 5.14491375 35.150682 21.9939838125 2.12042775 561.517929 350.051895 82.31862 562.410912 351.903741 33.926844
2012_12_27_08_34_20_324624938  2601.000 32 16 51.000000 51.000000 0.000000 0.000000 7.9132783125 49.71776309375 36.50765409375 4.79488715625 49.94046075 36.75616903125 2.44471209375 1590.968419 1168.244931 153.436389 1598.094744 1176.197409 78.230787
2012_12_27_08_34_34_858238729  2601.000 32 14 51.000000 51.000000 0.000000 0.000000 8.739568625 49.5088688125 36.29590515625 4.76020778125 49.05366825 35.8650914375 2.49004146875 1584.283802 1161.468965 152.326649 1569.717384 1147.682926 79.681327
2012_12_27_08_34_49_373260201  2601.000 32 12 51.000000 51.000000 0.000000 0.000000 9.67725140625 48.5872376875 35.3698640625 4.76958190625 48.747973125 35.5588084375 2.49172184375 1554.791606 1131.83565 152.626621 1559.93514 1137.88187 79.735099
2012_12_27_08_35_05_580265350  2601.000 32 10 51.000000 51.000000 0.000000 0.000000 10.65309884375 47.3514318125 34.133075125 4.8003716875 46.59906184375 33.4090743125 2.4773956875 1515.245818 1092.258404 153.611894 1491.169979 1069.090378 79.276662
2012_12_27_08_35_22_627966312  2601.000 32 8 51.000000 51.000000 0.000000 0.000000 11.7197064375 42.86991965625 29.65185903125 4.79829803125 44.51041734375 31.3235995 2.4142739375 1371.837429 948.859489 153.545537 1424.333355 1002.355184 77.256766
2012_12_27_08_35_41_091602764  2601.000 32 6 51.000000 51.000000 0.000000 0.000000 13.85576765625 39.02346553125 25.8087159375 4.87631159375 41.34298190625 28.1609708125 2.37240621875 1248.750897 825.87891 156.041971 1322.975421 901.151066 75.916999
2012_12_27_08_36_01_347283433  2601.000 32 4 51.000000 51.000000 0.000000 0.000000 20.10523384375 34.4088163125 21.20305959375 4.87666334375 34.914986125 21.7459899375 2.23031659375 1101.082122 678.497907 156.053227 1117.279556 695.871678 71.370131
2012_12_27_08_36_27_692118338  2601.000 8 16 65.000000 65.000000 0.000000 0.000000 21.03838525 64.4204175 51.22072525 5.082895125 64.419051 51.26338975 2.17408825 515.36334 409.765802 40.663161 515.352408 410.107118 17.392706
2012_12_27_08_36_54_898181662  2601.000 8 14 65.000000 65.000000 0.000000 0.000000 23.732243125 62.732071 49.518029125 5.057091125 61.578415625 48.424944125 2.467008875 501.856568 396.144233 40.456729 492.627325 387.399553 19.736071
2012_12_27_08_37_24_518560246  2601.000 8 12 65.000000 65.000000 0.000000 0.000000 25.583906 60.469828625 47.253578375 5.100651 57.483944125 44.326389625 2.28217175 483.758629 378.028627 40.805208 459.871553 354.611117 18.257374
2012_12_27_08_37_55_774734533  2601.000 8 10 65.000000 65.000000 0.000000 0.000000 29.90602625 53.92320675 40.707597875 5.1021475 52.501572 39.342808125 2.289256125 431.385654 325.660783 40.81718 420.012576 314.742465 18.314049
2012_12_27_08_38_31_493948255  2601.000 8 8 65.000000 65.000000 0.000000 0.000000 37.099492125 46.39297725 33.1892805 5.106420625 47.825752375 34.66934525 2.266994875 371.143818 265.514244 40.851365 382.606019 277.354762 18.135959
2012_12_27_08_39_14_207552517  2601.000 8 6 65.000000 65.000000 0.000000 0.000000 49.298329 41.17351125 27.978423625 5.10566075 41.231069375 28.073445125 2.246751 329.38809 223.827389 40.845286 329.848555 224.587561 17.974008
2012_12_27_08_40_09_046854160  2601.000 8 4 65.000000 65.000000 0.000000 0.000000 74.062161125 35.071011 21.875705625 5.1001805 35.2980675 22.153844 2.179070625 280.568088 175.005645 40.801444 282.38454 177.230752 17.432565
2012_12_27_08_41_28_772980259  2601.000 16 16 65.000000 65.000000 0.000000 0.000000 11.4242238125 63.2891544375 50.0699705625 5.051784375 63.49980125 50.3299893125 2.1267175625 1012.626471 801.119529 80.82855 1015.99682 805.279829 34.027481
2012_12_27_08_41_46_275704369  2601.000 16 14 65.000000 65.000000 0.000000 0.000000 12.308545 59.6359649375 46.4096315625 5.0419954375 61.8984286875 48.7226623125 2.3876295625 954.175439 742.554105 80.671927 990.374859 779.562597 38.202073
2012_12_27_08_42_04_603794275  2601.000 16 12 65.000000 65.000000 0.000000 0.000000 13.5842188125 59.1257415 45.8928934375 5.1001088125 56.7536216875 43.5755426875 2.19093975 946.011864 734.286295 81.601741 908.057947 697.208683 35.055036
2012_12_27_08_42_24_406129548  2601.000 16 10 65.000000 65.000000 0.000000 0.000000 15.403436625 52.51598475 39.283965 5.08788375 52.68385725 39.507286125 2.285534125 840.255756 628.54344 81.40614 842.941716 632.116578 36.568546
2012_12_27_08_42_46_205958313  2601.000 16 8 65.000000 65.000000 0.000000 0.000000 19.2948644375 45.7144355 32.488005 5.11949 47.2198350625 34.0457498125 2.1465583125 731.430968 519.80808 81.91184 755.517361 544.731997 34.344933
2012_12_27_08_43_11_684914173  2601.000 16 6 65.000000 65.000000 0.000000 0.000000 25.0955850625 40.928055125 27.7062126875 5.16093825 41.0233541875 27.854532 2.156346625 654.848882 443.299403 82.575012 656.373667 445.672512 34.501546
2012_12_27_08_43_42_482036567  2601.000 16 4 65.000000 65.000000 0.000000 0.000000 37.356722875 35.23719 22.02067475 5.1565479375 35.03025575 21.8736265625 2.069813625 563.79504 352.330796 82.504767 560.484092 349.978025 33.117018
2012_12_27_08_44_25_595050157  2601.000 32 16 65.000000 65.000000 0.000000 0.000000 8.2506509375 56.56635609375 43.3515301875 4.61821903125 57.7963566875 44.60743271875 2.4426775625 1810.123395 1387.248966 147.783009 1849.483414 1427.437847 78.165682
2012_12_27_08_44_40_085954545  2601.000 32 14 65.000000 65.000000 0.000000 0.000000 7.8207498125 56.4610554375 43.2402145 4.74478034375 56.5894818125 43.3930946875 2.557382375 1806.753774 1383.686864 151.832971 1810.863418 1388.57903 81.836236
2012_12_27_08_44_54_362901207  2601.000 32 12 65.000000 65.000000 0.000000 0.000000 8.4430868125 54.1065065625 40.881734125 4.78220396875 53.23833609375 40.0411816875 2.5505055625 1731.40821 1308.215492 153.030527 1703.626755 1281.317814 81.616178
2012_12_27_08_45_09_212889397  2601.000 32 10 65.000000 65.000000 0.000000 0.000000 8.81766178125 49.93806775 36.712391 4.85853459375 51.83709828125 38.6398829375 2.425992625 1598.018168 1174.796512 155.473107 1658.787145 1236.476254 77.631764
2012_12_27_08_45_24_760979118  2601.000 32 8 65.000000 65.000000 0.000000 0.000000 10.7169800625 44.8100253125 31.59069225 4.85136165625 46.29325384375 33.1032764375 2.38947459375 1433.92081 1010.902152 155.243573 1481.384123 1059.304846 76.463187
2012_12_27_08_45_41_959649461  2601.000 32 6 65.000000 65.000000 0.000000 0.000000 13.611659375 39.994104875 26.7779339375 4.8817750625 40.82990753125 27.64885603125 2.3279721875 1279.811356 856.893886 156.216802 1306.557041 884.763393 74.49511
2012_12_27_08_46_02_029416308  2601.000 32 4 65.000000 65.000000 0.000000 0.000000 19.9430601875 34.15253625 20.945475875 4.88108509375 35.2631600625 22.09513825 2.271025375 1092.88116 670.255228 156.194723 1128.421122 707.044424 72.672812
2012_12_27_08_46_28_461848083  2601.000 8 16 80.000000 80.000000 0.000000 0.000000 19.544451125 69.707821 56.50018525 5.032195375 69.84453725 56.689751875 2.098123125 557.662568 452.001482 40.257563 558.756298 453.518015 16.784985
2012_12_27_08_46_53_361245007  2601.000 8 14 80.000000 80.000000 0.000000 0.000000 22.23851 65.48084725 52.259585125 5.02999225 62.69198325 49.535822625 2.277585875 523.846778 418.076681 40.239938 501.535866 396.286581 18.220687
2012_12_27_08_47_21_083977051  2601.000 8 12 80.000000 80.000000 0.000000 0.000000 25.106025 58.533359 45.31305 5.090610125 59.88374675 46.730764875 2.339295125 468.266872 362.5044 40.724881 479.069974 373.846119 18.714361
2012_12_27_08_47_51_599938407  2601.000 8 10 80.000000 80.000000 0.000000 0.000000 29.977894125 54.113920125 40.896421 5.093032 52.22668175 39.074502875 2.2422765 432.911361 327.171368 40.744256 417.813454 312.596023 17.938212
2012_12_27_08_48_26_960562319  2601.000 8 8 80.000000 80.000000 0.000000 0.000000 37.4968465 46.400971375 33.19606375 5.0876715 47.624123125 34.465365375 2.257842125 371.207771 265.56851 40.701372 380.992985 275.722923 18.062737
2012_12_27_08_49_09_877866068  2601.000 8 6 80.000000 80.000000 0.000000 0.000000 49.30179675 41.038524 27.84477675 5.1055355 41.381149 28.225414875 2.225363 328.308192 222.758214 40.844284 331.049192 225.803319 17.802904
2012_12_27_08_50_04_606602517  2601.000 8 4 80.000000 80.000000 0.000000 0.000000 73.839327875 34.905885 21.712477125 5.104020125 35.48930725 22.3450635 2.24703825 279.24708 173.699817 40.832161 283.914458 178.760508 17.976306
2012_12_27_08_51_24_205255779  2601.000 16 16 80.000000 80.000000 0.000000 0.000000 10.9028323125 66.5001759375 53.27900625 4.9762703125 66.764841125 53.59532575 2.1296374375 1064.002815 852.4641 79.620325 1068.237458 857.525212 34.074199
2012_12_27_08_51_41_666154837  2601.000 16 14 80.000000 80.000000 0.000000 0.000000 11.37438675 65.166683 51.93509725 5.117795 62.665982875 49.4906395625 2.2211256875 1042.666928 830.961556 81.88472 1002.655726 791.850233 35.538011
2012_12_27_08_51_59_532065458  2601.000 16 12 80.000000 80.000000 0.000000 0.000000 13.2128831875 58.1335336875 44.9024989375 5.121468625 58.1867066875 45.0106503125 2.3294435 930.136539 718.439983 81.943498 930.987307 720.170405 37.271096
2012_12_27_08_52_19_523164470  2601.000 16 10 80.000000 80.000000 0.000000 0.000000 15.5951471875 51.6825933125 38.4525416875 5.1150511875 52.9659590625 39.7902680625 2.3265694375 826.921493 615.240667 81.840819 847.455345 636.644289 37.225111
2012_12_27_08_52_41_772956632  2601.000 16 8 80.000000 80.000000 0.000000 0.000000 19.275745 45.3904294375 32.1649285625 5.128247125 47.57426 34.399568625 2.1893071875 726.246871 514.638857 82.051954 761.18816 550.393098 35.028915
2012_12_27_08_53_07_646686320  2601.000 16 6 80.000000 80.000000 0.000000 0.000000 25.1703729375 40.774970625 27.55414975 5.1560031875 41.0792500625 27.9120588125 2.2433985625 652.39953 440.866396 82.496051 657.268001 446.592941 35.894377
2012_12_27_08_53_38_724709445  2601.000 16 4 80.000000 80.000000 0.000000 0.000000 37.37108425 35.32377125 22.1070260625 5.159777625 34.962645625 21.8076099375 2.1231669375 565.18034 353.712417 82.556442 559.40233 348.921759 33.970671
2012_12_27_08_54_22_476999474  2601.000 32 16 80.000000 80.000000 0.000000 0.000000 7.5762153125 59.4784495625 46.26376596875 4.66309315625 60.1050648125 46.91585515625 2.42044871875 1903.310386 1480.440511 149.218981 1923.362074 1501.307365 77.454359
2012_12_27_08_54_36_884911634  2601.000 32 14 80.000000 80.000000 0.000000 0.000000 7.54635965625 60.20684578125 46.984783375 4.7711468125 57.27225675 44.074839625 2.49080975 1926.619065 1503.513068 152.676698 1832.712216 1410.394868 79.705912
2012_12_27_08_54_50_913681399  2601.000 32 12 80.000000 80.000000 0.000000 0.000000 8.12848640625 54.84894125 41.62489209375 4.7754048125 53.2699943125 40.07366215625 2.648119125 1755.16612 1331.996547 152.812954 1704.639818 1282.357189 84.739812
2012_12_27_08_55_05_713059135  2601.000 32 10 80.000000 80.000000 0.000000 0.000000 8.8948879375 50.00294703125 36.77713515625 4.84756428125 51.330031125 38.13428065625 2.51935415625 1600.094305 1176.868325 155.122057 1642.560996 1220.296981 80.619333
2012_12_27_08_55_21_597687137  2601.000 32 8 80.000000 80.000000 0.000000 0.000000 10.5694430625 45.6082785 32.3862515 4.8794919375 46.069893125 32.88179821875 2.454411375 1459.464912 1036.360048 156.143742 1474.23658 1052.217543 78.541164
2012_12_27_08_55_38_841020872  2601.000 32 6 80.000000 80.000000 0.000000 0.000000 13.7147624375 39.0568816875 25.8421053125 4.8729941875 41.499766 28.31863365625 2.375422375 1249.820214 826.94737 155.935814 1327.992512 906.196277 76.013516
2012_12_27_08_55_59_180005894  2601.000 32 4 80.000000 80.000000 0.000000 0.000000 20.0182725625 34.19437665625 20.98976953125 4.88015471875 35.15652125 21.98947315625 2.329559 1094.220053 671.672625 156.164951 1125.00868 703.663141 74.545888
2012_12_27_08_56_26_015100260  2601.000 8 16 95.000000 95.000000 0.000000 0.000000 19.092246125 70.98846925 57.78048075 5.0715195 70.830924625 57.6764675 2.107317375 567.907754 462.243846 40.572156 566.647397 461.41174 16.858539
2012_12_27_08_56_50_517931458  2601.000 8 14 95.000000 95.000000 0.000000 0.000000 21.346788 64.722415125 51.500671125 5.105142625 66.956197 53.79814275 2.47385925 517.779321 412.005369 40.841141 535.649576 430.385142 19.790874
2012_12_27_08_57_17_247934125  2601.000 8 12 95.000000 95.000000 0.000000 0.000000 24.8711215 61.182559625 47.961143 5.104397375 57.954279 44.800075875 2.31222475 489.460477 383.689144 40.835179 463.634232 358.400607 18.497798
2012_12_27_08_57_47_587816504  2601.000 8 10 95.000000 95.000000 0.000000 0.000000 29.725995875 53.7192175 40.503431875 5.106413 53.048794375 39.8905425 2.26816925 429.75374 324.027455 40.851304 424.390355 319.12434 18.145354
2012_12_27_08_58_22_770673885  2601.000 8 8 95.000000 95.000000 0.000000 0.000000 37.05920075 46.54554475 33.339770375 5.105002 47.803601625 34.649121875 2.280593875 372.364358 266.718163 40.840016 382.428813 277.192975 18.244751
2012_12_27_08_59_05_319051430  2601.000 8 6 95.000000 95.000000 0.000000 0.000000 49.5219625 40.2392085 27.045345625 5.105761 41.97196175 28.814646 2.318686625 321.913668 216.362765 40.846088 335.775694 230.517168 18.549493
2012_12_27_09_00_00_878703845  2601.000 8 4 95.000000 95.000000 0.000000 0.000000 73.85439625 35.11297375 21.921422625 5.110723375 35.29017875 22.145129125 2.29747325 280.90379 175.371381 40.885787 282.32143 177.161033 18.379786
2012_12_27_09_01_20_387396315  2601.000 16 16 95.000000 95.000000 0.000000 0.000000 10.517844 68.3339751875 55.113514125 5.076914875 68.092646 54.9219075625 2.16124525 1093.343603 881.816226 81.230638 1089.482336 878.750521 34.579924
2012_12_27_09_01_37_713101266  2601.000 16 14 95.000000 95.000000 0.000000 0.000000 11.8330070625 64.360580375 51.1302655 5.0785550625 60.3351996875 47.1618768125 2.339866625 1029.769286 818.084248 81.256881 965.363195 754.590029 37.437866
2012_12_27_09_01_56_305037114  2601.000 16 12 95.000000 95.000000 0.000000 0.000000 13.0472935625 60.65433725 47.4205758125 5.1468199375 56.43487875 43.26065 2.3121594375 970.469396 758.729213 82.349119 902.95806 692.1704 36.994551
2012_12_27_09_02_15_955666402  2601.000 16 10 95.000000 95.000000 0.000000 0.000000 15.7737140625 51.68480625 38.454429375 5.11067425 52.2244580625 39.0512895625 2.33307275 826.9569 615.27087 81.770788 835.591329 624.820633 37.329164
2012_12_27_09_02_38_492912484  2601.000 16 8 95.000000 95.000000 0.000000 0.000000 19.04832425 45.969453 32.7440825 5.1601183125 47.501657875 34.3281410625 2.3162291875 735.511248 523.90532 82.561893 760.026526 549.250257 37.059667
2012_12_27_09_03_04_530070425  2601.000 16 6 95.000000 95.000000 0.000000 0.000000 25.14446975 40.8982503125 27.6755809375 5.1609043125 41.09749725 27.9306330625 2.245757875 654.372005 442.809295 82.574469 657.559956 446.890129 35.932126
2012_12_27_09_03_36_421209818  2601.000 16 4 95.000000 95.000000 0.000000 0.000000 37.375776125 34.7665125 21.5518960625 5.1725160625 35.4888575625 22.333352625 2.2356635 556.2642 344.830337 82.760257 567.821721 357.333642 35.770616
2012_12_27_09_04_20_370366869  2601.000 32 16 95.000000 95.000000 0.000000 0.000000 6.94439365625 62.0962153125 48.87968084375 4.73073484375 62.74784346875 49.55375071875 2.494418125 1987.07889 1564.149787 151.383515 2007.930991 1585.720023 79.82138
2012_12_27_09_04_33_958880088  2601.000 32 14 95.000000 95.000000 0.000000 0.000000 6.98077459375 62.97677015625 49.75232715625 4.8564744375 58.2946131875 45.09464171875 2.5592700625 2015.256645 1592.074469 155.407182 1865.427622 1443.028535 81.896642
2012_12_27_09_04_47_781900732  2601.000 32 12 95.000000 95.000000 0.000000 0.000000 8.187480375 54.45673725 41.235478375 4.78256578125 52.83085503125 39.63598159375 2.62346959375 1742.615592 1319.535308 153.042105 1690.587361 1268.351411 83.951027
2012_12_27_09_05_02_820536109  2601.000 32 10 95.000000 95.000000 0.000000 0.000000 8.81478434375 50.7924344375 37.56730246875 4.86894196875 50.844370125 37.65086725 2.5929613125 1625.357902 1202.153679 155.806143 1627.019844 1204.827752 82.974762
2012_12_27_09_05_19_542031052  2601.000 32 8 95.000000 95.000000 0.000000 0.000000 11.06668528125 44.0199115625 30.8003895 4.8189476875 45.89155871875 32.70319015625 2.4921438125 1408.63717 985.612464 154.206326 1468.529879 1046.502085 79.748602
2012_12_27_09_05_37_361918262  2601.000 32 6 95.000000 95.000000 0.000000 0.000000 14.3622363125 38.89551034375 25.68319353125 4.8547679375 40.1080916875 26.930972875 2.4642419375 1244.656331 821.862193 155.352574 1283.458934 861.791132 78.855742
2012_12_27_09_05_58_579874622  2601.000 32 4 95.000000 95.000000 0.000000 0.000000 19.993523125 34.55916465625 21.35211540625 4.90228203125 34.81742328125 21.64944265625 2.35824971875 1105.893269 683.267693 156.873025 1114.157545 692.782165 75.463991
