+ i=16
+ minthreads=4
+ j=8
+ maxnodes=32
+ export PKG_MINW_MINS=0x38198
+ PKG_MINW_MINS=0x38198
+ export PP0_MINW_MINS=0x38198
+ PP0_MINW_MINS=0x38198
+ export DRAM_MINW_MINS=0x38078
+ DRAM_MINW_MINS=0x38078
+ export MSR_PKG_POWER_LIMIT=0x0
+ MSR_PKG_POWER_LIMIT=0x0
+ export MSR_PP0_POWER_LIMIT=0x0
+ MSR_PP0_POWER_LIMIT=0x0
+ export MSR_DRAM_POWER_LIMIT=0x0
+ MSR_DRAM_POWER_LIMIT=0x0
+ export MSR_RANK_MOD=1
+ MSR_RANK_MOD=1
+ export SAMPLE=1
+ SAMPLE=1
+ t=0
+ export TURBO_ENABLE=1
+ TURBO_ENABLE=1
+ export FUNC_INTERCEPT=1
+ FUNC_INTERCEPT=1
+ export READ_WRITE=0
+ READ_WRITE=0
+ export READ_ONLY=1
+ READ_ONLY=1
+ i=16
+ j=8
+ '[' 8 -le 32 ']'
+ i=16
+ '[' 16 -ge 4 ']'
+ export OMP_NUM_THREADS=16
+ OMP_NUM_THREADS=16
++ date +%Y_%m_%d_%H_%M_%S_%N
+ name=2012_12_04_23_39_04_210195189
+ mkdir 2012_12_04_23_39_04_210195189
+ cd 2012_12_04_23_39_04_210195189
+ touch out.dat
+ env
+ echo 2012_12_04_23_39_04_210195189
+ uname -a
+ srun --nodes=1 --ntasks=1 -ppbatch cat /proc/cpuinfo
+ grep MHz
+ srun --nodes=1 --ntasks=1 -o host_info hostname
+ echo 'threads/node: 16'
+ echo 'nodes: ' 8
+ echo 'turbo: 1'
+ srun --nodes=8 --ntasks=8 -o out.dat -e f.err ../bmark2
+ cd ../
+ i=14
+ '[' 14 -ge 4 ']'
+ export OMP_NUM_THREADS=14
+ OMP_NUM_THREADS=14
++ date +%Y_%m_%d_%H_%M_%S_%N
+ name=2012_12_04_23_39_28_597821966
+ mkdir 2012_12_04_23_39_28_597821966
+ cd 2012_12_04_23_39_28_597821966
+ touch out.dat
+ env
+ echo 2012_12_04_23_39_28_597821966
+ uname -a
+ srun --nodes=1 --ntasks=1 -ppbatch cat /proc/cpuinfo
+ grep MHz
+ srun --nodes=1 --ntasks=1 -o host_info hostname
+ echo 'threads/node: 14'
+ echo 'nodes: ' 8
+ echo 'turbo: 1'
+ srun --nodes=8 --ntasks=8 -o out.dat -e f.err ../bmark2
+ cd ../
+ i=12
+ '[' 12 -ge 4 ']'
+ export OMP_NUM_THREADS=12
+ OMP_NUM_THREADS=12
++ date +%Y_%m_%d_%H_%M_%S_%N
+ name=2012_12_04_23_39_52_974478785
+ mkdir 2012_12_04_23_39_52_974478785
+ cd 2012_12_04_23_39_52_974478785
+ touch out.dat
+ env
+ echo 2012_12_04_23_39_52_974478785
+ uname -a
+ srun --nodes=1 --ntasks=1 -ppbatch cat /proc/cpuinfo
+ grep MHz
+ srun --nodes=1 --ntasks=1 -o host_info hostname
+ echo 'threads/node: 12'
+ echo 'nodes: ' 8
+ echo 'turbo: 1'
+ srun --nodes=8 --ntasks=8 -o out.dat -e f.err ../bmark2
+ cd ../
+ i=10
+ '[' 10 -ge 4 ']'
+ export OMP_NUM_THREADS=10
+ OMP_NUM_THREADS=10
++ date +%Y_%m_%d_%H_%M_%S_%N
+ name=2012_12_04_23_40_20_484362187
+ mkdir 2012_12_04_23_40_20_484362187
+ cd 2012_12_04_23_40_20_484362187
+ touch out.dat
+ env
+ echo 2012_12_04_23_40_20_484362187
+ uname -a
+ srun --nodes=1 --ntasks=1 -ppbatch cat /proc/cpuinfo
+ grep MHz
+ srun --nodes=1 --ntasks=1 -o host_info hostname
+ echo 'threads/node: 10'
+ echo 'nodes: ' 8
+ echo 'turbo: 1'
+ srun --nodes=8 --ntasks=8 -o out.dat -e f.err ../bmark2
+ cd ../
+ i=8
+ '[' 8 -ge 4 ']'
+ export OMP_NUM_THREADS=8
+ OMP_NUM_THREADS=8
++ date +%Y_%m_%d_%H_%M_%S_%N
+ name=2012_12_04_23_40_53_299257900
+ mkdir 2012_12_04_23_40_53_299257900
+ cd 2012_12_04_23_40_53_299257900
+ touch out.dat
+ env
+ echo 2012_12_04_23_40_53_299257900
+ uname -a
+ srun --nodes=1 --ntasks=1 -ppbatch cat /proc/cpuinfo
+ grep MHz
+ srun --nodes=1 --ntasks=1 -o host_info hostname
+ echo 'threads/node: 8'
+ echo 'nodes: ' 8
+ echo 'turbo: 1'
+ srun --nodes=8 --ntasks=8 -o out.dat -e f.err ../bmark2
+ cd ../
+ i=6
+ '[' 6 -ge 4 ']'
+ export OMP_NUM_THREADS=6
+ OMP_NUM_THREADS=6
++ date +%Y_%m_%d_%H_%M_%S_%N
+ name=2012_12_04_23_41_30_877282808
+ mkdir 2012_12_04_23_41_30_877282808
+ cd 2012_12_04_23_41_30_877282808
+ touch out.dat
+ env
+ echo 2012_12_04_23_41_30_877282808
+ uname -a
+ grep MHz
+ srun --nodes=1 --ntasks=1 -ppbatch cat /proc/cpuinfo
+ srun --nodes=1 --ntasks=1 -o host_info hostname
+ echo 'threads/node: 6'
+ echo 'nodes: ' 8
+ echo 'turbo: 1'
+ srun --nodes=8 --ntasks=8 -o out.dat -e f.err ../bmark2
+ cd ../
+ i=4
+ '[' 4 -ge 4 ']'
+ export OMP_NUM_THREADS=4
+ OMP_NUM_THREADS=4
++ date +%Y_%m_%d_%H_%M_%S_%N
+ name=2012_12_04_23_42_17_316145265
+ mkdir 2012_12_04_23_42_17_316145265
+ cd 2012_12_04_23_42_17_316145265
+ touch out.dat
+ env
+ echo 2012_12_04_23_42_17_316145265
+ uname -a
+ srun --nodes=1 --ntasks=1 -ppbatch cat /proc/cpuinfo
+ grep MHz
+ srun --nodes=1 --ntasks=1 -o host_info hostname
+ echo 'threads/node: 4'
+ echo 'nodes: ' 8
+ echo 'turbo: 1'
+ srun --nodes=8 --ntasks=8 -o out.dat -e f.err ../bmark2
+ cd ../
+ i=2
+ '[' 2 -ge 4 ']'
+ j=16
+ '[' 16 -le 32 ']'
+ i=16
+ '[' 16 -ge 4 ']'
+ export OMP_NUM_THREADS=16
+ OMP_NUM_THREADS=16
++ date +%Y_%m_%d_%H_%M_%S_%N
+ name=2012_12_04_23_43_22_350302194
+ mkdir 2012_12_04_23_43_22_350302194
+ cd 2012_12_04_23_43_22_350302194
+ touch out.dat
+ env
+ echo 2012_12_04_23_43_22_350302194
+ uname -a
+ srun --nodes=1 --ntasks=1 -ppbatch cat /proc/cpuinfo
+ grep MHz
+ srun --nodes=1 --ntasks=1 -o host_info hostname
+ echo 'threads/node: 16'
+ echo 'nodes: ' 16
+ echo 'turbo: 1'
+ srun --nodes=16 --ntasks=16 -o out.dat -e f.err ../bmark2
+ cd ../
+ i=14
+ '[' 14 -ge 4 ']'
+ export OMP_NUM_THREADS=14
+ OMP_NUM_THREADS=14
++ date +%Y_%m_%d_%H_%M_%S_%N
+ name=2012_12_04_23_43_39_184416555
+ mkdir 2012_12_04_23_43_39_184416555
+ cd 2012_12_04_23_43_39_184416555
+ touch out.dat
+ env
+ echo 2012_12_04_23_43_39_184416555
+ uname -a
+ srun --nodes=1 --ntasks=1 -ppbatch cat /proc/cpuinfo
+ grep MHz
+ srun --nodes=1 --ntasks=1 -o host_info hostname
+ echo 'threads/node: 14'
+ echo 'nodes: ' 16
+ echo 'turbo: 1'
+ srun --nodes=16 --ntasks=16 -o out.dat -e f.err ../bmark2
+ cd ../
+ i=12
+ '[' 12 -ge 4 ']'
+ export OMP_NUM_THREADS=12
+ OMP_NUM_THREADS=12
++ date +%Y_%m_%d_%H_%M_%S_%N
+ name=2012_12_04_23_43_56_030514022
+ mkdir 2012_12_04_23_43_56_030514022
+ cd 2012_12_04_23_43_56_030514022
+ touch out.dat
+ env
+ echo 2012_12_04_23_43_56_030514022
+ uname -a
+ srun --nodes=1 --ntasks=1 -ppbatch cat /proc/cpuinfo
+ grep MHz
+ srun --nodes=1 --ntasks=1 -o host_info hostname
+ echo 'threads/node: 12'
+ echo 'nodes: ' 16
+ echo 'turbo: 1'
+ srun --nodes=16 --ntasks=16 -o out.dat -e f.err ../bmark2
+ cd ../
+ i=10
+ '[' 10 -ge 4 ']'
+ export OMP_NUM_THREADS=10
+ OMP_NUM_THREADS=10
++ date +%Y_%m_%d_%H_%M_%S_%N
+ name=2012_12_04_23_44_13_402666107
+ mkdir 2012_12_04_23_44_13_402666107
+ cd 2012_12_04_23_44_13_402666107
+ touch out.dat
+ env
+ echo 2012_12_04_23_44_13_402666107
+ uname -a
+ srun --nodes=1 --ntasks=1 -ppbatch cat /proc/cpuinfo
+ grep MHz
+ srun --nodes=1 --ntasks=1 -o host_info hostname
+ echo 'threads/node: 10'
+ echo 'nodes: ' 16
+ echo 'turbo: 1'
+ srun --nodes=16 --ntasks=16 -o out.dat -e f.err ../bmark2
+ cd ../
+ i=8
+ '[' 8 -ge 4 ']'
+ export OMP_NUM_THREADS=8
+ OMP_NUM_THREADS=8
++ date +%Y_%m_%d_%H_%M_%S_%N
+ name=2012_12_04_23_44_33_701584164
+ mkdir 2012_12_04_23_44_33_701584164
+ cd 2012_12_04_23_44_33_701584164
+ touch out.dat
+ env
+ echo 2012_12_04_23_44_33_701584164
+ uname -a
+ srun --nodes=1 --ntasks=1 -ppbatch cat /proc/cpuinfo
+ grep MHz
+ srun --nodes=1 --ntasks=1 -o host_info hostname
+ echo 'threads/node: 8'
+ echo 'nodes: ' 16
+ echo 'turbo: 1'
+ srun --nodes=16 --ntasks=16 -o out.dat -e f.err ../bmark2
+ cd ../
+ i=6
+ '[' 6 -ge 4 ']'
+ export OMP_NUM_THREADS=6
+ OMP_NUM_THREADS=6
++ date +%Y_%m_%d_%H_%M_%S_%N
+ name=2012_12_04_23_44_56_014620590
+ mkdir 2012_12_04_23_44_56_014620590
+ cd 2012_12_04_23_44_56_014620590
+ touch out.dat
+ env
+ echo 2012_12_04_23_44_56_014620590
+ uname -a
+ srun --nodes=1 --ntasks=1 -ppbatch cat /proc/cpuinfo
+ grep MHz
+ srun --nodes=1 --ntasks=1 -o host_info hostname
+ echo 'threads/node: 6'
+ echo 'nodes: ' 16
+ echo 'turbo: 1'
+ srun --nodes=16 --ntasks=16 -o out.dat -e f.err ../bmark2
+ cd ../
+ i=4
+ '[' 4 -ge 4 ']'
+ export OMP_NUM_THREADS=4
+ OMP_NUM_THREADS=4
++ date +%Y_%m_%d_%H_%M_%S_%N
+ name=2012_12_04_23_45_24_655491803
+ mkdir 2012_12_04_23_45_24_655491803
+ cd 2012_12_04_23_45_24_655491803
+ touch out.dat
+ env
+ echo 2012_12_04_23_45_24_655491803
+ uname -a
+ srun --nodes=1 --ntasks=1 -ppbatch cat /proc/cpuinfo
+ grep MHz
+ srun --nodes=1 --ntasks=1 -o host_info hostname
+ echo 'threads/node: 4'
+ echo 'nodes: ' 16
+ echo 'turbo: 1'
+ srun --nodes=16 --ntasks=16 -o out.dat -e f.err ../bmark2
+ cd ../
+ i=2
+ '[' 2 -ge 4 ']'
+ j=32
+ '[' 32 -le 32 ']'
+ i=16
+ '[' 16 -ge 4 ']'
+ export OMP_NUM_THREADS=16
+ OMP_NUM_THREADS=16
++ date +%Y_%m_%d_%H_%M_%S_%N
+ name=2012_12_04_23_46_02_048937523
+ mkdir 2012_12_04_23_46_02_048937523
+ cd 2012_12_04_23_46_02_048937523
+ touch out.dat
+ env
+ echo 2012_12_04_23_46_02_048937523
+ uname -a
+ srun --nodes=1 --ntasks=1 -ppbatch cat /proc/cpuinfo
+ grep MHz
+ srun --nodes=1 --ntasks=1 -o host_info hostname
+ echo 'threads/node: 16'
+ echo 'nodes: ' 32
+ echo 'turbo: 1'
+ srun --nodes=32 --ntasks=32 -o out.dat -e f.err ../bmark2
+ cd ../
+ i=14
+ '[' 14 -ge 4 ']'
+ export OMP_NUM_THREADS=14
+ OMP_NUM_THREADS=14
++ date +%Y_%m_%d_%H_%M_%S_%N
+ name=2012_12_04_23_47_17_439263782
+ mkdir 2012_12_04_23_47_17_439263782
+ cd 2012_12_04_23_47_17_439263782
+ touch out.dat
+ env
+ echo 2012_12_04_23_47_17_439263782
+ uname -a
+ srun --nodes=1 --ntasks=1 -ppbatch cat /proc/cpuinfo
+ grep MHz
+ srun --nodes=1 --ntasks=1 -o host_info hostname
+ echo 'threads/node: 14'
+ echo 'nodes: ' 32
+ echo 'turbo: 1'
+ srun --nodes=32 --ntasks=32 -o out.dat -e f.err ../bmark2
+ cd ../
+ i=12
+ '[' 12 -ge 4 ']'
+ export OMP_NUM_THREADS=12
+ OMP_NUM_THREADS=12
++ date +%Y_%m_%d_%H_%M_%S_%N
+ name=2012_12_04_23_47_30_573552265
+ mkdir 2012_12_04_23_47_30_573552265
+ cd 2012_12_04_23_47_30_573552265
+ touch out.dat
+ env
+ echo 2012_12_04_23_47_30_573552265
+ uname -a
+ srun --nodes=1 --ntasks=1 -ppbatch cat /proc/cpuinfo
+ grep MHz
+ srun --nodes=1 --ntasks=1 -o host_info hostname
+ echo 'threads/node: 12'
+ echo 'nodes: ' 32
+ echo 'turbo: 1'
+ srun --nodes=32 --ntasks=32 -o out.dat -e f.err ../bmark2
+ cd ../
+ i=10
+ '[' 10 -ge 4 ']'
+ export OMP_NUM_THREADS=10
+ OMP_NUM_THREADS=10
++ date +%Y_%m_%d_%H_%M_%S_%N
+ name=2012_12_04_23_47_43_884907846
+ mkdir 2012_12_04_23_47_43_884907846
+ cd 2012_12_04_23_47_43_884907846
+ touch out.dat
+ env
+ echo 2012_12_04_23_47_43_884907846
+ uname -a
+ srun --nodes=1 --ntasks=1 -ppbatch cat /proc/cpuinfo
+ grep MHz
+ srun --nodes=1 --ntasks=1 -o host_info hostname
+ echo 'threads/node: 10'
+ echo 'nodes: ' 32
+ echo 'turbo: 1'
+ srun --nodes=32 --ntasks=32 -o out.dat -e f.err ../bmark2
+ cd ../
+ i=8
+ '[' 8 -ge 4 ']'
+ export OMP_NUM_THREADS=8
+ OMP_NUM_THREADS=8
++ date +%Y_%m_%d_%H_%M_%S_%N
+ name=2012_12_04_23_47_57_958884501
+ mkdir 2012_12_04_23_47_57_958884501
+ cd 2012_12_04_23_47_57_958884501
+ touch out.dat
+ env
+ echo 2012_12_04_23_47_57_958884501
+ uname -a
+ srun --nodes=1 --ntasks=1 -ppbatch cat /proc/cpuinfo
+ grep MHz
+ srun --nodes=1 --ntasks=1 -o host_info hostname
+ echo 'threads/node: 8'
+ echo 'nodes: ' 32
+ echo 'turbo: 1'
+ srun --nodes=32 --ntasks=32 -o out.dat -e f.err ../bmark2
+ cd ../
+ i=6
+ '[' 6 -ge 4 ']'
+ export OMP_NUM_THREADS=6
+ OMP_NUM_THREADS=6
++ date +%Y_%m_%d_%H_%M_%S_%N
+ name=2012_12_04_23_48_12_989459471
+ mkdir 2012_12_04_23_48_12_989459471
+ cd 2012_12_04_23_48_12_989459471
+ touch out.dat
+ env
+ echo 2012_12_04_23_48_12_989459471
+ uname -a
+ srun --nodes=1 --ntasks=1 -ppbatch cat /proc/cpuinfo
+ grep MHz
+ srun --nodes=1 --ntasks=1 -o host_info hostname
+ echo 'threads/node: 6'
+ echo 'nodes: ' 32
+ echo 'turbo: 1'
+ srun --nodes=32 --ntasks=32 -o out.dat -e f.err ../bmark2
+ cd ../
+ i=4
+ '[' 4 -ge 4 ']'
+ export OMP_NUM_THREADS=4
+ OMP_NUM_THREADS=4
++ date +%Y_%m_%d_%H_%M_%S_%N
+ name=2012_12_04_23_48_30_376976885
+ mkdir 2012_12_04_23_48_30_376976885
+ cd 2012_12_04_23_48_30_376976885
+ touch out.dat
+ env
+ echo 2012_12_04_23_48_30_376976885
+ uname -a
+ srun --nodes=1 --ntasks=1 -ppbatch cat /proc/cpuinfo
+ grep MHz
+ srun --nodes=1 --ntasks=1 -o host_info hostname
+ echo 'threads/node: 4'
+ echo 'nodes: ' 32
+ echo 'turbo: 1'
+ srun --nodes=32 --ntasks=32 -o out.dat -e f.err ../bmark2
+ cd ../
+ i=2
+ '[' 2 -ge 4 ']'
+ j=64
+ '[' 64 -le 32 ']'
+ export TURBO_ENABLE=0
+ TURBO_ENABLE=0
+ export FUNC_INTERCEPT=0
+ FUNC_INTERCEPT=0
+ export READ_WRITE=1
+ READ_WRITE=1
+ export READ_ONLY=0
+ READ_ONLY=0
+ for pkg in 0x38198 0x038208 0x038280 0x0382f8
+ i=16
+ j=8
+ export MSR_PKG_POWER_LIMIT=0x38198
+ MSR_PKG_POWER_LIMIT=0x38198
+ '[' 8 -le 32 ']'
+ i=16
+ '[' 16 -ge 4 ']'
+ export OMP_NUM_THREADS=16
+ OMP_NUM_THREADS=16
++ date +%Y_%m_%d_%H_%M_%S_%N
+ name=2012_12_04_23_48_52_863474565
+ mkdir 2012_12_04_23_48_52_863474565
+ cd 2012_12_04_23_48_52_863474565
+ touch out.dat
+ env
+ echo 2012_12_04_23_48_52_863474565
+ uname -a
+ srun --nodes=1 --ntasks=1 -ppbatch cat /proc/cpuinfo
+ grep MHz
+ srun --nodes=1 --ntasks=1 -o host_info hostname
+ echo 'threads/node: 16'
+ echo 'nodes: ' 8
+ echo 'turbo: ' 0
+ srun --nodes=8 --ntasks=8 -o out.dat -e f.err ../bmark2
+ cd ../
+ i=14
+ '[' 14 -ge 4 ']'
+ export OMP_NUM_THREADS=14
+ OMP_NUM_THREADS=14
++ date +%Y_%m_%d_%H_%M_%S_%N
+ name=2012_12_04_23_49_23_700429721
+ mkdir 2012_12_04_23_49_23_700429721
+ cd 2012_12_04_23_49_23_700429721
+ touch out.dat
+ env
+ echo 2012_12_04_23_49_23_700429721
+ uname -a
+ srun --nodes=1 --ntasks=1 -ppbatch cat /proc/cpuinfo
+ grep MHz
+ srun --nodes=1 --ntasks=1 -o host_info hostname
+ echo 'threads/node: 14'
+ echo 'nodes: ' 8
+ echo 'turbo: ' 0
+ srun --nodes=8 --ntasks=8 -o out.dat -e f.err ../bmark2
+ cd ../
+ i=12
+ '[' 12 -ge 4 ']'
+ export OMP_NUM_THREADS=12
+ OMP_NUM_THREADS=12
++ date +%Y_%m_%d_%H_%M_%S_%N
+ name=2012_12_04_23_49_57_793537231
+ mkdir 2012_12_04_23_49_57_793537231
+ cd 2012_12_04_23_49_57_793537231
+ touch out.dat
+ env
+ echo 2012_12_04_23_49_57_793537231
+ uname -a
+ srun --nodes=1 --ntasks=1 -ppbatch cat /proc/cpuinfo
+ grep MHz
+ srun --nodes=1 --ntasks=1 -o host_info hostname
+ echo 'threads/node: 12'
+ echo 'nodes: ' 8
+ echo 'turbo: ' 0
+ srun --nodes=8 --ntasks=8 -o out.dat -e f.err ../bmark2
+ cd ../
+ i=10
+ '[' 10 -ge 4 ']'
+ export OMP_NUM_THREADS=10
+ OMP_NUM_THREADS=10
++ date +%Y_%m_%d_%H_%M_%S_%N
+ name=2012_12_04_23_50_33_762455628
+ mkdir 2012_12_04_23_50_33_762455628
+ cd 2012_12_04_23_50_33_762455628
+ touch out.dat
+ env
+ echo 2012_12_04_23_50_33_762455628
+ uname -a
+ srun --nodes=1 --ntasks=1 -ppbatch cat /proc/cpuinfo
+ grep MHz
+ srun --nodes=1 --ntasks=1 -o host_info hostname
+ echo 'threads/node: 10'
+ echo 'nodes: ' 8
+ echo 'turbo: ' 0
+ srun --nodes=8 --ntasks=8 -o out.dat -e f.err ../bmark2
+ cd ../
+ i=8
+ '[' 8 -ge 4 ']'
+ export OMP_NUM_THREADS=8
+ OMP_NUM_THREADS=8
++ date +%Y_%m_%d_%H_%M_%S_%N
+ name=2012_12_04_23_51_13_206335991
+ mkdir 2012_12_04_23_51_13_206335991
+ cd 2012_12_04_23_51_13_206335991
+ touch out.dat
+ env
+ echo 2012_12_04_23_51_13_206335991
+ uname -a
+ srun --nodes=1 --ntasks=1 -ppbatch cat /proc/cpuinfo
+ grep MHz
+ srun --nodes=1 --ntasks=1 -o host_info hostname
+ echo 'threads/node: 8'
+ echo 'nodes: ' 8
+ echo 'turbo: ' 0
+ srun --nodes=8 --ntasks=8 -o out.dat -e f.err ../bmark2
+ cd ../
+ i=6
+ '[' 6 -ge 4 ']'
+ export OMP_NUM_THREADS=6
+ OMP_NUM_THREADS=6
++ date +%Y_%m_%d_%H_%M_%S_%N
+ name=2012_12_04_23_51_56_363511969
+ mkdir 2012_12_04_23_51_56_363511969
+ cd 2012_12_04_23_51_56_363511969
+ touch out.dat
+ env
+ echo 2012_12_04_23_51_56_363511969
+ uname -a
+ srun --nodes=1 --ntasks=1 -ppbatch cat /proc/cpuinfo
+ grep MHz
+ srun --nodes=1 --ntasks=1 -o host_info hostname
+ echo 'threads/node: 6'
+ echo 'nodes: ' 8
+ echo 'turbo: ' 0
+ srun --nodes=8 --ntasks=8 -o out.dat -e f.err ../bmark2
+ cd ../
+ i=4
+ '[' 4 -ge 4 ']'
+ export OMP_NUM_THREADS=4
+ OMP_NUM_THREADS=4
++ date +%Y_%m_%d_%H_%M_%S_%N
+ name=2012_12_04_23_52_51_316843588
+ mkdir 2012_12_04_23_52_51_316843588
+ cd 2012_12_04_23_52_51_316843588
+ touch out.dat
+ env
+ echo 2012_12_04_23_52_51_316843588
+ uname -a
+ srun --nodes=1 --ntasks=1 -ppbatch cat /proc/cpuinfo
+ grep MHz
+ srun --nodes=1 --ntasks=1 -o host_info hostname
+ echo 'threads/node: 4'
+ echo 'nodes: ' 8
+ echo 'turbo: ' 0
+ srun --nodes=8 --ntasks=8 -o out.dat -e f.err ../bmark2
+ cd ../
+ i=2
+ '[' 2 -ge 4 ']'
+ j=16
+ '[' 16 -le 32 ']'
+ i=16
+ '[' 16 -ge 4 ']'
+ export OMP_NUM_THREADS=16
+ OMP_NUM_THREADS=16
++ date +%Y_%m_%d_%H_%M_%S_%N
+ name=2012_12_04_23_54_11_209086013
+ mkdir 2012_12_04_23_54_11_209086013
+ cd 2012_12_04_23_54_11_209086013
+ touch out.dat
+ env
+ echo 2012_12_04_23_54_11_209086013
+ uname -a
+ srun --nodes=1 --ntasks=1 -ppbatch cat /proc/cpuinfo
+ grep MHz
+ srun --nodes=1 --ntasks=1 -o host_info hostname
+ echo 'threads/node: 16'
+ echo 'nodes: ' 16
+ echo 'turbo: ' 0
+ srun --nodes=16 --ntasks=16 -o out.dat -e f.err ../bmark2
+ cd ../
+ i=14
+ '[' 14 -ge 4 ']'
+ export OMP_NUM_THREADS=14
+ OMP_NUM_THREADS=14
++ date +%Y_%m_%d_%H_%M_%S_%N
+ name=2012_12_04_23_54_30_830753872
+ mkdir 2012_12_04_23_54_30_830753872
+ cd 2012_12_04_23_54_30_830753872
+ touch out.dat
+ env
+ echo 2012_12_04_23_54_30_830753872
+ uname -a
+ srun --nodes=1 --ntasks=1 -ppbatch cat /proc/cpuinfo
+ grep MHz
+ srun --nodes=1 --ntasks=1 -o host_info hostname
+ echo 'threads/node: 14'
+ echo 'nodes: ' 16
+ echo 'turbo: ' 0
+ srun --nodes=16 --ntasks=16 -o out.dat -e f.err ../bmark2
+ cd ../
+ i=12
+ '[' 12 -ge 4 ']'
+ export OMP_NUM_THREADS=12
+ OMP_NUM_THREADS=12
++ date +%Y_%m_%d_%H_%M_%S_%N
+ name=2012_12_04_23_54_51_780850555
+ mkdir 2012_12_04_23_54_51_780850555
+ cd 2012_12_04_23_54_51_780850555
+ touch out.dat
+ env
+ echo 2012_12_04_23_54_51_780850555
+ uname -a
+ srun --nodes=1 --ntasks=1 -ppbatch cat /proc/cpuinfo
+ grep MHz
+ srun --nodes=1 --ntasks=1 -o host_info hostname
+ echo 'threads/node: 12'
+ echo 'nodes: ' 16
+ echo 'turbo: ' 0
+ srun --nodes=16 --ntasks=16 -o out.dat -e f.err ../bmark2
+ cd ../
+ i=10
+ '[' 10 -ge 4 ']'
+ export OMP_NUM_THREADS=10
+ OMP_NUM_THREADS=10
++ date +%Y_%m_%d_%H_%M_%S_%N
+ name=2012_12_04_23_55_14_553307399
+ mkdir 2012_12_04_23_55_14_553307399
+ cd 2012_12_04_23_55_14_553307399
+ touch out.dat
+ env
+ echo 2012_12_04_23_55_14_553307399
+ uname -a
+ srun --nodes=1 --ntasks=1 -ppbatch cat /proc/cpuinfo
+ grep MHz
+ srun --nodes=1 --ntasks=1 -o host_info hostname
+ echo 'threads/node: 10'
+ echo 'nodes: ' 16
+ echo 'turbo: ' 0
+ srun --nodes=16 --ntasks=16 -o out.dat -e f.err ../bmark2
+ cd ../
+ i=8
+ '[' 8 -ge 4 ']'
+ export OMP_NUM_THREADS=8
+ OMP_NUM_THREADS=8
++ date +%Y_%m_%d_%H_%M_%S_%N
+ name=2012_12_04_23_55_38_715120985
+ mkdir 2012_12_04_23_55_38_715120985
+ cd 2012_12_04_23_55_38_715120985
+ touch out.dat
+ env
+ echo 2012_12_04_23_55_38_715120985
+ uname -a
+ srun --nodes=1 --ntasks=1 -ppbatch cat /proc/cpuinfo
+ grep MHz
+ srun --nodes=1 --ntasks=1 -o host_info hostname
+ echo 'threads/node: 8'
+ echo 'nodes: ' 16
+ echo 'turbo: ' 0
+ srun --nodes=16 --ntasks=16 -o out.dat -e f.err ../bmark2
+ cd ../
+ i=6
+ '[' 6 -ge 4 ']'
+ export OMP_NUM_THREADS=6
+ OMP_NUM_THREADS=6
++ date +%Y_%m_%d_%H_%M_%S_%N
+ name=2012_12_04_23_56_05_117940860
+ mkdir 2012_12_04_23_56_05_117940860
+ cd 2012_12_04_23_56_05_117940860
+ touch out.dat
+ env
+ echo 2012_12_04_23_56_05_117940860
+ uname -a
+ srun --nodes=1 --ntasks=1 -ppbatch cat /proc/cpuinfo
+ grep MHz
+ srun --nodes=1 --ntasks=1 -o host_info hostname
+ echo 'threads/node: 6'
+ echo 'nodes: ' 16
+ echo 'turbo: ' 0
+ srun --nodes=16 --ntasks=16 -o out.dat -e f.err ../bmark2
+ cd ../
+ i=4
+ '[' 4 -ge 4 ']'
+ export OMP_NUM_THREADS=4
+ OMP_NUM_THREADS=4
++ date +%Y_%m_%d_%H_%M_%S_%N
+ name=2012_12_04_23_56_36_663919230
+ mkdir 2012_12_04_23_56_36_663919230
+ cd 2012_12_04_23_56_36_663919230
+ touch out.dat
+ env
+ echo 2012_12_04_23_56_36_663919230
+ uname -a
+ srun --nodes=1 --ntasks=1 -ppbatch cat /proc/cpuinfo
+ grep MHz
+ srun --nodes=1 --ntasks=1 -o host_info hostname
+ echo 'threads/node: 4'
+ echo 'nodes: ' 16
+ echo 'turbo: ' 0
+ srun --nodes=16 --ntasks=16 -o out.dat -e f.err ../bmark2
+ cd ../
+ i=2
+ '[' 2 -ge 4 ']'
+ j=32
+ '[' 32 -le 32 ']'
+ i=16
+ '[' 16 -ge 4 ']'
+ export OMP_NUM_THREADS=16
+ OMP_NUM_THREADS=16
++ date +%Y_%m_%d_%H_%M_%S_%N
+ name=2012_12_04_23_57_20_477852510
+ mkdir 2012_12_04_23_57_20_477852510
+ cd 2012_12_04_23_57_20_477852510
+ touch out.dat
+ env
+ echo 2012_12_04_23_57_20_477852510
+ uname -a
+ srun --nodes=1 --ntasks=1 -ppbatch cat /proc/cpuinfo
+ grep MHz
+ srun --nodes=1 --ntasks=1 -o host_info hostname
+ echo 'threads/node: 16'
+ echo 'nodes: ' 32
+ echo 'turbo: ' 0
+ srun --nodes=32 --ntasks=32 -o out.dat -e f.err ../bmark2
+ cd ../
+ i=14
+ '[' 14 -ge 4 ']'
+ export OMP_NUM_THREADS=14
+ OMP_NUM_THREADS=14
++ date +%Y_%m_%d_%H_%M_%S_%N
+ name=2012_12_04_23_57_35_329589357
+ mkdir 2012_12_04_23_57_35_329589357
+ cd 2012_12_04_23_57_35_329589357
+ touch out.dat
+ env
+ echo 2012_12_04_23_57_35_329589357
+ uname -a
+ srun --nodes=1 --ntasks=1 -ppbatch cat /proc/cpuinfo
+ grep MHz
+ srun --nodes=1 --ntasks=1 -o host_info hostname
+ echo 'threads/node: 14'
+ echo 'nodes: ' 32
+ echo 'turbo: ' 0
+ srun --nodes=32 --ntasks=32 -o out.dat -e f.err ../bmark2
+ cd ../
+ i=12
+ '[' 12 -ge 4 ']'
+ export OMP_NUM_THREADS=12
+ OMP_NUM_THREADS=12
++ date +%Y_%m_%d_%H_%M_%S_%N
+ name=2012_12_04_23_57_50_755265045
+ mkdir 2012_12_04_23_57_50_755265045
+ cd 2012_12_04_23_57_50_755265045
+ touch out.dat
+ env
+ echo 2012_12_04_23_57_50_755265045
+ uname -a
+ srun --nodes=1 --ntasks=1 -ppbatch cat /proc/cpuinfo
+ grep MHz
+ srun --nodes=1 --ntasks=1 -o host_info hostname
+ echo 'threads/node: 12'
+ echo 'nodes: ' 32
+ echo 'turbo: ' 0
+ srun --nodes=32 --ntasks=32 -o out.dat -e f.err ../bmark2
+ cd ../
+ i=10
+ '[' 10 -ge 4 ']'
+ export OMP_NUM_THREADS=10
+ OMP_NUM_THREADS=10
++ date +%Y_%m_%d_%H_%M_%S_%N
+ name=2012_12_04_23_58_07_684446521
+ mkdir 2012_12_04_23_58_07_684446521
+ cd 2012_12_04_23_58_07_684446521
+ touch out.dat
+ env
+ echo 2012_12_04_23_58_07_684446521
+ uname -a
+ srun --nodes=1 --ntasks=1 -ppbatch cat /proc/cpuinfo
+ grep MHz
+ srun --nodes=1 --ntasks=1 -o host_info hostname
+ echo 'threads/node: 10'
+ echo 'nodes: ' 32
+ echo 'turbo: ' 0
+ srun --nodes=32 --ntasks=32 -o out.dat -e f.err ../bmark2
+ cd ../
+ i=8
+ '[' 8 -ge 4 ']'
+ export OMP_NUM_THREADS=8
+ OMP_NUM_THREADS=8
++ date +%Y_%m_%d_%H_%M_%S_%N
+ name=2012_12_04_23_58_25_360094575
+ mkdir 2012_12_04_23_58_25_360094575
+ cd 2012_12_04_23_58_25_360094575
+ touch out.dat
+ env
+ echo 2012_12_04_23_58_25_360094575
+ uname -a
+ srun --nodes=1 --ntasks=1 -ppbatch cat /proc/cpuinfo
+ grep MHz
+ srun --nodes=1 --ntasks=1 -o host_info hostname
+ echo 'threads/node: 8'
+ echo 'nodes: ' 32
+ echo 'turbo: ' 0
+ srun --nodes=32 --ntasks=32 -o out.dat -e f.err ../bmark2
+ cd ../
+ i=6
+ '[' 6 -ge 4 ']'
+ export OMP_NUM_THREADS=6
+ OMP_NUM_THREADS=6
++ date +%Y_%m_%d_%H_%M_%S_%N
+ name=2012_12_04_23_58_43_722592862
+ mkdir 2012_12_04_23_58_43_722592862
+ cd 2012_12_04_23_58_43_722592862
+ touch out.dat
+ env
+ echo 2012_12_04_23_58_43_722592862
+ uname -a
+ srun --nodes=1 --ntasks=1 -ppbatch cat /proc/cpuinfo
+ grep MHz
+ srun --nodes=1 --ntasks=1 -o host_info hostname
+ echo 'threads/node: 6'
+ echo 'nodes: ' 32
+ echo 'turbo: ' 0
+ srun --nodes=32 --ntasks=32 -o out.dat -e f.err ../bmark2
+ cd ../
+ i=4
+ '[' 4 -ge 4 ']'
+ export OMP_NUM_THREADS=4
+ OMP_NUM_THREADS=4
++ date +%Y_%m_%d_%H_%M_%S_%N
+ name=2012_12_04_23_59_04_306469790
+ mkdir 2012_12_04_23_59_04_306469790
+ cd 2012_12_04_23_59_04_306469790
+ touch out.dat
+ env
+ echo 2012_12_04_23_59_04_306469790
+ uname -a
+ srun --nodes=1 --ntasks=1 -ppbatch cat /proc/cpuinfo
+ grep MHz
+ srun --nodes=1 --ntasks=1 -o host_info hostname
+ echo 'threads/node: 4'
+ echo 'nodes: ' 32
+ echo 'turbo: ' 0
+ srun --nodes=32 --ntasks=32 -o out.dat -e f.err ../bmark2
+ cd ../
+ i=2
+ '[' 2 -ge 4 ']'
+ j=64
+ '[' 64 -le 32 ']'
+ for pkg in 0x38198 0x038208 0x038280 0x0382f8
+ i=16
+ j=8
+ export MSR_PKG_POWER_LIMIT=0x038208
+ MSR_PKG_POWER_LIMIT=0x038208
+ '[' 8 -le 32 ']'
+ i=16
+ '[' 16 -ge 4 ']'
+ export OMP_NUM_THREADS=16
+ OMP_NUM_THREADS=16
++ date +%Y_%m_%d_%H_%M_%S_%N
+ name=2012_12_04_23_59_30_674254369
+ mkdir 2012_12_04_23_59_30_674254369
+ cd 2012_12_04_23_59_30_674254369
+ touch out.dat
+ env
+ echo 2012_12_04_23_59_30_674254369
+ uname -a
+ srun --nodes=1 --ntasks=1 -ppbatch cat /proc/cpuinfo
+ grep MHz
+ srun --nodes=1 --ntasks=1 -o host_info hostname
+ echo 'threads/node: 16'
+ echo 'nodes: ' 8
+ echo 'turbo: ' 0
+ srun --nodes=8 --ntasks=8 -o out.dat -e f.err ../bmark2
+ cd ../
+ i=14
+ '[' 14 -ge 4 ']'
+ export OMP_NUM_THREADS=14
+ OMP_NUM_THREADS=14
++ date +%Y_%m_%d_%H_%M_%S_%N
+ name=2012_12_04_23_59_58_235624277
+ mkdir 2012_12_04_23_59_58_235624277
+ cd 2012_12_04_23_59_58_235624277
+ touch out.dat
+ env
+ echo 2012_12_04_23_59_58_235624277
+ uname -a
+ srun --nodes=1 --ntasks=1 -ppbatch cat /proc/cpuinfo
+ grep MHz
+ srun --nodes=1 --ntasks=1 -o host_info hostname
+ echo 'threads/node: 14'
+ echo 'nodes: ' 8
+ echo 'turbo: ' 0
+ srun --nodes=8 --ntasks=8 -o out.dat -e f.err ../bmark2
+ cd ../
+ i=12
+ '[' 12 -ge 4 ']'
+ export OMP_NUM_THREADS=12
+ OMP_NUM_THREADS=12
++ date +%Y_%m_%d_%H_%M_%S_%N
+ name=2012_12_05_00_00_28_034478075
+ mkdir 2012_12_05_00_00_28_034478075
+ cd 2012_12_05_00_00_28_034478075
+ touch out.dat
+ env
+ echo 2012_12_05_00_00_28_034478075
+ uname -a
+ srun --nodes=1 --ntasks=1 -ppbatch cat /proc/cpuinfo
+ grep MHz
+ srun --nodes=1 --ntasks=1 -o host_info hostname
+ echo 'threads/node: 12'
+ echo 'nodes: ' 8
+ echo 'turbo: ' 0
+ srun --nodes=8 --ntasks=8 -o out.dat -e f.err ../bmark2
+ cd ../
+ i=10
+ '[' 10 -ge 4 ']'
+ export OMP_NUM_THREADS=10
+ OMP_NUM_THREADS=10
++ date +%Y_%m_%d_%H_%M_%S_%N
+ name=2012_12_05_00_01_00_353647552
+ mkdir 2012_12_05_00_01_00_353647552
+ cd 2012_12_05_00_01_00_353647552
+ touch out.dat
+ env
+ echo 2012_12_05_00_01_00_353647552
+ uname -a
+ srun --nodes=1 --ntasks=1 -ppbatch cat /proc/cpuinfo
+ grep MHz
+ srun --nodes=1 --ntasks=1 -o host_info hostname
+ echo 'threads/node: 10'
+ echo 'nodes: ' 8
+ echo 'turbo: ' 0
+ srun --nodes=8 --ntasks=8 -o out.dat -e f.err ../bmark2
+ cd ../
+ i=8
+ '[' 8 -ge 4 ']'
+ export OMP_NUM_THREADS=8
+ OMP_NUM_THREADS=8
++ date +%Y_%m_%d_%H_%M_%S_%N
+ name=2012_12_05_00_01_37_144255543
+ mkdir 2012_12_05_00_01_37_144255543
+ cd 2012_12_05_00_01_37_144255543
+ touch out.dat
+ env
+ echo 2012_12_05_00_01_37_144255543
+ uname -a
+ srun --nodes=1 --ntasks=1 -ppbatch cat /proc/cpuinfo
+ grep MHz
+ srun --nodes=1 --ntasks=1 -o host_info hostname
+ echo 'threads/node: 8'
+ echo 'nodes: ' 8
+ echo 'turbo: ' 0
+ srun --nodes=8 --ntasks=8 -o out.dat -e f.err ../bmark2
+ cd ../
+ i=6
+ '[' 6 -ge 4 ']'
+ export OMP_NUM_THREADS=6
+ OMP_NUM_THREADS=6
++ date +%Y_%m_%d_%H_%M_%S_%N
+ name=2012_12_05_00_02_20_477887694
+ mkdir 2012_12_05_00_02_20_477887694
+ cd 2012_12_05_00_02_20_477887694
+ touch out.dat
+ env
+ echo 2012_12_05_00_02_20_477887694
+ uname -a
+ srun --nodes=1 --ntasks=1 -ppbatch cat /proc/cpuinfo
+ grep MHz
+ srun --nodes=1 --ntasks=1 -o host_info hostname
+ echo 'threads/node: 6'
+ echo 'nodes: ' 8
+ echo 'turbo: ' 0
+ srun --nodes=8 --ntasks=8 -o out.dat -e f.err ../bmark2
+ cd ../
+ i=4
+ '[' 4 -ge 4 ']'
+ export OMP_NUM_THREADS=4
+ OMP_NUM_THREADS=4
++ date +%Y_%m_%d_%H_%M_%S_%N
+ name=2012_12_05_00_03_16_730789610
+ mkdir 2012_12_05_00_03_16_730789610
+ cd 2012_12_05_00_03_16_730789610
+ touch out.dat
+ env
+ echo 2012_12_05_00_03_16_730789610
+ uname -a
+ srun --nodes=1 --ntasks=1 -ppbatch cat /proc/cpuinfo
+ grep MHz
+ srun --nodes=1 --ntasks=1 -o host_info hostname
+ echo 'threads/node: 4'
+ echo 'nodes: ' 8
+ echo 'turbo: ' 0
+ srun --nodes=8 --ntasks=8 -o out.dat -e f.err ../bmark2
+ cd ../
+ i=2
+ '[' 2 -ge 4 ']'
+ j=16
+ '[' 16 -le 32 ']'
+ i=16
+ '[' 16 -ge 4 ']'
+ export OMP_NUM_THREADS=16
+ OMP_NUM_THREADS=16
++ date +%Y_%m_%d_%H_%M_%S_%N
+ name=2012_12_05_00_04_37_019713284
+ mkdir 2012_12_05_00_04_37_019713284
+ cd 2012_12_05_00_04_37_019713284
+ touch out.dat
+ env
+ echo 2012_12_05_00_04_37_019713284
+ uname -a
+ srun --nodes=1 --ntasks=1 -ppbatch cat /proc/cpuinfo
+ grep MHz
+ srun --nodes=1 --ntasks=1 -o host_info hostname
+ echo 'threads/node: 16'
+ echo 'nodes: ' 16
+ echo 'turbo: ' 0
+ srun --nodes=16 --ntasks=16 -o out.dat -e f.err ../bmark2
+ cd ../
+ i=14
+ '[' 14 -ge 4 ']'
+ export OMP_NUM_THREADS=14
+ OMP_NUM_THREADS=14
++ date +%Y_%m_%d_%H_%M_%S_%N
+ name=2012_12_05_00_04_55_785266305
+ mkdir 2012_12_05_00_04_55_785266305
+ cd 2012_12_05_00_04_55_785266305
+ touch out.dat
+ env
+ echo 2012_12_05_00_04_55_785266305
+ uname -a
+ srun --nodes=1 --ntasks=1 -ppbatch cat /proc/cpuinfo
+ grep MHz
+ srun --nodes=1 --ntasks=1 -o host_info hostname
+ echo 'threads/node: 14'
+ echo 'nodes: ' 16
+ echo 'turbo: ' 0
+ srun --nodes=16 --ntasks=16 -o out.dat -e f.err ../bmark2
+ cd ../
+ i=12
+ '[' 12 -ge 4 ']'
+ export OMP_NUM_THREADS=12
+ OMP_NUM_THREADS=12
++ date +%Y_%m_%d_%H_%M_%S_%N
+ name=2012_12_05_00_05_15_275522756
+ mkdir 2012_12_05_00_05_15_275522756
+ cd 2012_12_05_00_05_15_275522756
+ touch out.dat
+ env
+ echo 2012_12_05_00_05_15_275522756
+ uname -a
+ srun --nodes=1 --ntasks=1 -ppbatch cat /proc/cpuinfo
+ grep MHz
+ srun --nodes=1 --ntasks=1 -o host_info hostname
+ echo 'threads/node: 12'
+ echo 'nodes: ' 16
+ echo 'turbo: ' 0
+ srun --nodes=16 --ntasks=16 -o out.dat -e f.err ../bmark2
+ cd ../
+ i=10
+ '[' 10 -ge 4 ']'
+ export OMP_NUM_THREADS=10
+ OMP_NUM_THREADS=10
++ date +%Y_%m_%d_%H_%M_%S_%N
+ name=2012_12_05_00_05_36_072702662
+ mkdir 2012_12_05_00_05_36_072702662
+ cd 2012_12_05_00_05_36_072702662
+ touch out.dat
+ env
+ echo 2012_12_05_00_05_36_072702662
+ uname -a
+ srun --nodes=1 --ntasks=1 -ppbatch cat /proc/cpuinfo
+ grep MHz
+ srun --nodes=1 --ntasks=1 -o host_info hostname
+ echo 'threads/node: 10'
+ echo 'nodes: ' 16
+ echo 'turbo: ' 0
+ srun --nodes=16 --ntasks=16 -o out.dat -e f.err ../bmark2
+ cd ../
+ i=8
+ '[' 8 -ge 4 ']'
+ export OMP_NUM_THREADS=8
+ OMP_NUM_THREADS=8
++ date +%Y_%m_%d_%H_%M_%S_%N
+ name=2012_12_05_00_05_58_423299418
+ mkdir 2012_12_05_00_05_58_423299418
+ cd 2012_12_05_00_05_58_423299418
+ touch out.dat
+ env
+ echo 2012_12_05_00_05_58_423299418
+ uname -a
+ srun --nodes=1 --ntasks=1 -ppbatch cat /proc/cpuinfo
+ grep MHz
+ srun --nodes=1 --ntasks=1 -o host_info hostname
+ echo 'threads/node: 8'
+ echo 'nodes: ' 16
+ echo 'turbo: ' 0
+ srun --nodes=16 --ntasks=16 -o out.dat -e f.err ../bmark2
+ cd ../
+ i=6
+ '[' 6 -ge 4 ']'
+ export OMP_NUM_THREADS=6
+ OMP_NUM_THREADS=6
++ date +%Y_%m_%d_%H_%M_%S_%N
+ name=2012_12_05_00_06_24_608830534
+ mkdir 2012_12_05_00_06_24_608830534
+ cd 2012_12_05_00_06_24_608830534
+ touch out.dat
+ env
+ echo 2012_12_05_00_06_24_608830534
+ uname -a
+ srun --nodes=1 --ntasks=1 -ppbatch cat /proc/cpuinfo
+ grep MHz
+ srun --nodes=1 --ntasks=1 -o host_info hostname
+ echo 'threads/node: 6'
+ echo 'nodes: ' 16
+ echo 'turbo: ' 0
+ srun --nodes=16 --ntasks=16 -o out.dat -e f.err ../bmark2
+ cd ../
+ i=4
+ '[' 4 -ge 4 ']'
+ export OMP_NUM_THREADS=4
+ OMP_NUM_THREADS=4
++ date +%Y_%m_%d_%H_%M_%S_%N
+ name=2012_12_05_00_06_56_347875353
+ mkdir 2012_12_05_00_06_56_347875353
+ cd 2012_12_05_00_06_56_347875353
+ touch out.dat
+ env
+ echo 2012_12_05_00_06_56_347875353
+ uname -a
+ srun --nodes=1 --ntasks=1 -ppbatch cat /proc/cpuinfo
+ grep MHz
+ srun --nodes=1 --ntasks=1 -o host_info hostname
+ echo 'threads/node: 4'
+ echo 'nodes: ' 16
+ echo 'turbo: ' 0
+ srun --nodes=16 --ntasks=16 -o out.dat -e f.err ../bmark2
+ cd ../
+ i=2
+ '[' 2 -ge 4 ']'
+ j=32
+ '[' 32 -le 32 ']'
+ i=16
+ '[' 16 -ge 4 ']'
+ export OMP_NUM_THREADS=16
+ OMP_NUM_THREADS=16
++ date +%Y_%m_%d_%H_%M_%S_%N
+ name=2012_12_05_00_07_40_634542103
+ mkdir 2012_12_05_00_07_40_634542103
+ cd 2012_12_05_00_07_40_634542103
+ touch out.dat
+ env
+ echo 2012_12_05_00_07_40_634542103
+ uname -a
+ srun --nodes=1 --ntasks=1 -ppbatch cat /proc/cpuinfo
+ grep MHz
+ srun --nodes=1 --ntasks=1 -o host_info hostname
+ echo 'threads/node: 16'
+ echo 'nodes: ' 32
+ echo 'turbo: ' 0
+ srun --nodes=32 --ntasks=32 -o out.dat -e f.err ../bmark2
+ cd ../
+ i=14
+ '[' 14 -ge 4 ']'
+ export OMP_NUM_THREADS=14
+ OMP_NUM_THREADS=14
++ date +%Y_%m_%d_%H_%M_%S_%N
+ name=2012_12_05_00_07_55_828528442
+ mkdir 2012_12_05_00_07_55_828528442
+ cd 2012_12_05_00_07_55_828528442
+ touch out.dat
+ env
+ echo 2012_12_05_00_07_55_828528442
+ uname -a
+ srun --nodes=1 --ntasks=1 -ppbatch cat /proc/cpuinfo
+ grep MHz
+ srun --nodes=1 --ntasks=1 -o host_info hostname
+ echo 'threads/node: 14'
+ echo 'nodes: ' 32
+ echo 'turbo: ' 0
+ srun --nodes=32 --ntasks=32 -o out.dat -e f.err ../bmark2
+ cd ../
+ i=12
+ '[' 12 -ge 4 ']'
+ export OMP_NUM_THREADS=12
+ OMP_NUM_THREADS=12
++ date +%Y_%m_%d_%H_%M_%S_%N
+ name=2012_12_05_00_08_10_519440904
+ mkdir 2012_12_05_00_08_10_519440904
+ cd 2012_12_05_00_08_10_519440904
+ touch out.dat
+ env
+ echo 2012_12_05_00_08_10_519440904
+ uname -a
+ srun --nodes=1 --ntasks=1 -ppbatch cat /proc/cpuinfo
+ grep MHz
+ srun --nodes=1 --ntasks=1 -o host_info hostname
+ echo 'threads/node: 12'
+ echo 'nodes: ' 32
+ echo 'turbo: ' 0
+ srun --nodes=32 --ntasks=32 -o out.dat -e f.err ../bmark2
+ cd ../
+ i=10
+ '[' 10 -ge 4 ']'
+ export OMP_NUM_THREADS=10
+ OMP_NUM_THREADS=10
++ date +%Y_%m_%d_%H_%M_%S_%N
+ name=2012_12_05_00_08_25_341861873
+ mkdir 2012_12_05_00_08_25_341861873
+ cd 2012_12_05_00_08_25_341861873
+ touch out.dat
+ env
+ echo 2012_12_05_00_08_25_341861873
+ uname -a
+ srun --nodes=1 --ntasks=1 -ppbatch cat /proc/cpuinfo
+ grep MHz
+ srun --nodes=1 --ntasks=1 -o host_info hostname
+ echo 'threads/node: 10'
+ echo 'nodes: ' 32
+ echo 'turbo: ' 0
+ srun --nodes=32 --ntasks=32 -o out.dat -e f.err ../bmark2
+ cd ../
+ i=8
+ '[' 8 -ge 4 ']'
+ export OMP_NUM_THREADS=8
+ OMP_NUM_THREADS=8
++ date +%Y_%m_%d_%H_%M_%S_%N
+ name=2012_12_05_00_08_41_452246540
+ mkdir 2012_12_05_00_08_41_452246540
+ cd 2012_12_05_00_08_41_452246540
+ touch out.dat
+ env
+ echo 2012_12_05_00_08_41_452246540
+ uname -a
+ srun --nodes=1 --ntasks=1 -ppbatch cat /proc/cpuinfo
+ grep MHz
+ srun --nodes=1 --ntasks=1 -o host_info hostname
+ echo 'threads/node: 8'
+ echo 'nodes: ' 32
+ echo 'turbo: ' 0
+ srun --nodes=32 --ntasks=32 -o out.dat -e f.err ../bmark2
+ cd ../
+ i=6
+ '[' 6 -ge 4 ']'
+ export OMP_NUM_THREADS=6
+ OMP_NUM_THREADS=6
++ date +%Y_%m_%d_%H_%M_%S_%N
+ name=2012_12_05_00_08_59_288063905
+ mkdir 2012_12_05_00_08_59_288063905
+ cd 2012_12_05_00_08_59_288063905
+ touch out.dat
+ env
+ echo 2012_12_05_00_08_59_288063905
+ uname -a
+ srun --nodes=1 --ntasks=1 -ppbatch cat /proc/cpuinfo
+ grep MHz
+ srun --nodes=1 --ntasks=1 -o host_info hostname
+ echo 'threads/node: 6'
+ echo 'nodes: ' 32
+ echo 'turbo: ' 0
+ srun --nodes=32 --ntasks=32 -o out.dat -e f.err ../bmark2
+ cd ../
+ i=4
+ '[' 4 -ge 4 ']'
+ export OMP_NUM_THREADS=4
+ OMP_NUM_THREADS=4
++ date +%Y_%m_%d_%H_%M_%S_%N
+ name=2012_12_05_00_09_20_365875239
+ mkdir 2012_12_05_00_09_20_365875239
+ cd 2012_12_05_00_09_20_365875239
+ touch out.dat
+ env
+ echo 2012_12_05_00_09_20_365875239
+ uname -a
+ srun --nodes=1 --ntasks=1 -ppbatch cat /proc/cpuinfo
+ grep MHz
+ srun --nodes=1 --ntasks=1 -o host_info hostname
+ echo 'threads/node: 4'
+ echo 'nodes: ' 32
+ echo 'turbo: ' 0
+ srun --nodes=32 --ntasks=32 -o out.dat -e f.err ../bmark2
+ cd ../
+ i=2
+ '[' 2 -ge 4 ']'
+ j=64
+ '[' 64 -le 32 ']'
+ for pkg in 0x38198 0x038208 0x038280 0x0382f8
+ i=16
+ j=8
+ export MSR_PKG_POWER_LIMIT=0x038280
+ MSR_PKG_POWER_LIMIT=0x038280
+ '[' 8 -le 32 ']'
+ i=16
+ '[' 16 -ge 4 ']'
+ export OMP_NUM_THREADS=16
+ OMP_NUM_THREADS=16
++ date +%Y_%m_%d_%H_%M_%S_%N
+ name=2012_12_05_00_09_47_590468957
+ mkdir 2012_12_05_00_09_47_590468957
+ cd 2012_12_05_00_09_47_590468957
+ touch out.dat
+ env
+ echo 2012_12_05_00_09_47_590468957
+ uname -a
+ srun --nodes=1 --ntasks=1 -ppbatch cat /proc/cpuinfo
+ grep MHz
+ srun --nodes=1 --ntasks=1 -o host_info hostname
+ echo 'threads/node: 16'
+ echo 'nodes: ' 8
+ echo 'turbo: ' 0
+ srun --nodes=8 --ntasks=8 -o out.dat -e f.err ../bmark2
+ cd ../
+ i=14
+ '[' 14 -ge 4 ']'
+ export OMP_NUM_THREADS=14
+ OMP_NUM_THREADS=14
++ date +%Y_%m_%d_%H_%M_%S_%N
+ name=2012_12_05_00_10_13_392163037
+ mkdir 2012_12_05_00_10_13_392163037
+ cd 2012_12_05_00_10_13_392163037
+ touch out.dat
+ env
+ echo 2012_12_05_00_10_13_392163037
+ uname -a
+ srun --nodes=1 --ntasks=1 -ppbatch cat /proc/cpuinfo
+ grep MHz
+ srun --nodes=1 --ntasks=1 -o host_info hostname
+ echo 'threads/node: 14'
+ echo 'nodes: ' 8
+ echo 'turbo: ' 0
+ srun --nodes=8 --ntasks=8 -o out.dat -e f.err ../bmark2
+ cd ../
+ i=12
+ '[' 12 -ge 4 ']'
+ export OMP_NUM_THREADS=12
+ OMP_NUM_THREADS=12
++ date +%Y_%m_%d_%H_%M_%S_%N
+ name=2012_12_05_00_10_41_485885033
+ mkdir 2012_12_05_00_10_41_485885033
+ cd 2012_12_05_00_10_41_485885033
+ touch out.dat
+ env
+ echo 2012_12_05_00_10_41_485885033
+ uname -a
+ srun --nodes=1 --ntasks=1 -ppbatch cat /proc/cpuinfo
+ grep MHz
+ srun --nodes=1 --ntasks=1 -o host_info hostname
+ echo 'threads/node: 12'
+ echo 'nodes: ' 8
+ echo 'turbo: ' 0
+ srun --nodes=8 --ntasks=8 -o out.dat -e f.err ../bmark2
+ cd ../
+ i=10
+ '[' 10 -ge 4 ']'
+ export OMP_NUM_THREADS=10
+ OMP_NUM_THREADS=10
++ date +%Y_%m_%d_%H_%M_%S_%N
+ name=2012_12_05_00_11_13_167371784
+ mkdir 2012_12_05_00_11_13_167371784
+ cd 2012_12_05_00_11_13_167371784
+ touch out.dat
+ env
+ echo 2012_12_05_00_11_13_167371784
+ uname -a
+ srun --nodes=1 --ntasks=1 -ppbatch cat /proc/cpuinfo
+ grep MHz
+ srun --nodes=1 --ntasks=1 -o host_info hostname
+ echo 'threads/node: 10'
+ echo 'nodes: ' 8
+ echo 'turbo: ' 0
+ srun --nodes=8 --ntasks=8 -o out.dat -e f.err ../bmark2
+ cd ../
+ i=8
+ '[' 8 -ge 4 ']'
+ export OMP_NUM_THREADS=8
+ OMP_NUM_THREADS=8
++ date +%Y_%m_%d_%H_%M_%S_%N
+ name=2012_12_05_00_11_49_416526300
+ mkdir 2012_12_05_00_11_49_416526300
+ cd 2012_12_05_00_11_49_416526300
+ touch out.dat
+ env
+ echo 2012_12_05_00_11_49_416526300
+ uname -a
+ srun --nodes=1 --ntasks=1 -ppbatch cat /proc/cpuinfo
+ grep MHz
+ srun --nodes=1 --ntasks=1 -o host_info hostname
+ echo 'threads/node: 8'
+ echo 'nodes: ' 8
+ echo 'turbo: ' 0
+ srun --nodes=8 --ntasks=8 -o out.dat -e f.err ../bmark2
+ cd ../
+ i=6
+ '[' 6 -ge 4 ']'
+ export OMP_NUM_THREADS=6
+ OMP_NUM_THREADS=6
++ date +%Y_%m_%d_%H_%M_%S_%N
+ name=2012_12_05_00_12_33_036906801
+ mkdir 2012_12_05_00_12_33_036906801
+ cd 2012_12_05_00_12_33_036906801
+ touch out.dat
+ env
+ echo 2012_12_05_00_12_33_036906801
+ uname -a
+ srun --nodes=1 --ntasks=1 -ppbatch cat /proc/cpuinfo
+ grep MHz
+ srun --nodes=1 --ntasks=1 -o host_info hostname
+ echo 'threads/node: 6'
+ echo 'nodes: ' 8
+ echo 'turbo: ' 0
+ srun --nodes=8 --ntasks=8 -o out.dat -e f.err ../bmark2
+ cd ../
+ i=4
+ '[' 4 -ge 4 ']'
+ export OMP_NUM_THREADS=4
+ OMP_NUM_THREADS=4
++ date +%Y_%m_%d_%H_%M_%S_%N
+ name=2012_12_05_00_13_28_855511021
+ mkdir 2012_12_05_00_13_28_855511021
+ cd 2012_12_05_00_13_28_855511021
+ touch out.dat
+ env
+ echo 2012_12_05_00_13_28_855511021
+ uname -a
+ srun --nodes=1 --ntasks=1 -ppbatch cat /proc/cpuinfo
+ grep MHz
+ srun --nodes=1 --ntasks=1 -o host_info hostname
+ echo 'threads/node: 4'
+ echo 'nodes: ' 8
+ echo 'turbo: ' 0
+ srun --nodes=8 --ntasks=8 -o out.dat -e f.err ../bmark2
+ cd ../
+ i=2
+ '[' 2 -ge 4 ']'
+ j=16
+ '[' 16 -le 32 ']'
+ i=16
+ '[' 16 -ge 4 ']'
+ export OMP_NUM_THREADS=16
+ OMP_NUM_THREADS=16
++ date +%Y_%m_%d_%H_%M_%S_%N
+ name=2012_12_05_00_14_49_265368750
+ mkdir 2012_12_05_00_14_49_265368750
+ cd 2012_12_05_00_14_49_265368750
+ touch out.dat
+ env
+ echo 2012_12_05_00_14_49_265368750
+ uname -a
+ srun --nodes=1 --ntasks=1 -ppbatch cat /proc/cpuinfo
+ grep MHz
+ srun --nodes=1 --ntasks=1 -o host_info hostname
+ echo 'threads/node: 16'
+ echo 'nodes: ' 16
+ echo 'turbo: ' 0
+ srun --nodes=16 --ntasks=16 -o out.dat -e f.err ../bmark2
+ cd ../
+ i=14
+ '[' 14 -ge 4 ']'
+ export OMP_NUM_THREADS=14
+ OMP_NUM_THREADS=14
++ date +%Y_%m_%d_%H_%M_%S_%N
+ name=2012_12_05_00_15_06_370202891
+ mkdir 2012_12_05_00_15_06_370202891
+ cd 2012_12_05_00_15_06_370202891
+ touch out.dat
+ env
+ echo 2012_12_05_00_15_06_370202891
+ uname -a
+ srun --nodes=1 --ntasks=1 -ppbatch cat /proc/cpuinfo
+ grep MHz
+ srun --nodes=1 --ntasks=1 -o host_info hostname
+ echo 'threads/node: 14'
+ echo 'nodes: ' 16
+ echo 'turbo: ' 0
+ srun --nodes=16 --ntasks=16 -o out.dat -e f.err ../bmark2
+ cd ../
+ i=12
+ '[' 12 -ge 4 ']'
+ export OMP_NUM_THREADS=12
+ OMP_NUM_THREADS=12
++ date +%Y_%m_%d_%H_%M_%S_%N
+ name=2012_12_05_00_15_24_654984470
+ mkdir 2012_12_05_00_15_24_654984470
+ cd 2012_12_05_00_15_24_654984470
+ touch out.dat
+ env
+ echo 2012_12_05_00_15_24_654984470
+ uname -a
+ srun --nodes=1 --ntasks=1 -ppbatch cat /proc/cpuinfo
+ grep MHz
+ srun --nodes=1 --ntasks=1 -o host_info hostname
+ echo 'threads/node: 12'
+ echo 'nodes: ' 16
+ echo 'turbo: ' 0
+ srun --nodes=16 --ntasks=16 -o out.dat -e f.err ../bmark2
+ cd ../
+ i=10
+ '[' 10 -ge 4 ']'
+ export OMP_NUM_THREADS=10
+ OMP_NUM_THREADS=10
++ date +%Y_%m_%d_%H_%M_%S_%N
+ name=2012_12_05_00_15_45_113711176
+ mkdir 2012_12_05_00_15_45_113711176
+ cd 2012_12_05_00_15_45_113711176
+ touch out.dat
+ env
+ echo 2012_12_05_00_15_45_113711176
+ uname -a
+ srun --nodes=1 --ntasks=1 -ppbatch cat /proc/cpuinfo
+ grep MHz
+ srun --nodes=1 --ntasks=1 -o host_info hostname
+ echo 'threads/node: 10'
+ echo 'nodes: ' 16
+ echo 'turbo: ' 0
+ srun --nodes=16 --ntasks=16 -o out.dat -e f.err ../bmark2
+ cd ../
+ i=8
+ '[' 8 -ge 4 ']'
+ export OMP_NUM_THREADS=8
+ OMP_NUM_THREADS=8
++ date +%Y_%m_%d_%H_%M_%S_%N
+ name=2012_12_05_00_16_07_407588376
+ mkdir 2012_12_05_00_16_07_407588376
+ cd 2012_12_05_00_16_07_407588376
+ touch out.dat
+ env
+ echo 2012_12_05_00_16_07_407588376
+ uname -a
+ srun --nodes=1 --ntasks=1 -ppbatch cat /proc/cpuinfo
+ grep MHz
+ srun --nodes=1 --ntasks=1 -o host_info hostname
+ echo 'threads/node: 8'
+ echo 'nodes: ' 16
+ echo 'turbo: ' 0
+ srun --nodes=16 --ntasks=16 -o out.dat -e f.err ../bmark2
+ cd ../
+ i=6
+ '[' 6 -ge 4 ']'
+ export OMP_NUM_THREADS=6
+ OMP_NUM_THREADS=6
++ date +%Y_%m_%d_%H_%M_%S_%N
+ name=2012_12_05_00_16_33_102800388
+ mkdir 2012_12_05_00_16_33_102800388
+ cd 2012_12_05_00_16_33_102800388
+ touch out.dat
+ env
+ echo 2012_12_05_00_16_33_102800388
+ uname -a
+ srun --nodes=1 --ntasks=1 -ppbatch cat /proc/cpuinfo
+ grep MHz
+ srun --nodes=1 --ntasks=1 -o host_info hostname
+ echo 'threads/node: 6'
+ echo 'nodes: ' 16
+ echo 'turbo: ' 0
+ srun --nodes=16 --ntasks=16 -o out.dat -e f.err ../bmark2
+ cd ../
+ i=4
+ '[' 4 -ge 4 ']'
+ export OMP_NUM_THREADS=4
+ OMP_NUM_THREADS=4
++ date +%Y_%m_%d_%H_%M_%S_%N
+ name=2012_12_05_00_17_05_083868995
+ mkdir 2012_12_05_00_17_05_083868995
+ cd 2012_12_05_00_17_05_083868995
+ touch out.dat
+ env
+ echo 2012_12_05_00_17_05_083868995
+ uname -a
+ srun --nodes=1 --ntasks=1 -ppbatch cat /proc/cpuinfo
+ grep MHz
+ srun --nodes=1 --ntasks=1 -o host_info hostname
+ echo 'threads/node: 4'
+ echo 'nodes: ' 16
+ echo 'turbo: ' 0
+ srun --nodes=16 --ntasks=16 -o out.dat -e f.err ../bmark2
+ cd ../
+ i=2
+ '[' 2 -ge 4 ']'
+ j=32
+ '[' 32 -le 32 ']'
+ i=16
+ '[' 16 -ge 4 ']'
+ export OMP_NUM_THREADS=16
+ OMP_NUM_THREADS=16
++ date +%Y_%m_%d_%H_%M_%S_%N
+ name=2012_12_05_00_17_48_917582882
+ mkdir 2012_12_05_00_17_48_917582882
+ cd 2012_12_05_00_17_48_917582882
+ touch out.dat
+ env
+ echo 2012_12_05_00_17_48_917582882
+ uname -a
+ srun --nodes=1 --ntasks=1 -ppbatch cat /proc/cpuinfo
+ grep MHz
+ srun --nodes=1 --ntasks=1 -o host_info hostname
+ echo 'threads/node: 16'
+ echo 'nodes: ' 32
+ echo 'turbo: ' 0
+ srun --nodes=32 --ntasks=32 -o out.dat -e f.err ../bmark2
+ cd ../
+ i=14
+ '[' 14 -ge 4 ']'
+ export OMP_NUM_THREADS=14
+ OMP_NUM_THREADS=14
++ date +%Y_%m_%d_%H_%M_%S_%N
+ name=2012_12_05_00_18_02_607021790
+ mkdir 2012_12_05_00_18_02_607021790
+ cd 2012_12_05_00_18_02_607021790
+ touch out.dat
+ env
+ echo 2012_12_05_00_18_02_607021790
+ uname -a
+ srun --nodes=1 --ntasks=1 -ppbatch cat /proc/cpuinfo
+ grep MHz
+ srun --nodes=1 --ntasks=1 -o host_info hostname
+ echo 'threads/node: 14'
+ echo 'nodes: ' 32
+ echo 'turbo: ' 0
+ srun --nodes=32 --ntasks=32 -o out.dat -e f.err ../bmark2
+ cd ../
+ i=12
+ '[' 12 -ge 4 ']'
+ export OMP_NUM_THREADS=12
+ OMP_NUM_THREADS=12
++ date +%Y_%m_%d_%H_%M_%S_%N
+ name=2012_12_05_00_18_16_414826783
+ mkdir 2012_12_05_00_18_16_414826783
+ cd 2012_12_05_00_18_16_414826783
+ touch out.dat
+ env
+ echo 2012_12_05_00_18_16_414826783
+ uname -a
+ srun --nodes=1 --ntasks=1 -ppbatch cat /proc/cpuinfo
+ grep MHz
+ srun --nodes=1 --ntasks=1 -o host_info hostname
+ echo 'threads/node: 12'
+ echo 'nodes: ' 32
+ echo 'turbo: ' 0
+ srun --nodes=32 --ntasks=32 -o out.dat -e f.err ../bmark2
+ cd ../
+ i=10
+ '[' 10 -ge 4 ']'
+ export OMP_NUM_THREADS=10
+ OMP_NUM_THREADS=10
++ date +%Y_%m_%d_%H_%M_%S_%N
+ name=2012_12_05_00_18_30_992878791
+ mkdir 2012_12_05_00_18_30_992878791
+ cd 2012_12_05_00_18_30_992878791
+ touch out.dat
+ env
+ echo 2012_12_05_00_18_30_992878791
+ uname -a
+ srun --nodes=1 --ntasks=1 -ppbatch cat /proc/cpuinfo
+ grep MHz
+ srun --nodes=1 --ntasks=1 -o host_info hostname
+ echo 'threads/node: 10'
+ echo 'nodes: ' 32
+ echo 'turbo: ' 0
+ srun --nodes=32 --ntasks=32 -o out.dat -e f.err ../bmark2
+ cd ../
+ i=8
+ '[' 8 -ge 4 ']'
+ export OMP_NUM_THREADS=8
+ OMP_NUM_THREADS=8
++ date +%Y_%m_%d_%H_%M_%S_%N
+ name=2012_12_05_00_18_46_774592298
+ mkdir 2012_12_05_00_18_46_774592298
+ cd 2012_12_05_00_18_46_774592298
+ touch out.dat
+ env
+ echo 2012_12_05_00_18_46_774592298
+ uname -a
+ srun --nodes=1 --ntasks=1 -ppbatch cat /proc/cpuinfo
+ grep MHz
+ srun --nodes=1 --ntasks=1 -o host_info hostname
+ echo 'threads/node: 8'
+ echo 'nodes: ' 32
+ echo 'turbo: ' 0
+ srun --nodes=32 --ntasks=32 -o out.dat -e f.err ../bmark2
+ cd ../
+ i=6
+ '[' 6 -ge 4 ']'
+ export OMP_NUM_THREADS=6
+ OMP_NUM_THREADS=6
++ date +%Y_%m_%d_%H_%M_%S_%N
+ name=2012_12_05_00_19_04_312065937
+ mkdir 2012_12_05_00_19_04_312065937
+ cd 2012_12_05_00_19_04_312065937
+ touch out.dat
+ env
+ echo 2012_12_05_00_19_04_312065937
+ uname -a
+ srun --nodes=1 --ntasks=1 -ppbatch cat /proc/cpuinfo
+ grep MHz
+ srun --nodes=1 --ntasks=1 -o host_info hostname
+ echo 'threads/node: 6'
+ echo 'nodes: ' 32
+ echo 'turbo: ' 0
+ srun --nodes=32 --ntasks=32 -o out.dat -e f.err ../bmark2
+ cd ../
+ i=4
+ '[' 4 -ge 4 ']'
+ export OMP_NUM_THREADS=4
+ OMP_NUM_THREADS=4
++ date +%Y_%m_%d_%H_%M_%S_%N
+ name=2012_12_05_00_19_25_083959256
+ mkdir 2012_12_05_00_19_25_083959256
+ cd 2012_12_05_00_19_25_083959256
+ touch out.dat
+ env
+ echo 2012_12_05_00_19_25_083959256
+ uname -a
+ srun --nodes=1 --ntasks=1 -ppbatch cat /proc/cpuinfo
+ grep MHz
+ srun --nodes=1 --ntasks=1 -o host_info hostname
+ echo 'threads/node: 4'
+ echo 'nodes: ' 32
+ echo 'turbo: ' 0
+ srun --nodes=32 --ntasks=32 -o out.dat -e f.err ../bmark2
+ cd ../
+ i=2
+ '[' 2 -ge 4 ']'
+ j=64
+ '[' 64 -le 32 ']'
+ for pkg in 0x38198 0x038208 0x038280 0x0382f8
+ i=16
+ j=8
+ export MSR_PKG_POWER_LIMIT=0x0382f8
+ MSR_PKG_POWER_LIMIT=0x0382f8
+ '[' 8 -le 32 ']'
+ i=16
+ '[' 16 -ge 4 ']'
+ export OMP_NUM_THREADS=16
+ OMP_NUM_THREADS=16
++ date +%Y_%m_%d_%H_%M_%S_%N
+ name=2012_12_05_00_19_51_951675827
+ mkdir 2012_12_05_00_19_51_951675827
+ cd 2012_12_05_00_19_51_951675827
+ touch out.dat
+ env
+ echo 2012_12_05_00_19_51_951675827
+ uname -a
+ srun --nodes=1 --ntasks=1 -ppbatch cat /proc/cpuinfo
+ grep MHz
+ srun --nodes=1 --ntasks=1 -o host_info hostname
+ echo 'threads/node: 16'
+ echo 'nodes: ' 8
+ echo 'turbo: ' 0
+ srun --nodes=8 --ntasks=8 -o out.dat -e f.err ../bmark2
+ cd ../
+ i=14
+ '[' 14 -ge 4 ']'
+ export OMP_NUM_THREADS=14
+ OMP_NUM_THREADS=14
++ date +%Y_%m_%d_%H_%M_%S_%N
+ name=2012_12_05_00_20_17_790118778
+ mkdir 2012_12_05_00_20_17_790118778
+ cd 2012_12_05_00_20_17_790118778
+ touch out.dat
+ env
+ echo 2012_12_05_00_20_17_790118778
+ uname -a
+ srun --nodes=1 --ntasks=1 -ppbatch cat /proc/cpuinfo
+ grep MHz
+ srun --nodes=1 --ntasks=1 -o host_info hostname
+ echo 'threads/node: 14'
+ echo 'nodes: ' 8
+ echo 'turbo: ' 0
+ srun --nodes=8 --ntasks=8 -o out.dat -e f.err ../bmark2
+ cd ../
+ i=12
+ '[' 12 -ge 4 ']'
+ export OMP_NUM_THREADS=12
+ OMP_NUM_THREADS=12
++ date +%Y_%m_%d_%H_%M_%S_%N
+ name=2012_12_05_00_20_45_747227009
+ mkdir 2012_12_05_00_20_45_747227009
+ cd 2012_12_05_00_20_45_747227009
+ touch out.dat
+ env
+ echo 2012_12_05_00_20_45_747227009
+ uname -a
+ srun --nodes=1 --ntasks=1 -ppbatch cat /proc/cpuinfo
+ grep MHz
+ srun --nodes=1 --ntasks=1 -o host_info hostname
+ echo 'threads/node: 12'
+ echo 'nodes: ' 8
+ echo 'turbo: ' 0
+ srun --nodes=8 --ntasks=8 -o out.dat -e f.err ../bmark2
+ cd ../
+ i=10
+ '[' 10 -ge 4 ']'
+ export OMP_NUM_THREADS=10
+ OMP_NUM_THREADS=10
++ date +%Y_%m_%d_%H_%M_%S_%N
+ name=2012_12_05_00_21_17_237430798
+ mkdir 2012_12_05_00_21_17_237430798
+ cd 2012_12_05_00_21_17_237430798
+ touch out.dat
+ env
+ echo 2012_12_05_00_21_17_237430798
+ uname -a
+ srun --nodes=1 --ntasks=1 -ppbatch cat /proc/cpuinfo
+ grep MHz
+ srun --nodes=1 --ntasks=1 -o host_info hostname
+ echo 'threads/node: 10'
+ echo 'nodes: ' 8
+ echo 'turbo: ' 0
+ srun --nodes=8 --ntasks=8 -o out.dat -e f.err ../bmark2
+ cd ../
+ i=8
+ '[' 8 -ge 4 ']'
+ export OMP_NUM_THREADS=8
+ OMP_NUM_THREADS=8
++ date +%Y_%m_%d_%H_%M_%S_%N
+ name=2012_12_05_00_21_53_638684024
+ mkdir 2012_12_05_00_21_53_638684024
+ cd 2012_12_05_00_21_53_638684024
+ touch out.dat
+ env
+ echo 2012_12_05_00_21_53_638684024
+ uname -a
+ srun --nodes=1 --ntasks=1 -ppbatch cat /proc/cpuinfo
+ grep MHz
+ srun --nodes=1 --ntasks=1 -o host_info hostname
+ echo 'threads/node: 8'
+ echo 'nodes: ' 8
+ echo 'turbo: ' 0
+ srun --nodes=8 --ntasks=8 -o out.dat -e f.err ../bmark2
+ cd ../
+ i=6
+ '[' 6 -ge 4 ']'
+ export OMP_NUM_THREADS=6
+ OMP_NUM_THREADS=6
++ date +%Y_%m_%d_%H_%M_%S_%N
+ name=2012_12_05_00_22_37_182624986
+ mkdir 2012_12_05_00_22_37_182624986
+ cd 2012_12_05_00_22_37_182624986
+ touch out.dat
+ env
+ echo 2012_12_05_00_22_37_182624986
+ uname -a
+ srun --nodes=1 --ntasks=1 -ppbatch cat /proc/cpuinfo
+ grep MHz
+ srun --nodes=1 --ntasks=1 -o host_info hostname
+ echo 'threads/node: 6'
+ echo 'nodes: ' 8
+ echo 'turbo: ' 0
+ srun --nodes=8 --ntasks=8 -o out.dat -e f.err ../bmark2
+ cd ../
+ i=4
+ '[' 4 -ge 4 ']'
+ export OMP_NUM_THREADS=4
+ OMP_NUM_THREADS=4
++ date +%Y_%m_%d_%H_%M_%S_%N
+ name=2012_12_05_00_23_32_884250938
+ mkdir 2012_12_05_00_23_32_884250938
+ cd 2012_12_05_00_23_32_884250938
+ touch out.dat
+ env
+ echo 2012_12_05_00_23_32_884250938
+ uname -a
+ srun --nodes=1 --ntasks=1 -ppbatch cat /proc/cpuinfo
+ grep MHz
+ srun --nodes=1 --ntasks=1 -o host_info hostname
+ echo 'threads/node: 4'
+ echo 'nodes: ' 8
+ echo 'turbo: ' 0
+ srun --nodes=8 --ntasks=8 -o out.dat -e f.err ../bmark2
+ cd ../
+ i=2
+ '[' 2 -ge 4 ']'
+ j=16
+ '[' 16 -le 32 ']'
+ i=16
+ '[' 16 -ge 4 ']'
+ export OMP_NUM_THREADS=16
+ OMP_NUM_THREADS=16
++ date +%Y_%m_%d_%H_%M_%S_%N
+ name=2012_12_05_00_24_52_997319171
+ mkdir 2012_12_05_00_24_52_997319171
+ cd 2012_12_05_00_24_52_997319171
+ touch out.dat
+ env
+ echo 2012_12_05_00_24_52_997319171
+ uname -a
+ srun --nodes=1 --ntasks=1 -ppbatch cat /proc/cpuinfo
+ grep MHz
+ srun --nodes=1 --ntasks=1 -o host_info hostname
+ echo 'threads/node: 16'
+ echo 'nodes: ' 16
+ echo 'turbo: ' 0
+ srun --nodes=16 --ntasks=16 -o out.dat -e f.err ../bmark2
+ cd ../
+ i=14
+ '[' 14 -ge 4 ']'
+ export OMP_NUM_THREADS=14
+ OMP_NUM_THREADS=14
++ date +%Y_%m_%d_%H_%M_%S_%N
+ name=2012_12_05_00_25_10_612607746
+ mkdir 2012_12_05_00_25_10_612607746
+ cd 2012_12_05_00_25_10_612607746
+ touch out.dat
+ env
+ echo 2012_12_05_00_25_10_612607746
+ uname -a
+ srun --nodes=1 --ntasks=1 -ppbatch cat /proc/cpuinfo
+ grep MHz
+ srun --nodes=1 --ntasks=1 -o host_info hostname
+ echo 'threads/node: 14'
+ echo 'nodes: ' 16
+ echo 'turbo: ' 0
+ srun --nodes=16 --ntasks=16 -o out.dat -e f.err ../bmark2
+ cd ../
+ i=12
+ '[' 12 -ge 4 ']'
+ export OMP_NUM_THREADS=12
+ OMP_NUM_THREADS=12
++ date +%Y_%m_%d_%H_%M_%S_%N
+ name=2012_12_05_00_25_28_684154719
+ mkdir 2012_12_05_00_25_28_684154719
+ cd 2012_12_05_00_25_28_684154719
+ touch out.dat
+ env
+ echo 2012_12_05_00_25_28_684154719
+ uname -a
+ srun --nodes=1 --ntasks=1 -ppbatch cat /proc/cpuinfo
+ grep MHz
+ srun --nodes=1 --ntasks=1 -o host_info hostname
+ echo 'threads/node: 12'
+ echo 'nodes: ' 16
+ echo 'turbo: ' 0
+ srun --nodes=16 --ntasks=16 -o out.dat -e f.err ../bmark2
+ cd ../
+ i=10
+ '[' 10 -ge 4 ']'
+ export OMP_NUM_THREADS=10
+ OMP_NUM_THREADS=10
++ date +%Y_%m_%d_%H_%M_%S_%N
+ name=2012_12_05_00_25_48_599068145
+ mkdir 2012_12_05_00_25_48_599068145
+ cd 2012_12_05_00_25_48_599068145
+ touch out.dat
+ env
+ echo 2012_12_05_00_25_48_599068145
+ uname -a
+ srun --nodes=1 --ntasks=1 -ppbatch cat /proc/cpuinfo
+ grep MHz
+ srun --nodes=1 --ntasks=1 -o host_info hostname
+ echo 'threads/node: 10'
+ echo 'nodes: ' 16
+ echo 'turbo: ' 0
+ srun --nodes=16 --ntasks=16 -o out.dat -e f.err ../bmark2
+ cd ../
+ i=8
+ '[' 8 -ge 4 ']'
+ export OMP_NUM_THREADS=8
+ OMP_NUM_THREADS=8
++ date +%Y_%m_%d_%H_%M_%S_%N
+ name=2012_12_05_00_26_10_706045158
+ mkdir 2012_12_05_00_26_10_706045158
+ cd 2012_12_05_00_26_10_706045158
+ touch out.dat
+ env
+ echo 2012_12_05_00_26_10_706045158
+ uname -a
+ srun --nodes=1 --ntasks=1 -ppbatch cat /proc/cpuinfo
+ grep MHz
+ srun --nodes=1 --ntasks=1 -o host_info hostname
+ echo 'threads/node: 8'
+ echo 'nodes: ' 16
+ echo 'turbo: ' 0
+ srun --nodes=16 --ntasks=16 -o out.dat -e f.err ../bmark2
+ cd ../
+ i=6
+ '[' 6 -ge 4 ']'
+ export OMP_NUM_THREADS=6
+ OMP_NUM_THREADS=6
++ date +%Y_%m_%d_%H_%M_%S_%N
+ name=2012_12_05_00_26_36_422235022
+ mkdir 2012_12_05_00_26_36_422235022
+ cd 2012_12_05_00_26_36_422235022
+ touch out.dat
+ env
+ echo 2012_12_05_00_26_36_422235022
+ uname -a
+ srun --nodes=1 --ntasks=1 -ppbatch cat /proc/cpuinfo
+ grep MHz
+ srun --nodes=1 --ntasks=1 -o host_info hostname
+ echo 'threads/node: 6'
+ echo 'nodes: ' 16
+ echo 'turbo: ' 0
+ srun --nodes=16 --ntasks=16 -o out.dat -e f.err ../bmark2
+ cd ../
+ i=4
+ '[' 4 -ge 4 ']'
+ export OMP_NUM_THREADS=4
+ OMP_NUM_THREADS=4
++ date +%Y_%m_%d_%H_%M_%S_%N
+ name=2012_12_05_00_27_08_057038881
+ mkdir 2012_12_05_00_27_08_057038881
+ cd 2012_12_05_00_27_08_057038881
+ touch out.dat
+ env
+ echo 2012_12_05_00_27_08_057038881
+ uname -a
+ srun --nodes=1 --ntasks=1 -ppbatch cat /proc/cpuinfo
+ grep MHz
+ srun --nodes=1 --ntasks=1 -o host_info hostname
+ echo 'threads/node: 4'
+ echo 'nodes: ' 16
+ echo 'turbo: ' 0
+ srun --nodes=16 --ntasks=16 -o out.dat -e f.err ../bmark2
+ cd ../
+ i=2
+ '[' 2 -ge 4 ']'
+ j=32
+ '[' 32 -le 32 ']'
+ i=16
+ '[' 16 -ge 4 ']'
+ export OMP_NUM_THREADS=16
+ OMP_NUM_THREADS=16
++ date +%Y_%m_%d_%H_%M_%S_%N
+ name=2012_12_05_00_27_51_897964707
+ mkdir 2012_12_05_00_27_51_897964707
+ cd 2012_12_05_00_27_51_897964707
+ touch out.dat
+ env
+ echo 2012_12_05_00_27_51_897964707
+ uname -a
+ srun --nodes=1 --ntasks=1 -ppbatch cat /proc/cpuinfo
+ grep MHz
+ srun --nodes=1 --ntasks=1 -o host_info hostname
+ echo 'threads/node: 16'
+ echo 'nodes: ' 32
+ echo 'turbo: ' 0
+ srun --nodes=32 --ntasks=32 -o out.dat -e f.err ../bmark2
+ cd ../
+ i=14
+ '[' 14 -ge 4 ']'
+ export OMP_NUM_THREADS=14
+ OMP_NUM_THREADS=14
++ date +%Y_%m_%d_%H_%M_%S_%N
+ name=2012_12_05_00_28_06_726538293
+ mkdir 2012_12_05_00_28_06_726538293
+ cd 2012_12_05_00_28_06_726538293
+ touch out.dat
+ env
+ echo 2012_12_05_00_28_06_726538293
+ uname -a
+ srun --nodes=1 --ntasks=1 -ppbatch cat /proc/cpuinfo
+ grep MHz
+ srun --nodes=1 --ntasks=1 -o host_info hostname
+ echo 'threads/node: 14'
+ echo 'nodes: ' 32
+ echo 'turbo: ' 0
+ srun --nodes=32 --ntasks=32 -o out.dat -e f.err ../bmark2
+ cd ../
+ i=12
+ '[' 12 -ge 4 ']'
+ export OMP_NUM_THREADS=12
+ OMP_NUM_THREADS=12
++ date +%Y_%m_%d_%H_%M_%S_%N
+ name=2012_12_05_00_28_21_292060240
+ mkdir 2012_12_05_00_28_21_292060240
+ cd 2012_12_05_00_28_21_292060240
+ touch out.dat
+ env
+ echo 2012_12_05_00_28_21_292060240
+ uname -a
+ srun --nodes=1 --ntasks=1 -ppbatch cat /proc/cpuinfo
+ grep MHz
+ srun --nodes=1 --ntasks=1 -o host_info hostname
+ echo 'threads/node: 12'
+ echo 'nodes: ' 32
+ echo 'turbo: ' 0
+ srun --nodes=32 --ntasks=32 -o out.dat -e f.err ../bmark2
+ cd ../
+ i=10
+ '[' 10 -ge 4 ']'
+ export OMP_NUM_THREADS=10
+ OMP_NUM_THREADS=10
++ date +%Y_%m_%d_%H_%M_%S_%N
+ name=2012_12_05_00_28_36_246890653
+ mkdir 2012_12_05_00_28_36_246890653
+ cd 2012_12_05_00_28_36_246890653
+ touch out.dat
+ env
+ echo 2012_12_05_00_28_36_246890653
+ uname -a
+ srun --nodes=1 --ntasks=1 -ppbatch cat /proc/cpuinfo
+ grep MHz
+ srun --nodes=1 --ntasks=1 -o host_info hostname
+ echo 'threads/node: 10'
+ echo 'nodes: ' 32
+ echo 'turbo: ' 0
+ srun --nodes=32 --ntasks=32 -o out.dat -e f.err ../bmark2
+ cd ../
+ i=8
+ '[' 8 -ge 4 ']'
+ export OMP_NUM_THREADS=8
+ OMP_NUM_THREADS=8
++ date +%Y_%m_%d_%H_%M_%S_%N
+ name=2012_12_05_00_28_51_797703547
+ mkdir 2012_12_05_00_28_51_797703547
+ cd 2012_12_05_00_28_51_797703547
+ touch out.dat
+ env
+ echo 2012_12_05_00_28_51_797703547
+ uname -a
+ srun --nodes=1 --ntasks=1 -ppbatch cat /proc/cpuinfo
+ grep MHz
+ srun --nodes=1 --ntasks=1 -o host_info hostname
+ echo 'threads/node: 8'
+ echo 'nodes: ' 32
+ echo 'turbo: ' 0
+ srun --nodes=32 --ntasks=32 -o out.dat -e f.err ../bmark2
+ cd ../
+ i=6
+ '[' 6 -ge 4 ']'
+ export OMP_NUM_THREADS=6
+ OMP_NUM_THREADS=6
++ date +%Y_%m_%d_%H_%M_%S_%N
+ name=2012_12_05_00_29_09_522268479
+ mkdir 2012_12_05_00_29_09_522268479
+ cd 2012_12_05_00_29_09_522268479
+ touch out.dat
+ env
+ echo 2012_12_05_00_29_09_522268479
+ uname -a
+ srun --nodes=1 --ntasks=1 -ppbatch cat /proc/cpuinfo
+ grep MHz
+ srun --nodes=1 --ntasks=1 -o host_info hostname
+ echo 'threads/node: 6'
+ echo 'nodes: ' 32
+ echo 'turbo: ' 0
+ srun --nodes=32 --ntasks=32 -o out.dat -e f.err ../bmark2
+ cd ../
+ i=4
+ '[' 4 -ge 4 ']'
+ export OMP_NUM_THREADS=4
+ OMP_NUM_THREADS=4
++ date +%Y_%m_%d_%H_%M_%S_%N
+ name=2012_12_05_00_29_30_029548048
+ mkdir 2012_12_05_00_29_30_029548048
+ cd 2012_12_05_00_29_30_029548048
+ touch out.dat
+ env
+ echo 2012_12_05_00_29_30_029548048
+ uname -a
+ srun --nodes=1 --ntasks=1 -ppbatch cat /proc/cpuinfo
+ grep MHz
+ srun --nodes=1 --ntasks=1 -o host_info hostname
+ echo 'threads/node: 4'
+ echo 'nodes: ' 32
+ echo 'turbo: ' 0
+ srun --nodes=32 --ntasks=32 -o out.dat -e f.err ../bmark2
+ cd ../
+ i=2
+ '[' 2 -ge 4 ']'
+ j=64
+ '[' 64 -le 32 ']'
