+ i=16
+ minthreads=4
+ j=8
+ maxnodes=32
+ export PKG_MINW_MINS=0x38198
+ PKG_MINW_MINS=0x38198
+ export PP0_MINW_MINS=0x38198
+ PP0_MINW_MINS=0x38198
+ export DRAM_MINW_MINS=0x38078
+ DRAM_MINW_MINS=0x38078
+ export MSR_PKG_POWER_LIMIT=0x0
+ MSR_PKG_POWER_LIMIT=0x0
+ export MSR_PP0_POWER_LIMIT=0x0
+ MSR_PP0_POWER_LIMIT=0x0
+ export MSR_DRAM_POWER_LIMIT=0x0
+ MSR_DRAM_POWER_LIMIT=0x0
+ export MSR_RANK_MOD=1
+ MSR_RANK_MOD=1
+ export SAMPLE=1
+ SAMPLE=1
+ t=0
+ export TURBO_ENABLE=1
+ TURBO_ENABLE=1
+ export FUNC_INTERCEPT=1
+ FUNC_INTERCEPT=1
+ export READ_WRITE=0
+ READ_WRITE=0
+ export READ_ONLY=1
+ READ_ONLY=1
+ i=16
+ j=8
+ '[' 8 -le 32 ']'
+ i=16
+ '[' 16 -ge 4 ']'
+ export OMP_NUM_THREADS=16
+ OMP_NUM_THREADS=16
++ date +%Y_%m_%d_%H_%M_%S_%N
+ name=2012_12_27_08_16_55_268152610
+ mkdir 2012_12_27_08_16_55_268152610
+ cd 2012_12_27_08_16_55_268152610
+ touch out.dat
+ env
+ echo 2012_12_27_08_16_55_268152610
+ uname -a
+ srun --nodes=1 --ntasks=1 -ppbatch cat /proc/cpuinfo
+ grep MHz
+ srun --nodes=1 --ntasks=1 -o host_info hostname
+ echo 'threads/node: 16'
+ echo 'nodes: ' 8
+ echo 'turbo: 1'
+ srun --nodes=8 --ntasks=8 -o out.dat -e f.err ../bmark2
+ cd ../
+ i=14
+ '[' 14 -ge 4 ']'
+ export OMP_NUM_THREADS=14
+ OMP_NUM_THREADS=14
++ date +%Y_%m_%d_%H_%M_%S_%N
+ name=2012_12_27_08_17_20_345980830
+ mkdir 2012_12_27_08_17_20_345980830
+ cd 2012_12_27_08_17_20_345980830
+ touch out.dat
+ env
+ echo 2012_12_27_08_17_20_345980830
+ uname -a
+ srun --nodes=1 --ntasks=1 -ppbatch cat /proc/cpuinfo
+ grep MHz
+ srun --nodes=1 --ntasks=1 -o host_info hostname
+ echo 'threads/node: 14'
+ echo 'nodes: ' 8
+ echo 'turbo: 1'
+ srun --nodes=8 --ntasks=8 -o out.dat -e f.err ../bmark2
+ cd ../
+ i=12
+ '[' 12 -ge 4 ']'
+ export OMP_NUM_THREADS=12
+ OMP_NUM_THREADS=12
++ date +%Y_%m_%d_%H_%M_%S_%N
+ name=2012_12_27_08_17_47_350427544
+ mkdir 2012_12_27_08_17_47_350427544
+ cd 2012_12_27_08_17_47_350427544
+ touch out.dat
+ env
+ echo 2012_12_27_08_17_47_350427544
+ uname -a
+ srun --nodes=1 --ntasks=1 -ppbatch cat /proc/cpuinfo
+ grep MHz
+ srun --nodes=1 --ntasks=1 -o host_info hostname
+ echo 'threads/node: 12'
+ echo 'nodes: ' 8
+ echo 'turbo: 1'
+ srun --nodes=8 --ntasks=8 -o out.dat -e f.err ../bmark2
+ cd ../
+ i=10
+ '[' 10 -ge 4 ']'
+ export OMP_NUM_THREADS=10
+ OMP_NUM_THREADS=10
++ date +%Y_%m_%d_%H_%M_%S_%N
+ name=2012_12_27_08_18_15_844223100
+ mkdir 2012_12_27_08_18_15_844223100
+ cd 2012_12_27_08_18_15_844223100
+ touch out.dat
+ env
+ echo 2012_12_27_08_18_15_844223100
+ uname -a
+ grep MHz
+ srun --nodes=1 --ntasks=1 -ppbatch cat /proc/cpuinfo
+ srun --nodes=1 --ntasks=1 -o host_info hostname
+ echo 'threads/node: 10'
+ echo 'nodes: ' 8
+ echo 'turbo: 1'
+ srun --nodes=8 --ntasks=8 -o out.dat -e f.err ../bmark2
+ cd ../
+ i=8
+ '[' 8 -ge 4 ']'
+ export OMP_NUM_THREADS=8
+ OMP_NUM_THREADS=8
++ date +%Y_%m_%d_%H_%M_%S_%N
+ name=2012_12_27_08_18_47_603938989
+ mkdir 2012_12_27_08_18_47_603938989
+ cd 2012_12_27_08_18_47_603938989
+ touch out.dat
+ env
+ echo 2012_12_27_08_18_47_603938989
+ uname -a
+ grep MHz
+ srun --nodes=1 --ntasks=1 -ppbatch cat /proc/cpuinfo
+ srun --nodes=1 --ntasks=1 -o host_info hostname
+ echo 'threads/node: 8'
+ echo 'nodes: ' 8
+ echo 'turbo: 1'
+ srun --nodes=8 --ntasks=8 -o out.dat -e f.err ../bmark2
+ cd ../
+ i=6
+ '[' 6 -ge 4 ']'
+ export OMP_NUM_THREADS=6
+ OMP_NUM_THREADS=6
++ date +%Y_%m_%d_%H_%M_%S_%N
+ name=2012_12_27_08_19_25_085645790
+ mkdir 2012_12_27_08_19_25_085645790
+ cd 2012_12_27_08_19_25_085645790
+ touch out.dat
+ env
+ echo 2012_12_27_08_19_25_085645790
+ uname -a
+ grep MHz
+ srun --nodes=1 --ntasks=1 -ppbatch cat /proc/cpuinfo
+ srun --nodes=1 --ntasks=1 -o host_info hostname
+ echo 'threads/node: 6'
+ echo 'nodes: ' 8
+ echo 'turbo: 1'
+ srun --nodes=8 --ntasks=8 -o out.dat -e f.err ../bmark2
+ cd ../
+ i=4
+ '[' 4 -ge 4 ']'
+ export OMP_NUM_THREADS=4
+ OMP_NUM_THREADS=4
++ date +%Y_%m_%d_%H_%M_%S_%N
+ name=2012_12_27_08_20_11_692174537
+ mkdir 2012_12_27_08_20_11_692174537
+ cd 2012_12_27_08_20_11_692174537
+ touch out.dat
+ env
+ echo 2012_12_27_08_20_11_692174537
+ uname -a
+ srun --nodes=1 --ntasks=1 -ppbatch cat /proc/cpuinfo
+ grep MHz
+ srun --nodes=1 --ntasks=1 -o host_info hostname
+ echo 'threads/node: 4'
+ echo 'nodes: ' 8
+ echo 'turbo: 1'
+ srun --nodes=8 --ntasks=8 -o out.dat -e f.err ../bmark2
+ cd ../
+ i=2
+ '[' 2 -ge 4 ']'
+ j=16
+ '[' 16 -le 32 ']'
+ i=16
+ '[' 16 -ge 4 ']'
+ export OMP_NUM_THREADS=16
+ OMP_NUM_THREADS=16
++ date +%Y_%m_%d_%H_%M_%S_%N
+ name=2012_12_27_08_21_17_863976091
+ mkdir 2012_12_27_08_21_17_863976091
+ cd 2012_12_27_08_21_17_863976091
+ touch out.dat
+ env
+ echo 2012_12_27_08_21_17_863976091
+ uname -a
+ srun --nodes=1 --ntasks=1 -ppbatch cat /proc/cpuinfo
+ grep MHz
+ srun --nodes=1 --ntasks=1 -o host_info hostname
+ echo 'threads/node: 16'
+ echo 'nodes: ' 16
+ echo 'turbo: 1'
+ srun --nodes=16 --ntasks=16 -o out.dat -e f.err ../bmark2
+ cd ../
+ i=14
+ '[' 14 -ge 4 ']'
+ export OMP_NUM_THREADS=14
+ OMP_NUM_THREADS=14
++ date +%Y_%m_%d_%H_%M_%S_%N
+ name=2012_12_27_08_21_35_586824167
+ mkdir 2012_12_27_08_21_35_586824167
+ cd 2012_12_27_08_21_35_586824167
+ touch out.dat
+ env
+ echo 2012_12_27_08_21_35_586824167
+ uname -a
+ srun --nodes=1 --ntasks=1 -ppbatch cat /proc/cpuinfo
+ grep MHz
+ srun --nodes=1 --ntasks=1 -o host_info hostname
+ echo 'threads/node: 14'
+ echo 'nodes: ' 16
+ echo 'turbo: 1'
+ srun --nodes=16 --ntasks=16 -o out.dat -e f.err ../bmark2
+ cd ../
+ i=12
+ '[' 12 -ge 4 ']'
+ export OMP_NUM_THREADS=12
+ OMP_NUM_THREADS=12
++ date +%Y_%m_%d_%H_%M_%S_%N
+ name=2012_12_27_08_21_51_023969914
+ mkdir 2012_12_27_08_21_51_023969914
+ cd 2012_12_27_08_21_51_023969914
+ touch out.dat
+ env
+ echo 2012_12_27_08_21_51_023969914
+ uname -a
+ srun --nodes=1 --ntasks=1 -ppbatch cat /proc/cpuinfo
+ grep MHz
+ srun --nodes=1 --ntasks=1 -o host_info hostname
+ echo 'threads/node: 12'
+ echo 'nodes: ' 16
+ echo 'turbo: 1'
+ srun --nodes=16 --ntasks=16 -o out.dat -e f.err ../bmark2
+ cd ../
+ i=10
+ '[' 10 -ge 4 ']'
+ export OMP_NUM_THREADS=10
+ OMP_NUM_THREADS=10
++ date +%Y_%m_%d_%H_%M_%S_%N
+ name=2012_12_27_08_22_07_807595610
+ mkdir 2012_12_27_08_22_07_807595610
+ cd 2012_12_27_08_22_07_807595610
+ touch out.dat
+ env
+ echo 2012_12_27_08_22_07_807595610
+ uname -a
+ srun --nodes=1 --ntasks=1 -ppbatch cat /proc/cpuinfo
+ grep MHz
+ srun --nodes=1 --ntasks=1 -o host_info hostname
+ echo 'threads/node: 10'
+ echo 'nodes: ' 16
+ echo 'turbo: 1'
+ srun --nodes=16 --ntasks=16 -o out.dat -e f.err ../bmark2
+ cd ../
+ i=8
+ '[' 8 -ge 4 ']'
+ export OMP_NUM_THREADS=8
+ OMP_NUM_THREADS=8
++ date +%Y_%m_%d_%H_%M_%S_%N
+ name=2012_12_27_08_22_26_748773840
+ mkdir 2012_12_27_08_22_26_748773840
+ cd 2012_12_27_08_22_26_748773840
+ touch out.dat
+ env
+ echo 2012_12_27_08_22_26_748773840
+ uname -a
+ srun --nodes=1 --ntasks=1 -ppbatch cat /proc/cpuinfo
+ grep MHz
+ srun --nodes=1 --ntasks=1 -o host_info hostname
+ echo 'threads/node: 8'
+ echo 'nodes: ' 16
+ echo 'turbo: 1'
+ srun --nodes=16 --ntasks=16 -o out.dat -e f.err ../bmark2
+ cd ../
+ i=6
+ '[' 6 -ge 4 ']'
+ export OMP_NUM_THREADS=6
+ OMP_NUM_THREADS=6
++ date +%Y_%m_%d_%H_%M_%S_%N
+ name=2012_12_27_08_22_48_395872984
+ mkdir 2012_12_27_08_22_48_395872984
+ cd 2012_12_27_08_22_48_395872984
+ touch out.dat
+ env
+ echo 2012_12_27_08_22_48_395872984
+ uname -a
+ srun --nodes=1 --ntasks=1 -ppbatch cat /proc/cpuinfo
+ grep MHz
+ srun --nodes=1 --ntasks=1 -o host_info hostname
+ echo 'threads/node: 6'
+ echo 'nodes: ' 16
+ echo 'turbo: 1'
+ srun --nodes=16 --ntasks=16 -o out.dat -e f.err ../bmark2
+ cd ../
+ i=4
+ '[' 4 -ge 4 ']'
+ export OMP_NUM_THREADS=4
+ OMP_NUM_THREADS=4
++ date +%Y_%m_%d_%H_%M_%S_%N
+ name=2012_12_27_08_23_14_468689352
+ mkdir 2012_12_27_08_23_14_468689352
+ cd 2012_12_27_08_23_14_468689352
+ touch out.dat
+ env
+ echo 2012_12_27_08_23_14_468689352
+ uname -a
+ srun --nodes=1 --ntasks=1 -ppbatch cat /proc/cpuinfo
+ grep MHz
+ srun --nodes=1 --ntasks=1 -o host_info hostname
+ echo 'threads/node: 4'
+ echo 'nodes: ' 16
+ echo 'turbo: 1'
+ srun --nodes=16 --ntasks=16 -o out.dat -e f.err ../bmark2
+ cd ../
+ i=2
+ '[' 2 -ge 4 ']'
+ j=32
+ '[' 32 -le 32 ']'
+ i=16
+ '[' 16 -ge 4 ']'
+ export OMP_NUM_THREADS=16
+ OMP_NUM_THREADS=16
++ date +%Y_%m_%d_%H_%M_%S_%N
+ name=2012_12_27_08_23_53_993822142
+ mkdir 2012_12_27_08_23_53_993822142
+ cd 2012_12_27_08_23_53_993822142
+ touch out.dat
+ env
+ echo 2012_12_27_08_23_53_993822142
+ uname -a
+ srun --nodes=1 --ntasks=1 -ppbatch cat /proc/cpuinfo
+ grep MHz
+ srun --nodes=1 --ntasks=1 -o host_info hostname
+ echo 'threads/node: 16'
+ echo 'nodes: ' 32
+ echo 'turbo: 1'
+ srun --nodes=32 --ntasks=32 -o out.dat -e f.err ../bmark2
+ cd ../
+ i=14
+ '[' 14 -ge 4 ']'
+ export OMP_NUM_THREADS=14
+ OMP_NUM_THREADS=14
++ date +%Y_%m_%d_%H_%M_%S_%N
+ name=2012_12_27_08_24_09_377011057
+ mkdir 2012_12_27_08_24_09_377011057
+ cd 2012_12_27_08_24_09_377011057
+ touch out.dat
+ env
+ echo 2012_12_27_08_24_09_377011057
+ uname -a
+ srun --nodes=1 --ntasks=1 -ppbatch cat /proc/cpuinfo
+ grep MHz
+ srun --nodes=1 --ntasks=1 -o host_info hostname
+ echo 'threads/node: 14'
+ echo 'nodes: ' 32
+ echo 'turbo: 1'
+ srun --nodes=32 --ntasks=32 -o out.dat -e f.err ../bmark2
+ cd ../
+ i=12
+ '[' 12 -ge 4 ']'
+ export OMP_NUM_THREADS=12
+ OMP_NUM_THREADS=12
++ date +%Y_%m_%d_%H_%M_%S_%N
+ name=2012_12_27_08_24_22_658737920
+ mkdir 2012_12_27_08_24_22_658737920
+ cd 2012_12_27_08_24_22_658737920
+ touch out.dat
+ env
+ echo 2012_12_27_08_24_22_658737920
+ uname -a
+ grep MHz
+ srun --nodes=1 --ntasks=1 -ppbatch cat /proc/cpuinfo
+ srun --nodes=1 --ntasks=1 -o host_info hostname
+ echo 'threads/node: 12'
+ echo 'nodes: ' 32
+ echo 'turbo: 1'
+ srun --nodes=32 --ntasks=32 -o out.dat -e f.err ../bmark2
+ cd ../
+ i=10
+ '[' 10 -ge 4 ']'
+ export OMP_NUM_THREADS=10
+ OMP_NUM_THREADS=10
++ date +%Y_%m_%d_%H_%M_%S_%N
+ name=2012_12_27_08_24_36_756028327
+ mkdir 2012_12_27_08_24_36_756028327
+ cd 2012_12_27_08_24_36_756028327
+ touch out.dat
+ env
+ echo 2012_12_27_08_24_36_756028327
+ uname -a
+ srun --nodes=1 --ntasks=1 -ppbatch cat /proc/cpuinfo
+ grep MHz
+ srun --nodes=1 --ntasks=1 -o host_info hostname
+ echo 'threads/node: 10'
+ echo 'nodes: ' 32
+ echo 'turbo: 1'
+ srun --nodes=32 --ntasks=32 -o out.dat -e f.err ../bmark2
+ cd ../
+ i=8
+ '[' 8 -ge 4 ']'
+ export OMP_NUM_THREADS=8
+ OMP_NUM_THREADS=8
++ date +%Y_%m_%d_%H_%M_%S_%N
+ name=2012_12_27_08_24_51_333929527
+ mkdir 2012_12_27_08_24_51_333929527
+ cd 2012_12_27_08_24_51_333929527
+ touch out.dat
+ env
+ echo 2012_12_27_08_24_51_333929527
+ uname -a
+ srun --nodes=1 --ntasks=1 -ppbatch cat /proc/cpuinfo
+ grep MHz
+ srun --nodes=1 --ntasks=1 -o host_info hostname
+ echo 'threads/node: 8'
+ echo 'nodes: ' 32
+ echo 'turbo: 1'
+ srun --nodes=32 --ntasks=32 -o out.dat -e f.err ../bmark2
+ cd ../
+ i=6
+ '[' 6 -ge 4 ']'
+ export OMP_NUM_THREADS=6
+ OMP_NUM_THREADS=6
++ date +%Y_%m_%d_%H_%M_%S_%N
+ name=2012_12_27_08_25_06_107106274
+ mkdir 2012_12_27_08_25_06_107106274
+ cd 2012_12_27_08_25_06_107106274
+ touch out.dat
+ env
+ echo 2012_12_27_08_25_06_107106274
+ uname -a
+ srun --nodes=1 --ntasks=1 -ppbatch cat /proc/cpuinfo
+ grep MHz
+ srun --nodes=1 --ntasks=1 -o host_info hostname
+ echo 'threads/node: 6'
+ echo 'nodes: ' 32
+ echo 'turbo: 1'
+ srun --nodes=32 --ntasks=32 -o out.dat -e f.err ../bmark2
+ cd ../
+ i=4
+ '[' 4 -ge 4 ']'
+ export OMP_NUM_THREADS=4
+ OMP_NUM_THREADS=4
++ date +%Y_%m_%d_%H_%M_%S_%N
+ name=2012_12_27_08_25_24_088417737
+ mkdir 2012_12_27_08_25_24_088417737
+ cd 2012_12_27_08_25_24_088417737
+ touch out.dat
+ env
+ echo 2012_12_27_08_25_24_088417737
+ uname -a
+ srun --nodes=1 --ntasks=1 -ppbatch cat /proc/cpuinfo
+ grep MHz
+ srun --nodes=1 --ntasks=1 -o host_info hostname
+ echo 'threads/node: 4'
+ echo 'nodes: ' 32
+ echo 'turbo: 1'
+ srun --nodes=32 --ntasks=32 -o out.dat -e f.err ../bmark2
+ cd ../
+ i=2
+ '[' 2 -ge 4 ']'
+ j=64
+ '[' 64 -le 32 ']'
+ export TURBO_ENABLE=0
+ TURBO_ENABLE=0
+ export FUNC_INTERCEPT=0
+ FUNC_INTERCEPT=0
+ export READ_WRITE=1
+ READ_WRITE=1
+ export READ_ONLY=0
+ READ_ONLY=0
+ for pkg in 0x38198 0x038208 0x038280 0x0382f8
+ i=16
+ j=8
+ export MSR_PKG_POWER_LIMIT=0x38198
+ MSR_PKG_POWER_LIMIT=0x38198
+ '[' 8 -le 32 ']'
+ i=16
+ '[' 16 -ge 4 ']'
+ export OMP_NUM_THREADS=16
+ OMP_NUM_THREADS=16
++ date +%Y_%m_%d_%H_%M_%S_%N
+ name=2012_12_27_08_25_46_627055206
+ mkdir 2012_12_27_08_25_46_627055206
+ cd 2012_12_27_08_25_46_627055206
+ touch out.dat
+ env
+ echo 2012_12_27_08_25_46_627055206
+ uname -a
+ srun --nodes=1 --ntasks=1 -ppbatch cat /proc/cpuinfo
+ grep MHz
+ srun --nodes=1 --ntasks=1 -o host_info hostname
+ echo 'threads/node: 16'
+ echo 'nodes: ' 8
+ echo 'turbo: ' 0
+ srun --nodes=8 --ntasks=8 -o out.dat -e f.err ../bmark2
+ cd ../
+ i=14
+ '[' 14 -ge 4 ']'
+ export OMP_NUM_THREADS=14
+ OMP_NUM_THREADS=14
++ date +%Y_%m_%d_%H_%M_%S_%N
+ name=2012_12_27_08_26_18_808963962
+ mkdir 2012_12_27_08_26_18_808963962
+ cd 2012_12_27_08_26_18_808963962
+ touch out.dat
+ env
+ echo 2012_12_27_08_26_18_808963962
+ uname -a
+ srun --nodes=1 --ntasks=1 -ppbatch cat /proc/cpuinfo
+ grep MHz
+ srun --nodes=1 --ntasks=1 -o host_info hostname
+ echo 'threads/node: 14'
+ echo 'nodes: ' 8
+ echo 'turbo: ' 0
+ srun --nodes=8 --ntasks=8 -o out.dat -e f.err ../bmark2
+ cd ../
+ i=12
+ '[' 12 -ge 4 ']'
+ export OMP_NUM_THREADS=12
+ OMP_NUM_THREADS=12
++ date +%Y_%m_%d_%H_%M_%S_%N
+ name=2012_12_27_08_26_54_157882245
+ mkdir 2012_12_27_08_26_54_157882245
+ cd 2012_12_27_08_26_54_157882245
+ touch out.dat
+ env
+ echo 2012_12_27_08_26_54_157882245
+ uname -a
+ srun --nodes=1 --ntasks=1 -ppbatch cat /proc/cpuinfo
+ grep MHz
+ srun --nodes=1 --ntasks=1 -o host_info hostname
+ echo 'threads/node: 12'
+ echo 'nodes: ' 8
+ echo 'turbo: ' 0
+ srun --nodes=8 --ntasks=8 -o out.dat -e f.err ../bmark2
+ cd ../
+ i=10
+ '[' 10 -ge 4 ']'
+ export OMP_NUM_THREADS=10
+ OMP_NUM_THREADS=10
++ date +%Y_%m_%d_%H_%M_%S_%N
+ name=2012_12_27_08_27_31_011642314
+ mkdir 2012_12_27_08_27_31_011642314
+ cd 2012_12_27_08_27_31_011642314
+ touch out.dat
+ env
+ echo 2012_12_27_08_27_31_011642314
+ uname -a
+ srun --nodes=1 --ntasks=1 -ppbatch cat /proc/cpuinfo
+ grep MHz
+ srun --nodes=1 --ntasks=1 -o host_info hostname
+ echo 'threads/node: 10'
+ echo 'nodes: ' 8
+ echo 'turbo: ' 0
+ srun --nodes=8 --ntasks=8 -o out.dat -e f.err ../bmark2
+ cd ../
+ i=8
+ '[' 8 -ge 4 ']'
+ export OMP_NUM_THREADS=8
+ OMP_NUM_THREADS=8
++ date +%Y_%m_%d_%H_%M_%S_%N
+ name=2012_12_27_08_28_12_193271706
+ mkdir 2012_12_27_08_28_12_193271706
+ cd 2012_12_27_08_28_12_193271706
+ touch out.dat
+ env
+ echo 2012_12_27_08_28_12_193271706
+ uname -a
+ srun --nodes=1 --ntasks=1 -ppbatch cat /proc/cpuinfo
+ grep MHz
+ srun --nodes=1 --ntasks=1 -o host_info hostname
+ echo 'threads/node: 8'
+ echo 'nodes: ' 8
+ echo 'turbo: ' 0
+ srun --nodes=8 --ntasks=8 -o out.dat -e f.err ../bmark2
+ cd ../
+ i=6
+ '[' 6 -ge 4 ']'
+ export OMP_NUM_THREADS=6
+ OMP_NUM_THREADS=6
++ date +%Y_%m_%d_%H_%M_%S_%N
+ name=2012_12_27_08_28_57_194771899
+ mkdir 2012_12_27_08_28_57_194771899
+ cd 2012_12_27_08_28_57_194771899
+ touch out.dat
+ env
+ echo 2012_12_27_08_28_57_194771899
+ uname -a
+ srun --nodes=1 --ntasks=1 -ppbatch cat /proc/cpuinfo
+ grep MHz
+ srun --nodes=1 --ntasks=1 -o host_info hostname
+ echo 'threads/node: 6'
+ echo 'nodes: ' 8
+ echo 'turbo: ' 0
+ srun --nodes=8 --ntasks=8 -o out.dat -e f.err ../bmark2
+ cd ../
+ i=4
+ '[' 4 -ge 4 ']'
+ export OMP_NUM_THREADS=4
+ OMP_NUM_THREADS=4
++ date +%Y_%m_%d_%H_%M_%S_%N
+ name=2012_12_27_08_29_53_422796521
+ mkdir 2012_12_27_08_29_53_422796521
+ cd 2012_12_27_08_29_53_422796521
+ touch out.dat
+ env
+ echo 2012_12_27_08_29_53_422796521
+ uname -a
+ srun --nodes=1 --ntasks=1 -ppbatch cat /proc/cpuinfo
+ grep MHz
+ srun --nodes=1 --ntasks=1 -o host_info hostname
+ echo 'threads/node: 4'
+ echo 'nodes: ' 8
+ echo 'turbo: ' 0
+ srun --nodes=8 --ntasks=8 -o out.dat -e f.err ../bmark2
+ cd ../
+ i=2
+ '[' 2 -ge 4 ']'
+ j=16
+ '[' 16 -le 32 ']'
+ i=16
+ '[' 16 -ge 4 ']'
+ export OMP_NUM_THREADS=16
+ OMP_NUM_THREADS=16
++ date +%Y_%m_%d_%H_%M_%S_%N
+ name=2012_12_27_08_31_14_059228600
+ mkdir 2012_12_27_08_31_14_059228600
+ cd 2012_12_27_08_31_14_059228600
+ touch out.dat
+ env
+ echo 2012_12_27_08_31_14_059228600
+ uname -a
+ srun --nodes=1 --ntasks=1 -ppbatch cat /proc/cpuinfo
+ grep MHz
+ srun --nodes=1 --ntasks=1 -o host_info hostname
+ echo 'threads/node: 16'
+ echo 'nodes: ' 16
+ echo 'turbo: ' 0
+ srun --nodes=16 --ntasks=16 -o out.dat -e f.err ../bmark2
+ cd ../
+ i=14
+ '[' 14 -ge 4 ']'
+ export OMP_NUM_THREADS=14
+ OMP_NUM_THREADS=14
++ date +%Y_%m_%d_%H_%M_%S_%N
+ name=2012_12_27_08_31_33_830399659
+ mkdir 2012_12_27_08_31_33_830399659
+ cd 2012_12_27_08_31_33_830399659
+ touch out.dat
+ env
+ echo 2012_12_27_08_31_33_830399659
+ uname -a
+ srun --nodes=1 --ntasks=1 -ppbatch cat /proc/cpuinfo
+ grep MHz
+ srun --nodes=1 --ntasks=1 -o host_info hostname
+ echo 'threads/node: 14'
+ echo 'nodes: ' 16
+ echo 'turbo: ' 0
+ srun --nodes=16 --ntasks=16 -o out.dat -e f.err ../bmark2
+ cd ../
+ i=12
+ '[' 12 -ge 4 ']'
+ export OMP_NUM_THREADS=12
+ OMP_NUM_THREADS=12
++ date +%Y_%m_%d_%H_%M_%S_%N
+ name=2012_12_27_08_31_54_226231602
+ mkdir 2012_12_27_08_31_54_226231602
+ cd 2012_12_27_08_31_54_226231602
+ touch out.dat
+ env
+ echo 2012_12_27_08_31_54_226231602
+ uname -a
+ srun --nodes=1 --ntasks=1 -ppbatch cat /proc/cpuinfo
+ grep MHz
+ srun --nodes=1 --ntasks=1 -o host_info hostname
+ echo 'threads/node: 12'
+ echo 'nodes: ' 16
+ echo 'turbo: ' 0
+ srun --nodes=16 --ntasks=16 -o out.dat -e f.err ../bmark2
+ cd ../
+ i=10
+ '[' 10 -ge 4 ']'
+ export OMP_NUM_THREADS=10
+ OMP_NUM_THREADS=10
++ date +%Y_%m_%d_%H_%M_%S_%N
+ name=2012_12_27_08_32_16_069703119
+ mkdir 2012_12_27_08_32_16_069703119
+ cd 2012_12_27_08_32_16_069703119
+ touch out.dat
+ env
+ echo 2012_12_27_08_32_16_069703119
+ uname -a
+ srun --nodes=1 --ntasks=1 -ppbatch cat /proc/cpuinfo
+ grep MHz
+ srun --nodes=1 --ntasks=1 -o host_info hostname
+ echo 'threads/node: 10'
+ echo 'nodes: ' 16
+ echo 'turbo: ' 0
+ srun --nodes=16 --ntasks=16 -o out.dat -e f.err ../bmark2
+ cd ../
+ i=8
+ '[' 8 -ge 4 ']'
+ export OMP_NUM_THREADS=8
+ OMP_NUM_THREADS=8
++ date +%Y_%m_%d_%H_%M_%S_%N
+ name=2012_12_27_08_32_40_033966990
+ mkdir 2012_12_27_08_32_40_033966990
+ cd 2012_12_27_08_32_40_033966990
+ touch out.dat
+ env
+ echo 2012_12_27_08_32_40_033966990
+ uname -a
+ srun --nodes=1 --ntasks=1 -ppbatch cat /proc/cpuinfo
+ grep MHz
+ srun --nodes=1 --ntasks=1 -o host_info hostname
+ echo 'threads/node: 8'
+ echo 'nodes: ' 16
+ echo 'turbo: ' 0
+ srun --nodes=16 --ntasks=16 -o out.dat -e f.err ../bmark2
+ cd ../
+ i=6
+ '[' 6 -ge 4 ']'
+ export OMP_NUM_THREADS=6
+ OMP_NUM_THREADS=6
++ date +%Y_%m_%d_%H_%M_%S_%N
+ name=2012_12_27_08_33_06_341431563
+ mkdir 2012_12_27_08_33_06_341431563
+ cd 2012_12_27_08_33_06_341431563
+ touch out.dat
+ env
+ echo 2012_12_27_08_33_06_341431563
+ uname -a
+ srun --nodes=1 --ntasks=1 -ppbatch cat /proc/cpuinfo
+ grep MHz
+ srun --nodes=1 --ntasks=1 -o host_info hostname
+ echo 'threads/node: 6'
+ echo 'nodes: ' 16
+ echo 'turbo: ' 0
+ srun --nodes=16 --ntasks=16 -o out.dat -e f.err ../bmark2
+ cd ../
+ i=4
+ '[' 4 -ge 4 ']'
+ export OMP_NUM_THREADS=4
+ OMP_NUM_THREADS=4
++ date +%Y_%m_%d_%H_%M_%S_%N
+ name=2012_12_27_08_33_37_202550639
+ mkdir 2012_12_27_08_33_37_202550639
+ cd 2012_12_27_08_33_37_202550639
+ touch out.dat
+ env
+ echo 2012_12_27_08_33_37_202550639
+ uname -a
+ srun --nodes=1 --ntasks=1 -ppbatch cat /proc/cpuinfo
+ grep MHz
+ srun --nodes=1 --ntasks=1 -o host_info hostname
+ echo 'threads/node: 4'
+ echo 'nodes: ' 16
+ echo 'turbo: ' 0
+ srun --nodes=16 --ntasks=16 -o out.dat -e f.err ../bmark2
+ cd ../
+ i=2
+ '[' 2 -ge 4 ']'
+ j=32
+ '[' 32 -le 32 ']'
+ i=16
+ '[' 16 -ge 4 ']'
+ export OMP_NUM_THREADS=16
+ OMP_NUM_THREADS=16
++ date +%Y_%m_%d_%H_%M_%S_%N
+ name=2012_12_27_08_34_20_324624938
+ mkdir 2012_12_27_08_34_20_324624938
+ cd 2012_12_27_08_34_20_324624938
+ touch out.dat
+ env
+ echo 2012_12_27_08_34_20_324624938
+ uname -a
+ srun --nodes=1 --ntasks=1 -ppbatch cat /proc/cpuinfo
+ grep MHz
+ srun --nodes=1 --ntasks=1 -o host_info hostname
+ echo 'threads/node: 16'
+ echo 'nodes: ' 32
+ echo 'turbo: ' 0
+ srun --nodes=32 --ntasks=32 -o out.dat -e f.err ../bmark2
+ cd ../
+ i=14
+ '[' 14 -ge 4 ']'
+ export OMP_NUM_THREADS=14
+ OMP_NUM_THREADS=14
++ date +%Y_%m_%d_%H_%M_%S_%N
+ name=2012_12_27_08_34_34_858238729
+ mkdir 2012_12_27_08_34_34_858238729
+ cd 2012_12_27_08_34_34_858238729
+ touch out.dat
+ env
+ echo 2012_12_27_08_34_34_858238729
+ uname -a
+ srun --nodes=1 --ntasks=1 -ppbatch cat /proc/cpuinfo
+ grep MHz
+ srun --nodes=1 --ntasks=1 -o host_info hostname
+ echo 'threads/node: 14'
+ echo 'nodes: ' 32
+ echo 'turbo: ' 0
+ srun --nodes=32 --ntasks=32 -o out.dat -e f.err ../bmark2
+ cd ../
+ i=12
+ '[' 12 -ge 4 ']'
+ export OMP_NUM_THREADS=12
+ OMP_NUM_THREADS=12
++ date +%Y_%m_%d_%H_%M_%S_%N
+ name=2012_12_27_08_34_49_373260201
+ mkdir 2012_12_27_08_34_49_373260201
+ cd 2012_12_27_08_34_49_373260201
+ touch out.dat
+ env
+ echo 2012_12_27_08_34_49_373260201
+ uname -a
+ srun --nodes=1 --ntasks=1 -ppbatch cat /proc/cpuinfo
+ grep MHz
+ srun --nodes=1 --ntasks=1 -o host_info hostname
+ echo 'threads/node: 12'
+ echo 'nodes: ' 32
+ echo 'turbo: ' 0
+ srun --nodes=32 --ntasks=32 -o out.dat -e f.err ../bmark2
+ cd ../
+ i=10
+ '[' 10 -ge 4 ']'
+ export OMP_NUM_THREADS=10
+ OMP_NUM_THREADS=10
++ date +%Y_%m_%d_%H_%M_%S_%N
+ name=2012_12_27_08_35_05_580265350
+ mkdir 2012_12_27_08_35_05_580265350
+ cd 2012_12_27_08_35_05_580265350
+ touch out.dat
+ env
+ echo 2012_12_27_08_35_05_580265350
+ uname -a
+ srun --nodes=1 --ntasks=1 -ppbatch cat /proc/cpuinfo
+ grep MHz
+ srun --nodes=1 --ntasks=1 -o host_info hostname
+ echo 'threads/node: 10'
+ echo 'nodes: ' 32
+ echo 'turbo: ' 0
+ srun --nodes=32 --ntasks=32 -o out.dat -e f.err ../bmark2
+ cd ../
+ i=8
+ '[' 8 -ge 4 ']'
+ export OMP_NUM_THREADS=8
+ OMP_NUM_THREADS=8
++ date +%Y_%m_%d_%H_%M_%S_%N
+ name=2012_12_27_08_35_22_627966312
+ mkdir 2012_12_27_08_35_22_627966312
+ cd 2012_12_27_08_35_22_627966312
+ touch out.dat
+ env
+ echo 2012_12_27_08_35_22_627966312
+ uname -a
+ srun --nodes=1 --ntasks=1 -ppbatch cat /proc/cpuinfo
+ grep MHz
+ srun --nodes=1 --ntasks=1 -o host_info hostname
+ echo 'threads/node: 8'
+ echo 'nodes: ' 32
+ echo 'turbo: ' 0
+ srun --nodes=32 --ntasks=32 -o out.dat -e f.err ../bmark2
+ cd ../
+ i=6
+ '[' 6 -ge 4 ']'
+ export OMP_NUM_THREADS=6
+ OMP_NUM_THREADS=6
++ date +%Y_%m_%d_%H_%M_%S_%N
+ name=2012_12_27_08_35_41_091602764
+ mkdir 2012_12_27_08_35_41_091602764
+ cd 2012_12_27_08_35_41_091602764
+ touch out.dat
+ env
+ echo 2012_12_27_08_35_41_091602764
+ uname -a
+ srun --nodes=1 --ntasks=1 -ppbatch cat /proc/cpuinfo
+ grep MHz
+ srun --nodes=1 --ntasks=1 -o host_info hostname
+ echo 'threads/node: 6'
+ echo 'nodes: ' 32
+ echo 'turbo: ' 0
+ srun --nodes=32 --ntasks=32 -o out.dat -e f.err ../bmark2
+ cd ../
+ i=4
+ '[' 4 -ge 4 ']'
+ export OMP_NUM_THREADS=4
+ OMP_NUM_THREADS=4
++ date +%Y_%m_%d_%H_%M_%S_%N
+ name=2012_12_27_08_36_01_347283433
+ mkdir 2012_12_27_08_36_01_347283433
+ cd 2012_12_27_08_36_01_347283433
+ touch out.dat
+ env
+ echo 2012_12_27_08_36_01_347283433
+ uname -a
+ srun --nodes=1 --ntasks=1 -ppbatch cat /proc/cpuinfo
+ grep MHz
+ srun --nodes=1 --ntasks=1 -o host_info hostname
+ echo 'threads/node: 4'
+ echo 'nodes: ' 32
+ echo 'turbo: ' 0
+ srun --nodes=32 --ntasks=32 -o out.dat -e f.err ../bmark2
+ cd ../
+ i=2
+ '[' 2 -ge 4 ']'
+ j=64
+ '[' 64 -le 32 ']'
+ for pkg in 0x38198 0x038208 0x038280 0x0382f8
+ i=16
+ j=8
+ export MSR_PKG_POWER_LIMIT=0x038208
+ MSR_PKG_POWER_LIMIT=0x038208
+ '[' 8 -le 32 ']'
+ i=16
+ '[' 16 -ge 4 ']'
+ export OMP_NUM_THREADS=16
+ OMP_NUM_THREADS=16
++ date +%Y_%m_%d_%H_%M_%S_%N
+ name=2012_12_27_08_36_27_692118338
+ mkdir 2012_12_27_08_36_27_692118338
+ cd 2012_12_27_08_36_27_692118338
+ touch out.dat
+ env
+ echo 2012_12_27_08_36_27_692118338
+ uname -a
+ srun --nodes=1 --ntasks=1 -ppbatch cat /proc/cpuinfo
+ grep MHz
+ srun --nodes=1 --ntasks=1 -o host_info hostname
+ echo 'threads/node: 16'
+ echo 'nodes: ' 8
+ echo 'turbo: ' 0
+ srun --nodes=8 --ntasks=8 -o out.dat -e f.err ../bmark2
+ cd ../
+ i=14
+ '[' 14 -ge 4 ']'
+ export OMP_NUM_THREADS=14
+ OMP_NUM_THREADS=14
++ date +%Y_%m_%d_%H_%M_%S_%N
+ name=2012_12_27_08_36_54_898181662
+ mkdir 2012_12_27_08_36_54_898181662
+ cd 2012_12_27_08_36_54_898181662
+ touch out.dat
+ env
+ echo 2012_12_27_08_36_54_898181662
+ uname -a
+ srun --nodes=1 --ntasks=1 -ppbatch cat /proc/cpuinfo
+ grep MHz
+ srun --nodes=1 --ntasks=1 -o host_info hostname
+ echo 'threads/node: 14'
+ echo 'nodes: ' 8
+ echo 'turbo: ' 0
+ srun --nodes=8 --ntasks=8 -o out.dat -e f.err ../bmark2
+ cd ../
+ i=12
+ '[' 12 -ge 4 ']'
+ export OMP_NUM_THREADS=12
+ OMP_NUM_THREADS=12
++ date +%Y_%m_%d_%H_%M_%S_%N
+ name=2012_12_27_08_37_24_518560246
+ mkdir 2012_12_27_08_37_24_518560246
+ cd 2012_12_27_08_37_24_518560246
+ touch out.dat
+ env
+ echo 2012_12_27_08_37_24_518560246
+ uname -a
+ srun --nodes=1 --ntasks=1 -ppbatch cat /proc/cpuinfo
+ grep MHz
+ srun --nodes=1 --ntasks=1 -o host_info hostname
+ echo 'threads/node: 12'
+ echo 'nodes: ' 8
+ echo 'turbo: ' 0
+ srun --nodes=8 --ntasks=8 -o out.dat -e f.err ../bmark2
+ cd ../
+ i=10
+ '[' 10 -ge 4 ']'
+ export OMP_NUM_THREADS=10
+ OMP_NUM_THREADS=10
++ date +%Y_%m_%d_%H_%M_%S_%N
+ name=2012_12_27_08_37_55_774734533
+ mkdir 2012_12_27_08_37_55_774734533
+ cd 2012_12_27_08_37_55_774734533
+ touch out.dat
+ env
+ echo 2012_12_27_08_37_55_774734533
+ uname -a
+ srun --nodes=1 --ntasks=1 -ppbatch cat /proc/cpuinfo
+ grep MHz
+ srun --nodes=1 --ntasks=1 -o host_info hostname
+ echo 'threads/node: 10'
+ echo 'nodes: ' 8
+ echo 'turbo: ' 0
+ srun --nodes=8 --ntasks=8 -o out.dat -e f.err ../bmark2
+ cd ../
+ i=8
+ '[' 8 -ge 4 ']'
+ export OMP_NUM_THREADS=8
+ OMP_NUM_THREADS=8
++ date +%Y_%m_%d_%H_%M_%S_%N
+ name=2012_12_27_08_38_31_493948255
+ mkdir 2012_12_27_08_38_31_493948255
+ cd 2012_12_27_08_38_31_493948255
+ touch out.dat
+ env
+ echo 2012_12_27_08_38_31_493948255
+ uname -a
+ srun --nodes=1 --ntasks=1 -ppbatch cat /proc/cpuinfo
+ grep MHz
+ srun --nodes=1 --ntasks=1 -o host_info hostname
+ echo 'threads/node: 8'
+ echo 'nodes: ' 8
+ echo 'turbo: ' 0
+ srun --nodes=8 --ntasks=8 -o out.dat -e f.err ../bmark2
+ cd ../
+ i=6
+ '[' 6 -ge 4 ']'
+ export OMP_NUM_THREADS=6
+ OMP_NUM_THREADS=6
++ date +%Y_%m_%d_%H_%M_%S_%N
+ name=2012_12_27_08_39_14_207552517
+ mkdir 2012_12_27_08_39_14_207552517
+ cd 2012_12_27_08_39_14_207552517
+ touch out.dat
+ env
+ echo 2012_12_27_08_39_14_207552517
+ uname -a
+ srun --nodes=1 --ntasks=1 -ppbatch cat /proc/cpuinfo
+ grep MHz
+ srun --nodes=1 --ntasks=1 -o host_info hostname
+ echo 'threads/node: 6'
+ echo 'nodes: ' 8
+ echo 'turbo: ' 0
+ srun --nodes=8 --ntasks=8 -o out.dat -e f.err ../bmark2
+ cd ../
+ i=4
+ '[' 4 -ge 4 ']'
+ export OMP_NUM_THREADS=4
+ OMP_NUM_THREADS=4
++ date +%Y_%m_%d_%H_%M_%S_%N
+ name=2012_12_27_08_40_09_046854160
+ mkdir 2012_12_27_08_40_09_046854160
+ cd 2012_12_27_08_40_09_046854160
+ touch out.dat
+ env
+ echo 2012_12_27_08_40_09_046854160
+ uname -a
+ srun --nodes=1 --ntasks=1 -ppbatch cat /proc/cpuinfo
+ grep MHz
+ srun --nodes=1 --ntasks=1 -o host_info hostname
+ echo 'threads/node: 4'
+ echo 'nodes: ' 8
+ echo 'turbo: ' 0
+ srun --nodes=8 --ntasks=8 -o out.dat -e f.err ../bmark2
+ cd ../
+ i=2
+ '[' 2 -ge 4 ']'
+ j=16
+ '[' 16 -le 32 ']'
+ i=16
+ '[' 16 -ge 4 ']'
+ export OMP_NUM_THREADS=16
+ OMP_NUM_THREADS=16
++ date +%Y_%m_%d_%H_%M_%S_%N
+ name=2012_12_27_08_41_28_772980259
+ mkdir 2012_12_27_08_41_28_772980259
+ cd 2012_12_27_08_41_28_772980259
+ touch out.dat
+ env
+ echo 2012_12_27_08_41_28_772980259
+ uname -a
+ srun --nodes=1 --ntasks=1 -ppbatch cat /proc/cpuinfo
+ grep MHz
+ srun --nodes=1 --ntasks=1 -o host_info hostname
+ echo 'threads/node: 16'
+ echo 'nodes: ' 16
+ echo 'turbo: ' 0
+ srun --nodes=16 --ntasks=16 -o out.dat -e f.err ../bmark2
+ cd ../
+ i=14
+ '[' 14 -ge 4 ']'
+ export OMP_NUM_THREADS=14
+ OMP_NUM_THREADS=14
++ date +%Y_%m_%d_%H_%M_%S_%N
+ name=2012_12_27_08_41_46_275704369
+ mkdir 2012_12_27_08_41_46_275704369
+ cd 2012_12_27_08_41_46_275704369
+ touch out.dat
+ env
+ echo 2012_12_27_08_41_46_275704369
+ uname -a
+ srun --nodes=1 --ntasks=1 -ppbatch cat /proc/cpuinfo
+ grep MHz
+ srun --nodes=1 --ntasks=1 -o host_info hostname
+ echo 'threads/node: 14'
+ echo 'nodes: ' 16
+ echo 'turbo: ' 0
+ srun --nodes=16 --ntasks=16 -o out.dat -e f.err ../bmark2
+ cd ../
+ i=12
+ '[' 12 -ge 4 ']'
+ export OMP_NUM_THREADS=12
+ OMP_NUM_THREADS=12
++ date +%Y_%m_%d_%H_%M_%S_%N
+ name=2012_12_27_08_42_04_603794275
+ mkdir 2012_12_27_08_42_04_603794275
+ cd 2012_12_27_08_42_04_603794275
+ touch out.dat
+ env
+ echo 2012_12_27_08_42_04_603794275
+ uname -a
+ grep MHz
+ srun --nodes=1 --ntasks=1 -ppbatch cat /proc/cpuinfo
+ srun --nodes=1 --ntasks=1 -o host_info hostname
+ echo 'threads/node: 12'
+ echo 'nodes: ' 16
+ echo 'turbo: ' 0
+ srun --nodes=16 --ntasks=16 -o out.dat -e f.err ../bmark2
+ cd ../
+ i=10
+ '[' 10 -ge 4 ']'
+ export OMP_NUM_THREADS=10
+ OMP_NUM_THREADS=10
++ date +%Y_%m_%d_%H_%M_%S_%N
+ name=2012_12_27_08_42_24_406129548
+ mkdir 2012_12_27_08_42_24_406129548
+ cd 2012_12_27_08_42_24_406129548
+ touch out.dat
+ env
+ echo 2012_12_27_08_42_24_406129548
+ uname -a
+ srun --nodes=1 --ntasks=1 -ppbatch cat /proc/cpuinfo
+ grep MHz
+ srun --nodes=1 --ntasks=1 -o host_info hostname
+ echo 'threads/node: 10'
+ echo 'nodes: ' 16
+ echo 'turbo: ' 0
+ srun --nodes=16 --ntasks=16 -o out.dat -e f.err ../bmark2
+ cd ../
+ i=8
+ '[' 8 -ge 4 ']'
+ export OMP_NUM_THREADS=8
+ OMP_NUM_THREADS=8
++ date +%Y_%m_%d_%H_%M_%S_%N
+ name=2012_12_27_08_42_46_205958313
+ mkdir 2012_12_27_08_42_46_205958313
+ cd 2012_12_27_08_42_46_205958313
+ touch out.dat
+ env
+ echo 2012_12_27_08_42_46_205958313
+ uname -a
+ srun --nodes=1 --ntasks=1 -ppbatch cat /proc/cpuinfo
+ grep MHz
+ srun --nodes=1 --ntasks=1 -o host_info hostname
+ echo 'threads/node: 8'
+ echo 'nodes: ' 16
+ echo 'turbo: ' 0
+ srun --nodes=16 --ntasks=16 -o out.dat -e f.err ../bmark2
+ cd ../
+ i=6
+ '[' 6 -ge 4 ']'
+ export OMP_NUM_THREADS=6
+ OMP_NUM_THREADS=6
++ date +%Y_%m_%d_%H_%M_%S_%N
+ name=2012_12_27_08_43_11_684914173
+ mkdir 2012_12_27_08_43_11_684914173
+ cd 2012_12_27_08_43_11_684914173
+ touch out.dat
+ env
+ echo 2012_12_27_08_43_11_684914173
+ uname -a
+ srun --nodes=1 --ntasks=1 -ppbatch cat /proc/cpuinfo
+ grep MHz
+ srun --nodes=1 --ntasks=1 -o host_info hostname
+ echo 'threads/node: 6'
+ echo 'nodes: ' 16
+ echo 'turbo: ' 0
+ srun --nodes=16 --ntasks=16 -o out.dat -e f.err ../bmark2
+ cd ../
+ i=4
+ '[' 4 -ge 4 ']'
+ export OMP_NUM_THREADS=4
+ OMP_NUM_THREADS=4
++ date +%Y_%m_%d_%H_%M_%S_%N
+ name=2012_12_27_08_43_42_482036567
+ mkdir 2012_12_27_08_43_42_482036567
+ cd 2012_12_27_08_43_42_482036567
+ touch out.dat
+ env
+ echo 2012_12_27_08_43_42_482036567
+ uname -a
+ srun --nodes=1 --ntasks=1 -ppbatch cat /proc/cpuinfo
+ grep MHz
+ srun --nodes=1 --ntasks=1 -o host_info hostname
+ echo 'threads/node: 4'
+ echo 'nodes: ' 16
+ echo 'turbo: ' 0
+ srun --nodes=16 --ntasks=16 -o out.dat -e f.err ../bmark2
+ cd ../
+ i=2
+ '[' 2 -ge 4 ']'
+ j=32
+ '[' 32 -le 32 ']'
+ i=16
+ '[' 16 -ge 4 ']'
+ export OMP_NUM_THREADS=16
+ OMP_NUM_THREADS=16
++ date +%Y_%m_%d_%H_%M_%S_%N
+ name=2012_12_27_08_44_25_595050157
+ mkdir 2012_12_27_08_44_25_595050157
+ cd 2012_12_27_08_44_25_595050157
+ touch out.dat
+ env
+ echo 2012_12_27_08_44_25_595050157
+ uname -a
+ srun --nodes=1 --ntasks=1 -ppbatch cat /proc/cpuinfo
+ grep MHz
+ srun --nodes=1 --ntasks=1 -o host_info hostname
+ echo 'threads/node: 16'
+ echo 'nodes: ' 32
+ echo 'turbo: ' 0
+ srun --nodes=32 --ntasks=32 -o out.dat -e f.err ../bmark2
+ cd ../
+ i=14
+ '[' 14 -ge 4 ']'
+ export OMP_NUM_THREADS=14
+ OMP_NUM_THREADS=14
++ date +%Y_%m_%d_%H_%M_%S_%N
+ name=2012_12_27_08_44_40_085954545
+ mkdir 2012_12_27_08_44_40_085954545
+ cd 2012_12_27_08_44_40_085954545
+ touch out.dat
+ env
+ echo 2012_12_27_08_44_40_085954545
+ uname -a
+ srun --nodes=1 --ntasks=1 -ppbatch cat /proc/cpuinfo
+ grep MHz
+ srun --nodes=1 --ntasks=1 -o host_info hostname
+ echo 'threads/node: 14'
+ echo 'nodes: ' 32
+ echo 'turbo: ' 0
+ srun --nodes=32 --ntasks=32 -o out.dat -e f.err ../bmark2
+ cd ../
+ i=12
+ '[' 12 -ge 4 ']'
+ export OMP_NUM_THREADS=12
+ OMP_NUM_THREADS=12
++ date +%Y_%m_%d_%H_%M_%S_%N
+ name=2012_12_27_08_44_54_362901207
+ mkdir 2012_12_27_08_44_54_362901207
+ cd 2012_12_27_08_44_54_362901207
+ touch out.dat
+ env
+ echo 2012_12_27_08_44_54_362901207
+ uname -a
+ srun --nodes=1 --ntasks=1 -ppbatch cat /proc/cpuinfo
+ grep MHz
+ srun --nodes=1 --ntasks=1 -o host_info hostname
+ echo 'threads/node: 12'
+ echo 'nodes: ' 32
+ echo 'turbo: ' 0
+ srun --nodes=32 --ntasks=32 -o out.dat -e f.err ../bmark2
+ cd ../
+ i=10
+ '[' 10 -ge 4 ']'
+ export OMP_NUM_THREADS=10
+ OMP_NUM_THREADS=10
++ date +%Y_%m_%d_%H_%M_%S_%N
+ name=2012_12_27_08_45_09_212889397
+ mkdir 2012_12_27_08_45_09_212889397
+ cd 2012_12_27_08_45_09_212889397
+ touch out.dat
+ env
+ echo 2012_12_27_08_45_09_212889397
+ uname -a
+ srun --nodes=1 --ntasks=1 -ppbatch cat /proc/cpuinfo
+ grep MHz
+ srun --nodes=1 --ntasks=1 -o host_info hostname
+ echo 'threads/node: 10'
+ echo 'nodes: ' 32
+ echo 'turbo: ' 0
+ srun --nodes=32 --ntasks=32 -o out.dat -e f.err ../bmark2
+ cd ../
+ i=8
+ '[' 8 -ge 4 ']'
+ export OMP_NUM_THREADS=8
+ OMP_NUM_THREADS=8
++ date +%Y_%m_%d_%H_%M_%S_%N
+ name=2012_12_27_08_45_24_760979118
+ mkdir 2012_12_27_08_45_24_760979118
+ cd 2012_12_27_08_45_24_760979118
+ touch out.dat
+ env
+ echo 2012_12_27_08_45_24_760979118
+ uname -a
+ srun --nodes=1 --ntasks=1 -ppbatch cat /proc/cpuinfo
+ grep MHz
+ srun --nodes=1 --ntasks=1 -o host_info hostname
+ echo 'threads/node: 8'
+ echo 'nodes: ' 32
+ echo 'turbo: ' 0
+ srun --nodes=32 --ntasks=32 -o out.dat -e f.err ../bmark2
+ cd ../
+ i=6
+ '[' 6 -ge 4 ']'
+ export OMP_NUM_THREADS=6
+ OMP_NUM_THREADS=6
++ date +%Y_%m_%d_%H_%M_%S_%N
+ name=2012_12_27_08_45_41_959649461
+ mkdir 2012_12_27_08_45_41_959649461
+ cd 2012_12_27_08_45_41_959649461
+ touch out.dat
+ env
+ echo 2012_12_27_08_45_41_959649461
+ uname -a
+ srun --nodes=1 --ntasks=1 -ppbatch cat /proc/cpuinfo
+ grep MHz
+ srun --nodes=1 --ntasks=1 -o host_info hostname
+ echo 'threads/node: 6'
+ echo 'nodes: ' 32
+ echo 'turbo: ' 0
+ srun --nodes=32 --ntasks=32 -o out.dat -e f.err ../bmark2
+ cd ../
+ i=4
+ '[' 4 -ge 4 ']'
+ export OMP_NUM_THREADS=4
+ OMP_NUM_THREADS=4
++ date +%Y_%m_%d_%H_%M_%S_%N
+ name=2012_12_27_08_46_02_029416308
+ mkdir 2012_12_27_08_46_02_029416308
+ cd 2012_12_27_08_46_02_029416308
+ touch out.dat
+ env
+ echo 2012_12_27_08_46_02_029416308
+ uname -a
+ srun --nodes=1 --ntasks=1 -ppbatch cat /proc/cpuinfo
+ grep MHz
+ srun --nodes=1 --ntasks=1 -o host_info hostname
+ echo 'threads/node: 4'
+ echo 'nodes: ' 32
+ echo 'turbo: ' 0
+ srun --nodes=32 --ntasks=32 -o out.dat -e f.err ../bmark2
+ cd ../
+ i=2
+ '[' 2 -ge 4 ']'
+ j=64
+ '[' 64 -le 32 ']'
+ for pkg in 0x38198 0x038208 0x038280 0x0382f8
+ i=16
+ j=8
+ export MSR_PKG_POWER_LIMIT=0x038280
+ MSR_PKG_POWER_LIMIT=0x038280
+ '[' 8 -le 32 ']'
+ i=16
+ '[' 16 -ge 4 ']'
+ export OMP_NUM_THREADS=16
+ OMP_NUM_THREADS=16
++ date +%Y_%m_%d_%H_%M_%S_%N
+ name=2012_12_27_08_46_28_461848083
+ mkdir 2012_12_27_08_46_28_461848083
+ cd 2012_12_27_08_46_28_461848083
+ touch out.dat
+ env
+ echo 2012_12_27_08_46_28_461848083
+ uname -a
+ srun --nodes=1 --ntasks=1 -ppbatch cat /proc/cpuinfo
+ grep MHz
+ srun --nodes=1 --ntasks=1 -o host_info hostname
+ echo 'threads/node: 16'
+ echo 'nodes: ' 8
+ echo 'turbo: ' 0
+ srun --nodes=8 --ntasks=8 -o out.dat -e f.err ../bmark2
+ cd ../
+ i=14
+ '[' 14 -ge 4 ']'
+ export OMP_NUM_THREADS=14
+ OMP_NUM_THREADS=14
++ date +%Y_%m_%d_%H_%M_%S_%N
+ name=2012_12_27_08_46_53_361245007
+ mkdir 2012_12_27_08_46_53_361245007
+ cd 2012_12_27_08_46_53_361245007
+ touch out.dat
+ env
+ echo 2012_12_27_08_46_53_361245007
+ uname -a
+ srun --nodes=1 --ntasks=1 -ppbatch cat /proc/cpuinfo
+ grep MHz
+ srun --nodes=1 --ntasks=1 -o host_info hostname
+ echo 'threads/node: 14'
+ echo 'nodes: ' 8
+ echo 'turbo: ' 0
+ srun --nodes=8 --ntasks=8 -o out.dat -e f.err ../bmark2
+ cd ../
+ i=12
+ '[' 12 -ge 4 ']'
+ export OMP_NUM_THREADS=12
+ OMP_NUM_THREADS=12
++ date +%Y_%m_%d_%H_%M_%S_%N
+ name=2012_12_27_08_47_21_083977051
+ mkdir 2012_12_27_08_47_21_083977051
+ cd 2012_12_27_08_47_21_083977051
+ touch out.dat
+ env
+ echo 2012_12_27_08_47_21_083977051
+ uname -a
+ srun --nodes=1 --ntasks=1 -ppbatch cat /proc/cpuinfo
+ grep MHz
+ srun --nodes=1 --ntasks=1 -o host_info hostname
+ echo 'threads/node: 12'
+ echo 'nodes: ' 8
+ echo 'turbo: ' 0
+ srun --nodes=8 --ntasks=8 -o out.dat -e f.err ../bmark2
+ cd ../
+ i=10
+ '[' 10 -ge 4 ']'
+ export OMP_NUM_THREADS=10
+ OMP_NUM_THREADS=10
++ date +%Y_%m_%d_%H_%M_%S_%N
+ name=2012_12_27_08_47_51_599938407
+ mkdir 2012_12_27_08_47_51_599938407
+ cd 2012_12_27_08_47_51_599938407
+ touch out.dat
+ env
+ echo 2012_12_27_08_47_51_599938407
+ uname -a
+ srun --nodes=1 --ntasks=1 -ppbatch cat /proc/cpuinfo
+ grep MHz
+ srun --nodes=1 --ntasks=1 -o host_info hostname
+ echo 'threads/node: 10'
+ echo 'nodes: ' 8
+ echo 'turbo: ' 0
+ srun --nodes=8 --ntasks=8 -o out.dat -e f.err ../bmark2
+ cd ../
+ i=8
+ '[' 8 -ge 4 ']'
+ export OMP_NUM_THREADS=8
+ OMP_NUM_THREADS=8
++ date +%Y_%m_%d_%H_%M_%S_%N
+ name=2012_12_27_08_48_26_960562319
+ mkdir 2012_12_27_08_48_26_960562319
+ cd 2012_12_27_08_48_26_960562319
+ touch out.dat
+ env
+ echo 2012_12_27_08_48_26_960562319
+ uname -a
+ srun --nodes=1 --ntasks=1 -ppbatch cat /proc/cpuinfo
+ grep MHz
+ srun --nodes=1 --ntasks=1 -o host_info hostname
+ echo 'threads/node: 8'
+ echo 'nodes: ' 8
+ echo 'turbo: ' 0
+ srun --nodes=8 --ntasks=8 -o out.dat -e f.err ../bmark2
+ cd ../
+ i=6
+ '[' 6 -ge 4 ']'
+ export OMP_NUM_THREADS=6
+ OMP_NUM_THREADS=6
++ date +%Y_%m_%d_%H_%M_%S_%N
+ name=2012_12_27_08_49_09_877866068
+ mkdir 2012_12_27_08_49_09_877866068
+ cd 2012_12_27_08_49_09_877866068
+ touch out.dat
+ env
+ echo 2012_12_27_08_49_09_877866068
+ uname -a
+ srun --nodes=1 --ntasks=1 -ppbatch cat /proc/cpuinfo
+ grep MHz
+ srun --nodes=1 --ntasks=1 -o host_info hostname
+ echo 'threads/node: 6'
+ echo 'nodes: ' 8
+ echo 'turbo: ' 0
+ srun --nodes=8 --ntasks=8 -o out.dat -e f.err ../bmark2
+ cd ../
+ i=4
+ '[' 4 -ge 4 ']'
+ export OMP_NUM_THREADS=4
+ OMP_NUM_THREADS=4
++ date +%Y_%m_%d_%H_%M_%S_%N
+ name=2012_12_27_08_50_04_606602517
+ mkdir 2012_12_27_08_50_04_606602517
+ cd 2012_12_27_08_50_04_606602517
+ touch out.dat
+ env
+ echo 2012_12_27_08_50_04_606602517
+ uname -a
+ srun --nodes=1 --ntasks=1 -ppbatch cat /proc/cpuinfo
+ grep MHz
+ srun --nodes=1 --ntasks=1 -o host_info hostname
+ echo 'threads/node: 4'
+ echo 'nodes: ' 8
+ echo 'turbo: ' 0
+ srun --nodes=8 --ntasks=8 -o out.dat -e f.err ../bmark2
+ cd ../
+ i=2
+ '[' 2 -ge 4 ']'
+ j=16
+ '[' 16 -le 32 ']'
+ i=16
+ '[' 16 -ge 4 ']'
+ export OMP_NUM_THREADS=16
+ OMP_NUM_THREADS=16
++ date +%Y_%m_%d_%H_%M_%S_%N
+ name=2012_12_27_08_51_24_205255779
+ mkdir 2012_12_27_08_51_24_205255779
+ cd 2012_12_27_08_51_24_205255779
+ touch out.dat
+ env
+ echo 2012_12_27_08_51_24_205255779
+ uname -a
+ srun --nodes=1 --ntasks=1 -ppbatch cat /proc/cpuinfo
+ grep MHz
+ srun --nodes=1 --ntasks=1 -o host_info hostname
+ echo 'threads/node: 16'
+ echo 'nodes: ' 16
+ echo 'turbo: ' 0
+ srun --nodes=16 --ntasks=16 -o out.dat -e f.err ../bmark2
+ cd ../
+ i=14
+ '[' 14 -ge 4 ']'
+ export OMP_NUM_THREADS=14
+ OMP_NUM_THREADS=14
++ date +%Y_%m_%d_%H_%M_%S_%N
+ name=2012_12_27_08_51_41_666154837
+ mkdir 2012_12_27_08_51_41_666154837
+ cd 2012_12_27_08_51_41_666154837
+ touch out.dat
+ env
+ echo 2012_12_27_08_51_41_666154837
+ uname -a
+ srun --nodes=1 --ntasks=1 -ppbatch cat /proc/cpuinfo
+ grep MHz
+ srun --nodes=1 --ntasks=1 -o host_info hostname
+ echo 'threads/node: 14'
+ echo 'nodes: ' 16
+ echo 'turbo: ' 0
+ srun --nodes=16 --ntasks=16 -o out.dat -e f.err ../bmark2
+ cd ../
+ i=12
+ '[' 12 -ge 4 ']'
+ export OMP_NUM_THREADS=12
+ OMP_NUM_THREADS=12
++ date +%Y_%m_%d_%H_%M_%S_%N
+ name=2012_12_27_08_51_59_532065458
+ mkdir 2012_12_27_08_51_59_532065458
+ cd 2012_12_27_08_51_59_532065458
+ touch out.dat
+ env
+ echo 2012_12_27_08_51_59_532065458
+ uname -a
+ srun --nodes=1 --ntasks=1 -ppbatch cat /proc/cpuinfo
+ grep MHz
+ srun --nodes=1 --ntasks=1 -o host_info hostname
+ echo 'threads/node: 12'
+ echo 'nodes: ' 16
+ echo 'turbo: ' 0
+ srun --nodes=16 --ntasks=16 -o out.dat -e f.err ../bmark2
+ cd ../
+ i=10
+ '[' 10 -ge 4 ']'
+ export OMP_NUM_THREADS=10
+ OMP_NUM_THREADS=10
++ date +%Y_%m_%d_%H_%M_%S_%N
+ name=2012_12_27_08_52_19_523164470
+ mkdir 2012_12_27_08_52_19_523164470
+ cd 2012_12_27_08_52_19_523164470
+ touch out.dat
+ env
+ echo 2012_12_27_08_52_19_523164470
+ uname -a
+ srun --nodes=1 --ntasks=1 -ppbatch cat /proc/cpuinfo
+ grep MHz
+ srun --nodes=1 --ntasks=1 -o host_info hostname
+ echo 'threads/node: 10'
+ echo 'nodes: ' 16
+ echo 'turbo: ' 0
+ srun --nodes=16 --ntasks=16 -o out.dat -e f.err ../bmark2
+ cd ../
+ i=8
+ '[' 8 -ge 4 ']'
+ export OMP_NUM_THREADS=8
+ OMP_NUM_THREADS=8
++ date +%Y_%m_%d_%H_%M_%S_%N
+ name=2012_12_27_08_52_41_772956632
+ mkdir 2012_12_27_08_52_41_772956632
+ cd 2012_12_27_08_52_41_772956632
+ touch out.dat
+ env
+ echo 2012_12_27_08_52_41_772956632
+ uname -a
+ srun --nodes=1 --ntasks=1 -ppbatch cat /proc/cpuinfo
+ grep MHz
+ srun --nodes=1 --ntasks=1 -o host_info hostname
+ echo 'threads/node: 8'
+ echo 'nodes: ' 16
+ echo 'turbo: ' 0
+ srun --nodes=16 --ntasks=16 -o out.dat -e f.err ../bmark2
+ cd ../
+ i=6
+ '[' 6 -ge 4 ']'
+ export OMP_NUM_THREADS=6
+ OMP_NUM_THREADS=6
++ date +%Y_%m_%d_%H_%M_%S_%N
+ name=2012_12_27_08_53_07_646686320
+ mkdir 2012_12_27_08_53_07_646686320
+ cd 2012_12_27_08_53_07_646686320
+ touch out.dat
+ env
+ echo 2012_12_27_08_53_07_646686320
+ uname -a
+ srun --nodes=1 --ntasks=1 -ppbatch cat /proc/cpuinfo
+ grep MHz
+ srun --nodes=1 --ntasks=1 -o host_info hostname
+ echo 'threads/node: 6'
+ echo 'nodes: ' 16
+ echo 'turbo: ' 0
+ srun --nodes=16 --ntasks=16 -o out.dat -e f.err ../bmark2
+ cd ../
+ i=4
+ '[' 4 -ge 4 ']'
+ export OMP_NUM_THREADS=4
+ OMP_NUM_THREADS=4
++ date +%Y_%m_%d_%H_%M_%S_%N
+ name=2012_12_27_08_53_38_724709445
+ mkdir 2012_12_27_08_53_38_724709445
+ cd 2012_12_27_08_53_38_724709445
+ touch out.dat
+ env
+ echo 2012_12_27_08_53_38_724709445
+ uname -a
+ srun --nodes=1 --ntasks=1 -ppbatch cat /proc/cpuinfo
+ grep MHz
+ srun --nodes=1 --ntasks=1 -o host_info hostname
+ echo 'threads/node: 4'
+ echo 'nodes: ' 16
+ echo 'turbo: ' 0
+ srun --nodes=16 --ntasks=16 -o out.dat -e f.err ../bmark2
+ cd ../
+ i=2
+ '[' 2 -ge 4 ']'
+ j=32
+ '[' 32 -le 32 ']'
+ i=16
+ '[' 16 -ge 4 ']'
+ export OMP_NUM_THREADS=16
+ OMP_NUM_THREADS=16
++ date +%Y_%m_%d_%H_%M_%S_%N
+ name=2012_12_27_08_54_22_476999474
+ mkdir 2012_12_27_08_54_22_476999474
+ cd 2012_12_27_08_54_22_476999474
+ touch out.dat
+ env
+ echo 2012_12_27_08_54_22_476999474
+ uname -a
+ srun --nodes=1 --ntasks=1 -ppbatch cat /proc/cpuinfo
+ grep MHz
+ srun --nodes=1 --ntasks=1 -o host_info hostname
+ echo 'threads/node: 16'
+ echo 'nodes: ' 32
+ echo 'turbo: ' 0
+ srun --nodes=32 --ntasks=32 -o out.dat -e f.err ../bmark2
+ cd ../
+ i=14
+ '[' 14 -ge 4 ']'
+ export OMP_NUM_THREADS=14
+ OMP_NUM_THREADS=14
++ date +%Y_%m_%d_%H_%M_%S_%N
+ name=2012_12_27_08_54_36_884911634
+ mkdir 2012_12_27_08_54_36_884911634
+ cd 2012_12_27_08_54_36_884911634
+ touch out.dat
+ env
+ echo 2012_12_27_08_54_36_884911634
+ uname -a
+ srun --nodes=1 --ntasks=1 -ppbatch cat /proc/cpuinfo
+ grep MHz
+ srun --nodes=1 --ntasks=1 -o host_info hostname
+ echo 'threads/node: 14'
+ echo 'nodes: ' 32
+ echo 'turbo: ' 0
+ srun --nodes=32 --ntasks=32 -o out.dat -e f.err ../bmark2
+ cd ../
+ i=12
+ '[' 12 -ge 4 ']'
+ export OMP_NUM_THREADS=12
+ OMP_NUM_THREADS=12
++ date +%Y_%m_%d_%H_%M_%S_%N
+ name=2012_12_27_08_54_50_913681399
+ mkdir 2012_12_27_08_54_50_913681399
+ cd 2012_12_27_08_54_50_913681399
+ touch out.dat
+ env
+ echo 2012_12_27_08_54_50_913681399
+ uname -a
+ srun --nodes=1 --ntasks=1 -ppbatch cat /proc/cpuinfo
+ grep MHz
+ srun --nodes=1 --ntasks=1 -o host_info hostname
+ echo 'threads/node: 12'
+ echo 'nodes: ' 32
+ echo 'turbo: ' 0
+ srun --nodes=32 --ntasks=32 -o out.dat -e f.err ../bmark2
+ cd ../
+ i=10
+ '[' 10 -ge 4 ']'
+ export OMP_NUM_THREADS=10
+ OMP_NUM_THREADS=10
++ date +%Y_%m_%d_%H_%M_%S_%N
+ name=2012_12_27_08_55_05_713059135
+ mkdir 2012_12_27_08_55_05_713059135
+ cd 2012_12_27_08_55_05_713059135
+ touch out.dat
+ env
+ echo 2012_12_27_08_55_05_713059135
+ uname -a
+ srun --nodes=1 --ntasks=1 -ppbatch cat /proc/cpuinfo
+ grep MHz
+ srun --nodes=1 --ntasks=1 -o host_info hostname
+ echo 'threads/node: 10'
+ echo 'nodes: ' 32
+ echo 'turbo: ' 0
+ srun --nodes=32 --ntasks=32 -o out.dat -e f.err ../bmark2
+ cd ../
+ i=8
+ '[' 8 -ge 4 ']'
+ export OMP_NUM_THREADS=8
+ OMP_NUM_THREADS=8
++ date +%Y_%m_%d_%H_%M_%S_%N
+ name=2012_12_27_08_55_21_597687137
+ mkdir 2012_12_27_08_55_21_597687137
+ cd 2012_12_27_08_55_21_597687137
+ touch out.dat
+ env
+ echo 2012_12_27_08_55_21_597687137
+ uname -a
+ srun --nodes=1 --ntasks=1 -ppbatch cat /proc/cpuinfo
+ grep MHz
+ srun --nodes=1 --ntasks=1 -o host_info hostname
+ echo 'threads/node: 8'
+ echo 'nodes: ' 32
+ echo 'turbo: ' 0
+ srun --nodes=32 --ntasks=32 -o out.dat -e f.err ../bmark2
+ cd ../
+ i=6
+ '[' 6 -ge 4 ']'
+ export OMP_NUM_THREADS=6
+ OMP_NUM_THREADS=6
++ date +%Y_%m_%d_%H_%M_%S_%N
+ name=2012_12_27_08_55_38_841020872
+ mkdir 2012_12_27_08_55_38_841020872
+ cd 2012_12_27_08_55_38_841020872
+ touch out.dat
+ env
+ echo 2012_12_27_08_55_38_841020872
+ uname -a
+ srun --nodes=1 --ntasks=1 -ppbatch cat /proc/cpuinfo
+ grep MHz
+ srun --nodes=1 --ntasks=1 -o host_info hostname
+ echo 'threads/node: 6'
+ echo 'nodes: ' 32
+ echo 'turbo: ' 0
+ srun --nodes=32 --ntasks=32 -o out.dat -e f.err ../bmark2
+ cd ../
+ i=4
+ '[' 4 -ge 4 ']'
+ export OMP_NUM_THREADS=4
+ OMP_NUM_THREADS=4
++ date +%Y_%m_%d_%H_%M_%S_%N
+ name=2012_12_27_08_55_59_180005894
+ mkdir 2012_12_27_08_55_59_180005894
+ cd 2012_12_27_08_55_59_180005894
+ touch out.dat
+ env
+ echo 2012_12_27_08_55_59_180005894
+ uname -a
+ srun --nodes=1 --ntasks=1 -ppbatch cat /proc/cpuinfo
+ grep MHz
+ srun --nodes=1 --ntasks=1 -o host_info hostname
+ echo 'threads/node: 4'
+ echo 'nodes: ' 32
+ echo 'turbo: ' 0
+ srun --nodes=32 --ntasks=32 -o out.dat -e f.err ../bmark2
+ cd ../
+ i=2
+ '[' 2 -ge 4 ']'
+ j=64
+ '[' 64 -le 32 ']'
+ for pkg in 0x38198 0x038208 0x038280 0x0382f8
+ i=16
+ j=8
+ export MSR_PKG_POWER_LIMIT=0x0382f8
+ MSR_PKG_POWER_LIMIT=0x0382f8
+ '[' 8 -le 32 ']'
+ i=16
+ '[' 16 -ge 4 ']'
+ export OMP_NUM_THREADS=16
+ OMP_NUM_THREADS=16
++ date +%Y_%m_%d_%H_%M_%S_%N
+ name=2012_12_27_08_56_26_015100260
+ mkdir 2012_12_27_08_56_26_015100260
+ cd 2012_12_27_08_56_26_015100260
+ touch out.dat
+ env
+ echo 2012_12_27_08_56_26_015100260
+ uname -a
+ srun --nodes=1 --ntasks=1 -ppbatch cat /proc/cpuinfo
+ grep MHz
+ srun --nodes=1 --ntasks=1 -o host_info hostname
+ echo 'threads/node: 16'
+ echo 'nodes: ' 8
+ echo 'turbo: ' 0
+ srun --nodes=8 --ntasks=8 -o out.dat -e f.err ../bmark2
+ cd ../
+ i=14
+ '[' 14 -ge 4 ']'
+ export OMP_NUM_THREADS=14
+ OMP_NUM_THREADS=14
++ date +%Y_%m_%d_%H_%M_%S_%N
+ name=2012_12_27_08_56_50_517931458
+ mkdir 2012_12_27_08_56_50_517931458
+ cd 2012_12_27_08_56_50_517931458
+ touch out.dat
+ env
+ echo 2012_12_27_08_56_50_517931458
+ uname -a
+ srun --nodes=1 --ntasks=1 -ppbatch cat /proc/cpuinfo
+ grep MHz
+ srun --nodes=1 --ntasks=1 -o host_info hostname
+ echo 'threads/node: 14'
+ echo 'nodes: ' 8
+ echo 'turbo: ' 0
+ srun --nodes=8 --ntasks=8 -o out.dat -e f.err ../bmark2
+ cd ../
+ i=12
+ '[' 12 -ge 4 ']'
+ export OMP_NUM_THREADS=12
+ OMP_NUM_THREADS=12
++ date +%Y_%m_%d_%H_%M_%S_%N
+ name=2012_12_27_08_57_17_247934125
+ mkdir 2012_12_27_08_57_17_247934125
+ cd 2012_12_27_08_57_17_247934125
+ touch out.dat
+ env
+ echo 2012_12_27_08_57_17_247934125
+ uname -a
+ srun --nodes=1 --ntasks=1 -ppbatch cat /proc/cpuinfo
+ grep MHz
+ srun --nodes=1 --ntasks=1 -o host_info hostname
+ echo 'threads/node: 12'
+ echo 'nodes: ' 8
+ echo 'turbo: ' 0
+ srun --nodes=8 --ntasks=8 -o out.dat -e f.err ../bmark2
+ cd ../
+ i=10
+ '[' 10 -ge 4 ']'
+ export OMP_NUM_THREADS=10
+ OMP_NUM_THREADS=10
++ date +%Y_%m_%d_%H_%M_%S_%N
+ name=2012_12_27_08_57_47_587816504
+ mkdir 2012_12_27_08_57_47_587816504
+ cd 2012_12_27_08_57_47_587816504
+ touch out.dat
+ env
+ echo 2012_12_27_08_57_47_587816504
+ uname -a
+ srun --nodes=1 --ntasks=1 -ppbatch cat /proc/cpuinfo
+ grep MHz
+ srun --nodes=1 --ntasks=1 -o host_info hostname
+ echo 'threads/node: 10'
+ echo 'nodes: ' 8
+ echo 'turbo: ' 0
+ srun --nodes=8 --ntasks=8 -o out.dat -e f.err ../bmark2
+ cd ../
+ i=8
+ '[' 8 -ge 4 ']'
+ export OMP_NUM_THREADS=8
+ OMP_NUM_THREADS=8
++ date +%Y_%m_%d_%H_%M_%S_%N
+ name=2012_12_27_08_58_22_770673885
+ mkdir 2012_12_27_08_58_22_770673885
+ cd 2012_12_27_08_58_22_770673885
+ touch out.dat
+ env
+ echo 2012_12_27_08_58_22_770673885
+ uname -a
+ srun --nodes=1 --ntasks=1 -ppbatch cat /proc/cpuinfo
+ grep MHz
+ srun --nodes=1 --ntasks=1 -o host_info hostname
+ echo 'threads/node: 8'
+ echo 'nodes: ' 8
+ echo 'turbo: ' 0
+ srun --nodes=8 --ntasks=8 -o out.dat -e f.err ../bmark2
+ cd ../
+ i=6
+ '[' 6 -ge 4 ']'
+ export OMP_NUM_THREADS=6
+ OMP_NUM_THREADS=6
++ date +%Y_%m_%d_%H_%M_%S_%N
+ name=2012_12_27_08_59_05_319051430
+ mkdir 2012_12_27_08_59_05_319051430
+ cd 2012_12_27_08_59_05_319051430
+ touch out.dat
+ env
+ echo 2012_12_27_08_59_05_319051430
+ uname -a
+ srun --nodes=1 --ntasks=1 -ppbatch cat /proc/cpuinfo
+ grep MHz
+ srun --nodes=1 --ntasks=1 -o host_info hostname
+ echo 'threads/node: 6'
+ echo 'nodes: ' 8
+ echo 'turbo: ' 0
+ srun --nodes=8 --ntasks=8 -o out.dat -e f.err ../bmark2
+ cd ../
+ i=4
+ '[' 4 -ge 4 ']'
+ export OMP_NUM_THREADS=4
+ OMP_NUM_THREADS=4
++ date +%Y_%m_%d_%H_%M_%S_%N
+ name=2012_12_27_09_00_00_878703845
+ mkdir 2012_12_27_09_00_00_878703845
+ cd 2012_12_27_09_00_00_878703845
+ touch out.dat
+ env
+ echo 2012_12_27_09_00_00_878703845
+ uname -a
+ srun --nodes=1 --ntasks=1 -ppbatch cat /proc/cpuinfo
+ grep MHz
+ srun --nodes=1 --ntasks=1 -o host_info hostname
+ echo 'threads/node: 4'
+ echo 'nodes: ' 8
+ echo 'turbo: ' 0
+ srun --nodes=8 --ntasks=8 -o out.dat -e f.err ../bmark2
+ cd ../
+ i=2
+ '[' 2 -ge 4 ']'
+ j=16
+ '[' 16 -le 32 ']'
+ i=16
+ '[' 16 -ge 4 ']'
+ export OMP_NUM_THREADS=16
+ OMP_NUM_THREADS=16
++ date +%Y_%m_%d_%H_%M_%S_%N
+ name=2012_12_27_09_01_20_387396315
+ mkdir 2012_12_27_09_01_20_387396315
+ cd 2012_12_27_09_01_20_387396315
+ touch out.dat
+ env
+ echo 2012_12_27_09_01_20_387396315
+ uname -a
+ srun --nodes=1 --ntasks=1 -ppbatch cat /proc/cpuinfo
+ grep MHz
+ srun --nodes=1 --ntasks=1 -o host_info hostname
+ echo 'threads/node: 16'
+ echo 'nodes: ' 16
+ echo 'turbo: ' 0
+ srun --nodes=16 --ntasks=16 -o out.dat -e f.err ../bmark2
+ cd ../
+ i=14
+ '[' 14 -ge 4 ']'
+ export OMP_NUM_THREADS=14
+ OMP_NUM_THREADS=14
++ date +%Y_%m_%d_%H_%M_%S_%N
+ name=2012_12_27_09_01_37_713101266
+ mkdir 2012_12_27_09_01_37_713101266
+ cd 2012_12_27_09_01_37_713101266
+ touch out.dat
+ env
+ echo 2012_12_27_09_01_37_713101266
+ uname -a
+ srun --nodes=1 --ntasks=1 -ppbatch cat /proc/cpuinfo
+ grep MHz
+ srun --nodes=1 --ntasks=1 -o host_info hostname
+ echo 'threads/node: 14'
+ echo 'nodes: ' 16
+ echo 'turbo: ' 0
+ srun --nodes=16 --ntasks=16 -o out.dat -e f.err ../bmark2
+ cd ../
+ i=12
+ '[' 12 -ge 4 ']'
+ export OMP_NUM_THREADS=12
+ OMP_NUM_THREADS=12
++ date +%Y_%m_%d_%H_%M_%S_%N
+ name=2012_12_27_09_01_56_305037114
+ mkdir 2012_12_27_09_01_56_305037114
+ cd 2012_12_27_09_01_56_305037114
+ touch out.dat
+ env
+ echo 2012_12_27_09_01_56_305037114
+ uname -a
+ srun --nodes=1 --ntasks=1 -ppbatch cat /proc/cpuinfo
+ grep MHz
+ srun --nodes=1 --ntasks=1 -o host_info hostname
+ echo 'threads/node: 12'
+ echo 'nodes: ' 16
+ echo 'turbo: ' 0
+ srun --nodes=16 --ntasks=16 -o out.dat -e f.err ../bmark2
+ cd ../
+ i=10
+ '[' 10 -ge 4 ']'
+ export OMP_NUM_THREADS=10
+ OMP_NUM_THREADS=10
++ date +%Y_%m_%d_%H_%M_%S_%N
+ name=2012_12_27_09_02_15_955666402
+ mkdir 2012_12_27_09_02_15_955666402
+ cd 2012_12_27_09_02_15_955666402
+ touch out.dat
+ env
+ echo 2012_12_27_09_02_15_955666402
+ uname -a
+ srun --nodes=1 --ntasks=1 -ppbatch cat /proc/cpuinfo
+ grep MHz
+ srun --nodes=1 --ntasks=1 -o host_info hostname
+ echo 'threads/node: 10'
+ echo 'nodes: ' 16
+ echo 'turbo: ' 0
+ srun --nodes=16 --ntasks=16 -o out.dat -e f.err ../bmark2
+ cd ../
+ i=8
+ '[' 8 -ge 4 ']'
+ export OMP_NUM_THREADS=8
+ OMP_NUM_THREADS=8
++ date +%Y_%m_%d_%H_%M_%S_%N
+ name=2012_12_27_09_02_38_492912484
+ mkdir 2012_12_27_09_02_38_492912484
+ cd 2012_12_27_09_02_38_492912484
+ touch out.dat
+ env
+ echo 2012_12_27_09_02_38_492912484
+ uname -a
+ srun --nodes=1 --ntasks=1 -ppbatch cat /proc/cpuinfo
+ grep MHz
+ srun --nodes=1 --ntasks=1 -o host_info hostname
+ echo 'threads/node: 8'
+ echo 'nodes: ' 16
+ echo 'turbo: ' 0
+ srun --nodes=16 --ntasks=16 -o out.dat -e f.err ../bmark2
+ cd ../
+ i=6
+ '[' 6 -ge 4 ']'
+ export OMP_NUM_THREADS=6
+ OMP_NUM_THREADS=6
++ date +%Y_%m_%d_%H_%M_%S_%N
+ name=2012_12_27_09_03_04_530070425
+ mkdir 2012_12_27_09_03_04_530070425
+ cd 2012_12_27_09_03_04_530070425
+ touch out.dat
+ env
+ echo 2012_12_27_09_03_04_530070425
+ uname -a
+ srun --nodes=1 --ntasks=1 -ppbatch cat /proc/cpuinfo
+ grep MHz
+ srun --nodes=1 --ntasks=1 -o host_info hostname
+ echo 'threads/node: 6'
+ echo 'nodes: ' 16
+ echo 'turbo: ' 0
+ srun --nodes=16 --ntasks=16 -o out.dat -e f.err ../bmark2
+ cd ../
+ i=4
+ '[' 4 -ge 4 ']'
+ export OMP_NUM_THREADS=4
+ OMP_NUM_THREADS=4
++ date +%Y_%m_%d_%H_%M_%S_%N
+ name=2012_12_27_09_03_36_421209818
+ mkdir 2012_12_27_09_03_36_421209818
+ cd 2012_12_27_09_03_36_421209818
+ touch out.dat
+ env
+ echo 2012_12_27_09_03_36_421209818
+ uname -a
+ srun --nodes=1 --ntasks=1 -ppbatch cat /proc/cpuinfo
+ grep MHz
+ srun --nodes=1 --ntasks=1 -o host_info hostname
+ echo 'threads/node: 4'
+ echo 'nodes: ' 16
+ echo 'turbo: ' 0
+ srun --nodes=16 --ntasks=16 -o out.dat -e f.err ../bmark2
+ cd ../
+ i=2
+ '[' 2 -ge 4 ']'
+ j=32
+ '[' 32 -le 32 ']'
+ i=16
+ '[' 16 -ge 4 ']'
+ export OMP_NUM_THREADS=16
+ OMP_NUM_THREADS=16
++ date +%Y_%m_%d_%H_%M_%S_%N
+ name=2012_12_27_09_04_20_370366869
+ mkdir 2012_12_27_09_04_20_370366869
+ cd 2012_12_27_09_04_20_370366869
+ touch out.dat
+ env
+ echo 2012_12_27_09_04_20_370366869
+ uname -a
+ srun --nodes=1 --ntasks=1 -ppbatch cat /proc/cpuinfo
+ grep MHz
+ srun --nodes=1 --ntasks=1 -o host_info hostname
+ echo 'threads/node: 16'
+ echo 'nodes: ' 32
+ echo 'turbo: ' 0
+ srun --nodes=32 --ntasks=32 -o out.dat -e f.err ../bmark2
+ cd ../
+ i=14
+ '[' 14 -ge 4 ']'
+ export OMP_NUM_THREADS=14
+ OMP_NUM_THREADS=14
++ date +%Y_%m_%d_%H_%M_%S_%N
+ name=2012_12_27_09_04_33_958880088
+ mkdir 2012_12_27_09_04_33_958880088
+ cd 2012_12_27_09_04_33_958880088
+ touch out.dat
+ env
+ echo 2012_12_27_09_04_33_958880088
+ uname -a
+ srun --nodes=1 --ntasks=1 -ppbatch cat /proc/cpuinfo
+ grep MHz
+ srun --nodes=1 --ntasks=1 -o host_info hostname
+ echo 'threads/node: 14'
+ echo 'nodes: ' 32
+ echo 'turbo: ' 0
+ srun --nodes=32 --ntasks=32 -o out.dat -e f.err ../bmark2
+ cd ../
+ i=12
+ '[' 12 -ge 4 ']'
+ export OMP_NUM_THREADS=12
+ OMP_NUM_THREADS=12
++ date +%Y_%m_%d_%H_%M_%S_%N
+ name=2012_12_27_09_04_47_781900732
+ mkdir 2012_12_27_09_04_47_781900732
+ cd 2012_12_27_09_04_47_781900732
+ touch out.dat
+ env
+ echo 2012_12_27_09_04_47_781900732
+ uname -a
+ srun --nodes=1 --ntasks=1 -ppbatch cat /proc/cpuinfo
+ grep MHz
+ srun --nodes=1 --ntasks=1 -o host_info hostname
+ echo 'threads/node: 12'
+ echo 'nodes: ' 32
+ echo 'turbo: ' 0
+ srun --nodes=32 --ntasks=32 -o out.dat -e f.err ../bmark2
+ cd ../
+ i=10
+ '[' 10 -ge 4 ']'
+ export OMP_NUM_THREADS=10
+ OMP_NUM_THREADS=10
++ date +%Y_%m_%d_%H_%M_%S_%N
+ name=2012_12_27_09_05_02_820536109
+ mkdir 2012_12_27_09_05_02_820536109
+ cd 2012_12_27_09_05_02_820536109
+ touch out.dat
+ env
+ echo 2012_12_27_09_05_02_820536109
+ uname -a
+ srun --nodes=1 --ntasks=1 -ppbatch cat /proc/cpuinfo
+ grep MHz
+ srun --nodes=1 --ntasks=1 -o host_info hostname
+ echo 'threads/node: 10'
+ echo 'nodes: ' 32
+ echo 'turbo: ' 0
+ srun --nodes=32 --ntasks=32 -o out.dat -e f.err ../bmark2
+ cd ../
+ i=8
+ '[' 8 -ge 4 ']'
+ export OMP_NUM_THREADS=8
+ OMP_NUM_THREADS=8
++ date +%Y_%m_%d_%H_%M_%S_%N
+ name=2012_12_27_09_05_19_542031052
+ mkdir 2012_12_27_09_05_19_542031052
+ cd 2012_12_27_09_05_19_542031052
+ touch out.dat
+ env
+ echo 2012_12_27_09_05_19_542031052
+ uname -a
+ srun --nodes=1 --ntasks=1 -ppbatch cat /proc/cpuinfo
+ grep MHz
+ srun --nodes=1 --ntasks=1 -o host_info hostname
+ echo 'threads/node: 8'
+ echo 'nodes: ' 32
+ echo 'turbo: ' 0
+ srun --nodes=32 --ntasks=32 -o out.dat -e f.err ../bmark2
+ cd ../
+ i=6
+ '[' 6 -ge 4 ']'
+ export OMP_NUM_THREADS=6
+ OMP_NUM_THREADS=6
++ date +%Y_%m_%d_%H_%M_%S_%N
+ name=2012_12_27_09_05_37_361918262
+ mkdir 2012_12_27_09_05_37_361918262
+ cd 2012_12_27_09_05_37_361918262
+ touch out.dat
+ env
+ echo 2012_12_27_09_05_37_361918262
+ uname -a
+ srun --nodes=1 --ntasks=1 -ppbatch cat /proc/cpuinfo
+ grep MHz
+ srun --nodes=1 --ntasks=1 -o host_info hostname
+ echo 'threads/node: 6'
+ echo 'nodes: ' 32
+ echo 'turbo: ' 0
+ srun --nodes=32 --ntasks=32 -o out.dat -e f.err ../bmark2
+ cd ../
+ i=4
+ '[' 4 -ge 4 ']'
+ export OMP_NUM_THREADS=4
+ OMP_NUM_THREADS=4
++ date +%Y_%m_%d_%H_%M_%S_%N
+ name=2012_12_27_09_05_58_579874622
+ mkdir 2012_12_27_09_05_58_579874622
+ cd 2012_12_27_09_05_58_579874622
+ touch out.dat
+ env
+ echo 2012_12_27_09_05_58_579874622
+ uname -a
+ srun --nodes=1 --ntasks=1 -ppbatch cat /proc/cpuinfo
+ grep MHz
+ srun --nodes=1 --ntasks=1 -o host_info hostname
+ echo 'threads/node: 4'
+ echo 'nodes: ' 32
+ echo 'turbo: ' 0
+ srun --nodes=32 --ntasks=32 -o out.dat -e f.err ../bmark2
+ cd ../
+ i=2
+ '[' 2 -ge 4 ']'
+ j=64
+ '[' 64 -le 32 ']'
