id freq nodes cores pkg-clamp-0 pkg-clamp-1 dram-clamp-0 dram-clamp-1 avg-time avg-pkg-0 avg-pp0-0 avg-dram-0 avg-pkg-1 avg-pp0-1 avg-dram-1 tot-pkg-0 tot-pp0-0 tot-dram-0 tot-pkg-1 tot-pp0-1 tot-dram-1
2012_12_28_08_43_06_926328109  2601.000 8 16 115.000000 115.000000 0.000000 0.000000 17.549261 84.881923375 71.583723375 5.334214875 85.0081085 71.788661 2.28460675 679.055387 572.669787 42.673719 680.064868 574.309288 18.276854
2012_12_28_08_43_31_785295036  2601.000 8 14 115.000000 115.000000 0.000000 0.000000 18.69845025 83.827312875 70.49114725 5.522714625 81.79755025 68.56601675 2.6916525 670.618503 563.929178 44.181717 654.380402 548.528134 21.53322
2012_12_28_08_43_57_077999607  2601.000 8 12 115.000000 115.000000 0.000000 0.000000 22.627235375 74.6443165 61.329477375 5.4126425 73.209823875 59.965715875 2.819188875 597.154532 490.635819 43.30114 585.678591 479.725727 22.553511
2012_12_28_08_44_26_863697388  2601.000 8 10 115.000000 115.000000 0.000000 0.000000 25.2725585 69.762047 56.41533975 5.528970875 68.655946375 55.42636425 2.765485 558.096376 451.322718 44.231767 549.247571 443.410914 22.12388
2012_12_28_08_44_58_733664797  2601.000 8 8 115.000000 115.000000 0.000000 0.000000 31.31924275 62.72079825 49.375870375 5.5215755 62.903417875 49.67612975 2.664355375 501.766386 395.006963 44.172604 503.227343 397.409038 21.314843
2012_12_28_08_45_37_126133522  2601.000 8 6 115.000000 115.000000 0.000000 0.000000 40.070421125 54.953307875 41.6219415 5.5315735 54.41890175 41.202526875 2.549395125 439.626463 332.975532 44.252588 435.351214 329.620215 20.395161
2012_12_28_08_46_23_850878735  2601.000 8 4 115.000000 115.000000 0.000000 0.000000 59.58024125 47.00481675 33.6954745 5.52636 47.28309125 34.06739975 2.68906725 376.038534 269.563796 44.21088 378.26473 272.539198 21.512538
2012_12_28_08_47_30_213163675  2601.000 16 16 115.000000 115.000000 0.000000 0.000000 11.2928668125 77.5402455 64.2606081875 5.0614528125 77.127752 63.8812970625 2.543828375 1240.643928 1028.169731 80.983245 1234.044032 1022.100753 40.701254
2012_12_28_08_47_48_805631047  2601.000 16 14 115.000000 115.000000 0.000000 0.000000 10.936298125 80.5070549375 67.211270375 5.270328375 76.061118875 62.8057904375 2.777848125 1288.112879 1075.380326 84.325254 1216.977902 1004.892647 44.44557
2012_12_28_08_48_06_517336513  2601.000 16 12 115.000000 115.000000 0.000000 0.000000 12.3204869375 74.504594 61.2014475625 5.2810235 70.4808238125 57.2253875 2.7474265 1192.073504 979.223161 84.496376 1127.693181 915.6062 43.958824
2012_12_28_08_48_25_470492764  2601.000 16 10 115.000000 115.000000 0.000000 0.000000 14.2203254375 66.582332125 53.280327125 5.2843421875 66.42327325 53.1728905 2.82868975 1065.317314 852.485234 84.549475 1062.772372 850.766248 45.259036
2012_12_28_08_48_46_638446494  2601.000 16 8 115.000000 115.000000 0.000000 0.000000 16.549129625 61.6858345 48.3849058125 5.327568625 61.272529375 48.026806375 2.8209651875 986.973352 774.158493 85.241098 980.36047 768.428902 45.135443
2012_12_28_08_49_09_826672133  2601.000 16 6 115.000000 115.000000 0.000000 0.000000 21.406336125 53.3819518125 40.092340875 5.31666 53.517636375 40.273704375 2.7083115 854.111229 641.477454 85.06656 856.282182 644.37927 43.332984
2012_12_28_08_49_37_951855971  2601.000 16 4 115.000000 115.000000 0.000000 0.000000 30.8286605625 46.512886125 33.2387185 5.3284605625 46.535897625 33.3034008125 2.6615524375 744.206178 531.819496 85.255369 744.574362 532.854413 42.584839
2012_12_28_08_50_15_581828630  2601.000 32 16 115.000000 115.000000 0.000000 0.000000 9.93431178125 63.2953520625 50.0300554375 4.602587 63.21812340625 49.976020125 2.94522446875 2025.451266 1600.961774 147.282784 2022.979949 1599.232644 94.247183
2012_12_28_08_50_33_109318976  2601.000 32 14 115.000000 115.000000 0.000000 0.000000 8.38184759375 66.0032949375 52.726791125 4.87368909375 65.62997721875 52.372221875 3.25896340625 2112.105438 1687.257316 155.958051 2100.159271 1675.9111 104.286829
2012_12_28_08_50_48_594589560  2601.000 32 12 115.000000 115.000000 0.000000 0.000000 8.81826359375 65.44382084375 52.17017334375 4.8837798125 64.529320875 51.2736405625 3.2528773125 2094.202267 1669.445547 156.280954 2064.938268 1640.756498 104.092074
2012_12_28_08_51_04_254683739  2601.000 32 10 115.000000 115.000000 0.000000 0.000000 10.232125125 58.77753334375 45.50337203125 4.875170375 58.60517646875 45.35483715625 3.10185253125 1880.881067 1456.107905 156.005452 1875.365647 1451.354789 99.259281
2012_12_28_08_51_21_280996027  2601.000 32 8 115.000000 115.000000 0.000000 0.000000 10.803921875 56.70745325 43.4318879375 4.9304969375 56.86453071875 43.6166204375 3.001379875 1814.638504 1389.820414 157.775902 1819.664983 1395.731854 96.044156
2012_12_28_08_51_38_826283754  2601.000 32 6 115.000000 115.000000 0.000000 0.000000 13.0185666875 50.9757705625 37.7056923125 4.9558645625 51.71976578125 38.48102140625 2.86271365625 1631.224658 1206.582154 158.587666 1655.032505 1231.392685 91.606837
2012_12_28_08_51_58_758877031  2601.000 32 4 115.000000 115.000000 0.000000 0.000000 18.10068684375 44.14834190625 30.8935419375 4.9575974375 45.638580375 32.412665125 2.723162625 1412.746941 988.593342 158.643118 1460.434572 1037.205284 87.141204
2012_12_28_08_52_23_763983958  2601.000 8 16 51.000000 51.000000 0.000000 0.000000 25.64815475 50.616454 37.3259465 5.50521925 50.638820875 37.4298415 2.485594375 404.931632 298.607572 44.041754 405.110567 299.438732 19.884755
2012_12_28_08_52_55_376788369  2601.000 8 14 51.000000 51.000000 0.000000 0.000000 27.864842125 50.548649875 37.27407575 5.469552125 50.692880375 37.469207625 2.632189375 404.389199 298.192606 43.756417 405.543043 299.753661 21.057515
2012_12_28_08_53_29_837739415  2601.000 8 12 51.000000 51.000000 0.000000 0.000000 30.217825875 50.36713725 37.0800355 5.4831605 50.09348525 36.88452675 2.843088625 402.937098 296.640284 43.865284 400.747882 295.076214 22.744709
2012_12_28_08_54_06_163994353  2601.000 8 10 51.000000 51.000000 0.000000 0.000000 33.318437125 49.326508625 36.037218375 5.4853265 50.264536625 37.051690625 2.755730625 394.612069 288.297747 43.882612 402.116293 296.413525 22.045845
2012_12_28_08_54_45_474006334  2601.000 8 8 51.000000 51.000000 0.000000 0.000000 37.798434625 46.796495 33.5073185 5.537649375 47.228696625 34.017024875 2.822392875 374.37196 268.058548 44.301195 377.829573 272.136199 22.579143
2012_12_28_08_55_29_228004344  2601.000 8 6 51.000000 51.000000 0.000000 0.000000 49.2426755 41.131651375 27.84490925 5.54007925 41.165965375 27.9627875 2.7583325 329.053211 222.759274 44.320634 329.327723 223.7023 22.06666
2012_12_28_08_56_24_479435177  2601.000 8 4 51.000000 51.000000 0.000000 0.000000 73.709531375 35.10850025 21.82388375 5.570871875 35.438485875 22.249277625 2.670661125 280.868002 174.59107 44.566975 283.507887 177.994221 21.365289
2012_12_28_08_57_44_261413005  2601.000 16 16 51.000000 51.000000 0.000000 0.000000 13.75372975 50.4620491875 37.2113966875 5.305432125 50.5733839375 37.352030375 2.5317405625 807.392787 595.382347 84.886914 809.174143 597.632486 40.507849
2012_12_28_08_58_04_928325445  2601.000 16 14 51.000000 51.000000 0.000000 0.000000 15.603853875 49.779955125 36.5185605 5.2452835 49.902193625 36.6766266875 2.676205625 796.479282 584.296968 83.924536 798.435098 586.826027 42.81929
2012_12_28_08_58_27_642174569  2601.000 16 12 51.000000 51.000000 0.000000 0.000000 16.2301146875 50.343296375 37.07733875 5.272708875 49.8270156875 36.5974313125 2.76081725 805.492742 593.23742 84.363342 797.232251 585.558901 44.173076
2012_12_28_08_58_50_710394199  2601.000 16 10 51.000000 51.000000 0.000000 0.000000 18.0881070625 48.8145624375 35.547609125 5.2820285625 49.1065025625 35.875433875 2.5629548125 781.032999 568.761746 84.512457 785.704041 574.006942 41.007277
2012_12_28_08_59_15_594970604  2601.000 16 8 51.000000 51.000000 0.000000 0.000000 19.931567625 46.0144454375 32.745247875 5.33543475 45.9073943125 32.6780965 2.5095575 736.231127 523.923966 85.366956 734.518309 522.849544 40.15292
2012_12_28_08_59_42_251395156  2601.000 16 6 51.000000 51.000000 0.000000 0.000000 25.72161625 40.5626011875 27.2959389375 5.33589075 40.456935125 27.2376896875 2.54264675 649.001619 436.735023 85.374252 647.310962 435.803035 40.682348
2012_12_28_09_00_14_717544067  2601.000 16 4 51.000000 51.000000 0.000000 0.000000 38.0391460625 34.81235625 21.55392675 5.3446216875 34.8373499375 21.6285276875 2.4496283125 556.9977 344.862828 85.513947 557.397599 346.056443 39.194053
2012_12_28_09_00_59_611003038  2601.000 32 16 51.000000 51.000000 0.000000 0.000000 9.25456065625 48.5677045625 35.3114775625 4.93982384375 49.16218403125 35.93174890625 3.00715303125 1554.166546 1129.967282 158.074363 1573.189889 1149.815965 96.228897
2012_12_28_09_01_15_814500772  2601.000 32 14 51.000000 51.000000 0.000000 0.000000 11.037372375 46.11866846875 32.8658601875 4.8399283125 46.8942079375 33.66610609375 3.07073225 1475.797391 1051.707526 154.877706 1500.614654 1077.315395 98.263432
2012_12_28_09_01_33_655391515  2601.000 32 12 51.000000 51.000000 0.000000 0.000000 11.32919528125 45.61570440625 32.358414875 4.83597940625 46.7749416875 33.54664425 3.04537640625 1459.702541 1035.469276 154.751341 1496.798134 1073.492616 97.452045
2012_12_28_09_01_52_106974580  2601.000 32 10 51.000000 51.000000 0.000000 0.000000 12.2551946875 43.943389375 30.689523125 4.89026565625 46.12448021875 32.8975650625 3.01552065625 1406.18846 982.06474 156.488501 1475.983367 1052.722082 96.496661
2012_12_28_09_02_11_461363294  2601.000 32 8 51.000000 51.000000 0.000000 0.000000 12.60132075 43.93384121875 30.67312503125 4.9818086875 45.12001746875 31.89233 2.8417976875 1405.882919 981.540001 159.417878 1443.840559 1020.55456 90.937526
2012_12_28_09_02_31_157581511  2601.000 32 6 51.000000 51.000000 0.000000 0.000000 16.036163125 37.3010476875 24.0497050625 4.98954525 39.22054278125 26.00506640625 2.745212 1193.633526 769.590562 159.665448 1255.057369 832.162125 87.846784
2012_12_28_09_02_54_521959737  2601.000 32 4 51.000000 51.000000 0.000000 0.000000 21.33201046875 33.78739509375 20.54752625 5.0373988125 34.74500375 21.5424020625 2.68521803125 1081.196643 657.52084 161.196762 1111.84012 689.356866 85.926977
2012_12_28_09_03_22_789616006  2601.000 8 16 65.000000 65.000000 0.000000 0.000000 21.121629 64.20073825 50.905998875 5.551048625 64.302009375 51.087335375 2.28569325 513.605906 407.247991 44.408389 514.416075 408.698683 18.285546
2012_12_28_09_03_50_577692582  2601.000 8 14 65.000000 65.000000 0.000000 0.000000 24.121525625 60.67820875 47.37174825 5.438748 62.2857815 49.066361875 2.923526625 485.42567 378.973986 43.509984 498.286252 392.530895 23.388213
2012_12_28_09_04_21_326645090  2601.000 8 12 65.000000 65.000000 0.000000 0.000000 25.984141625 56.18928575 42.879482875 5.518849375 60.599676625 47.382935625 3.075507625 449.514286 343.035863 44.150795 484.797413 379.063485 24.604061
2012_12_28_09_04_54_057604496  2601.000 8 10 65.000000 65.000000 0.000000 0.000000 30.012994125 52.50491525 39.200751125 5.558893625 54.0165575 40.7996105 2.7381395 420.039322 313.606009 44.471149 432.13246 326.396884 21.905116
2012_12_28_09_05_30_802916799  2601.000 8 8 65.000000 65.000000 0.000000 0.000000 37.197975375 46.477235625 33.201844625 5.52573825 47.254176875 34.031607 2.539246875 371.817885 265.614757 44.205906 378.033415 272.252856 20.313975
2012_12_28_09_06_14_696248357  2601.000 8 6 65.000000 65.000000 0.000000 0.000000 49.187892125 40.92067925 27.632278875 5.657104 41.338589375 28.140283875 2.54260725 327.365434 221.058231 45.256832 330.708715 225.122271 20.340858
2012_12_28_09_07_10_750012350  2601.000 8 4 65.000000 65.000000 0.000000 0.000000 73.666317625 35.273689125 21.986917 5.65595025 35.268764375 22.079696 2.507652375 282.189513 175.895336 45.247602 282.150115 176.637568 20.061219
2012_12_28_09_08_31_168451921  2601.000 16 16 65.000000 65.000000 0.000000 0.000000 12.1989865 60.74515475 47.4859371875 5.2322520625 61.0706338125 47.839302375 2.49369575 971.922476 759.774995 83.716033 977.130141 765.428838 39.899132
2012_12_28_09_08_50_390388215  2601.000 16 14 65.000000 65.000000 0.000000 0.000000 12.868340875 60.846637125 47.5766341875 5.3246596875 59.91555 46.6762633125 2.551016875 973.546194 761.226147 85.194555 958.6488 746.820213 40.81627
2012_12_28_09_09_10_090682422  2601.000 16 12 65.000000 65.000000 0.000000 0.000000 13.5197598125 57.794577375 44.5235714375 5.38241075 57.317172125 44.0777854375 2.7224075 924.713238 712.377143 86.118572 917.074754 705.244567 43.55852
2012_12_28_09_09_30_360363652  2601.000 16 10 65.000000 65.000000 0.000000 0.000000 16.19774125 51.762582125 38.492439375 5.317569625 50.575907125 37.342548875 2.635210625 828.201314 615.87903 85.081114 809.214514 597.480782 42.16337
2012_12_28_09_09_53_624305506  2601.000 16 8 65.000000 65.000000 0.000000 0.000000 19.4038481875 45.4477455 32.1794524375 5.398996125 46.921145375 33.6911625625 2.651702875 727.163928 514.871239 86.383938 750.738326 539.058601 42.427246
2012_12_28_09_10_19_940746667  2601.000 16 6 65.000000 65.000000 0.000000 0.000000 25.3937275 39.78190125 26.5160166875 5.4100143125 41.365869125 28.14691225 2.4599250625 636.51042 424.256267 86.560229 661.853906 450.350596 39.358801
2012_12_28_09_10_52_240171138  2601.000 16 4 65.000000 65.000000 0.000000 0.000000 37.8975195 34.64506325 21.391484875 5.4239423125 34.885994625 21.6748785625 2.478816875 554.321012 342.263758 86.783077 558.175914 346.798057 39.66107
2012_12_28_09_11_36_947329564  2601.000 32 16 65.000000 65.000000 0.000000 0.000000 10.19006621875 49.8406236875 36.5903563125 4.718415625 52.44628496875 39.21560615625 2.97301265625 1594.899958 1170.891402 150.9893 1678.281119 1254.899397 95.136405
2012_12_28_09_11_54_088003871  2601.000 32 14 65.000000 65.000000 0.000000 0.000000 8.8872479375 56.3945463125 43.1307156875 4.95933259375 54.2955045 41.05221003125 3.02917065625 1804.625482 1380.182902 158.698643 1737.456144 1313.670721 96.933461
2012_12_28_09_12_10_045175237  2601.000 32 12 65.000000 65.000000 0.000000 0.000000 8.84174165625 53.14682578125 39.87569115625 5.01981015625 55.002563125 41.75701825 3.06751703125 1700.698425 1276.022117 160.633925 1760.08202 1336.224584 98.160545
2012_12_28_09_12_25_961969858  2601.000 32 10 65.000000 65.000000 0.000000 0.000000 10.80931359375 45.69675834375 32.43251346875 4.96604384375 47.3716723125 34.13635221875 2.96903509375 1462.296267 1037.840431 158.913403 1515.893514 1092.363271 95.009123
2012_12_28_09_12_43_781515750  2601.000 32 8 65.000000 65.000000 0.000000 0.000000 12.22560359375 42.27124 29.0099578125 5.01105775 44.3111738125 31.0826088125 2.9479914375 1352.67968 928.31865 160.353848 1417.957562 994.643482 94.335726
2012_12_28_09_13_03_048623037  2601.000 32 6 65.000000 65.000000 0.000000 0.000000 15.3113630625 38.26209490625 25.0081073125 5.0322716875 39.15799309375 25.94129875 2.7384244375 1224.387037 800.259434 161.032694 1253.055779 830.12156 87.629582
2012_12_28_09_13_25_305111652  2601.000 32 4 65.000000 65.000000 0.000000 0.000000 20.666956125 34.30556309375 21.0642548125 5.06154834375 34.7661648125 21.5610905625 2.61574590625 1097.778019 674.056154 161.969547 1112.517274 689.954898 83.703869
2012_12_28_09_13_52_942066121  2601.000 8 16 80.000000 80.000000 0.000000 0.000000 19.02297 70.960240875 57.658837125 5.547138125 71.07211125 57.855077375 2.06726775 567.681927 461.270697 44.377105 568.57689 462.840619 16.538142
2012_12_28_09_14_18_702969722  2601.000 8 14 80.000000 80.000000 0.000000 0.000000 21.447486125 66.467342375 53.14957675 5.53857625 64.89391275 51.673815625 2.676553875 531.738739 425.196614 44.30861 519.151302 413.390525 21.412431
2012_12_28_09_14_46_847764772  2601.000 8 12 80.000000 80.000000 0.000000 0.000000 24.8635515 59.875214 46.561156375 5.52143025 58.891488125 45.67139875 2.4935165 479.001712 372.489251 44.171442 471.131905 365.37119 19.948132
2012_12_28_09_15_18_391050037  2601.000 8 10 80.000000 80.000000 0.000000 0.000000 30.04438375 52.88160525 39.574761625 5.524879625 53.079131 39.859786 2.570556 423.052842 316.598093 44.199037 424.633048 318.878288 20.564448
2012_12_28_09_15_55_201366733  2601.000 8 8 80.000000 80.000000 0.000000 0.000000 37.126918875 47.391799 34.098248625 5.57694525 46.99905975 33.7849735 2.567819875 379.134392 272.785989 44.615562 375.992478 270.279788 20.542559
2012_12_28_09_16_38_986234564  2601.000 8 6 80.000000 80.000000 0.000000 0.000000 49.247755375 41.02806625 27.73999875 5.590468625 41.2733425 28.0723955 2.520399625 328.22453 221.91999 44.723749 330.18674 224.579164 20.163197
2012_12_28_09_17_34_986863072  2601.000 8 4 80.000000 80.000000 0.000000 0.000000 73.569621625 35.074652125 21.786145 5.641055875 35.408741625 22.219656125 2.456154875 280.597217 174.28916 45.128447 283.269933 177.757249 19.649239
2012_12_28_09_18_55_205818155  2601.000 16 16 80.000000 80.000000 0.000000 0.000000 11.1203793125 66.2456806875 52.98253575 5.2916279375 66.384058 53.1477283125 2.4223575625 1059.930891 847.720572 84.666047 1062.144928 850.363653 38.757721
2012_12_28_09_19_12_802442642  2601.000 16 14 80.000000 80.000000 0.000000 0.000000 12.57747825 59.8836509375 46.612079625 5.2657104375 61.7711819375 48.530147 2.7547936875 958.138415 745.793274 84.251367 988.338911 776.482352 44.076699
2012_12_28_09_19_31_955890117  2601.000 16 12 80.000000 80.000000 0.000000 0.000000 13.2252934375 58.9539074375 45.680074375 5.3846138125 57.3340223125 44.091997625 2.7837095625 943.262519 730.88119 86.153821 917.344357 705.471962 44.539353
2012_12_28_09_19_52_109148757  2601.000 16 10 80.000000 80.000000 0.000000 0.000000 16.2329034375 51.3244429375 38.05216725 5.3351305 50.86370125 37.62919225 2.7962395625 821.191087 608.834676 85.362088 813.81922 602.067076 44.739833
2012_12_28_09_20_14_584343840  2601.000 16 8 80.000000 80.000000 0.000000 0.000000 19.63447875 44.55741925 31.2872934375 5.3678745 47.52291425 34.2897368125 2.6655369375 712.918708 500.596695 85.885992 760.366628 548.635789 42.648591
2012_12_28_09_20_40_823591599  2601.000 16 6 80.000000 80.000000 0.000000 0.000000 25.5546814375 39.9899194375 26.722094625 5.4152465625 40.9274323125 27.7048169375 2.69675975 639.838711 427.553514 86.643945 654.838917 443.277071 43.148156
2012_12_28_09_21_13_087842238  2601.000 16 4 80.000000 80.000000 0.000000 0.000000 37.7716185625 34.7108473125 21.4550619375 5.42233475 34.9190405 21.7089791875 2.5937568125 555.373557 343.280991 86.757356 558.704648 347.343667 41.500109
2012_12_28_09_21_57_484145755  2601.000 32 16 80.000000 80.000000 0.000000 0.000000 8.633819875 55.65237128125 42.38961190625 4.904504625 57.06560628125 43.8260554375 3.05174290625 1780.875881 1356.467581 156.944148 1826.099401 1402.433774 97.655773
2012_12_28_09_22_13_236276982  2601.000 32 14 80.000000 80.000000 0.000000 0.000000 8.406130625 55.70059625 42.42776090625 4.99215115625 57.1515120625 43.9039134375 3.19878596875 1782.41908 1357.688349 159.748837 1828.848386 1404.92523 102.361151
2012_12_28_09_22_28_382822843  2601.000 32 12 80.000000 80.000000 0.000000 0.000000 9.07641828125 53.7190295625 40.44829971875 4.98276121875 53.40162753125 40.1592626875 3.06705646875 1719.008946 1294.345591 159.448359 1708.852081 1285.096406 98.145807
2012_12_28_09_22_44_717791201  2601.000 32 10 80.000000 80.000000 0.000000 0.000000 10.543634 46.73905778125 33.47730228125 4.98146403125 48.0858171875 34.8512979375 3.0394393125 1495.649849 1071.273673 159.406849 1538.74615 1115.241534 97.262058
2012_12_28_09_23_03_207565455  2601.000 32 8 80.000000 80.000000 0.000000 0.000000 12.84659475 42.2570529375 28.996692375 4.96674134375 42.86382325 29.63861746875 2.9778491875 1352.225694 927.894156 158.935723 1371.642344 948.435759 95.291174
2012_12_28_09_23_23_098817706  2601.000 32 6 80.000000 80.000000 0.000000 0.000000 15.4588300625 37.32651128125 24.07530525 5.0193001875 39.9393108125 26.721692375 2.8667524375 1194.448361 770.409768 160.617606 1278.057946 855.094156 91.736078
2012_12_28_09_23_45_680425733  2601.000 32 4 80.000000 80.000000 0.000000 0.000000 21.526523625 33.333227625 20.09543240625 5.02780334375 34.688896125 21.48437465625 2.7002319375 1066.663284 643.053837 160.889707 1110.044676 687.499989 86.407422
2012_12_28_09_24_14_180584818  2601.000 8 16 95.000000 95.000000 0.000000 0.000000 19.18053325 70.657275 57.35524625 5.51270875 70.91144525 57.69362075 2.28105625 565.2582 458.84197 44.10167 567.291562 461.548966 18.24845
2012_12_28_09_24_40_164030829  2601.000 8 14 95.000000 95.000000 0.000000 0.000000 21.47266325 62.64226825 49.3328765 5.534974375 68.533235375 55.30953275 3.121253875 501.138146 394.663012 44.279795 548.265883 442.476262 24.970031
2012_12_28_09_25_08_344006178  2601.000 8 12 95.000000 95.000000 0.000000 0.000000 24.905985 58.98441575 45.673900375 5.537681875 59.717303 46.497195875 2.707853375 471.875326 365.391203 44.301455 477.738424 371.977567 21.662827
2012_12_28_09_25_39_945861300  2601.000 8 10 95.000000 95.000000 0.000000 0.000000 29.97255025 51.89978775 38.5937585 5.526186 54.365963625 41.145140875 2.609181125 415.198302 308.750068 44.209488 434.927709 329.161127 20.873449
2012_12_28_09_26_16_744687555  2601.000 8 8 95.000000 95.000000 0.000000 0.000000 37.215427375 47.1859195 33.89122225 5.53975575 47.03393375 33.823909125 2.72658075 377.487356 271.129778 44.318046 376.27147 270.591273 21.812646
2012_12_28_09_27_00_730230865  2601.000 8 6 95.000000 95.000000 0.000000 0.000000 49.366536375 40.923563375 27.633493875 5.537742375 41.274591875 28.074436125 2.674297 327.388507 221.067951 44.301939 330.196735 224.595489 21.394376
2012_12_28_09_27_56_738985093  2601.000 8 4 95.000000 95.000000 0.000000 0.000000 73.657204375 35.37357825 22.084862875 5.544547 35.176493625 21.9855265 2.61224575 282.988626 176.678903 44.356376 281.411949 175.884212 20.897966
2012_12_28_09_29_17_068545937  2601.000 16 16 95.000000 95.000000 0.000000 0.000000 10.43088 68.67403075 55.4080079375 5.322377125 68.7188961875 55.4793245 2.50859525 1098.784492 886.528127 85.158034 1099.502339 887.669192 40.137524
2012_12_28_09_29_34_379106047  2601.000 16 14 95.000000 95.000000 0.000000 0.000000 11.7308056875 63.959913375 50.6843468125 5.32779325 62.2299608125 48.988200625 2.719369375 1023.358614 810.949549 85.244692 995.679373 783.81121 43.50991
2012_12_28_09_29_52_922737887  2601.000 16 12 95.000000 95.000000 0.000000 0.000000 14.167625625 56.20816925 42.9349208125 5.2596765625 56.08758725 42.8496040625 2.8915090625 899.330708 686.958733 84.154825 897.401396 685.593665 46.264145
2012_12_28_09_30_13_848490243  2601.000 16 10 95.000000 95.000000 0.000000 0.000000 16.3035241875 50.4390174375 37.167573375 5.2929625 51.2319149375 37.9952284375 2.79672025 807.024279 594.681174 84.6874 819.710639 607.923655 44.747524
2012_12_28_09_30_36_933717017  2601.000 16 8 95.000000 95.000000 0.000000 0.000000 19.460421 46.2486096875 32.9785030625 5.3300045625 46.17312625 32.942357625 2.7327418125 739.977755 527.656049 85.280073 738.77002 527.077722 43.723869
2012_12_28_09_31_03_764249395  2601.000 16 6 95.000000 95.000000 0.000000 0.000000 25.59248425 40.57779275 27.308839875 5.3350925 40.569547875 27.3475209375 2.7843246875 649.244684 436.941438 85.36148 649.112766 437.560335 44.549195
2012_12_28_09_31_36_254973446  2601.000 16 4 95.000000 95.000000 0.000000 0.000000 37.88046425 34.9819124375 21.725270625 5.331839375 34.6214509375 21.4104030625 2.5810863125 559.710599 347.60433 85.30943 553.943215 342.566449 41.297381
2012_12_28_09_32_20_938247195  2601.000 32 16 95.000000 95.000000 0.000000 0.000000 8.0681075625 58.05617571875 44.79220353125 4.91513190625 59.12454134375 45.8807155625 3.06859284375 1857.797623 1433.350513 157.284221 1891.985323 1468.182898 98.194971
2012_12_28_09_32_35_946816411  2601.000 32 14 95.000000 95.000000 0.000000 0.000000 8.5984270625 55.72312615625 42.45539884375 4.9308158125 54.7258778125 41.4802185625 3.1631666875 1783.140037 1358.572763 157.786106 1751.22809 1327.366994 101.221334
2012_12_28_09_32_51_083090028  2601.000 32 12 95.000000 95.000000 0.000000 0.000000 9.01040353125 53.95482446875 40.69076015625 4.93601778125 53.1991558125 39.95662971875 3.12741421875 1726.554383 1302.104325 157.952569 1702.372986 1278.612151 100.077255
2012_12_28_09_33_06_981114724  2601.000 32 10 95.000000 95.000000 0.000000 0.000000 10.241284875 47.8383801875 34.573312 4.954953375 48.6588683125 35.42271421875 3.1457770625 1530.828166 1106.345984 158.558508 1557.083786 1133.526855 100.664866
2012_12_28_09_33_24_079262936  2601.000 32 8 95.000000 95.000000 0.000000 0.000000 12.21910840625 43.10189353125 29.83879765625 4.984025125 44.13847321875 30.91111384375 3.00706834375 1379.260593 954.841525 159.488804 1412.431143 989.155643 96.226187
2012_12_28_09_33_43_252781890  2601.000 32 6 95.000000 95.000000 0.000000 0.000000 15.01649659375 38.18621503125 24.93383565625 4.98428534375 40.1116261875 26.89475059375 2.94147353125 1221.958881 797.882741 159.497131 1283.572038 860.632019 94.127153
2012_12_28_09_34_05_289388026  2601.000 32 4 95.000000 95.000000 0.000000 0.000000 20.91301771875 34.10173965625 20.8603370625 5.00178015625 34.75437471875 21.54936725 2.739438875 1091.255669 667.530786 160.056965 1112.139991 689.579752 87.662044
