bmark dir freq nodes cores pkg-clamp-0 pkg-clamp-1 dram-clamp-0 dram-clamp-1 avg-time avg-pkg-0 avg-pp0-0 avg-dram-0 avg-pkg-1 avg-pp0-1 avg-dram-1 tot-pkg-0 tot-pp0-0 tot-dram-0 tot-pkg-1 tot-pp0-1 tot-dram-1

synth1 2012_12_28_09_55_14_019918758  2601.000 32 16 51.000000 51.000000 0.000000 0.000000 6.06686246875 51.126370375 37.9094855 4.98434190625 51.11949665625 37.9377676875 2.05970140625 1636.043852 1213.103536 159.498941 1635.823893 1214.008566 65.910445
synth1 2012_12_28_10_05_13_710570085  2601.000 32 16 65.000000 65.000000 0.000000 0.000000 5.3100938125 63.2530768125 50.0286088125 4.86558390625 62.91900246875 49.7315913125 2.10948128125 2024.098458 1600.915482 155.698685 2013.408079 1591.410922 67.503401
synth1 2012_12_28_10_15_06_605387563  2601.000 32 16 80.000000 80.000000 0.000000 0.000000 4.76018471875 69.82204575 56.59555196875 4.95125053125 69.34871359375 56.15822884375 2.16369840625 2234.305464 1811.057663 158.440017 2219.158835 1797.063323 69.238349
synth1 2012_12_28_10_24_57_982392027  2601.000 32 16 95.000000 95.000000 0.000000 0.000000 4.92936584375 68.37304428125 55.1479385625 4.899044375 67.64333159375 54.454178375 2.1285435625 2187.937417 1764.734034 156.76942 2164.586611 1742.533708 68.113394
synth1 2012_12_28_09_45_06_043767895  2601.000 32 16 115.000000 115.000000 0.000000 0.000000 5.13929759375 75.509354625 62.27325896875 4.49476053125 74.7474415 61.5520721875 2.1749134375 2416.299348 1992.744287 143.832337 2391.918128 1969.66631 69.59723
synth2 2012_12_27_08_34_20_324624938  2601.000 32 16 51.000000 51.000000 0.000000 0.000000 7.9132783125 49.71776309375 36.50765409375 4.79488715625 49.94046075 36.75616903125 2.44471209375 1590.968419 1168.244931 153.436389 1598.094744 1176.197409 78.230787
synth2 2012_12_27_08_44_25_595050157  2601.000 32 16 65.000000 65.000000 0.000000 0.000000 8.2506509375 56.56635609375 43.3515301875 4.61821903125 57.7963566875 44.60743271875 2.4426775625 1810.123395 1387.248966 147.783009 1849.483414 1427.437847 78.165682
synth2 2012_12_27_08_54_22_476999474  2601.000 32 16 80.000000 80.000000 0.000000 0.000000 7.5762153125 59.4784495625 46.26376596875 4.66309315625 60.1050648125 46.91585515625 2.42044871875 1903.310386 1480.440511 149.218981 1923.362074 1501.307365 77.454359
synth2 2012_12_27_09_04_20_370366869  2601.000 32 16 95.000000 95.000000 0.000000 0.000000 6.94439365625 62.0962153125 48.87968084375 4.73073484375 62.74784346875 49.55375071875 2.494418125 1987.07889 1564.149787 151.383515 2007.930991 1585.720023 79.82138
synth2 2012_12_27_08_23_53_993822142  2601.000 32 16 115.000000 115.000000 0.000000 0.000000 8.45848859375 67.81637596875 54.5918311875 4.41821165625 67.01243159375 53.8170660625 2.4067598125 2170.124031 1746.938598 141.382773 2144.397811 1722.146114 77.016314
synth3 2012_12_28_07_33_56_156135040  2601.000 32 16 51.000000 51.000000 0.000000 0.000000 16.00072084375 50.87791975 37.18271296875 6.8053660625 50.87386940625 37.1794684375 7.023612375 1628.093432 1189.846815 217.771714 1627.963821 1189.74299 224.755596
synth3 2012_12_28_07_54_36_195336151  2601.000 32 16 65.000000 65.000000 0.000000 0.000000 13.52691975 64.65871365625 50.89902396875 6.73685296875 64.650987125 50.79463684375 7.35925653125 2069.078837 1628.768767 215.579295 2068.831588 1625.428379 235.496209
synth3 2012_12_28_08_15_10_918347716  2601.000 32 16 80.000000 80.000000 0.000000 0.000000 11.8514990625 75.67869425 61.6977694375 6.99369475 75.74492996875 61.60570209375 8.05502515625 2421.718216 1974.328622 223.798232 2423.837759 1971.382467 257.760805
synth3 2012_12_28_08_35_40_381714258  2601.000 32 16 95.000000 95.000000 0.000000 0.000000 12.03952059375 75.5466926875 61.542763625 7.15919434375 75.52543121875 61.4170295625 7.87727653125 2417.494166 1969.368436 229.094219 2416.813799 1965.344946 252.072849
synth3 2012_12_28_07_13_10_772812966  2601.000 32 16 115.000000 115.000000 0.000000 0.000000 11.5341675625 89.57608853125 75.4899790625 7.0647283125 88.84527 74.7214491875 7.46091084375 2866.434833 2415.67933 226.071306 2843.04864 2391.086374 238.749147
synth4 2012_12_28_18_20_06_070429417  2601.000 32 16 51.000000 51.000000 0.000000 0.000000 22.2357561875 43.43859359375 29.8679454375 6.285703125 45.2536405 31.64861646875 6.46564821875 1390.034995 955.774254 201.1425 1448.116496 1012.755727 206.900743
synth4 2012_12_28_18_42_27_544555843  2601.000 32 16 65.000000 65.000000 0.000000 0.000000 19.7742286875 52.4291934375 38.76832859375 6.34179921875 54.0555366875 40.3868365625 6.21718853125 1677.73419 1240.586515 202.937575 1729.777174 1292.37877 198.950033
synth4 2012_12_28_19_04_11_846219461  2601.000 32 16 80.000000 80.000000 0.000000 0.000000 17.89329628125 58.5500605625 44.81151259375 6.396184875 60.68974728125 46.89788784375 6.5950176875 1873.601938 1433.968403 204.677916 1942.071913 1500.732411 211.040566
synth4 2012_12_28_19_26_25_210545724  2601.000 32 16 95.000000 95.000000 0.000000 0.000000 18.32496821875 58.2632165625 44.467892375 6.5495366875 60.42432940625 46.62109821875 6.5023743125 1864.42293 1422.972556 209.585174 1933.578541 1491.875143 208.075978
synth4 2012_12_28_17_57_33_082600800  2601.000 32 16 115.000000 115.000000 0.000000 0.000000 16.8635564375 70.5735181875 56.78285421875 6.18156678125 73.00502715625 59.161777125 6.4021960625 2258.352582 1817.051335 197.810137 2336.160869 1893.176868 204.870274
synth5 2013_01_03_01_13_45_463639664  2601.000 32 16 51.000000 51.000000 0.000000 0.000000 42.6730381875 27.9050943125 14.643803625 4.77066759375 32.46800128125 19.21630540625 4.23433946875 892.963018 468.601716 152.661363 1038.976041 614.921773 135.498863
synth5 2013_01_03_01_29_32_334852166  2601.000 32 16 65.000000 65.000000 0.000000 0.000000 42.52469325 28.7973236875 15.5263848125 4.83967725 33.9910386875 20.7382808125 4.2985799375 921.514358 496.844314 154.869672 1087.713238 663.624986 137.554558
synth5 2013_01_03_01_45_12_876839869  2601.000 32 16 80.000000 80.000000 0.000000 0.000000 42.118123 28.6293411875 15.35440615625 4.8601588125 34.2299749375 20.975120125 4.3608280625 916.138918 491.340997 155.525082 1095.359198 671.203844 139.546498
synth5 2013_01_03_02_00_41_603251119  2601.000 32 16 95.000000 95.000000 0.000000 0.000000 43.66413 28.7743105 15.51334434375 4.760964875 34.11769225 20.8672659375 4.25085915625 920.777936 496.427019 152.350876 1091.766152 667.75251 136.027493
synth5 2013_01_03_00_58_29_828442022  2601.000 32 16 115.000000 115.000000 0.000000 0.000000 32.550309875 44.1716725 30.88469425 4.43524496875 36.183523125 22.900671125 3.8841805 1413.49352 988.310216 141.927839 1157.87274 732.821476 124.293776
synth6 2013_01_03_01_34_56_281640847  2601.000 32 16 51.000000 51.000000 0.000000 0.000000 55.81121959375 30.84043046875 17.49139015625 5.2723490625 35.17859615625 21.79271784375 5.166559625 986.893775 559.724485 168.71517 1125.715077 697.366971 165.329908
synth6 2013_01_03_02_03_11_633603983  2601.000 32 16 65.000000 65.000000 0.000000 0.000000 54.02188021875 33.4274565 20.0630748125 5.21086890625 37.89351246875 24.4977295625 5.0052416875 1069.678608 642.018394 166.747805 1212.592399 783.927346 160.167734
synth6 2013_01_03_02_30_53_947583846  2601.000 32 16 80.000000 80.000000 0.000000 0.000000 51.24274984375 35.2212481875 21.81919015625 5.32132153125 39.47744534375 26.03959853125 5.13872946875 1127.079942 698.214085 170.282289 1263.278251 833.267153 164.439343
synth6 2013_01_03_02_58_28_762572812  2601.000 32 16 95.000000 95.000000 0.000000 0.000000 50.4574269375 35.61888596875 22.2273008125 5.2768225625 39.5823966875 26.14011159375 5.15124234375 1139.804351 711.273626 168.858322 1266.636694 836.483571 164.839755
synth6 2013_01_03_01_06_55_060977214  2601.000 32 16 115.000000 115.000000 0.000000 0.000000 47.16942996875 42.9317976875 29.4962409375 5.12711675 47.47585078125 33.98314825 5.02331209375 1373.817526 943.87971 164.067736 1519.227225 1087.460744 160.745987
