id freq nodes cores pkg-clamp-0 pkg-clamp-1 dram-clamp-0 dram-clamp-1 avg-time avg-pkg-0 avg-pp0-0 avg-dram-0 avg-pkg-1 avg-pp0-1 avg-dram-1 tot-pkg-0 tot-pp0-0 tot-dram-0 tot-pkg-1 tot-pp0-1 tot-dram-1
2012_12_28_17_42_26_478107398  2601.000 8 16 115.000000 115.000000 0.000000 0.000000 41.29801225 94.883304125 80.90882425 7.36171 94.38707 80.318866375 7.803195625 759.066433 647.270594 58.89368 755.09656 642.550931 62.425565
2012_12_28_17_43_14_931854870  2601.000 8 14 115.000000 115.000000 0.000000 0.000000 45.65607425 89.916240125 76.07401575 7.11621825 85.521158375 71.64987225 7.232127625 719.329921 608.592126 56.929746 684.169267 573.198978 57.857021
2012_12_28_17_44_06_901358231  2601.000 8 12 115.000000 115.000000 0.000000 0.000000 51.864368375 83.57860275 69.730329625 6.9473715 83.130650375 69.388493875 6.781904875 668.628822 557.842637 55.578972 665.045203 555.107951 54.255239
2012_12_28_17_45_05_765956994  2601.000 8 10 115.000000 115.000000 0.000000 0.000000 60.6452655 74.845687125 60.98467375 7.404113625 71.522585875 57.909711625 6.31032725 598.765497 487.87739 59.232909 572.180687 463.277693 50.482618
2012_12_28_17_46_12_545315576  2601.000 8 8 115.000000 115.000000 0.000000 0.000000 81.88490275 66.278728375 52.69104875 6.16048975 64.579894875 50.90276975 7.003950625 530.229827 421.52839 49.283918 516.639159 407.222158 56.031605
2012_12_28_17_47_40_731898430  2601.000 8 6 115.000000 115.000000 0.000000 0.000000 97.316920375 56.2336045 42.670420375 6.417377625 56.930301 43.36898525 6.38025725 449.868836 341.363363 51.339021 455.442408 346.951882 51.042058
2012_12_28_17_49_23_845935968  2601.000 8 4 115.000000 115.000000 0.000000 0.000000 155.474342125 48.32531675 34.865396625 6.09161425 47.863490375 34.29335375 6.58547075 386.602534 278.923173 48.732914 382.907923 274.34683 52.683766
2012_12_28_17_52_05_985949227  2601.000 16 16 115.000000 115.000000 0.000000 0.000000 23.7403718125 86.979216375 72.8884498125 7.3363235625 87.1246138125 73.1000680625 7.16559075 1391.667462 1166.215197 117.381177 1393.993821 1169.601089 114.649452
2012_12_28_17_52_38_076841509  2601.000 16 14 115.000000 115.000000 0.000000 0.000000 25.485643125 83.1837081875 69.359182875 6.579704375 83.7342510625 69.8197226875 7.248746875 1330.939331 1109.746926 105.27527 1339.748017 1117.115563 115.97995
2012_12_28_17_53_11_161812535  2601.000 16 12 115.000000 115.000000 0.000000 0.000000 28.333819875 76.1059000625 62.219785125 6.9392945 77.0071060625 63.2688148125 6.4007111875 1217.694401 995.516562 111.028712 1232.113697 1012.301037 102.411379
2012_12_28_17_53_47_155800947  2601.000 16 10 115.000000 115.000000 0.000000 0.000000 32.567619125 68.42008275 54.6792394375 6.684669875 70.9542599375 57.2520183125 6.5684806875 1094.721324 874.867831 106.954718 1135.268159 916.032293 105.095691
2012_12_28_17_54_27_397350738  2601.000 16 8 115.000000 115.000000 0.000000 0.000000 39.6216280625 64.61495075 50.9089353125 6.549194875 64.0320493125 50.409046375 6.441713 1033.839212 814.542965 104.787118 1024.512789 806.544742 103.067408
2012_12_28_17_55_14_467685329  2601.000 16 6 115.000000 115.000000 0.000000 0.000000 48.3530549375 56.0894765625 42.5055070625 6.3437216875 56.478430875 42.8840745 6.5223116875 897.431625 680.088113 101.499547 903.654894 686.145192 104.356987
2012_12_28_17_56_09_619842797  2601.000 16 4 115.000000 115.000000 0.000000 0.000000 76.632816875 47.818190125 34.2745851875 6.339012375 47.868041125 34.327675625 6.4039185625 765.091042 548.393363 101.424198 765.888658 549.24281 102.462697
2012_12_28_17_57_33_082600800  2601.000 32 16 115.000000 115.000000 0.000000 0.000000 16.8635564375 70.5735181875 56.78285421875 6.18156678125 73.00502715625 59.161777125 6.4021960625 2258.352582 1817.051335 197.810137 2336.160869 1893.176868 204.870274
2012_12_28_17_57_57_805913659  2601.000 32 14 115.000000 115.000000 0.000000 0.000000 17.10554821875 70.29677015625 56.52640028125 6.44821109375 73.0209754375 59.27327184375 6.370731625 2249.496645 1808.844809 206.342755 2336.671214 1896.744699 203.863412
2012_12_28_17_58_21_670157192  2601.000 32 12 115.000000 115.000000 0.000000 0.000000 18.3353308125 65.3394595 51.65186378125 6.29794321875 70.1284249375 56.42931428125 6.35790121875 2090.862704 1652.859641 201.534183 2244.109598 1805.738057 203.452839
2012_12_28_17_58_46_905579872  2601.000 32 10 115.000000 115.000000 0.000000 0.000000 20.67809628125 61.6440208125 47.987402 6.21873215625 65.50354034375 51.80314078125 6.470334375 1972.608666 1535.596864 198.999429 2096.113291 1657.700505 207.0507
2012_12_28_17_59_14_733448754  2601.000 32 8 115.000000 115.000000 0.000000 0.000000 24.03376225 57.63408559375 44.07842478125 5.842782 60.13757778125 46.496409375 6.42350859375 1844.290739 1410.509593 186.969024 1924.402489 1487.8851 205.552275
2012_12_28_17_59_45_822906535  2601.000 32 6 115.000000 115.000000 0.000000 0.000000 28.71132878125 51.148514125 37.6316010625 5.8597294375 53.90495978125 40.33658634375 6.32214790625 1636.752452 1204.211234 187.511342 1724.958713 1290.770763 202.308733
2012_12_28_18_00_21_550955200  2601.000 32 4 115.000000 115.000000 0.000000 0.000000 40.625488875 44.8048455 31.35817025 5.58219609375 47.40062796875 33.8444950625 6.2082060625 1433.755056 1003.461448 178.630275 1516.820095 1083.023842 198.662594
2012_12_28_18_01_09_011355756  2601.000 8 16 51.000000 51.000000 0.000000 0.000000 61.904696875 49.3713285 35.74787725 6.89227575 49.82532925 36.188204375 6.92696325 394.970628 285.983018 55.138206 398.602634 289.505635 55.415706
2012_12_28_18_02_17_529811348  2601.000 8 14 51.000000 51.000000 0.000000 0.000000 65.3808015 49.35782375 35.86168425 6.361273875 49.825083 36.144467625 7.276315125 394.86259 286.893474 50.890191 398.600664 289.155741 58.210521
2012_12_28_18_03_29_645978997  2601.000 8 12 51.000000 51.000000 0.000000 0.000000 71.034893 49.417638625 35.871591 6.7062695 49.86435 36.276837 6.86318025 395.341109 286.972728 53.650156 398.9148 290.214696 54.905442
2012_12_28_18_04_47_271638347  2601.000 8 10 51.000000 51.000000 0.000000 0.000000 77.879886 49.519215625 35.99876625 6.532015625 49.890286375 36.34709 6.549159625 396.153725 287.99013 52.256125 399.122291 290.77672 52.393277
2012_12_28_18_06_11_725755559  2601.000 8 8 51.000000 51.000000 0.000000 0.000000 95.5822645 48.733617 35.18167975 6.593853125 48.685816125 35.160933375 6.5151365 389.868936 281.453438 52.750825 389.486529 281.287467 52.121092
2012_12_28_18_07_53_780212813  2601.000 8 6 51.000000 51.000000 0.000000 0.000000 121.599212625 41.891811125 28.47343475 5.941739125 42.282110375 28.770544125 6.71060225 335.134489 227.787478 47.533913 338.256883 230.164353 53.684818
2012_12_28_18_10_01_862079030  2601.000 8 4 51.000000 51.000000 0.000000 0.000000 179.977678625 36.118307375 22.748806 5.628268125 35.870536625 22.353593375 6.4395595 288.946459 181.990448 45.026145 286.964293 178.828747 51.516476
2012_12_28_18_13_08_372440641  2601.000 16 16 51.000000 51.000000 0.000000 0.000000 33.6874530625 48.0465095 34.413540125 6.780311375 48.741673375 35.0706386875 6.9110678125 768.744152 550.616642 108.484982 779.866774 561.130219 110.577085
2012_12_28_18_13_49_141956429  2601.000 16 14 51.000000 51.000000 0.000000 0.000000 35.36065325 47.9712040625 34.35399125 6.671944875 48.67583275 35.1001734375 6.4626805625 767.539265 549.66386 106.751118 778.813324 561.602775 103.402889
2012_12_28_18_14_31_323188874  2601.000 16 12 51.000000 51.000000 0.000000 0.000000 37.6410449375 48.1611589375 34.578101 6.5085593125 48.8609016875 35.287716 6.4249674375 770.578543 553.249616 104.136949 781.774427 564.603456 102.799479
2012_12_28_18_15_15_812437705  2601.000 16 10 51.000000 51.000000 0.000000 0.000000 41.012431375 47.98786275 34.4309739375 6.328299375 48.7668810625 35.2294753125 6.4413024375 767.805804 550.895583 101.25279 780.270097 563.671605 103.060839
2012_12_28_18_16_03_658190326  2601.000 16 8 51.000000 51.000000 0.000000 0.000000 49.96262925 46.5525065 33.0074456875 6.1055065 47.2402716875 33.6705975625 6.5390126875 744.840104 528.119131 97.688104 755.844347 538.729561 104.624203
2012_12_28_18_17_00_478096090  2601.000 16 6 51.000000 51.000000 0.000000 0.000000 60.1086530625 41.2746864375 27.81230075 5.952378125 42.0945248125 28.571131375 6.3388010625 660.394983 444.996812 95.23805 673.512397 457.138102 101.420817
2012_12_28_18_18_07_411686566  2601.000 16 4 51.000000 51.000000 0.000000 0.000000 111.9551051875 33.40233275 20.0048723125 5.26695625 34.203753625 20.766587875 5.6804603125 534.437324 320.077957 84.2713 547.260058 332.265406 90.887365
2012_12_28_18_20_06_070429417  2601.000 32 16 51.000000 51.000000 0.000000 0.000000 22.2357561875 43.43859359375 29.8679454375 6.285703125 45.2536405 31.64861646875 6.46564821875 1390.034995 955.774254 201.1425 1448.116496 1012.755727 206.900743
2012_12_28_18_20_35_825559417  2601.000 32 14 51.000000 51.000000 0.000000 0.000000 22.19922734375 43.811356875 30.33218359375 5.8531214375 45.4532395 31.897834625 6.2698704375 1401.96342 970.629875 187.299886 1454.503664 1020.730708 200.635854
2012_12_28_18_21_04_436406946  2601.000 32 12 51.000000 51.000000 0.000000 0.000000 23.18454040625 43.9956965 30.49388828125 6.02967890625 45.4316349375 31.91221184375 6.08434825 1407.862288 975.804425 192.949725 1453.812318 1021.190779 194.699144
2012_12_28_18_21_34_179245784  2601.000 32 10 51.000000 51.000000 0.000000 0.000000 24.74937484375 44.02504971875 30.547944 5.81975221875 45.65118646875 32.1152565 6.199175 1408.801591 977.534208 186.232071 1460.837967 1027.688208 198.3736
2012_12_28_18_22_05_759848478  2601.000 32 8 51.000000 51.000000 0.000000 0.000000 28.2054086875 42.6078825 29.12433846875 5.81052853125 44.89193571875 31.35899784375 6.19675978125 1363.45224 931.978831 185.936913 1436.541943 1003.487931 198.296313
2012_12_28_18_22_40_029058467  2601.000 32 6 51.000000 51.000000 0.000000 0.000000 32.7868546875 39.68000509375 26.2080758125 5.98143940625 40.73580228125 27.2648331875 6.06762071875 1269.760163 838.658426 191.406061 1303.545673 872.474662 194.163863
2012_12_28_18_23_18_822441720  2601.000 32 4 51.000000 51.000000 0.000000 0.000000 47.9001768125 34.1662135625 20.766605125 5.5932816875 35.24382190625 21.78019503125 6.0738360625 1093.318834 664.531364 178.985014 1127.802301 696.966241 194.362754
2012_12_28_18_24_12_653472117  2601.000 8 16 65.000000 65.000000 0.000000 0.000000 52.95865575 61.9143005 48.28670325 6.480571875 62.49554375 48.688765125 7.417799125 495.314404 386.293626 51.844575 499.96435 389.510121 59.342393
2012_12_28_18_25_12_165612374  2601.000 8 14 65.000000 65.000000 0.000000 0.000000 56.21425375 63.05679275 49.33946225 7.170355125 63.49732325 49.871606125 6.748793125 504.454342 394.715698 57.362841 507.978586 398.972849 53.990345
2012_12_28_18_26_14_964984359  2601.000 8 12 65.000000 65.000000 0.000000 0.000000 62.338170125 61.17839175 47.517315625 6.83508775 62.754196125 49.0642785 7.134305125 489.427134 380.138525 54.680702 502.033569 392.514228 57.074441
2012_12_28_18_27_23_910912096  2601.000 8 10 65.000000 65.000000 0.000000 0.000000 74.7035535 53.65432025 39.98371525 7.21609175 54.5126935 40.949231625 6.40977675 429.234562 319.869722 57.728734 436.101548 327.593853 51.278214
2012_12_28_18_28_44_175971379  2601.000 8 8 65.000000 65.000000 0.000000 0.000000 96.890356625 49.33034875 35.78323425 6.54119075 49.108144625 35.5655275 6.7287385 394.64279 286.265874 52.329526 392.865157 284.52422 53.829908
2012_12_28_18_30_27_801394452  2601.000 8 6 65.000000 65.000000 0.000000 0.000000 123.810808625 41.933269875 28.51781625 5.898054 42.216652 28.702895375 6.516540375 335.466159 228.14253 47.184432 337.733216 229.623163 52.132323
2012_12_28_18_32_37_701621525  2601.000 8 4 65.000000 65.000000 0.000000 0.000000 190.96618375 34.67639675 21.299776625 5.6561975 35.62760125 22.145188 6.115172125 277.411174 170.398213 45.24958 285.02081 177.161504 48.921377
2012_12_28_18_35_55_501689037  2601.000 16 16 65.000000 65.000000 0.000000 0.000000 28.7918843125 59.5371178125 45.8450243125 6.623206875 60.3363905625 46.4920415 7.3282524375 952.593885 733.520389 105.97131 965.382249 743.872664 117.252039
2012_12_28_18_36_31_180863276  2601.000 16 14 65.000000 65.000000 0.000000 0.000000 30.332553625 60.13832875 46.4801465625 6.6290255625 60.5746801875 46.868499375 6.8683115625 962.21326 743.682345 106.064409 969.194883 749.89599 109.892985
2012_12_28_18_37_08_274266797  2601.000 16 12 65.000000 65.000000 0.000000 0.000000 32.9448606875 56.912880375 43.210311625 6.8303338125 58.4733458125 44.8470815625 6.523887 910.606086 691.364986 109.285341 935.573533 717.553305 104.382192
2012_12_28_18_37_47_748467765  2601.000 16 10 65.000000 65.000000 0.000000 0.000000 38.755558625 53.4982290625 39.8626280625 6.5364305 53.076979625 39.4436965 6.750570375 855.971665 637.802049 104.582888 849.231674 631.099144 108.009126
2012_12_28_18_38_33_276551077  2601.000 16 8 65.000000 65.000000 0.000000 0.000000 48.872254875 47.173682625 33.616928 6.263590125 47.7319013125 34.15737275 6.414277625 754.778922 537.870848 100.217442 763.710421 546.517964 102.628442
2012_12_28_18_39_28_734025966  2601.000 16 6 65.000000 65.000000 0.000000 0.000000 59.527989125 41.0434310625 27.586573125 5.8214001875 41.94984025 28.4288680625 6.2683769375 656.694897 441.38517 93.142403 671.197444 454.861889 100.294031
2012_12_28_18_40_34_863420616  2601.000 16 4 65.000000 65.000000 0.000000 0.000000 106.11987775 33.8153653125 20.398282625 5.64136075 34.835335125 21.39278925 5.752090875 541.045845 326.372522 90.261772 557.365362 342.284628 92.033454
2012_12_28_18_42_27_544555843  2601.000 32 16 65.000000 65.000000 0.000000 0.000000 19.7742286875 52.4291934375 38.76832859375 6.34179921875 54.0555366875 40.3868365625 6.21718853125 1677.73419 1240.586515 202.937575 1729.777174 1292.37877 198.950033
2012_12_28_18_42_53_720018482  2601.000 32 14 65.000000 65.000000 0.000000 0.000000 20.1638171875 52.1288276875 38.5751936875 6.07368128125 53.77798965625 40.23908015625 6.06008525 1668.122486 1234.406198 194.357801 1720.895669 1287.650565 193.922728
2012_12_28_18_43_19_944838073  2601.000 32 12 65.000000 65.000000 0.000000 0.000000 21.5080695625 51.34154196875 37.73356478125 6.2285885 52.47394415625 38.88225734375 6.1295516875 1642.929343 1207.474073 199.314832 1679.166213 1244.232235 196.145654
2012_12_28_18_43_47_610693575  2601.000 32 10 65.000000 65.000000 0.000000 0.000000 23.8331406875 47.63276609375 34.082457625 6.10931509375 49.5031816875 35.8979893125 6.410982875 1524.248515 1090.638644 195.498083 1584.101814 1148.735658 205.151452
2012_12_28_18_44_17_130735521  2601.000 32 8 65.000000 65.000000 0.000000 0.000000 27.18325053125 44.1076656875 30.59074859375 6.11975465625 45.25531753125 31.7124725 6.2477476875 1411.445302 978.903955 195.832149 1448.170161 1014.79912 199.927926
2012_12_28_18_44_50_632715613  2601.000 32 6 65.000000 65.000000 0.000000 0.000000 33.61053453125 38.8723151875 25.42510521875 5.80705803125 40.7861833125 27.29390046875 6.12921440625 1243.914086 813.603367 185.825857 1305.157866 873.404815 196.134861
2012_12_28_18_45_30_419022341  2601.000 32 4 65.000000 65.000000 0.000000 0.000000 52.76424646875 33.76656625 20.381093875 5.57236471875 34.8133665 21.351479125 5.90633459375 1080.53012 652.195004 178.315671 1114.027728 683.247332 189.002707
2012_12_28_18_46_29_035594988  2601.000 8 16 80.000000 80.000000 0.000000 0.000000 47.572868 76.639864125 62.654350875 7.70477225 76.296654375 62.30828375 7.726706375 613.118913 501.234807 61.638178 610.373235 498.46627 61.813651
2012_12_28_18_47_23_224205202  2601.000 8 14 80.000000 80.000000 0.000000 0.000000 54.030915375 69.600014125 55.72866425 7.540346625 70.395267125 56.5991535 7.2933205 556.800113 445.829314 60.322773 563.162137 452.793228 58.346564
2012_12_28_18_48_23_511299083  2601.000 8 12 80.000000 80.000000 0.000000 0.000000 63.02737825 61.227492375 47.5475545 6.749665375 62.383601625 48.63840875 7.098474875 489.819939 380.380436 53.997323 499.068813 389.10727 56.787799
2012_12_28_18_49_32_685608978  2601.000 8 10 80.000000 80.000000 0.000000 0.000000 74.55358375 55.955784125 42.327333 6.854366125 55.444735375 41.843045875 6.7782845 447.646273 338.618664 54.834929 443.557883 334.744367 54.226276
2012_12_28_18_50_53_685139944  2601.000 8 8 80.000000 80.000000 0.000000 0.000000 96.668598875 48.26338925 34.7509705 6.420386875 48.84938475 35.2537285 6.720059125 386.107114 278.007764 51.363095 390.795078 282.029828 53.760473
2012_12_28_18_52_36_032831519  2601.000 8 6 80.000000 80.000000 0.000000 0.000000 121.69185275 42.1276955 28.700939625 6.09871775 42.486782625 28.974403125 6.559944125 337.021564 229.607517 48.789742 339.894261 231.795225 52.479553
2012_12_28_18_54_44_321613828  2601.000 8 4 80.000000 80.000000 0.000000 0.000000 181.473803625 35.896133 22.504984625 5.97270825 35.645126625 22.154747125 6.365700625 287.169064 180.039877 47.781666 285.161013 177.237977 50.925605
2012_12_28_18_57_52_448298557  2601.000 16 16 80.000000 80.000000 0.000000 0.000000 25.7638485 71.0292784375 56.9936538125 7.5996169375 71.636262375 57.6609160625 7.2215681875 1136.468455 911.898461 121.593871 1146.180198 922.574657 115.545091
2012_12_28_18_58_24_830967296  2601.000 16 14 80.000000 80.000000 0.000000 0.000000 28.707617625 66.4591356875 52.639142375 6.912447125 65.346672875 51.456482875 7.3680841875 1063.346171 842.226278 110.599154 1045.546766 823.303726 117.889347
2012_12_28_18_58_59_457687534  2601.000 16 12 80.000000 80.000000 0.000000 0.000000 32.7705926875 59.5425116875 45.809468625 6.7339205625 60.138326 46.3745005625 7.0341985625 952.680187 732.951498 107.742729 962.213216 741.992009 112.547177
2012_12_28_18_59_38_288088521  2601.000 16 10 80.000000 80.000000 0.000000 0.000000 38.2335798125 54.079021875 40.4348060625 6.5518484375 53.8174131875 40.1625224375 6.807916375 865.26435 646.956897 104.829575 861.078611 642.600359 108.926662
2012_12_28_19_00_22_336288525  2601.000 16 8 80.000000 80.000000 0.000000 0.000000 49.0980851875 47.09566775 33.5278604375 6.390810375 48.0591208125 34.482610625 6.504863 753.530684 536.445767 102.252966 768.945933 551.72177 104.077808
2012_12_28_19_01_17_434887960  2601.000 16 6 80.000000 80.000000 0.000000 0.000000 59.4083256875 41.6794040625 28.2430303125 5.51486025 42.5471270625 28.98771475 6.6708285 666.870465 451.888485 88.237764 680.754033 463.803436 106.733256
2012_12_28_19_02_22_476106173  2601.000 16 4 80.000000 80.000000 0.000000 0.000000 102.863152625 34.1100588125 20.703054625 5.6969174375 35.15141975 21.6613320625 6.043467375 545.760941 331.248874 91.150679 562.422716 346.581313 96.695478
2012_12_28_19_04_11_846219461  2601.000 32 16 80.000000 80.000000 0.000000 0.000000 17.89329628125 58.5500605625 44.81151259375 6.396184875 60.68974728125 46.89788784375 6.5950176875 1873.601938 1433.968403 204.677916 1942.071913 1500.732411 211.040566
2012_12_28_19_04_36_016566706  2601.000 32 14 80.000000 80.000000 0.000000 0.000000 18.95083653125 55.9656359375 42.3088490625 6.2699614375 57.1254305 43.4142080625 6.52820509375 1790.90035 1353.88317 200.638766 1828.013776 1389.254658 208.902563
2012_12_28_19_05_01_051745071  2601.000 32 12 80.000000 80.000000 0.000000 0.000000 21.1293360625 52.43115315625 38.816544375 6.21106353125 53.11134225 39.45031521875 6.44025390625 1677.796901 1242.12942 198.754033 1699.562952 1262.410087 206.088125
2012_12_28_19_05_28_359711905  2601.000 32 10 80.000000 80.000000 0.000000 0.000000 23.9623004375 47.85403659375 34.27705884375 6.1912094375 49.0631863125 35.49638575 6.117333125 1531.329171 1096.865883 198.118702 1570.021962 1135.884344 195.75466
2012_12_28_19_05_58_293445203  2601.000 32 8 80.000000 80.000000 0.000000 0.000000 28.40329796875 42.9779725 29.46480896875 6.02324 44.642163125 31.13555209375 5.978308625 1375.29512 942.873887 192.74368 1428.54922 996.337667 191.305876
2012_12_28_19_06_33_142735615  2601.000 32 6 80.000000 80.000000 0.000000 0.000000 33.3965850625 39.07864415625 25.66113178125 5.64435725 40.8191969375 27.30403709375 6.27650115625 1250.516613 821.156217 180.619432 1306.214302 873.729187 200.848037
2012_12_28_19_07_13_281633614  2601.000 32 4 80.000000 80.000000 0.000000 0.000000 52.02063859375 33.9835814375 20.5955630625 5.58831128125 34.59576875 21.1398684375 5.862322875 1087.474606 659.058018 178.825961 1107.0646 676.47579 187.594332
2012_12_28_19_08_11_595653053  2601.000 8 16 95.000000 95.000000 0.000000 0.000000 47.633874875 73.64242775 59.689847625 7.39224225 73.65851125 59.71927225 7.385395 589.139422 477.518781 59.137938 589.26809 477.754178 59.08316
2012_12_28_19_09_05_885712846  2601.000 8 14 95.000000 95.000000 0.000000 0.000000 53.93352625 69.162879625 55.276966125 7.4644245 69.9019895 56.054149875 7.383887875 553.303037 442.215729 59.715396 559.215916 448.433199 59.071103
2012_12_28_19_10_06_064371961  2601.000 8 12 95.000000 95.000000 0.000000 0.000000 62.482501875 61.56443725 47.790708625 7.310253875 63.790937375 50.13230075 6.75318675 492.515498 382.325669 58.482031 510.327499 401.058406 54.025494
2012_12_28_19_11_14_995179941  2601.000 8 10 95.000000 95.000000 0.000000 0.000000 73.79477825 56.88898825 43.263866875 6.852054625 55.5605195 41.92523225 6.990218625 455.111906 346.110935 54.816437 444.484156 335.401858 55.921749
2012_12_28_19_12_35_384485328  2601.000 8 8 95.000000 95.000000 0.000000 0.000000 97.188658375 49.16915275 35.582695875 6.751733 48.669624 35.180532375 6.227461125 393.353222 284.661567 54.013864 389.356992 281.444259 49.819689
2012_12_28_19_14_19_225498970  2601.000 8 6 95.000000 95.000000 0.000000 0.000000 120.670087125 42.24361775 28.808287625 6.09730675 42.522448 29.008589875 6.710665875 337.948942 230.466301 48.778454 340.179584 232.068719 53.685327
2012_12_28_19_16_26_585491616  2601.000 8 4 95.000000 95.000000 0.000000 0.000000 215.19512175 35.11168225 21.762094625 5.707372875 36.031008 22.514098875 6.740129125 280.893458 174.096757 45.658983 288.248064 180.112791 53.921033
2012_12_28_19_20_08_243405409  2601.000 16 16 95.000000 95.000000 0.000000 0.000000 25.631597625 71.2952884375 57.3101361875 7.29025525 71.876034125 57.86429975 7.461614875 1140.724615 916.962179 116.644084 1150.016546 925.828796 119.385838
2012_12_28_19_20_39_604859506  2601.000 16 14 95.000000 95.000000 0.000000 0.000000 28.877748 65.13178275 51.321307 7.0068035 66.124995375 52.251907875 7.264818375 1042.108524 821.140912 112.108856 1057.999926 836.030526 116.237094
2012_12_28_19_21_14_083369320  2601.000 16 12 95.000000 95.000000 0.000000 0.000000 32.7445935625 59.9913965 46.259554875 6.72965925 59.944704375 46.2064196875 7.0716579375 959.862344 740.152878 107.674548 959.11527 739.302715 113.146527
2012_12_28_19_21_52_402797908  2601.000 16 10 95.000000 95.000000 0.000000 0.000000 38.3003325625 53.6178556875 39.9535670625 6.7596328125 54.275643625 40.6423195625 6.7021105 857.885691 639.257073 108.154125 868.410298 650.277113 107.233768
2012_12_28_19_22_36_406322204  2601.000 16 8 95.000000 95.000000 0.000000 0.000000 48.251365375 46.9051328125 33.325014875 6.432967125 48.776089 35.2079034375 6.4334816875 750.482125 533.200238 102.927474 780.417424 563.326455 102.935707
2012_12_28_19_23_30_410106654  2601.000 16 6 95.000000 95.000000 0.000000 0.000000 62.7219161875 40.9209988125 27.437760375 6.1053384375 41.264538125 27.78167275 6.2525064375 654.735981 439.004166 97.685415 660.23261 444.506764 100.040103
2012_12_28_19_24_39_337257725  2601.000 16 4 95.000000 95.000000 0.000000 0.000000 100.0987830625 34.715517 21.3235835 5.5699924375 35.3145818125 21.8047659375 6.30975325 555.448272 341.177336 89.119879 565.033309 348.876255 100.956052
2012_12_28_19_26_25_210545724  2601.000 32 16 95.000000 95.000000 0.000000 0.000000 18.32496821875 58.2632165625 44.467892375 6.5495366875 60.42432940625 46.62109821875 6.5023743125 1864.42293 1422.972556 209.585174 1933.578541 1491.875143 208.075978
2012_12_28_19_26_49_923855088  2601.000 32 14 95.000000 95.000000 0.000000 0.000000 19.6954158125 54.540159875 40.81587653125 6.5197024375 57.23593121875 43.5642766875 6.22233546875 1745.285116 1306.108049 208.630478 1831.549799 1394.056854 199.114735
2012_12_28_19_27_15_742760590  2601.000 32 12 95.000000 95.000000 0.000000 0.000000 20.43984471875 51.52503559375 37.88037628125 6.36334996875 54.3285341875 40.6620609375 6.52310140625 1648.801139 1212.172041 203.627199 1738.513094 1301.18595 208.739245
2012_12_28_19_27_42_088187237  2601.000 32 10 95.000000 95.000000 0.000000 0.000000 23.91963365625 47.9220046875 34.37669690625 6.04785740625 49.09075553125 35.4811975 6.4420799375 1533.50415 1100.054301 193.531437 1570.904177 1135.39832 206.146558
2012_12_28_19_28_12_400517345  2601.000 32 8 95.000000 95.000000 0.000000 0.000000 28.831316125 43.39558065625 29.87835946875 5.97165871875 44.82114884375 31.30341834375 6.006060625 1388.658581 956.107503 191.093079 1434.276763 1001.709387 192.19394
2012_12_28_19_28_47_250600698  2601.000 32 6 95.000000 95.000000 0.000000 0.000000 34.627396125 38.814319625 25.3863223125 5.6659888125 40.5887306875 27.08942103125 6.231588125 1242.058228 812.362314 181.311642 1298.839382 866.861473 199.41082
2012_12_28_19_29_28_482137798  2601.000 32 4 95.000000 95.000000 0.000000 0.000000 50.7829679375 33.2548314375 19.87580215625 5.4080283125 34.67949065625 21.2263335625 5.8689823125 1064.154606 636.025669 173.056906 1109.743701 679.242674 187.807434
