id freq nodes cores pkg-clamp-0 pkg-clamp-1 dram-clamp-0 dram-clamp-1 avg-time avg-pkg-0 avg-pp0-0 avg-dram-0 avg-pkg-1 avg-pp0-1 avg-dram-1 tot-pkg-0 tot-pp0-0 tot-dram-0 tot-pkg-1 tot-pp0-1 tot-dram-1
2013_01_12_02_44_38_738089710  2601.000 10 14 95.000000 95.000000 0.000000 0.000000 31.3184432 62.4632685 48.3882113 9.3280215 61.9982876 47.9900652 8.8430209 624.632685 483.882113 93.280215 619.982876 479.900652 88.430209
2013_01_12_02_45_16_033014469  2601.000 10 12 95.000000 95.000000 0.000000 0.000000 31.1926422 57.3352075 43.2604429 9.1682084 56.694008 42.6987021 8.9432498 573.352075 432.604429 91.682084 566.94008 426.987021 89.432498
2013_01_12_02_45_53_309091852  2601.000 10 10 95.000000 95.000000 0.000000 0.000000 30.9819425 52.1529547 38.0818324 9.2833945 51.535242 37.5487788 8.8148479 521.529547 380.818324 92.833945 515.35242 375.487788 88.148479
2013_01_12_02_46_30_374078173  2601.000 10 8 95.000000 95.000000 0.000000 0.000000 30.8828958 47.2939691 33.253259 9.0919568 46.4880881 32.4938044 8.5540893 472.939691 332.53259 90.919568 464.880881 324.938044 85.540893
2013_01_12_02_47_07_669562029  2601.000 10 6 95.000000 95.000000 0.000000 0.000000 38.8407729 41.0983956 27.3440108 7.4797159 40.5512217 26.7700278 7.6030586 410.983956 273.440108 74.797159 405.512217 267.700278 76.030586
2013_01_12_02_47_53_165650855  2601.000 10 4 95.000000 95.000000 0.000000 0.000000 39.4078211 36.020929 22.3776774 7.5560697 35.6325097 21.9909255 7.7482404 360.20929 223.776774 75.560697 356.325097 219.909255 77.482404
2013_01_12_02_48_39_288629703  2601.000 12 16 95.000000 95.000000 0.000000 0.000000 26.5082911666667 67.48250825 53.41528025 8.82896975 67.08462425 53.0708686666667 8.58101108333333 809.790099 640.983363 105.947637 805.015491 636.850424 102.972133
2013_01_12_02_49_12_614261974  2601.000 12 14 95.000000 95.000000 0.000000 0.000000 25.9715891666667 62.3037285833333 48.2337249166667 8.82643825 61.9329211666667 47.9158254166667 8.98000941666667 747.644743 578.804699 105.917259 743.195054 574.989905 107.760113
2013_01_12_02_49_44_191827776  2601.000 12 12 95.000000 95.000000 0.000000 0.000000 25.8063075833333 57.224688 43.147038 9.01187958333333 56.66453725 42.6652485 8.87459808333333 686.696256 517.764456 108.142555 679.974447 511.982982 106.495177
2013_01_12_02_50_16_200641086  2601.000 12 10 95.000000 95.000000 0.000000 0.000000 25.6752360833333 52.0875555833333 38.0052444166667 8.84505775 51.457624 37.4557636666667 8.70021233333333 625.050667 456.062933 106.140693 617.491488 449.469164 104.402548
2013_01_12_02_50_47_735108969  2601.000 12 8 95.000000 95.000000 0.000000 0.000000 25.6174459166667 47.1775876666667 33.14868225 8.6413425 46.5600370833333 32.5395198333333 8.62781775 566.131052 397.784187 103.69611 558.720445 390.474238 103.533813
2013_01_12_02_51_18_995782234  2601.000 12 6 95.000000 95.000000 0.000000 0.000000 32.207569 40.9933036666667 27.2450274166667 7.482151 40.597431 26.8350310833333 7.70700125 491.919644 326.940329 89.785812 487.169172 322.020373 92.484015
2013_01_12_02_51_57_743016139  2601.000 12 4 95.000000 95.000000 0.000000 0.000000 32.5448434166667 36.03927375 22.3870584166667 7.35878691666667 35.70394125 22.05141025 7.61565775 432.471285 268.644701 88.305443 428.447295 264.616923 91.387893
2013_01_12_02_52_36_369058416  2601.000 14 16 95.000000 95.000000 0.000000 0.000000 22.7375696428571 67.0907152857143 53.0424211428571 8.9468655 66.6847577857143 52.6764866428571 8.61390471428571 939.270014 742.593896 125.256117 933.586609 737.470813 120.594666
2013_01_12_02_53_05_442218007  2601.000 14 14 95.000000 95.000000 0.000000 0.000000 22.2709413571429 62.2727005 48.2130417857143 8.731457 61.5860297142857 47.5580075714286 8.60419064285714 871.817807 674.982585 122.240398 862.204416 665.812106 120.458669
2013_01_12_02_53_33_340653130  2601.000 14 12 95.000000 95.000000 0.000000 0.000000 22.2871952142857 57.0302641428571 43.011437 8.85457264285714 56.4277162857143 42.3891302142857 8.89788428571429 798.423698 602.160118 123.964017 789.988028 593.447823 124.57038
2013_01_12_02_54_01_999468455  2601.000 14 10 95.000000 95.000000 0.000000 0.000000 22.1303758571429 51.9823975714286 37.9405938571429 8.84354878571428 51.3738215 37.367261 8.71905042857143 727.753566 531.168314 123.809683 719.233501 523.141654 122.066706
2013_01_12_02_54_30_051568739  2601.000 14 8 95.000000 95.000000 0.000000 0.000000 22.164086 47.0140991428571 33.0273328571429 8.83952671428571 46.59945 32.5730267142857 8.74301307142857 658.197388 462.38266 123.753374 652.3923 456.022374 122.402183
2013_01_12_02_54_57_914188520  2601.000 14 6 95.000000 95.000000 0.000000 0.000000 27.8260462142857 41.0235047857143 27.2901979285714 7.22784364285714 40.6072199285714 26.8178175 7.78722521428571 574.329067 382.062771 101.189811 568.501079 375.449445 109.021153
2013_01_12_02_55_31_890464282  2601.000 14 4 95.000000 95.000000 0.000000 0.000000 28.0694032857143 36.0344706428571 22.3944795 7.23343064285714 35.6554802142857 21.9921773571429 7.46540557142857 504.482589 313.522713 101.268029 499.176723 307.890483 104.515678
2013_01_12_02_56_06_231223113  2601.000 16 16 95.000000 95.000000 0.000000 0.000000 20.08780075 67.284326125 53.1671801875 8.9351855 67.09745075 53.06574025 8.632667625 1076.549218 850.674883 142.962968 1073.559212 849.051844 138.122682
2013_01_12_02_56_33_508505575  2601.000 16 14 95.000000 95.000000 0.000000 0.000000 19.5955285625 62.1977171875 48.072517125 8.9127559375 61.9156040625 47.893122375 8.6146076875 995.163475 769.160274 142.604095 990.649665 766.289958 137.833723
2013_01_12_02_57_00_222406512  2601.000 16 12 95.000000 95.000000 0.000000 0.000000 19.37143525 56.9043419375 42.8095940625 8.8234875625 56.3978943125 42.355168875 8.5254931875 910.469471 684.953505 141.175801 902.366309 677.682702 136.407891
2013_01_12_02_57_25_323111731  2601.000 16 10 95.000000 95.000000 0.000000 0.000000 19.139744125 51.8604016875 37.77819925 8.7408979375 51.4958608125 37.485519 8.5380708125 829.766427 604.451188 139.854367 823.933773 599.768304 136.609133
2013_01_12_02_57_50_994240754  2601.000 16 8 95.000000 95.000000 0.000000 0.000000 19.0035704375 46.9190171875 32.88283525 8.6597458125 46.4826775625 32.4489494375 8.8249745625 750.704275 526.125364 138.555933 743.722841 519.183191 141.199593
2013_01_12_02_58_15_650520518  2601.000 16 6 95.000000 95.000000 0.000000 0.000000 23.8560435625 40.871914125 27.12137275 7.3029345625 40.6176336875 26.8385328125 7.7210826875 653.950626 433.941964 116.846953 649.882139 429.416525 123.537323
2013_01_12_02_58_45_918398993  2601.000 16 4 95.000000 95.000000 0.000000 0.000000 24.187651 35.9593486875 22.3039981875 7.26596475 35.6638409375 22.009450125 7.4149985 575.349579 356.863971 116.255436 570.621455 352.151202 118.639976
2013_01_12_02_59_16_686428013  2601.000 18 16 95.000000 95.000000 0.000000 0.000000 17.6575021666667 66.6860755 52.6272567222222 8.81379077777778 66.4600312222222 52.466257 8.46221377777778 1200.349359 947.290621 158.648234 1196.280562 944.392626 152.319848
2013_01_12_02_59_40_411149179  2601.000 18 14 95.000000 95.000000 0.000000 0.000000 17.3432088888889 61.7034288888889 47.6218579444444 8.72013388888889 61.1136144444444 47.1229136111111 8.31840294444445 1110.66172 857.193443 156.96241 1100.04506 848.212445 149.731253
2013_01_12_03_00_04_714657388  2601.000 18 12 95.000000 95.000000 0.000000 0.000000 17.3200163333333 56.5589861666667 42.518043 8.70591066666667 56.1434742777778 42.1338292777778 8.52406394444444 1018.061751 765.324774 156.706392 1010.582537 758.408927 153.433151
2013_01_12_03_00_28_889952402  2601.000 18 10 95.000000 95.000000 0.000000 0.000000 17.2293090555556 51.6682731111111 37.6313098333333 8.84596994444444 51.2539353333333 37.2538902777778 8.46944444444444 930.028916 677.363577 159.227459 922.570836 670.570025 152.45
2013_01_12_03_00_52_582949549  2601.000 18 8 95.000000 95.000000 0.000000 0.000000 17.2375067222222 46.7273124444444 32.7336698888889 8.61238727777778 46.4377760555556 32.4282051111111 8.53462905555556 841.091624 589.206058 155.022971 835.879969 583.707692 153.623323
2013_01_12_03_01_16_730047545  2601.000 18 6 95.000000 95.000000 0.000000 0.000000 21.4666651666667 40.6908852222222 26.9468300555556 7.27823366666667 40.4613543888889 26.6943838333333 7.49941344444444 732.435934 485.042941 131.008206 728.304379 480.498909 134.989442
2013_01_12_03_01_45_155977223  2601.000 18 4 95.000000 95.000000 0.000000 0.000000 21.7962581111111 35.8442916666667 22.2009311111111 7.31263444444444 35.6241137222222 21.9694508888889 7.31299377777778 645.19725 399.61676 131.62742 641.234047 395.450116 131.633888
2013_01_12_03_02_13_893080279  2601.000 20 16 95.000000 95.000000 0.000000 0.000000 16.03705305 66.9469397 52.88917735 8.72060835 66.7768747 52.83179225 8.11379935 1338.938794 1057.783547 174.412167 1335.537494 1056.635845 162.275987
2013_01_12_03_02_35_733885193  2601.000 20 14 95.000000 95.000000 0.000000 0.000000 15.69760325 61.9376408 47.88544475 8.6604468 61.58022145 47.60156025 8.2081911 1238.752816 957.708895 173.208936 1231.604429 952.031205 164.163822
2013_01_12_03_02_57_034547812  2601.000 20 12 95.000000 95.000000 0.000000 0.000000 15.6168568 56.80511145 42.7881198 8.5749652 56.2692887 42.2526903 8.37392625 1136.102229 855.762396 171.499304 1125.385774 845.053806 167.478525
2013_01_12_03_03_18_480553616  2601.000 20 10 95.000000 95.000000 0.000000 0.000000 15.5403068 51.6658703 37.6112747 8.67307805 51.03032335 37.06466315 8.23333015 1033.317406 752.225494 173.461561 1020.606467 741.293263 164.666603
2013_01_12_03_03_39_619246882  2601.000 20 8 95.000000 95.000000 0.000000 0.000000 15.45978885 46.82629435 32.81775015 8.48375695 46.21778085 32.2306358 8.2925289 936.525887 656.355003 169.675139 924.355617 644.612716 165.850578
2013_01_12_03_04_00_727408272  2601.000 20 6 95.000000 95.000000 0.000000 0.000000 19.3243258 40.72162435 26.9835881 7.2586662 40.4378284 26.6936956 7.46815875 814.432487 539.671762 145.173324 808.756568 533.873912 149.363175
2013_01_12_03_04_25_948355413  2601.000 20 4 95.000000 95.000000 0.000000 0.000000 19.7677238 35.76298215 22.14407455 7.1877546 35.40396555 21.75417635 7.23749455 715.259643 442.881491 143.755092 708.079311 435.083527 144.749891
2013_01_12_03_04_51_436191073  2601.000 22 16 95.000000 95.000000 0.000000 0.000000 15.0688700454545 66.7320184545455 52.7396515909091 8.39034040909091 66.5041659090909 52.5846131363636 7.99359331818182 1468.104406 1160.272335 184.587489 1463.09165 1156.861489 175.859053
2013_01_12_03_05_14_387423769  2601.000 22 14 95.000000 95.000000 0.000000 0.000000 14.2247131818182 61.7274616818182 47.6878762272727 8.6348059090909 61.3132156363636 47.3692116363636 8.05766577272727 1358.004157 1049.133277 189.96573 1348.890744 1042.122656 177.268647
2013_01_12_03_05_36_204275040  2601.000 22 12 95.000000 95.000000 0.000000 0.000000 14.1126634090909 56.5940963636364 42.5791673181818 8.44712818181818 56.1950618181818 42.2317254090909 8.25648281818182 1245.07012 936.741681 185.83682 1236.29136 929.097959 181.642622
2013_01_12_03_05_57_867592764  2601.000 22 10 95.000000 95.000000 0.000000 0.000000 13.9946880454545 51.5565221363636 37.5465710909091 8.50925645454545 51.1478976363636 37.1869273181818 8.21886504545455 1134.243487 826.024564 187.203642 1125.253748 818.112401 180.815031
2013_01_12_03_06_19_893502059  2601.000 22 8 95.000000 95.000000 0.000000 0.000000 13.9557809090909 46.6691345 32.6991357272727 8.432023 46.2980400909091 32.3232701363636 8.24838790909091 1026.720959 719.380986 185.504506 1018.556882 711.111943 181.464534
2013_01_12_03_06_41_586334108  2601.000 22 6 95.000000 95.000000 0.000000 0.000000 17.6505215454545 40.6429975909091 26.9370693636364 7.16619740909091 40.4217457272727 26.6589137272727 7.47520545454545 894.145947 592.615526 157.656343 889.278406 586.496102 164.45452
2013_01_12_03_07_07_072810512  2601.000 22 4 95.000000 95.000000 0.000000 0.000000 17.7917613636364 35.7713765 22.1587199545455 7.1480795 35.5672255 21.9166447727273 7.149405 786.970283 487.491839 157.257749 782.478961 482.166185 157.28691
2013_01_12_03_07_32_753857503  2601.000 24 16 95.000000 95.000000 0.000000 0.000000 25.133189 64.2112891666667 50.5428764166667 6.6624945 63.11885975 49.5252164166667 5.68427783333333 1541.07094 1213.029034 159.899868 1514.852634 1188.605194 136.422668
2013_01_12_03_08_04_877008496  2601.000 24 14 95.000000 95.000000 0.000000 0.000000 13.1948497083333 61.5545600416667 47.5237122083333 8.49116333333333 61.29973425 47.355860625 8.10704991666667 1477.309441 1140.569093 203.78792 1471.193622 1136.540655 194.569198
2013_01_12_03_08_25_102657255  2601.000 24 12 95.000000 95.000000 0.000000 0.000000 12.9449250416667 56.6175687083333 42.602029 8.49539120833333 56.4695412916667 42.503717625 8.286567875 1358.821649 1022.448696 203.889389 1355.268991 1020.089223 198.877629
2013_01_12_03_08_44_809871918  2601.000 24 10 95.000000 95.000000 0.000000 0.000000 12.838630125 51.5750557083333 37.5513620416667 8.56725425 51.3587765 37.4069075833333 8.23562329166667 1237.801337 901.232689 205.614102 1232.610636 897.765782 197.654959
2013_01_12_03_09_04_421641654  2601.000 24 8 95.000000 95.000000 0.000000 0.000000 12.7823963333333 46.6712527083333 32.681804 8.480936875 46.4795630416667 32.521673375 8.24017708333333 1120.110065 784.363296 203.542485 1115.509513 780.520161 197.76425
2013_01_12_03_09_23_738515738  2601.000 24 6 95.000000 95.000000 0.000000 0.000000 16.06021 40.668227125 26.9396785 7.24351666666667 40.6298758333333 26.8974671666667 7.44493954166667 976.037451 646.552284 173.8444 975.11702 645.539212 178.678549
2013_01_12_03_09_46_448806341  2601.000 24 4 95.000000 95.000000 0.000000 0.000000 16.1864823333333 35.8180369583333 22.2089062083333 7.12408475 35.7685449583333 22.1306855 7.16514304166667 859.632887 533.013749 170.978034 858.445079 531.136452 171.963433
2013_01_12_03_10_09_279404596  2601.000 26 16 95.000000 95.000000 0.000000 0.000000 23.2615333076923 63.979512 50.3347628846154 6.60297211538462 62.9943008846154 49.4079570769231 5.62791738461538 1663.467312 1308.703835 171.677275 1637.851823 1284.606884 146.325852
2013_01_12_03_10_39_282297866  2601.000 26 14 95.000000 95.000000 0.000000 0.000000 12.2116998461538 61.7765631153846 47.7881983076923 8.34662311538461 61.2141266923077 47.2766465 8.17234330769231 1606.190641 1242.493156 217.012201 1591.567294 1229.192809 212.480926
2013_01_12_03_10_58_210653967  2601.000 26 12 95.000000 95.000000 0.000000 0.000000 12.0614213461538 56.7023831153846 42.7247020769231 8.26909834615385 56.060422 42.1124454615385 8.195683 1474.261961 1110.842254 214.996557 1457.570972 1094.923582 213.087758
2013_01_12_03_11_16_941425988  2601.000 26 10 95.000000 95.000000 0.000000 0.000000 11.8774455 51.6848207307692 37.7051204615385 8.24660530769231 51.0997398846154 37.1538383846154 8.14476411538462 1343.805339 980.333132 214.411738 1328.593237 965.999798 211.763867
2013_01_12_03_11_35_473005597  2601.000 26 8 95.000000 95.000000 0.000000 0.000000 11.8535993076923 46.7361648846154 32.7776837307692 8.21378296153846 46.1099671538462 32.1691085769231 8.07309115384615 1215.140287 852.219777 213.558357 1198.859146 836.396823 209.90037
2013_01_12_03_11_54_308430841  2601.000 26 6 95.000000 95.000000 0.000000 0.000000 14.9744637692308 40.8156753461538 27.1150853076923 7.05215823076923 40.2683940384615 26.5409579230769 7.24700542307692 1061.207559 704.992218 183.356114 1046.978245 690.064906 188.422141
2013_01_12_03_12_19_067259481  2601.000 22 16 51.000000 51.000000 0.000000 0.000000 16.8135571818182 50.7808552727273 36.8580791363636 7.9527015 50.7342329545455 36.8665504545455 7.91185886363636 1117.178816 810.877741 174.959433 1116.153125 811.06411 174.060895
2013_01_12_03_12_37_938859232  2601.000 28 16 95.000000 95.000000 0.000000 0.000000 22.2594255357143 64.2228674642857 50.5418395714286 6.69865767857143 63.3305968571429 49.7322838214286 5.62306903571429 1798.240289 1415.171508 187.562415 1773.256712 1392.503947 157.445933
2013_01_12_03_13_07_214126668  2601.000 28 14 95.000000 95.000000 0.000000 0.000000 11.5753805 61.7273324642857 47.6863312142857 8.47943064285714 61.17548975 47.2159159642857 8.19593357142857 1728.365309 1335.217274 237.424058 1712.913713 1322.045647 229.48614
2013_01_12_03_13_25_339947092  2601.000 28 12 95.000000 95.000000 0.000000 0.000000 11.4254343928571 56.6367972857143 42.6359853214286 8.22891321428571 56.0999576071429 42.1231509642857 8.30371396428571 1585.830324 1193.807589 230.40957 1570.798813 1179.448227 232.503991
2013_01_12_03_13_43_163375971  2601.000 28 10 95.000000 95.000000 0.000000 0.000000 11.2519720357143 51.5247058928571 37.5312716428571 8.3214925 51.0043987857143 37.0407733928571 8.20486521428571 1442.691765 1050.875606 233.00179 1428.123166 1037.141655 229.736226
2013_01_12_03_14_01_478154419  2601.000 28 8 95.000000 95.000000 0.000000 0.000000 11.2521269642857 46.5106083214286 32.5725138571429 8.09779560714286 45.9342090357143 31.9764389642857 8.19901389285714 1302.297033 912.030388 226.738277 1286.157853 895.340291 229.572389
2013_01_12_03_14_19_660967098  2601.000 28 6 95.000000 95.000000 0.000000 0.000000 13.9210005714286 40.7858243571429 27.0799914285714 7.08691532142857 40.3470931071429 26.6194949642857 7.40963567857143 1142.003082 758.23976 198.433629 1129.718607 745.345859 207.469799
2013_01_12_03_14_40_448881226  2601.000 28 4 95.000000 95.000000 0.000000 0.000000 14.0369962142857 35.94349 22.3286443928571 6.93112925 35.5107007142857 21.9179216071429 6.83707571428571 1006.41772 625.202043 194.071619 994.29962 613.701805 191.43812
2013_01_12_03_15_01_483814299  2601.000 30 16 95.000000 95.000000 0.000000 0.000000 20.0386947 63.9096178 50.2787187 6.49596366666667 62.9314472 49.3425565666667 5.42875876666667 1917.288534 1508.361561 194.87891 1887.943416 1480.276697 162.862763
2013_01_12_03_15_28_325768024  2601.000 30 14 95.000000 95.000000 0.000000 0.000000 10.366417 61.4584181666667 47.4713695333333 8.24389133333333 60.8386060333333 46.8999728666667 8.0341252 1843.752545 1424.141086 247.31674 1825.158181 1406.999186 241.023756
2013_01_12_03_15_45_487699527  2601.000 30 12 95.000000 95.000000 0.000000 0.000000 10.3224674333333 56.3905555666667 42.4350097 8.1884498 55.7863378 41.8333027333333 8.1301715 1691.716667 1273.050291 245.653494 1673.590134 1254.999082 243.905145
2013_01_12_03_16_02_503054084  2601.000 30 10 95.000000 95.000000 0.000000 0.000000 10.2914201 51.4893663666667 37.5481082333333 8.03862136666667 50.7818437666667 36.8258663 7.998487 1544.680991 1126.443247 241.158641 1523.455313 1104.775989 239.95461
2013_01_12_03_16_20_138641930  2601.000 30 8 95.000000 95.000000 0.000000 0.000000 10.2581697 46.6978714333333 32.7778588 7.96335456666667 46.1334547 32.1866111 8.1006988 1400.936143 983.335764 238.900637 1384.003641 965.598333 243.020964
2013_01_12_03_16_37_345225946  2601.000 30 6 95.000000 95.000000 0.000000 0.000000 12.9954563333333 40.7116838666667 27.0117431666667 7.09054063333333 40.2548902 26.5587402333333 7.2082326 1221.350516 810.352295 212.716219 1207.646706 796.762207 216.246978
2013_01_12_03_16_57_707312250  2601.000 30 4 95.000000 95.000000 0.000000 0.000000 13.1634134333333 35.6999309333333 22.1021135333333 6.80732816666667 35.2675248 21.6685749333333 6.88267946666667 1070.997928 663.063406 204.219845 1058.025744 650.057248 206.480384
2013_01_12_03_17_17_982309181  2601.000 32 16 95.000000 95.000000 0.000000 0.000000 18.7349555625 63.9911924375 50.3657958125 6.47838646875 63.030664875 49.4264415 5.3952891875 2047.718158 1611.705466 207.308367 2016.981276 1581.646128 172.649254
2013_01_12_03_17_43_578295261  2601.000 32 14 95.000000 95.000000 0.000000 0.000000 9.76576721875 61.252973125 47.28548453125 8.260521375 61.04454415625 47.08166228125 8.11138090625 1960.09514 1513.135505 264.336684 1953.425413 1506.613193 259.564189
2013_01_12_03_18_00_012013131  2601.000 32 12 95.000000 95.000000 0.000000 0.000000 9.49308446875 56.2462701875 42.28404690625 8.12488934375 56.09756809375 42.10525684375 8.2968979375 1799.880646 1353.089501 259.996459 1795.122179 1347.368219 265.500734
2013_01_12_03_18_16_341458916  2601.000 32 10 95.000000 95.000000 0.000000 0.000000 9.41349815625 51.3098261875 37.36539484375 8.20860840625 51.152668 37.14765146875 8.30890071875 1641.914438 1195.692635 262.675469 1636.885376 1188.724847 265.884823
2013_01_12_03_18_32_146071011  2601.000 32 8 95.000000 95.000000 0.000000 0.000000 9.41737375 46.4913764375 32.56274534375 8.09650728125 46.40677534375 32.4235613125 8.2972558125 1487.724046 1042.007851 259.088233 1485.016811 1037.553962 265.512186
2013_01_12_03_18_48_261825130  2601.000 32 6 95.000000 95.000000 0.000000 0.000000 11.86772628125 40.5726375625 26.8771848125 7.05031853125 40.562160375 26.82089928125 7.38817253125 1298.324402 860.069914 225.610193 1297.989132 858.268777 236.421521
2013_01_12_03_19_06_955663419  2601.000 32 4 95.000000 95.000000 0.000000 0.000000 12.02172446875 35.58160934375 21.98134759375 6.81790075 35.5822380625 21.95306065625 7.07932878125 1138.611499 703.403123 218.172824 1138.631618 702.497941 226.538521
